[ 2017-12-11T13:12:38+08:00 ] 127.0.0.1 /admin
INFO: [ app_init ] --START--
INFO: Run Behavior\BuildLiteBehavior [ RunTime:0.000000s ]
INFO: [ app_init ] --END-- [ RunTime:0.000000s ]
INFO: [ app_begin ] --START--
INFO: Run Behavior\ReadHtmlCacheBehavior [ RunTime:0.000000s ]
INFO: [ app_begin ] --END-- [ RunTime:0.000000s ]
NOTIC: [8] Undefined index: admin C:\wnmp\nginx\www\zzlgx\Application\Admin\Controller\CommonController.class.php 第 14 行.

[ 2017-12-11T13:12:38+08:00 ] 127.0.0.1 /admin/log/in
INFO: [ app_init ] --START--
INFO: Run Behavior\BuildLiteBehavior [ RunTime:0.000000s ]
INFO: [ app_init ] --END-- [ RunTime:0.000000s ]
INFO: [ app_begin ] --START--
INFO: Run Behavior\ReadHtmlCacheBehavior [ RunTime:0.000000s ]
INFO: [ app_begin ] --END-- [ RunTime:0.000000s ]
INFO: [ view_filter ] --START--
INFO: Run Behavior\WriteHtmlCacheBehavior [ RunTime:0.001000s ]
INFO: [ view_filter ] --END-- [ RunTime:0.001000s ]
INFO: [ app_end ] --START--
INFO: Run Behavior\ShowPageTraceBehavior [ RunTime:0.000000s ]
INFO: [ app_end ] --END-- [ RunTime:0.000000s ]

[ 2017-12-11T13:12:47+08:00 ] 127.0.0.1 /admin/log/in
INFO: [ app_init ] --START--
INFO: Run Behavior\BuildLiteBehavior [ RunTime:0.000000s ]
INFO: [ app_init ] --END-- [ RunTime:0.000000s ]
INFO: [ app_begin ] --START--
INFO: Run Behavior\ReadHtmlCacheBehavior [ RunTime:0.000000s ]
INFO: [ app_begin ] --END-- [ RunTime:0.000000s ]
SQL: SHOW COLUMNS FROM `admin` [ RunTime:0.0110s ]
SQL: SELECT * FROM `admin` WHERE `username` = 'admin' AND `password` = '1fe7811da043d86d41fd13195744deff' LIMIT 1   [ RunTime:0.0790s ]

[ 2017-12-11T13:12:48+08:00 ] 127.0.0.1 /admin
INFO: [ app_init ] --START--
INFO: Run Behavior\BuildLiteBehavior [ RunTime:0.000000s ]
INFO: [ app_init ] --END-- [ RunTime:0.000000s ]
INFO: [ app_begin ] --START--
INFO: Run Behavior\ReadHtmlCacheBehavior [ RunTime:0.000000s ]
INFO: [ app_begin ] --END-- [ RunTime:0.000000s ]
SQL: SHOW COLUMNS FROM `admin` [ RunTime:0.0270s ]
SQL: SELECT * FROM `admin` WHERE `admin_id` = 1 LIMIT 1   [ RunTime:0.0110s ]
INFO: [ view_filter ] --START--
INFO: Run Behavior\WriteHtmlCacheBehavior [ RunTime:0.001000s ]
INFO: [ view_filter ] --END-- [ RunTime:0.001000s ]
INFO: [ app_end ] --START--
INFO: Run Behavior\ShowPageTraceBehavior [ RunTime:0.001000s ]
INFO: [ app_end ] --END-- [ RunTime:0.001000s ]

[ 2017-12-11T13:12:48+08:00 ] 127.0.0.1 /admin/Index/index_base
INFO: [ app_init ] --START--
INFO: Run Behavior\BuildLiteBehavior [ RunTime:0.001000s ]
INFO: [ app_init ] --END-- [ RunTime:0.001000s ]
INFO: [ app_begin ] --START--
INFO: Run Behavior\ReadHtmlCacheBehavior [ RunTime:0.001000s ]
INFO: [ app_begin ] --END-- [ RunTime:0.001000s ]
INFO: [ view_filter ] --START--
INFO: Run Behavior\WriteHtmlCacheBehavior [ RunTime:0.000000s ]
INFO: [ view_filter ] --END-- [ RunTime:0.000000s ]
INFO: [ app_end ] --START--
INFO: Run Behavior\ShowPageTraceBehavior [ RunTime:0.000000s ]
INFO: [ app_end ] --END-- [ RunTime:0.000000s ]

[ 2017-12-11T13:12:56+08:00 ] 127.0.0.1 /admin/Index/index_base
INFO: [ app_init ] --START--
INFO: Run Behavior\BuildLiteBehavior [ RunTime:0.000000s ]
INFO: [ app_init ] --END-- [ RunTime:0.000000s ]
INFO: [ app_begin ] --START--
INFO: Run Behavior\ReadHtmlCacheBehavior [ RunTime:0.000000s ]
INFO: [ app_begin ] --END-- [ RunTime:0.000000s ]
INFO: [ view_filter ] --START--
INFO: Run Behavior\WriteHtmlCacheBehavior [ RunTime:0.000000s ]
INFO: [ view_filter ] --END-- [ RunTime:0.000000s ]
INFO: [ app_end ] --START--
INFO: Run Behavior\ShowPageTraceBehavior [ RunTime:0.000000s ]
INFO: [ app_end ] --END-- [ RunTime:0.000000s ]

[ 2017-12-11T13:13:00+08:00 ] 127.0.0.1 /admin/finance/finance_check
INFO: [ app_init ] --START--
INFO: Run Behavior\BuildLiteBehavior [ RunTime:0.000000s ]
INFO: [ app_init ] --END-- [ RunTime:0.001000s ]
INFO: [ app_begin ] --START--
INFO: Run Behavior\ReadHtmlCacheBehavior [ RunTime:0.000000s ]
INFO: [ app_begin ] --END-- [ RunTime:0.000000s ]
SQL: SHOW COLUMNS FROM `finance_log` [ RunTime:0.0120s ]
SQL: SELECT COUNT(*) AS tp_count FROM `finance_log` WHERE ( type = 2 and status = 1 ) LIMIT 1   [ RunTime:0.0160s ]
NOTIC: [8] Undefined index: start_time C:\wnmp\nginx\www\zzlgx\Application\Admin\Controller\FinanceController.class.php 第 13 行.
NOTIC: [8] Undefined index: end_time C:\wnmp\nginx\www\zzlgx\Application\Admin\Controller\FinanceController.class.php 第 16 行.
NOTIC: [8] Undefined index: start_time C:\wnmp\nginx\www\zzlgx\Application\Admin\Controller\FinanceController.class.php 第 19 行.
SQL: select * from finance_log where type = 2 and status = 1 order by add_time desc limit 0,10 [ RunTime:0.0100s ]
NOTIC: [8] Undefined index: start_time C:\wnmp\nginx\www\zzlgx\Application\Admin\View\Finance\finance_check.phtml 第 58 行.
NOTIC: [8] Undefined index: end_time C:\wnmp\nginx\www\zzlgx\Application\Admin\View\Finance\finance_check.phtml 第 59 行.
INFO: [ view_filter ] --START--
INFO: Run Behavior\WriteHtmlCacheBehavior [ RunTime:0.000000s ]
INFO: [ view_filter ] --END-- [ RunTime:0.000000s ]
INFO: [ app_end ] --START--
INFO: Run Behavior\ShowPageTraceBehavior [ RunTime:0.001000s ]
INFO: [ app_end ] --END-- [ RunTime:0.001000s ]

[ 2017-12-11T13:13:01+08:00 ] 127.0.0.1 /admin/finance/finance_check_log
INFO: [ app_init ] --START--
INFO: Run Behavior\BuildLiteBehavior [ RunTime:0.000000s ]
INFO: [ app_init ] --END-- [ RunTime:0.000000s ]
INFO: [ app_begin ] --START--
INFO: Run Behavior\ReadHtmlCacheBehavior [ RunTime:0.000000s ]
INFO: [ app_begin ] --END-- [ RunTime:0.000000s ]
SQL: SHOW COLUMNS FROM `finance_log` [ RunTime:0.0130s ]
SQL: SELECT COUNT(*) AS tp_count FROM `finance_log` WHERE ( type = 2 and status = 2 ) LIMIT 1   [ RunTime:0.0130s ]
NOTIC: [8] Undefined index: start_time C:\wnmp\nginx\www\zzlgx\Application\Admin\Controller\FinanceController.class.php 第 71 行.
NOTIC: [8] Undefined index: end_time C:\wnmp\nginx\www\zzlgx\Application\Admin\Controller\FinanceController.class.php 第 74 行.
NOTIC: [8] Undefined index: start_time C:\wnmp\nginx\www\zzlgx\Application\Admin\Controller\FinanceController.class.php 第 77 行.
SQL: select * from finance_log where type = 2 and status = 2 order by add_time desc limit 0,10 [ RunTime:0.0120s ]
SQL: SHOW COLUMNS FROM `bank_card` [ RunTime:0.0130s ]
SQL: SELECT * FROM `bank_card` WHERE `bank_card_id` = 1 LIMIT 1   [ RunTime:0.0140s ]
SQL: SHOW COLUMNS FROM `bank` [ RunTime:0.0110s ]
SQL: SELECT * FROM `bank` WHERE `bank_id` = 1 LIMIT 1   [ RunTime:0.0140s ]
SQL: SHOW COLUMNS FROM `business` [ RunTime:0.2230s ]
SQL: SELECT * FROM `business` WHERE `business_id` = 10001 LIMIT 1   [ RunTime:0.2880s ]
NOTIC: [8] Undefined index: start_time C:\wnmp\nginx\www\zzlgx\Application\Admin\View\Finance\finance_check_log.phtml 第 58 行.
NOTIC: [8] Undefined index: end_time C:\wnmp\nginx\www\zzlgx\Application\Admin\View\Finance\finance_check_log.phtml 第 59 行.
INFO: [ view_filter ] --START--
INFO: Run Behavior\WriteHtmlCacheBehavior [ RunTime:0.000000s ]
INFO: [ view_filter ] --END-- [ RunTime:0.000000s ]
INFO: [ app_end ] --START--
INFO: Run Behavior\ShowPageTraceBehavior [ RunTime:0.000000s ]
INFO: [ app_end ] --END-- [ RunTime:0.000000s ]

[ 2017-12-11T13:13:02+08:00 ] 127.0.0.1 /admin/system/system_mange
INFO: [ app_init ] --START--
INFO: Run Behavior\BuildLiteBehavior [ RunTime:0.000000s ]
INFO: [ app_init ] --END-- [ RunTime:0.000000s ]
INFO: [ app_begin ] --START--
INFO: Run Behavior\ReadHtmlCacheBehavior [ RunTime:0.001000s ]
INFO: [ app_begin ] --END-- [ RunTime:0.001000s ]
SQL: SHOW COLUMNS FROM `system_config` [ RunTime:0.0100s ]
SQL: SELECT * FROM `system_config`  [ RunTime:0.0210s ]
INFO: [ view_filter ] --START--
INFO: Run Behavior\WriteHtmlCacheBehavior [ RunTime:0.000000s ]
INFO: [ view_filter ] --END-- [ RunTime:0.000000s ]
INFO: [ app_end ] --START--
INFO: Run Behavior\ShowPageTraceBehavior [ RunTime:0.000000s ]
INFO: [ app_end ] --END-- [ RunTime:0.000000s ]

[ 2017-12-11T13:13:06+08:00 ] 127.0.0.1 /admin/order/return_orders
INFO: [ app_init ] --START--
INFO: Run Behavior\BuildLiteBehavior [ RunTime:0.000000s ]
INFO: [ app_init ] --END-- [ RunTime:0.000000s ]
INFO: [ app_begin ] --START--
INFO: Run Behavior\ReadHtmlCacheBehavior [ RunTime:0.000000s ]
INFO: [ app_begin ] --END-- [ RunTime:0.000000s ]
SQL: SHOW COLUMNS FROM `order` [ RunTime:0.2370s ]
SQL: SELECT COUNT(*) AS tp_count FROM `order` WHERE `status` = 6 AND ( return_result = 3 ) LIMIT 1   [ RunTime:0.0520s ]
NOTIC: [8] Undefined index: start_time C:\wnmp\nginx\www\zzlgx\Application\Admin\Controller\OrderController.class.php 第 13 行.
NOTIC: [8] Undefined index: end_time C:\wnmp\nginx\www\zzlgx\Application\Admin\Controller\OrderController.class.php 第 16 行.
NOTIC: [8] Undefined index: start_time C:\wnmp\nginx\www\zzlgx\Application\Admin\Controller\OrderController.class.php 第 19 行.
NOTIC: [8] Undefined index: order_sn C:\wnmp\nginx\www\zzlgx\Application\Admin\Controller\OrderController.class.php 第 22 行.
NOTIC: [8] Undefined index: keywords C:\wnmp\nginx\www\zzlgx\Application\Admin\Controller\OrderController.class.php 第 25 行.
SQL: SELECT COUNT(*) AS tp_count FROM `order` WHERE `status` = 6 AND ( return_result = 3 ) LIMIT 1   [ RunTime:0.0230s ]
SQL: SELECT * FROM `order` WHERE `status` = 6 AND ( return_result = 3 ) ORDER BY add_time desc LIMIT 0,10   [ RunTime:0.9211s ]
NOTIC: [8] Undefined index: start_time C:\wnmp\nginx\www\zzlgx\Application\Admin\View\Order\return_orders.phtml 第 36 行.
NOTIC: [8] Undefined index: end_time C:\wnmp\nginx\www\zzlgx\Application\Admin\View\Order\return_orders.phtml 第 37 行.
NOTIC: [8] Undefined index: order_sn C:\wnmp\nginx\www\zzlgx\Application\Admin\View\Order\return_orders.phtml 第 40 行.
NOTIC: [8] Undefined index: keywords C:\wnmp\nginx\www\zzlgx\Application\Admin\View\Order\return_orders.phtml 第 41 行.
NOTIC: [8] Undefined index: start_time C:\wnmp\nginx\www\zzlgx\Application\Admin\View\Order\return_orders.phtml 第 54 行.
NOTIC: [8] Undefined index: end_time C:\wnmp\nginx\www\zzlgx\Application\Admin\View\Order\return_orders.phtml 第 54 行.
INFO: [ view_filter ] --START--
INFO: Run Behavior\WriteHtmlCacheBehavior [ RunTime:0.000000s ]
INFO: [ view_filter ] --END-- [ RunTime:0.000000s ]
INFO: [ app_end ] --START--
INFO: Run Behavior\ShowPageTraceBehavior [ RunTime:0.001000s ]
INFO: [ app_end ] --END-- [ RunTime:0.001000s ]

[ 2017-12-11T13:13:07+08:00 ] 127.0.0.1 /admin/business/business_list
INFO: [ app_init ] --START--
INFO: Run Behavior\BuildLiteBehavior [ RunTime:0.000000s ]
INFO: [ app_init ] --END-- [ RunTime:0.000000s ]
INFO: [ app_begin ] --START--
INFO: Run Behavior\ReadHtmlCacheBehavior [ RunTime:0.000000s ]
INFO: [ app_begin ] --END-- [ RunTime:0.000000s ]
NOTIC: [8] Undefined index: keywords C:\wnmp\nginx\www\zzlgx\Application\Admin\Controller\BusinessController.class.php 第 10 行.
SQL: SHOW COLUMNS FROM `business` [ RunTime:0.6710s ]
SQL: SELECT COUNT(*) AS tp_count FROM `business` WHERE ( business_id <> 10000 ) LIMIT 1   [ RunTime:0.0140s ]
SQL: select * from business where business_id <> 10000 order by add_time desc limit 0,10 [ RunTime:0.0410s ]
NOTIC: [8] Undefined index: keywords C:\wnmp\nginx\www\zzlgx\Application\Admin\View\Business\business_list.phtml 第 37 行.
INFO: [ view_filter ] --START--
INFO: Run Behavior\WriteHtmlCacheBehavior [ RunTime:0.000000s ]
INFO: [ view_filter ] --END-- [ RunTime:0.000000s ]
INFO: [ app_end ] --START--
INFO: Run Behavior\ShowPageTraceBehavior [ RunTime:0.000000s ]
INFO: [ app_end ] --END-- [ RunTime:0.000000s ]

[ 2017-12-11T13:13:08+08:00 ] 127.0.0.1 /admin/business/business_info_check
INFO: [ app_init ] --START--
INFO: Run Behavior\BuildLiteBehavior [ RunTime:0.000000s ]
INFO: [ app_init ] --END-- [ RunTime:0.000000s ]
INFO: [ app_begin ] --START--
INFO: Run Behavior\ReadHtmlCacheBehavior [ RunTime:0.000000s ]
INFO: [ app_begin ] --END-- [ RunTime:0.000000s ]
NOTIC: [8] Undefined index: keywords C:\wnmp\nginx\www\zzlgx\Application\Admin\Controller\BusinessController.class.php 第 49 行.
SQL: SHOW COLUMNS FROM `business` [ RunTime:0.1280s ]
SQL: SELECT COUNT(*) AS tp_count FROM `business` WHERE ( verify = 1 ) LIMIT 1   [ RunTime:0.0670s ]
SQL: select * from business where verify = 1 order by add_time desc limit 0,10 [ RunTime:0.2270s ]
NOTIC: [8] Undefined index: keywords C:\wnmp\nginx\www\zzlgx\Application\Admin\View\Business\business_info_check.phtml 第 37 行.
INFO: [ view_filter ] --START--
INFO: Run Behavior\WriteHtmlCacheBehavior [ RunTime:0.001000s ]
INFO: [ view_filter ] --END-- [ RunTime:0.001000s ]
INFO: [ app_end ] --START--
INFO: Run Behavior\ShowPageTraceBehavior [ RunTime:0.001000s ]
INFO: [ app_end ] --END-- [ RunTime:0.001000s ]

[ 2017-12-11T13:14:09+08:00 ] 127.0.0.1 /admin/business/business_info_check_detail?business_id=10004&back=true
INFO: [ app_init ] --START--
INFO: Run Behavior\BuildLiteBehavior [ RunTime:0.000000s ]
INFO: [ app_init ] --END-- [ RunTime:0.001000s ]
INFO: [ app_begin ] --START--
INFO: Run Behavior\ReadHtmlCacheBehavior [ RunTime:0.000000s ]
INFO: [ app_begin ] --END-- [ RunTime:0.000000s ]
SQL: SHOW COLUMNS FROM `business` [ RunTime:0.2360s ]
SQL: SELECT * FROM `business` WHERE `business_id` = 10004 LIMIT 1   [ RunTime:0.2610s ]
SQL: SHOW COLUMNS FROM `profession` [ RunTime:0.0760s ]
SQL: SELECT * FROM `profession`  [ RunTime:0.0120s ]
SQL: SHOW COLUMNS FROM `province` [ RunTime:0.0120s ]
SQL: SELECT * FROM `province`  [ RunTime:0.0150s ]
SQL: SHOW COLUMNS FROM `city` [ RunTime:0.0110s ]
SQL: SELECT * FROM `city` WHERE `province_id` = '110000'  [ RunTime:0.0180s ]
SQL: SHOW COLUMNS FROM `area` [ RunTime:0.0190s ]
SQL: SELECT * FROM `area` WHERE `city_id` = 110100  [ RunTime:0.0240s ]
INFO: [ view_filter ] --START--
INFO: Run Behavior\WriteHtmlCacheBehavior [ RunTime:0.000000s ]
INFO: [ view_filter ] --END-- [ RunTime:0.000000s ]
INFO: [ app_end ] --START--
INFO: Run Behavior\ShowPageTraceBehavior [ RunTime:0.000000s ]
INFO: [ app_end ] --END-- [ RunTime:0.000000s ]

