[ 2018-01-05T15:43:49+08:00 ] 127.0.0.1 /admin
INFO: [ app_init ] --START--
INFO: Run Behavior\BuildLiteBehavior [ RunTime:0.000000s ]
INFO: [ app_init ] --END-- [ RunTime:0.000000s ]
INFO: [ app_begin ] --START--
INFO: Run Behavior\ReadHtmlCacheBehavior [ RunTime:0.000000s ]
INFO: [ app_begin ] --END-- [ RunTime:0.000000s ]
NOTIC: [8] Undefined index: admin C:\wnmp\nginx\www\zzlgx\Application\Admin\Controller\CommonController.class.php 第 14 行.

[ 2018-01-05T15:43:49+08:00 ] 127.0.0.1 /admin/log/in
INFO: [ app_init ] --START--
INFO: Run Behavior\BuildLiteBehavior [ RunTime:0.000000s ]
INFO: [ app_init ] --END-- [ RunTime:0.000000s ]
INFO: [ app_begin ] --START--
INFO: Run Behavior\ReadHtmlCacheBehavior [ RunTime:0.001000s ]
INFO: [ app_begin ] --END-- [ RunTime:0.001000s ]
INFO: [ view_filter ] --START--
INFO: Run Behavior\WriteHtmlCacheBehavior [ RunTime:0.001000s ]
INFO: [ view_filter ] --END-- [ RunTime:0.001000s ]
INFO: [ app_end ] --START--
INFO: Run Behavior\ShowPageTraceBehavior [ RunTime:0.000000s ]
INFO: [ app_end ] --END-- [ RunTime:0.000000s ]

[ 2018-01-05T15:43:56+08:00 ] 127.0.0.1 /admin/log/in
INFO: [ app_init ] --START--
INFO: Run Behavior\BuildLiteBehavior [ RunTime:0.000000s ]
INFO: [ app_init ] --END-- [ RunTime:0.001000s ]
INFO: [ app_begin ] --START--
INFO: Run Behavior\ReadHtmlCacheBehavior [ RunTime:0.001000s ]
INFO: [ app_begin ] --END-- [ RunTime:0.001000s ]
SQL: SHOW COLUMNS FROM `admin` [ RunTime:0.0120s ]
SQL: SELECT * FROM `admin` WHERE `username` = 'admin' AND `password` = 'e10adc3949ba59abbe56e057f20f883e' LIMIT 1   [ RunTime:0.0500s ]

[ 2018-01-05T15:44:01+08:00 ] 127.0.0.1 /admin/log/in
INFO: [ app_init ] --START--
INFO: Run Behavior\BuildLiteBehavior [ RunTime:0.000000s ]
INFO: [ app_init ] --END-- [ RunTime:0.000000s ]
INFO: [ app_begin ] --START--
INFO: Run Behavior\ReadHtmlCacheBehavior [ RunTime:0.000000s ]
INFO: [ app_begin ] --END-- [ RunTime:0.000000s ]
SQL: SHOW COLUMNS FROM `admin` [ RunTime:0.0690s ]
SQL: SELECT * FROM `admin` WHERE `username` = 'admin' AND `password` = 'e10adc3949ba59abbe56e057f20f883e' LIMIT 1   [ RunTime:0.0110s ]

[ 2018-01-05T15:44:10+08:00 ] 127.0.0.1 /admin/log/in
INFO: [ app_init ] --START--
INFO: Run Behavior\BuildLiteBehavior [ RunTime:0.000000s ]
INFO: [ app_init ] --END-- [ RunTime:0.001000s ]
INFO: [ app_begin ] --START--
INFO: Run Behavior\ReadHtmlCacheBehavior [ RunTime:0.000000s ]
INFO: [ app_begin ] --END-- [ RunTime:0.001000s ]
SQL: SHOW COLUMNS FROM `admin` [ RunTime:0.0080s ]
SQL: SELECT * FROM `admin` WHERE `username` = 'admin' AND `password` = '1fe7811da043d86d41fd13195744deff' LIMIT 1   [ RunTime:0.0160s ]

[ 2018-01-05T15:44:12+08:00 ] 127.0.0.1 /admin
INFO: [ app_init ] --START--
INFO: Run Behavior\BuildLiteBehavior [ RunTime:0.000000s ]
INFO: [ app_init ] --END-- [ RunTime:0.000000s ]
INFO: [ app_begin ] --START--
INFO: Run Behavior\ReadHtmlCacheBehavior [ RunTime:0.001000s ]
INFO: [ app_begin ] --END-- [ RunTime:0.001000s ]
SQL: SHOW COLUMNS FROM `admin` [ RunTime:0.0170s ]
SQL: SELECT * FROM `admin` WHERE `admin_id` = 1 LIMIT 1   [ RunTime:0.3190s ]
INFO: [ view_filter ] --START--
INFO: Run Behavior\WriteHtmlCacheBehavior [ RunTime:0.000000s ]
INFO: [ view_filter ] --END-- [ RunTime:0.001000s ]
INFO: [ app_end ] --START--
INFO: Run Behavior\ShowPageTraceBehavior [ RunTime:0.001001s ]
INFO: [ app_end ] --END-- [ RunTime:0.001001s ]

[ 2018-01-05T15:44:12+08:00 ] 127.0.0.1 /admin/Index/index_base
INFO: [ app_init ] --START--
INFO: Run Behavior\BuildLiteBehavior [ RunTime:0.000000s ]
INFO: [ app_init ] --END-- [ RunTime:0.000000s ]
INFO: [ app_begin ] --START--
INFO: Run Behavior\ReadHtmlCacheBehavior [ RunTime:0.000000s ]
INFO: [ app_begin ] --END-- [ RunTime:0.000000s ]
INFO: [ view_filter ] --START--
INFO: Run Behavior\WriteHtmlCacheBehavior [ RunTime:0.000000s ]
INFO: [ view_filter ] --END-- [ RunTime:0.000000s ]
INFO: [ app_end ] --START--
INFO: Run Behavior\ShowPageTraceBehavior [ RunTime:0.000000s ]
INFO: [ app_end ] --END-- [ RunTime:0.000000s ]

[ 2018-01-05T15:44:15+08:00 ] 127.0.0.1 /admin/Index/index_base
INFO: [ app_init ] --START--
INFO: Run Behavior\BuildLiteBehavior [ RunTime:0.000000s ]
INFO: [ app_init ] --END-- [ RunTime:0.000000s ]
INFO: [ app_begin ] --START--
INFO: Run Behavior\ReadHtmlCacheBehavior [ RunTime:0.001001s ]
INFO: [ app_begin ] --END-- [ RunTime:0.001001s ]
INFO: [ view_filter ] --START--
INFO: Run Behavior\WriteHtmlCacheBehavior [ RunTime:0.001000s ]
INFO: [ view_filter ] --END-- [ RunTime:0.001000s ]
INFO: [ app_end ] --START--
INFO: Run Behavior\ShowPageTraceBehavior [ RunTime:0.000000s ]
INFO: [ app_end ] --END-- [ RunTime:0.000000s ]

[ 2018-01-05T15:44:18+08:00 ] 127.0.0.1 /admin/finance/finance_check
INFO: [ app_init ] --START--
INFO: Run Behavior\BuildLiteBehavior [ RunTime:0.000000s ]
INFO: [ app_init ] --END-- [ RunTime:0.000000s ]
INFO: [ app_begin ] --START--
INFO: Run Behavior\ReadHtmlCacheBehavior [ RunTime:0.001000s ]
INFO: [ app_begin ] --END-- [ RunTime:0.001000s ]
SQL: SHOW COLUMNS FROM `finance_log` [ RunTime:0.0380s ]
SQL: SELECT COUNT(*) AS tp_count FROM `finance_log` WHERE ( type = 2 and status = 1 ) LIMIT 1   [ RunTime:0.0340s ]
NOTIC: [8] Undefined index: start_time C:\wnmp\nginx\www\zzlgx\Application\Admin\Controller\FinanceController.class.php 第 13 行.
NOTIC: [8] Undefined index: end_time C:\wnmp\nginx\www\zzlgx\Application\Admin\Controller\FinanceController.class.php 第 16 行.
NOTIC: [8] Undefined index: start_time C:\wnmp\nginx\www\zzlgx\Application\Admin\Controller\FinanceController.class.php 第 19 行.
SQL: select * from finance_log where type = 2 and status = 1 order by add_time desc limit 0,10 [ RunTime:0.0100s ]
NOTIC: [8] Undefined index: start_time C:\wnmp\nginx\www\zzlgx\Application\Admin\View\Finance\finance_check.phtml 第 58 行.
NOTIC: [8] Undefined index: end_time C:\wnmp\nginx\www\zzlgx\Application\Admin\View\Finance\finance_check.phtml 第 59 行.
INFO: [ view_filter ] --START--
INFO: Run Behavior\WriteHtmlCacheBehavior [ RunTime:0.000000s ]
INFO: [ view_filter ] --END-- [ RunTime:0.001000s ]
INFO: [ app_end ] --START--
INFO: Run Behavior\ShowPageTraceBehavior [ RunTime:0.001000s ]
INFO: [ app_end ] --END-- [ RunTime:0.001000s ]

[ 2018-01-05T15:44:33+08:00 ] 127.0.0.1 /admin/system/system_mange
INFO: [ app_init ] --START--
INFO: Run Behavior\BuildLiteBehavior [ RunTime:0.000000s ]
INFO: [ app_init ] --END-- [ RunTime:0.001000s ]
INFO: [ app_begin ] --START--
INFO: Run Behavior\ReadHtmlCacheBehavior [ RunTime:0.000000s ]
INFO: [ app_begin ] --END-- [ RunTime:0.000000s ]
SQL: SHOW COLUMNS FROM `system_config` [ RunTime:0.0130s ]
SQL: SELECT * FROM `system_config`  [ RunTime:0.0160s ]
INFO: [ view_filter ] --START--
INFO: Run Behavior\WriteHtmlCacheBehavior [ RunTime:0.000000s ]
INFO: [ view_filter ] --END-- [ RunTime:0.000000s ]
INFO: [ app_end ] --START--
INFO: Run Behavior\ShowPageTraceBehavior [ RunTime:0.001000s ]
INFO: [ app_end ] --END-- [ RunTime:0.001000s ]

[ 2018-01-05T15:44:39+08:00 ] 127.0.0.1 /admin/order/return_orders
INFO: [ app_init ] --START--
INFO: Run Behavior\BuildLiteBehavior [ RunTime:0.000000s ]
INFO: [ app_init ] --END-- [ RunTime:0.000000s ]
INFO: [ app_begin ] --START--
INFO: Run Behavior\ReadHtmlCacheBehavior [ RunTime:0.001000s ]
INFO: [ app_begin ] --END-- [ RunTime:0.001000s ]
SQL: SHOW COLUMNS FROM `order` [ RunTime:0.2170s ]
SQL: SELECT COUNT(*) AS tp_count FROM `order` WHERE `status` = 6 AND ( return_result = 3 ) LIMIT 1   [ RunTime:0.0560s ]
NOTIC: [8] Undefined index: start_time C:\wnmp\nginx\www\zzlgx\Application\Admin\Controller\OrderController.class.php 第 13 行.
NOTIC: [8] Undefined index: end_time C:\wnmp\nginx\www\zzlgx\Application\Admin\Controller\OrderController.class.php 第 16 行.
NOTIC: [8] Undefined index: start_time C:\wnmp\nginx\www\zzlgx\Application\Admin\Controller\OrderController.class.php 第 19 行.
NOTIC: [8] Undefined index: order_sn C:\wnmp\nginx\www\zzlgx\Application\Admin\Controller\OrderController.class.php 第 22 行.
NOTIC: [8] Undefined index: keywords C:\wnmp\nginx\www\zzlgx\Application\Admin\Controller\OrderController.class.php 第 25 行.
SQL: SELECT COUNT(*) AS tp_count FROM `order` WHERE `status` = 6 AND ( return_result = 3 ) LIMIT 1   [ RunTime:0.0130s ]
SQL: SELECT * FROM `order` WHERE `status` = 6 AND ( return_result = 3 ) ORDER BY add_time desc LIMIT 0,10   [ RunTime:0.2200s ]
NOTIC: [8] Undefined index: start_time C:\wnmp\nginx\www\zzlgx\Application\Admin\View\Order\return_orders.phtml 第 36 行.
NOTIC: [8] Undefined index: end_time C:\wnmp\nginx\www\zzlgx\Application\Admin\View\Order\return_orders.phtml 第 37 行.
NOTIC: [8] Undefined index: order_sn C:\wnmp\nginx\www\zzlgx\Application\Admin\View\Order\return_orders.phtml 第 40 行.
NOTIC: [8] Undefined index: keywords C:\wnmp\nginx\www\zzlgx\Application\Admin\View\Order\return_orders.phtml 第 41 行.
NOTIC: [8] Undefined index: start_time C:\wnmp\nginx\www\zzlgx\Application\Admin\View\Order\return_orders.phtml 第 54 行.
NOTIC: [8] Undefined index: end_time C:\wnmp\nginx\www\zzlgx\Application\Admin\View\Order\return_orders.phtml 第 54 行.
INFO: [ view_filter ] --START--
INFO: Run Behavior\WriteHtmlCacheBehavior [ RunTime:0.000000s ]
INFO: [ view_filter ] --END-- [ RunTime:0.000000s ]
INFO: [ app_end ] --START--
INFO: Run Behavior\ShowPageTraceBehavior [ RunTime:0.000000s ]
INFO: [ app_end ] --END-- [ RunTime:0.001000s ]

[ 2018-01-05T15:44:49+08:00 ] 127.0.0.1 /admin/order/return_orders?start_time=2018%2F01%2F03&end_time=2018%2F01%2F04&order_sn=&keywords=
INFO: [ app_init ] --START--
INFO: Run Behavior\BuildLiteBehavior [ RunTime:0.000000s ]
INFO: [ app_init ] --END-- [ RunTime:0.000000s ]
INFO: [ app_begin ] --START--
INFO: Run Behavior\ReadHtmlCacheBehavior [ RunTime:0.000000s ]
INFO: [ app_begin ] --END-- [ RunTime:0.000000s ]
SQL: SHOW COLUMNS FROM `order` [ RunTime:0.2230s ]
SQL: SELECT COUNT(*) AS tp_count FROM `order` WHERE `status` = 6 AND ( return_result = 3 ) LIMIT 1   [ RunTime:0.0090s ]
SQL: SELECT COUNT(*) AS tp_count FROM `order` WHERE `status` = 6 AND ( return_result = 3 ) AND ( `add_time` >= '2018/01/03' AND `add_time` <= '2018-01-05'  ) LIMIT 1   [ RunTime:1.2181s ]
SQL: SELECT * FROM `order` WHERE `status` = 6 AND ( return_result = 3 ) AND ( `add_time` >= '2018/01/03' AND `add_time` <= '2018-01-05'  ) ORDER BY add_time desc LIMIT 0,10   [ RunTime:0.0180s ]
INFO: [ view_filter ] --START--
INFO: Run Behavior\WriteHtmlCacheBehavior [ RunTime:0.001000s ]
INFO: [ view_filter ] --END-- [ RunTime:0.001000s ]
INFO: [ app_end ] --START--
INFO: Run Behavior\ShowPageTraceBehavior [ RunTime:0.000000s ]
INFO: [ app_end ] --END-- [ RunTime:0.001000s ]

[ 2018-01-05T15:44:51+08:00 ] 127.0.0.1 /admin/business/business_list
INFO: [ app_init ] --START--
INFO: Run Behavior\BuildLiteBehavior [ RunTime:0.000000s ]
INFO: [ app_init ] --END-- [ RunTime:0.000000s ]
INFO: [ app_begin ] --START--
INFO: Run Behavior\ReadHtmlCacheBehavior [ RunTime:0.000000s ]
INFO: [ app_begin ] --END-- [ RunTime:0.000000s ]
NOTIC: [8] Undefined index: keywords C:\wnmp\nginx\www\zzlgx\Application\Admin\Controller\BusinessController.class.php 第 10 行.
SQL: SHOW COLUMNS FROM `business` [ RunTime:0.2100s ]
SQL: SELECT COUNT(*) AS tp_count FROM `business` WHERE ( business_id <> 10000 ) LIMIT 1   [ RunTime:0.0210s ]
SQL: select * from business where business_id <> 10000 order by add_time desc limit 0,10 [ RunTime:0.3890s ]
NOTIC: [8] Undefined index: keywords C:\wnmp\nginx\www\zzlgx\Application\Admin\View\Business\business_list.phtml 第 37 行.
INFO: [ view_filter ] --START--
INFO: Run Behavior\WriteHtmlCacheBehavior [ RunTime:0.000000s ]
INFO: [ view_filter ] --END-- [ RunTime:0.000000s ]
INFO: [ app_end ] --START--
INFO: Run Behavior\ShowPageTraceBehavior [ RunTime:0.000000s ]
INFO: [ app_end ] --END-- [ RunTime:0.000000s ]

[ 2018-01-05T15:45:24+08:00 ] 127.0.0.1 /admin/business/business_info_check
INFO: [ app_init ] --START--
INFO: Run Behavior\BuildLiteBehavior [ RunTime:0.001000s ]
INFO: [ app_init ] --END-- [ RunTime:0.001000s ]
INFO: [ app_begin ] --START--
INFO: Run Behavior\ReadHtmlCacheBehavior [ RunTime:0.001000s ]
INFO: [ app_begin ] --END-- [ RunTime:0.001000s ]
NOTIC: [8] Undefined index: keywords C:\wnmp\nginx\www\zzlgx\Application\Admin\Controller\BusinessController.class.php 第 49 行.
SQL: SHOW COLUMNS FROM `business` [ RunTime:0.2140s ]
SQL: SELECT COUNT(*) AS tp_count FROM `business` WHERE ( verify = 1 ) LIMIT 1   [ RunTime:0.0570s ]
SQL: select * from business where verify = 1 order by add_time desc limit 0,10 [ RunTime:0.2160s ]
NOTIC: [8] Undefined index: keywords C:\wnmp\nginx\www\zzlgx\Application\Admin\View\Business\business_info_check.phtml 第 37 行.
INFO: [ view_filter ] --START--
INFO: Run Behavior\WriteHtmlCacheBehavior [ RunTime:0.001000s ]
INFO: [ view_filter ] --END-- [ RunTime:0.001000s ]
INFO: [ app_end ] --START--
INFO: Run Behavior\ShowPageTraceBehavior [ RunTime:0.001000s ]
INFO: [ app_end ] --END-- [ RunTime:0.001000s ]

[ 2018-01-05T15:45:34+08:00 ] 127.0.0.1 /admin/business/business_info_check_detail?business_id=10004&back=true
INFO: [ app_init ] --START--
INFO: Run Behavior\BuildLiteBehavior [ RunTime:0.000000s ]
INFO: [ app_init ] --END-- [ RunTime:0.001000s ]
INFO: [ app_begin ] --START--
INFO: Run Behavior\ReadHtmlCacheBehavior [ RunTime:0.001000s ]
INFO: [ app_begin ] --END-- [ RunTime:0.001000s ]
SQL: SHOW COLUMNS FROM `business` [ RunTime:0.2220s ]
SQL: SELECT * FROM `business` WHERE `business_id` = 10004 LIMIT 1   [ RunTime:0.3450s ]
SQL: SHOW COLUMNS FROM `profession` [ RunTime:0.2540s ]
SQL: SELECT * FROM `profession`  [ RunTime:0.5960s ]
SQL: SHOW COLUMNS FROM `province` [ RunTime:0.2180s ]
SQL: SELECT * FROM `province`  [ RunTime:0.0110s ]
SQL: SHOW COLUMNS FROM `city` [ RunTime:0.0460s ]
SQL: SELECT * FROM `city` WHERE `province_id` = '110000'  [ RunTime:0.0280s ]
SQL: SHOW COLUMNS FROM `area` [ RunTime:0.0150s ]
SQL: SELECT * FROM `area` WHERE `city_id` = 110100  [ RunTime:0.0640s ]
INFO: [ view_filter ] --START--
INFO: Run Behavior\WriteHtmlCacheBehavior [ RunTime:0.000000s ]
INFO: [ view_filter ] --END-- [ RunTime:0.000000s ]
INFO: [ app_end ] --START--
INFO: Run Behavior\ShowPageTraceBehavior [ RunTime:0.000000s ]
INFO: [ app_end ] --END-- [ RunTime:0.000000s ]

[ 2018-01-05T15:45:46+08:00 ] 127.0.0.1 /admin/business/recommend_list?business_id=10004&back=true&is_start=1&recommend=10004
INFO: [ app_init ] --START--
INFO: Run Behavior\BuildLiteBehavior [ RunTime:0.000000s ]
INFO: [ app_init ] --END-- [ RunTime:0.000000s ]
INFO: [ app_begin ] --START--
INFO: Run Behavior\ReadHtmlCacheBehavior [ RunTime:0.001000s ]
INFO: [ app_begin ] --END-- [ RunTime:0.001000s ]
NOTIC: [8] Undefined index: status C:\wnmp\nginx\www\zzlgx\Application\Admin\Controller\BusinessController.class.php 第 125 行.
NOTIC: [8] Undefined index: status C:\wnmp\nginx\www\zzlgx\Application\Admin\Controller\BusinessController.class.php 第 127 行.
NOTIC: [8] Undefined index: regs_start_time C:\wnmp\nginx\www\zzlgx\Application\Admin\Controller\BusinessController.class.php 第 131 行.
NOTIC: [8] Undefined index: regs_end_time C:\wnmp\nginx\www\zzlgx\Application\Admin\Controller\BusinessController.class.php 第 134 行.
NOTIC: [8] Undefined index: activate_start_time C:\wnmp\nginx\www\zzlgx\Application\Admin\Controller\BusinessController.class.php 第 137 行.
NOTIC: [8] Undefined index: activate_end_time C:\wnmp\nginx\www\zzlgx\Application\Admin\Controller\BusinessController.class.php 第 140 行.
SQL: SHOW COLUMNS FROM `business` [ RunTime:0.2940s ]
SQL: SELECT `business_id`,`status`,`legal_name`,`company_name`,`phone_num`,`first_activate_time`,`add_time` FROM `business` WHERE ( leader = 10004 )  [ RunTime:0.0110s ]
SQL: SELECT `leader` FROM `business`  [ RunTime:0.0210s ]
NOTIC: [2] array_count_values(): Can only count STRING and INTEGER values! C:\wnmp\nginx\www\zzlgx\Application\Admin\Controller\BusinessController.class.php 第 151 行.
NOTIC: [8] Undefined index: allleaders_res_count C:\wnmp\nginx\www\zzlgx\Application\Admin\Controller\BusinessController.class.php 第 157 行.
NOTIC: [8] Undefined index: allleaders_res_every C:\wnmp\nginx\www\zzlgx\Application\Admin\Controller\BusinessController.class.php 第 159 行.
NOTIC: [8] Undefined index: regs_start_time C:\wnmp\nginx\www\zzlgx\Application\Admin\View\Business\recommend_list.phtml 第 32 行.
NOTIC: [8] Undefined index: regs_end_time C:\wnmp\nginx\www\zzlgx\Application\Admin\View\Business\recommend_list.phtml 第 33 行.
NOTIC: [8] Undefined index: activate_start_time C:\wnmp\nginx\www\zzlgx\Application\Admin\View\Business\recommend_list.phtml 第 37 行.
NOTIC: [8] Undefined index: activate_end_time C:\wnmp\nginx\www\zzlgx\Application\Admin\View\Business\recommend_list.phtml 第 38 行.
NOTIC: [8] Undefined index: status C:\wnmp\nginx\www\zzlgx\Application\Admin\View\Business\recommend_list.phtml 第 43 行.
NOTIC: [8] Undefined index: status C:\wnmp\nginx\www\zzlgx\Application\Admin\View\Business\recommend_list.phtml 第 44 行.
INFO: [ view_filter ] --START--
INFO: Run Behavior\WriteHtmlCacheBehavior [ RunTime:0.000000s ]
INFO: [ view_filter ] --END-- [ RunTime:0.000000s ]
INFO: [ app_end ] --START--
INFO: Run Behavior\ShowPageTraceBehavior [ RunTime:0.000000s ]
INFO: [ app_end ] --END-- [ RunTime:0.000000s ]

[ 2018-01-05T15:45:50+08:00 ] 127.0.0.1 /admin/business/recommend_list?business_id=10001&back=true&is_start=1&recommend=10001
INFO: [ app_init ] --START--
INFO: Run Behavior\BuildLiteBehavior [ RunTime:0.000000s ]
INFO: [ app_init ] --END-- [ RunTime:0.000000s ]
INFO: [ app_begin ] --START--
INFO: Run Behavior\ReadHtmlCacheBehavior [ RunTime:0.000000s ]
INFO: [ app_begin ] --END-- [ RunTime:0.000000s ]
NOTIC: [8] Undefined index: status C:\wnmp\nginx\www\zzlgx\Application\Admin\Controller\BusinessController.class.php 第 125 行.
NOTIC: [8] Undefined index: status C:\wnmp\nginx\www\zzlgx\Application\Admin\Controller\BusinessController.class.php 第 127 行.
NOTIC: [8] Undefined index: regs_start_time C:\wnmp\nginx\www\zzlgx\Application\Admin\Controller\BusinessController.class.php 第 131 行.
NOTIC: [8] Undefined index: regs_end_time C:\wnmp\nginx\www\zzlgx\Application\Admin\Controller\BusinessController.class.php 第 134 行.
NOTIC: [8] Undefined index: activate_start_time C:\wnmp\nginx\www\zzlgx\Application\Admin\Controller\BusinessController.class.php 第 137 行.
NOTIC: [8] Undefined index: activate_end_time C:\wnmp\nginx\www\zzlgx\Application\Admin\Controller\BusinessController.class.php 第 140 行.
SQL: SHOW COLUMNS FROM `business` [ RunTime:0.2690s ]
SQL: SELECT `business_id`,`status`,`legal_name`,`company_name`,`phone_num`,`first_activate_time`,`add_time` FROM `business` WHERE ( leader = 10001 )  [ RunTime:0.0430s ]
SQL: SELECT `leader` FROM `business`  [ RunTime:0.0090s ]
NOTIC: [2] array_count_values(): Can only count STRING and INTEGER values! C:\wnmp\nginx\www\zzlgx\Application\Admin\Controller\BusinessController.class.php 第 151 行.
SQL: SELECT `business_id` FROM `business` WHERE ( leader = 10002 )  [ RunTime:0.0110s ]
NOTIC: [8] Undefined index: allleaders_res_count C:\wnmp\nginx\www\zzlgx\Application\Admin\Controller\BusinessController.class.php 第 112 行.
NOTIC: [8] Undefined index: allleaders_res_every C:\wnmp\nginx\www\zzlgx\Application\Admin\Controller\BusinessController.class.php 第 115 行.
NOTIC: [8] Undefined offset: 10002 C:\wnmp\nginx\www\zzlgx\Application\Admin\Controller\BusinessController.class.php 第 115 行.
SQL: SELECT `business_id` FROM `business` WHERE ( leader = 10003 )  [ RunTime:0.0090s ]
SQL: SELECT `business_id` FROM `business` WHERE ( leader = 10004 )  [ RunTime:0.0090s ]
NOTIC: [8] Undefined offset: 10008 C:\wnmp\nginx\www\zzlgx\Application\Admin\Controller\BusinessController.class.php 第 153 行.
NOTIC: [8] Undefined index: regs_start_time C:\wnmp\nginx\www\zzlgx\Application\Admin\View\Business\recommend_list.phtml 第 32 行.
NOTIC: [8] Undefined index: regs_end_time C:\wnmp\nginx\www\zzlgx\Application\Admin\View\Business\recommend_list.phtml 第 33 行.
NOTIC: [8] Undefined index: activate_start_time C:\wnmp\nginx\www\zzlgx\Application\Admin\View\Business\recommend_list.phtml 第 37 行.
NOTIC: [8] Undefined index: activate_end_time C:\wnmp\nginx\www\zzlgx\Application\Admin\View\Business\recommend_list.phtml 第 38 行.
NOTIC: [8] Undefined index: status C:\wnmp\nginx\www\zzlgx\Application\Admin\View\Business\recommend_list.phtml 第 43 行.
NOTIC: [8] Undefined index: status C:\wnmp\nginx\www\zzlgx\Application\Admin\View\Business\recommend_list.phtml 第 44 行.
NOTIC: [8] Undefined index: regs_start_time C:\wnmp\nginx\www\zzlgx\Application\Admin\View\Business\recommend_list.phtml 第 97 行.
NOTIC: [8] Undefined index: regs_end_time C:\wnmp\nginx\www\zzlgx\Application\Admin\View\Business\recommend_list.phtml 第 97 行.
NOTIC: [8] Undefined index: activate_start_time C:\wnmp\nginx\www\zzlgx\Application\Admin\View\Business\recommend_list.phtml 第 97 行.
NOTIC: [8] Undefined index: activate_end_time C:\wnmp\nginx\www\zzlgx\Application\Admin\View\Business\recommend_list.phtml 第 97 行.
NOTIC: [8] Undefined index: status C:\wnmp\nginx\www\zzlgx\Application\Admin\View\Business\recommend_list.phtml 第 97 行.
NOTIC: [8] Undefined offset: 10008 C:\wnmp\nginx\www\zzlgx\Application\Admin\View\Business\recommend_list.phtml 第 90 行.
NOTIC: [8] Undefined index: regs_start_time C:\wnmp\nginx\www\zzlgx\Application\Admin\View\Business\recommend_list.phtml 第 97 行.
NOTIC: [8] Undefined index: regs_end_time C:\wnmp\nginx\www\zzlgx\Application\Admin\View\Business\recommend_list.phtml 第 97 行.
NOTIC: [8] Undefined index: activate_start_time C:\wnmp\nginx\www\zzlgx\Application\Admin\View\Business\recommend_list.phtml 第 97 行.
NOTIC: [8] Undefined index: activate_end_time C:\wnmp\nginx\www\zzlgx\Application\Admin\View\Business\recommend_list.phtml 第 97 行.
NOTIC: [8] Undefined index: status C:\wnmp\nginx\www\zzlgx\Application\Admin\View\Business\recommend_list.phtml 第 97 行.
INFO: [ view_filter ] --START--
INFO: Run Behavior\WriteHtmlCacheBehavior [ RunTime:0.000000s ]
INFO: [ view_filter ] --END-- [ RunTime:0.001000s ]
INFO: [ app_end ] --START--
INFO: Run Behavior\ShowPageTraceBehavior [ RunTime:0.001000s ]
INFO: [ app_end ] --END-- [ RunTime:0.001000s ]

[ 2018-01-05T15:46:14+08:00 ] 127.0.0.1 /admin/business/recommend_list?business_id=10002&recommend=10001%20%3E%2010002&regs_start_time=&regs_end_time=&activate_start_time=&activate_end_time=&status=
INFO: [ app_init ] --START--
INFO: Run Behavior\BuildLiteBehavior [ RunTime:0.000000s ]
INFO: [ app_init ] --END-- [ RunTime:0.001000s ]
INFO: [ app_begin ] --START--
INFO: Run Behavior\ReadHtmlCacheBehavior [ RunTime:0.001000s ]
INFO: [ app_begin ] --END-- [ RunTime:0.001000s ]
SQL: SHOW COLUMNS FROM `business` [ RunTime:0.2610s ]
SQL: SELECT `business_id`,`status`,`legal_name`,`company_name`,`phone_num`,`first_activate_time`,`add_time` FROM `business` WHERE ( leader = 10002 )  [ RunTime:1.8711s ]
SQL: SELECT `leader` FROM `business`  [ RunTime:0.0220s ]
NOTIC: [2] array_count_values(): Can only count STRING and INTEGER values! C:\wnmp\nginx\www\zzlgx\Application\Admin\Controller\BusinessController.class.php 第 151 行.
SQL: SELECT `business_id` FROM `business` WHERE ( leader = 10003 )  [ RunTime:0.0140s ]
NOTIC: [8] Undefined index: allleaders_res_count C:\wnmp\nginx\www\zzlgx\Application\Admin\Controller\BusinessController.class.php 第 112 行.
NOTIC: [8] Undefined index: allleaders_res_every C:\wnmp\nginx\www\zzlgx\Application\Admin\Controller\BusinessController.class.php 第 115 行.
NOTIC: [8] Undefined offset: 10003 C:\wnmp\nginx\www\zzlgx\Application\Admin\Controller\BusinessController.class.php 第 115 行.
SQL: SELECT `business_id` FROM `business` WHERE ( leader = 10004 )  [ RunTime:0.0090s ]
NOTIC: [8] Undefined index: is_start C:\wnmp\nginx\www\zzlgx\Application\Admin\View\Business\recommend_list.phtml 第 18 行.
NOTIC: [8] Undefined index: back C:\wnmp\nginx\www\zzlgx\Application\Admin\View\Business\recommend_list.phtml 第 47 行.
NOTIC: [8] Undefined index: is_start C:\wnmp\nginx\www\zzlgx\Application\Admin\View\Business\recommend_list.phtml 第 49 行.
NOTIC: [8] Undefined index: back C:\wnmp\nginx\www\zzlgx\Application\Admin\View\Business\recommend_list.phtml 第 54 行.
NOTIC: [8] Undefined index: is_start C:\wnmp\nginx\www\zzlgx\Application\Admin\View\Business\recommend_list.phtml 第 54 行.
NOTIC: [8] Undefined index: is_start C:\wnmp\nginx\www\zzlgx\Application\Admin\View\Business\recommend_list.phtml 第 60 行.
INFO: [ view_filter ] --START--
INFO: Run Behavior\WriteHtmlCacheBehavior [ RunTime:0.000000s ]
INFO: [ view_filter ] --END-- [ RunTime:0.002000s ]
INFO: [ app_end ] --START--
INFO: Run Behavior\ShowPageTraceBehavior [ RunTime:0.001000s ]
INFO: [ app_end ] --END-- [ RunTime:0.001000s ]

[ 2018-01-05T15:46:18+08:00 ] 127.0.0.1 /admin/business/recommend_list?business_id=10003&recommend=10001%20%3E%2010002%20%3E%2010003&regs_start_time=&regs_end_time=&activate_start_time=&activate_end_time=&status=
INFO: [ app_init ] --START--
INFO: Run Behavior\BuildLiteBehavior [ RunTime:0.000000s ]
INFO: [ app_init ] --END-- [ RunTime:0.001000s ]
INFO: [ app_begin ] --START--
INFO: Run Behavior\ReadHtmlCacheBehavior [ RunTime:0.000000s ]
INFO: [ app_begin ] --END-- [ RunTime:0.001000s ]
SQL: SHOW COLUMNS FROM `business` [ RunTime:0.2160s ]
SQL: SELECT `business_id`,`status`,`legal_name`,`company_name`,`phone_num`,`first_activate_time`,`add_time` FROM `business` WHERE ( leader = 10003 )  [ RunTime:0.0480s ]
SQL: SELECT `leader` FROM `business`  [ RunTime:0.0100s ]
NOTIC: [2] array_count_values(): Can only count STRING and INTEGER values! C:\wnmp\nginx\www\zzlgx\Application\Admin\Controller\BusinessController.class.php 第 151 行.
NOTIC: [8] Undefined offset: 10004 C:\wnmp\nginx\www\zzlgx\Application\Admin\Controller\BusinessController.class.php 第 153 行.
NOTIC: [8] Undefined index: allleaders_res_count C:\wnmp\nginx\www\zzlgx\Application\Admin\Controller\BusinessController.class.php 第 157 行.
NOTIC: [8] Undefined index: allleaders_res_every C:\wnmp\nginx\www\zzlgx\Application\Admin\Controller\BusinessController.class.php 第 159 行.
NOTIC: [8] Undefined index: is_start C:\wnmp\nginx\www\zzlgx\Application\Admin\View\Business\recommend_list.phtml 第 18 行.
NOTIC: [8] Undefined index: back C:\wnmp\nginx\www\zzlgx\Application\Admin\View\Business\recommend_list.phtml 第 47 行.
NOTIC: [8] Undefined index: is_start C:\wnmp\nginx\www\zzlgx\Application\Admin\View\Business\recommend_list.phtml 第 49 行.
NOTIC: [8] Undefined index: back C:\wnmp\nginx\www\zzlgx\Application\Admin\View\Business\recommend_list.phtml 第 54 行.
NOTIC: [8] Undefined index: is_start C:\wnmp\nginx\www\zzlgx\Application\Admin\View\Business\recommend_list.phtml 第 54 行.
NOTIC: [8] Undefined index: is_start C:\wnmp\nginx\www\zzlgx\Application\Admin\View\Business\recommend_list.phtml 第 60 行.
INFO: [ view_filter ] --START--
INFO: Run Behavior\WriteHtmlCacheBehavior [ RunTime:0.001000s ]
INFO: [ view_filter ] --END-- [ RunTime:0.001000s ]
INFO: [ app_end ] --START--
INFO: Run Behavior\ShowPageTraceBehavior [ RunTime:0.001000s ]
INFO: [ app_end ] --END-- [ RunTime:0.001000s ]

[ 2018-01-05T15:46:22+08:00 ] 127.0.0.1 /admin/business/recommend_list?business_id=10004&recommend=10001%20%3E%2010002%20%3E%2010003%20%3E%2010004&regs_start_time=&regs_end_time=&activate_start_time=&activate_end_time=&status=
INFO: [ app_init ] --START--
INFO: Run Behavior\BuildLiteBehavior [ RunTime:0.000000s ]
INFO: [ app_init ] --END-- [ RunTime:0.000000s ]
INFO: [ app_begin ] --START--
INFO: Run Behavior\ReadHtmlCacheBehavior [ RunTime:0.000000s ]
INFO: [ app_begin ] --END-- [ RunTime:0.000000s ]
SQL: SHOW COLUMNS FROM `business` [ RunTime:0.2280s ]
SQL: SELECT `business_id`,`status`,`legal_name`,`company_name`,`phone_num`,`first_activate_time`,`add_time` FROM `business` WHERE ( leader = 10004 )  [ RunTime:0.0490s ]
SQL: SELECT `leader` FROM `business`  [ RunTime:0.0140s ]
NOTIC: [2] array_count_values(): Can only count STRING and INTEGER values! C:\wnmp\nginx\www\zzlgx\Application\Admin\Controller\BusinessController.class.php 第 151 行.
NOTIC: [8] Undefined index: allleaders_res_count C:\wnmp\nginx\www\zzlgx\Application\Admin\Controller\BusinessController.class.php 第 157 行.
NOTIC: [8] Undefined index: allleaders_res_every C:\wnmp\nginx\www\zzlgx\Application\Admin\Controller\BusinessController.class.php 第 159 行.
NOTIC: [8] Undefined index: is_start C:\wnmp\nginx\www\zzlgx\Application\Admin\View\Business\recommend_list.phtml 第 18 行.
NOTIC: [8] Undefined index: back C:\wnmp\nginx\www\zzlgx\Application\Admin\View\Business\recommend_list.phtml 第 47 行.
NOTIC: [8] Undefined index: is_start C:\wnmp\nginx\www\zzlgx\Application\Admin\View\Business\recommend_list.phtml 第 49 行.
NOTIC: [8] Undefined index: back C:\wnmp\nginx\www\zzlgx\Application\Admin\View\Business\recommend_list.phtml 第 54 行.
NOTIC: [8] Undefined index: is_start C:\wnmp\nginx\www\zzlgx\Application\Admin\View\Business\recommend_list.phtml 第 54 行.
NOTIC: [8] Undefined index: is_start C:\wnmp\nginx\www\zzlgx\Application\Admin\View\Business\recommend_list.phtml 第 60 行.
INFO: [ view_filter ] --START--
INFO: Run Behavior\WriteHtmlCacheBehavior [ RunTime:0.001000s ]
INFO: [ view_filter ] --END-- [ RunTime:0.001000s ]
INFO: [ app_end ] --START--
INFO: Run Behavior\ShowPageTraceBehavior [ RunTime:0.001000s ]
INFO: [ app_end ] --END-- [ RunTime:0.001000s ]

[ 2018-01-05T15:46:23+08:00 ] 127.0.0.1 /admin/business/recommend_list?business_id=10004&recommend=10001%20%3E%2010002%20%3E%2010003%20%3E%2010004&regs_start_time=&regs_end_time=&activate_start_time=&activate_end_time=&status=
INFO: [ app_init ] --START--
INFO: Run Behavior\BuildLiteBehavior [ RunTime:0.000000s ]
INFO: [ app_init ] --END-- [ RunTime:0.000000s ]
INFO: [ app_begin ] --START--
INFO: Run Behavior\ReadHtmlCacheBehavior [ RunTime:0.000000s ]
INFO: [ app_begin ] --END-- [ RunTime:0.000000s ]
SQL: SHOW COLUMNS FROM `business` [ RunTime:0.2130s ]
SQL: SELECT `business_id`,`status`,`legal_name`,`company_name`,`phone_num`,`first_activate_time`,`add_time` FROM `business` WHERE ( leader = 10004 )  [ RunTime:0.4650s ]
SQL: SELECT `leader` FROM `business`  [ RunTime:0.2140s ]
NOTIC: [2] array_count_values(): Can only count STRING and INTEGER values! C:\wnmp\nginx\www\zzlgx\Application\Admin\Controller\BusinessController.class.php 第 151 行.
NOTIC: [8] Undefined index: allleaders_res_count C:\wnmp\nginx\www\zzlgx\Application\Admin\Controller\BusinessController.class.php 第 157 行.
NOTIC: [8] Undefined index: allleaders_res_every C:\wnmp\nginx\www\zzlgx\Application\Admin\Controller\BusinessController.class.php 第 159 行.
NOTIC: [8] Undefined index: is_start C:\wnmp\nginx\www\zzlgx\Application\Admin\View\Business\recommend_list.phtml 第 18 行.
NOTIC: [8] Undefined index: back C:\wnmp\nginx\www\zzlgx\Application\Admin\View\Business\recommend_list.phtml 第 47 行.
NOTIC: [8] Undefined index: is_start C:\wnmp\nginx\www\zzlgx\Application\Admin\View\Business\recommend_list.phtml 第 49 行.
NOTIC: [8] Undefined index: back C:\wnmp\nginx\www\zzlgx\Application\Admin\View\Business\recommend_list.phtml 第 54 行.
NOTIC: [8] Undefined index: is_start C:\wnmp\nginx\www\zzlgx\Application\Admin\View\Business\recommend_list.phtml 第 54 行.
NOTIC: [8] Undefined index: is_start C:\wnmp\nginx\www\zzlgx\Application\Admin\View\Business\recommend_list.phtml 第 60 行.
INFO: [ view_filter ] --START--
INFO: Run Behavior\WriteHtmlCacheBehavior [ RunTime:0.001000s ]
INFO: [ view_filter ] --END-- [ RunTime:0.001000s ]
INFO: [ app_end ] --START--
INFO: Run Behavior\ShowPageTraceBehavior [ RunTime:0.001000s ]
INFO: [ app_end ] --END-- [ RunTime:0.001000s ]

[ 2018-01-05T15:46:37+08:00 ] 127.0.0.1 /admin/finance/finance_check_log
INFO: [ app_init ] --START--
INFO: Run Behavior\BuildLiteBehavior [ RunTime:0.000000s ]
INFO: [ app_init ] --END-- [ RunTime:0.000000s ]
INFO: [ app_begin ] --START--
INFO: Run Behavior\ReadHtmlCacheBehavior [ RunTime:0.001000s ]
INFO: [ app_begin ] --END-- [ RunTime:0.001000s ]
SQL: SHOW COLUMNS FROM `finance_log` [ RunTime:0.0130s ]
SQL: SELECT COUNT(*) AS tp_count FROM `finance_log` WHERE ( type = 2 and status = 2 ) LIMIT 1   [ RunTime:0.4450s ]
NOTIC: [8] Undefined index: start_time C:\wnmp\nginx\www\zzlgx\Application\Admin\Controller\FinanceController.class.php 第 71 行.
NOTIC: [8] Undefined index: end_time C:\wnmp\nginx\www\zzlgx\Application\Admin\Controller\FinanceController.class.php 第 74 行.
NOTIC: [8] Undefined index: start_time C:\wnmp\nginx\www\zzlgx\Application\Admin\Controller\FinanceController.class.php 第 77 行.
SQL: select * from finance_log where type = 2 and status = 2 order by add_time desc limit 0,10 [ RunTime:0.2240s ]
SQL: SHOW COLUMNS FROM `bank_card` [ RunTime:0.0120s ]
SQL: SELECT * FROM `bank_card` WHERE `bank_card_id` = 1 LIMIT 1   [ RunTime:0.0080s ]
SQL: SHOW COLUMNS FROM `bank` [ RunTime:0.0100s ]
SQL: SELECT * FROM `bank` WHERE `bank_id` = 1 LIMIT 1   [ RunTime:0.0160s ]
SQL: SHOW COLUMNS FROM `business` [ RunTime:0.2640s ]
SQL: SELECT * FROM `business` WHERE `business_id` = 10001 LIMIT 1   [ RunTime:0.2610s ]
NOTIC: [8] Undefined index: start_time C:\wnmp\nginx\www\zzlgx\Application\Admin\View\Finance\finance_check_log.phtml 第 58 行.
NOTIC: [8] Undefined index: end_time C:\wnmp\nginx\www\zzlgx\Application\Admin\View\Finance\finance_check_log.phtml 第 59 行.
INFO: [ view_filter ] --START--
INFO: Run Behavior\WriteHtmlCacheBehavior [ RunTime:0.000000s ]
INFO: [ view_filter ] --END-- [ RunTime:0.000000s ]
INFO: [ app_end ] --START--
INFO: Run Behavior\ShowPageTraceBehavior [ RunTime:0.000000s ]
INFO: [ app_end ] --END-- [ RunTime:0.000000s ]

