[ 2017-10-30T09:55:51+08:00 ] 127.0.0.1 /business
INFO: [ app_init ] --START--
INFO: Run Behavior\BuildLiteBehavior [ RunTime:0.000000s ]
INFO: [ app_init ] --END-- [ RunTime:0.000000s ]
INFO: [ app_begin ] --START--
INFO: Run Behavior\ReadHtmlCacheBehavior [ RunTime:0.001000s ]
INFO: [ app_begin ] --END-- [ RunTime:0.001000s ]
NOTIC: [8] Undefined index: business C:\wnmp\nginx\www\zzlgx\Application\Business\Controller\CommonController.class.php 第 16 行.

[ 2017-10-30T09:55:51+08:00 ] 127.0.0.1 /business/log/in
INFO: [ app_init ] --START--
INFO: Run Behavior\BuildLiteBehavior [ RunTime:0.000000s ]
INFO: [ app_init ] --END-- [ RunTime:0.000000s ]
INFO: [ app_begin ] --START--
INFO: Run Behavior\ReadHtmlCacheBehavior [ RunTime:0.001000s ]
INFO: [ app_begin ] --END-- [ RunTime:0.001000s ]
INFO: [ view_filter ] --START--
INFO: Run Behavior\WriteHtmlCacheBehavior [ RunTime:0.001000s ]
INFO: [ view_filter ] --END-- [ RunTime:0.001000s ]
INFO: [ app_end ] --START--
INFO: Run Behavior\ShowPageTraceBehavior [ RunTime:0.000000s ]
INFO: [ app_end ] --END-- [ RunTime:0.000000s ]

[ 2017-10-30T09:55:54+08:00 ] 127.0.0.1 /business/log/in
INFO: [ app_init ] --START--
INFO: Run Behavior\BuildLiteBehavior [ RunTime:0.000000s ]
INFO: [ app_init ] --END-- [ RunTime:0.000000s ]
INFO: [ app_begin ] --START--
INFO: Run Behavior\ReadHtmlCacheBehavior [ RunTime:0.000000s ]
INFO: [ app_begin ] --END-- [ RunTime:0.000000s ]
SQL: SHOW COLUMNS FROM `business` [ RunTime:0.0120s ]
SQL: SELECT * FROM `business` WHERE `business_id` = 110 AND `password` = '670b14728ad9902aecba32e22fa4f6bd' LIMIT 1   [ RunTime:0.2270s ]
SQL: SELECT * FROM `business` WHERE `phone_num` = '110' AND `password` = '670b14728ad9902aecba32e22fa4f6bd' LIMIT 1   [ RunTime:0.3020s ]
SQL: UPDATE `business` SET `last_login`='2017-10-30 09:55:54' WHERE `phone_num` = '110' [ RunTime:0.0720s ]

[ 2017-10-30T09:55:55+08:00 ] 127.0.0.1 /business
INFO: [ app_init ] --START--
INFO: Run Behavior\BuildLiteBehavior [ RunTime:0.000000s ]
INFO: [ app_init ] --END-- [ RunTime:0.000000s ]
INFO: [ app_begin ] --START--
INFO: Run Behavior\ReadHtmlCacheBehavior [ RunTime:0.000000s ]
INFO: [ app_begin ] --END-- [ RunTime:0.001000s ]
SQL: SHOW COLUMNS FROM `business` [ RunTime:0.0120s ]
SQL: SELECT `company_name`,`status` FROM `business` WHERE `business_id` = 10001 LIMIT 1   [ RunTime:0.0100s ]
INFO: [ view_filter ] --START--
INFO: Run Behavior\WriteHtmlCacheBehavior [ RunTime:0.000000s ]
INFO: [ view_filter ] --END-- [ RunTime:0.000000s ]
INFO: [ app_end ] --START--
INFO: Run Behavior\ShowPageTraceBehavior [ RunTime:0.001000s ]
INFO: [ app_end ] --END-- [ RunTime:0.001000s ]

[ 2017-10-30T09:55:59+08:00 ] 127.0.0.1 /Business/Index/index_base
INFO: [ app_init ] --START--
INFO: Run Behavior\BuildLiteBehavior [ RunTime:0.000000s ]
INFO: [ app_init ] --END-- [ RunTime:0.000000s ]
INFO: [ app_begin ] --START--
INFO: Run Behavior\ReadHtmlCacheBehavior [ RunTime:0.000000s ]
INFO: [ app_begin ] --END-- [ RunTime:0.000000s ]
SQL: SHOW COLUMNS FROM `business` [ RunTime:0.0230s ]
SQL: SELECT * FROM `business` WHERE `business_id` = 10001 LIMIT 1   [ RunTime:0.2400s ]
SQL: SHOW COLUMNS FROM `member_10001` [ RunTime:0.0950s ]
SQL: SELECT COUNT(*) AS tp_count FROM `member_10001` LIMIT 1   [ RunTime:0.0390s ]
SQL: SELECT * FROM `business` WHERE `business_id` = 10001 LIMIT 1   [ RunTime:0.2190s ]
SQL: SHOW COLUMNS FROM `dispense` [ RunTime:0.0690s ]
SQL: SELECT SUM(pay_num) AS tp_sum FROM `dispense` WHERE `business_id` = 10001 AND ( `add_time` > '2017-10-30 00:00:00' AND `add_time` < '2017-10-30 23:59:59'  ) LIMIT 1   [ RunTime:0.0110s ]
SQL: SELECT * FROM `business` WHERE `business_id` = 10001 LIMIT 1   [ RunTime:0.2240s ]
SQL: SELECT * FROM `business` WHERE ( business_id = 10001 ) LIMIT 1   [ RunTime:0.2600s ]
SQL: SHOW COLUMNS FROM `profession` [ RunTime:0.0480s ]
SQL: SELECT * FROM `profession`  [ RunTime:0.0530s ]
SQL: SELECT * FROM `business` WHERE `business_id` = 10001 LIMIT 1   [ RunTime:0.2210s ]
SQL: SELECT SUM(reward_piao) AS tp_sum FROM `business` WHERE ( leader = 10001 ) LIMIT 1   [ RunTime:0.0560s ]
SQL: SELECT * FROM `business` WHERE `business_id` = 10001 LIMIT 1   [ RunTime:0.2850s ]
SQL: SELECT SUM(add_piao) AS tp_sum FROM `dispense` WHERE `business_id` = 10001 LIMIT 1   [ RunTime:0.0470s ]
SQL: SHOW COLUMNS FROM `order` [ RunTime:0.0080s ]
SQL: SELECT * FROM `business` WHERE `business_id` = 10001 LIMIT 1   [ RunTime:0.2200s ]
SQL: SELECT SUM(sell_business_piao) AS tp_sum FROM `order` WHERE `sell_business_id` = 10001 LIMIT 1   [ RunTime:0.1290s ]
SQL: SELECT * FROM `business` WHERE `business_id` = 10001 LIMIT 1   [ RunTime:0.2260s ]
SQL: SELECT SUM(business_piao) AS tp_sum FROM `order` WHERE `business_id` = 10001 AND `sell_business_id` <> 0 LIMIT 1   [ RunTime:0.0480s ]
SQL: SELECT * FROM `business` WHERE `business_id` = 10001 LIMIT 1   [ RunTime:0.2160s ]
SQL: SELECT SUM(business_piao) AS tp_sum FROM `order` WHERE `business_id` = 10001 AND `sell_business_id` = 0 LIMIT 1   [ RunTime:0.0530s ]
SQL: SHOW COLUMNS FROM `finance_log` [ RunTime:0.0100s ]
SQL: SELECT * FROM `business` WHERE `business_id` = 10001 LIMIT 1   [ RunTime:0.2460s ]
SQL: SELECT SUM(piao) AS tp_sum FROM `finance_log` WHERE `business_id` = 10001 AND `type` = 1 LIMIT 1   [ RunTime:0.0720s ]
SQL: SELECT * FROM `business` WHERE `business_id` = 10001 LIMIT 1   [ RunTime:0.2120s ]
SQL: SELECT SUM(piao) AS tp_sum FROM `finance_log` WHERE `business_id` = 10001 AND `type` = 2 LIMIT 1   [ RunTime:0.0470s ]
SQL: SELECT * FROM `business` WHERE `business_id` = 10001 LIMIT 1   [ RunTime:0.2220s ]
SQL: SELECT COUNT(*) AS tp_count FROM `business` WHERE ( leader = 10001 ) LIMIT 1   [ RunTime:0.0540s ]
SQL: SHOW COLUMNS FROM `placard` [ RunTime:0.0090s ]
SQL: SELECT * FROM `placard` ORDER BY add_time desc LIMIT 7   [ RunTime:0.0120s ]
INFO: [ view_filter ] --START--
INFO: Run Behavior\WriteHtmlCacheBehavior [ RunTime:0.000000s ]
INFO: [ view_filter ] --END-- [ RunTime:0.000000s ]
INFO: [ app_end ] --START--
INFO: Run Behavior\ShowPageTraceBehavior [ RunTime:0.000000s ]
INFO: [ app_end ] --END-- [ RunTime:0.001000s ]

[ 2017-10-30T09:55:59+08:00 ] 127.0.0.1 /Business/Center/notices_num
INFO: [ app_init ] --START--
INFO: Run Behavior\BuildLiteBehavior [ RunTime:0.000000s ]
INFO: [ app_init ] --END-- [ RunTime:0.000000s ]
INFO: [ app_begin ] --START--
INFO: Run Behavior\ReadHtmlCacheBehavior [ RunTime:0.001001s ]
INFO: [ app_begin ] --END-- [ RunTime:0.001001s ]
SQL: SHOW COLUMNS FROM `business` [ RunTime:0.0120s ]
SQL: SELECT * FROM `business` WHERE `business_id` = 10001 LIMIT 1   [ RunTime:0.2180s ]
SQL: SELECT `status` FROM `business` WHERE ( business_id = 10001 ) LIMIT 1   [ RunTime:0.0130s ]
SQL: SHOW COLUMNS FROM `notices` [ RunTime:0.0090s ]
SQL: SELECT COUNT(*) AS tp_count FROM `notices` WHERE `business_id` = 10001 AND `is_read` = 0 LIMIT 1   [ RunTime:0.0100s ]

