[ 2017-12-01T12:40:54+08:00 ] 127.0.0.1 /Business/Log/reg?seRes=eyJOQU1FIjoiIiwiUkVHQ0FQIjoiIiwiQ0FOREFURSI6IiIsIk9QU0NPQU5ERk9STSI6Ilx1NjcwZFx1ODhjNVx1OTc4Ylx1NWUzZFx1MzAwMVx1NzY3ZVx1OGQyN1x1ZmYxYlx1OTZmNlx1NTUyZVx1MzAwMiIsIlVOSVNDSUQiOiIxMjMiLCJSRVZEQVRFIjoiIiwiT1BUTyI6IjIwMTMtMDktMDMiLCJFTlRTVEFUVVMiOiJcdTU3MjhcdTg0MjVcdWZmMDhcdTVmMDBcdTRlMWFcdWZmMDlcdTRmMDFcdTRlMWEiLCJFTlRUWVBFIjoiXHU0ZTJhXHU0ZjUzIiwiRE9NIjoiXHU1MTg1XHU4NDk5XHU1M2U0XHU4MWVhXHU2Y2JiXHU1MzNhXHU1NDdjXHU0ZjI2XHU4ZDFkXHU1YzE0XHU1ZTAyXHU1YjljXHU5MWNjXHU1MjllXHU0ZThiXHU1OTA0XHU0ZTAwXHU5YTZjXHU4ZGVmXHU1MzE3IiwiRVNEQVRFIjoiMjAwOS0wOS0xNSIsIkFQUFJEQVRFIjoiMjAwOS0wOS0xNSIsIkNPTVBGT1JNIjoiIiwiRU5UTkFNRSI6Ilx1NWYyMFx1NWU3Zlx1NWZiNyIsIlJFR09SRyI6Ilx1NTE4NVx1ODQ5OVx1NTNlNFx1ODFlYVx1NmNiYlx1NTMzYVx1NTQ3Y1x1NGYyNlx1OGQxZFx1NWMxNFx1NWUwMlx1OTEwMlx1NGYyNlx1NjYyNVx1ODFlYVx1NmNiYlx1NjVkN1x1NWRlNVx1NTU0Nlx1ODg0Y1x1NjUzZlx1N2JhMVx1NzQwNlx1NWM0MCIsIk9QRlJPTSI6IjIwMDktMDktMDQiLCJ0eXBlIjoiZ2VyZW4ifQ%3D%3D
INFO: [ app_init ] --START--
INFO: Run Behavior\BuildLiteBehavior [ RunTime:0.000000s ]
INFO: [ app_init ] --END-- [ RunTime:0.000000s ]
INFO: [ app_begin ] --START--
INFO: Run Behavior\ReadHtmlCacheBehavior [ RunTime:0.000000s ]
INFO: [ app_begin ] --END-- [ RunTime:0.001000s ]
SQL: SHOW COLUMNS FROM `profession` [ RunTime:0.0080s ]
SQL: SELECT * FROM `profession`  [ RunTime:0.0150s ]
SQL: SHOW COLUMNS FROM `province` [ RunTime:0.0100s ]
SQL: SELECT * FROM `province`  [ RunTime:0.0120s ]
INFO: [ view_filter ] --START--
INFO: Run Behavior\WriteHtmlCacheBehavior [ RunTime:0.001000s ]
INFO: [ view_filter ] --END-- [ RunTime:0.001000s ]
INFO: [ app_end ] --START--
INFO: Run Behavior\ShowPageTraceBehavior [ RunTime:0.001000s ]
INFO: [ app_end ] --END-- [ RunTime:0.001000s ]

[ 2017-12-01T12:40:57+08:00 ] 127.0.0.1 /Business/Log/reg?seRes=eyJOQU1FIjoiIiwiUkVHQ0FQIjoiIiwiQ0FOREFURSI6IiIsIk9QU0NPQU5ERk9STSI6Ilx1NjcwZFx1ODhjNVx1OTc4Ylx1NWUzZFx1MzAwMVx1NzY3ZVx1OGQyN1x1ZmYxYlx1OTZmNlx1NTUyZVx1MzAwMiIsIlVOSVNDSUQiOiIxMjMiLCJSRVZEQVRFIjoiIiwiT1BUTyI6IjIwMTMtMDktMDMiLCJFTlRTVEFUVVMiOiJcdTU3MjhcdTg0MjVcdWZmMDhcdTVmMDBcdTRlMWFcdWZmMDlcdTRmMDFcdTRlMWEiLCJFTlRUWVBFIjoiXHU0ZTJhXHU0ZjUzIiwiRE9NIjoiXHU1MTg1XHU4NDk5XHU1M2U0XHU4MWVhXHU2Y2JiXHU1MzNhXHU1NDdjXHU0ZjI2XHU4ZDFkXHU1YzE0XHU1ZTAyXHU1YjljXHU5MWNjXHU1MjllXHU0ZThiXHU1OTA0XHU0ZTAwXHU5YTZjXHU4ZGVmXHU1MzE3IiwiRVNEQVRFIjoiMjAwOS0wOS0xNSIsIkFQUFJEQVRFIjoiMjAwOS0wOS0xNSIsIkNPTVBGT1JNIjoiIiwiRU5UTkFNRSI6Ilx1NWYyMFx1NWU3Zlx1NWZiNyIsIlJFR09SRyI6Ilx1NTE4NVx1ODQ5OVx1NTNlNFx1ODFlYVx1NmNiYlx1NTMzYVx1NTQ3Y1x1NGYyNlx1OGQxZFx1NWMxNFx1NWUwMlx1OTEwMlx1NGYyNlx1NjYyNVx1ODFlYVx1NmNiYlx1NjVkN1x1NWRlNVx1NTU0Nlx1ODg0Y1x1NjUzZlx1N2JhMVx1NzQwNlx1NWM0MCIsIk9QRlJPTSI6IjIwMDktMDktMDQiLCJ0eXBlIjoiZ2VyZW4ifQ%3D%3D
INFO: [ app_init ] --START--
INFO: Run Behavior\BuildLiteBehavior [ RunTime:0.000000s ]
INFO: [ app_init ] --END-- [ RunTime:0.000000s ]
INFO: [ app_begin ] --START--
INFO: Run Behavior\ReadHtmlCacheBehavior [ RunTime:0.000000s ]
INFO: [ app_begin ] --END-- [ RunTime:0.000000s ]
SQL: SHOW COLUMNS FROM `profession` [ RunTime:0.0120s ]
SQL: SELECT * FROM `profession`  [ RunTime:0.0110s ]
SQL: SHOW COLUMNS FROM `province` [ RunTime:0.0100s ]
SQL: SELECT * FROM `province`  [ RunTime:0.0110s ]
INFO: [ view_filter ] --START--
INFO: Run Behavior\WriteHtmlCacheBehavior [ RunTime:0.001000s ]
INFO: [ view_filter ] --END-- [ RunTime:0.001000s ]
INFO: [ app_end ] --START--
INFO: Run Behavior\ShowPageTraceBehavior [ RunTime:0.000000s ]
INFO: [ app_end ] --END-- [ RunTime:0.000000s ]

[ 2017-12-01T12:40:57+08:00 ] 127.0.0.1 /Business/Log/favicon.ico
INFO: [ app_init ] --START--
INFO: Run Behavior\BuildLiteBehavior [ RunTime:0.000000s ]
INFO: [ app_init ] --END-- [ RunTime:0.000000s ]

[ 2017-12-01T16:39:32+08:00 ] 127.0.0.1 /Business/Log/reg?seRes=eyJOQU1FIjoiIiwiUkVHQ0FQIjoiIiwiQ0FOREFURSI6IiIsIk9QU0NPQU5ERk9STSI6Ilx1NjcwZFx1ODhjNVx1OTc4Ylx1NWUzZFx1MzAwMVx1NzY3ZVx1OGQyN1x1ZmYxYlx1OTZmNlx1NTUyZVx1MzAwMiIsIlVOSVNDSUQiOiIxMjMiLCJSRVZEQVRFIjoiIiwiT1BUTyI6IjIwMTMtMDktMDMiLCJFTlRTVEFUVVMiOiJcdTU3MjhcdTg0MjVcdWZmMDhcdTVmMDBcdTRlMWFcdWZmMDlcdTRmMDFcdTRlMWEiLCJFTlRUWVBFIjoiXHU0ZTJhXHU0ZjUzIiwiRE9NIjoiXHU1MTg1XHU4NDk5XHU1M2U0XHU4MWVhXHU2Y2JiXHU1MzNhXHU1NDdjXHU0ZjI2XHU4ZDFkXHU1YzE0XHU1ZTAyXHU1YjljXHU5MWNjXHU1MjllXHU0ZThiXHU1OTA0XHU0ZTAwXHU5YTZjXHU4ZGVmXHU1MzE3IiwiRVNEQVRFIjoiMjAwOS0wOS0xNSIsIkFQUFJEQVRFIjoiMjAwOS0wOS0xNSIsIkNPTVBGT1JNIjoiIiwiRU5UTkFNRSI6Ilx1NWYyMFx1NWU3Zlx1NWZiNyIsIlJFR09SRyI6Ilx1NTE4NVx1ODQ5OVx1NTNlNFx1ODFlYVx1NmNiYlx1NTMzYVx1NTQ3Y1x1NGYyNlx1OGQxZFx1NWMxNFx1NWUwMlx1OTEwMlx1NGYyNlx1NjYyNVx1ODFlYVx1NmNiYlx1NjVkN1x1NWRlNVx1NTU0Nlx1ODg0Y1x1NjUzZlx1N2JhMVx1NzQwNlx1NWM0MCIsIk9QRlJPTSI6IjIwMDktMDktMDQiLCJ0eXBlIjoiZ2VyZW4ifQ%3D%3D
INFO: [ app_init ] --START--
INFO: Run Behavior\BuildLiteBehavior [ RunTime:0.000000s ]
INFO: [ app_init ] --END-- [ RunTime:0.000000s ]
INFO: [ app_begin ] --START--
INFO: Run Behavior\ReadHtmlCacheBehavior [ RunTime:0.000000s ]
INFO: [ app_begin ] --END-- [ RunTime:0.000000s ]
SQL: SHOW COLUMNS FROM `profession` [ RunTime:0.0090s ]
SQL: SELECT * FROM `profession`  [ RunTime:0.0090s ]
SQL: SHOW COLUMNS FROM `province` [ RunTime:0.0320s ]
SQL: SELECT * FROM `province`  [ RunTime:0.0110s ]
INFO: [ view_filter ] --START--
INFO: Run Behavior\WriteHtmlCacheBehavior [ RunTime:0.000000s ]
INFO: [ view_filter ] --END-- [ RunTime:0.000000s ]
INFO: [ app_end ] --START--
INFO: Run Behavior\ShowPageTraceBehavior [ RunTime:0.001000s ]
INFO: [ app_end ] --END-- [ RunTime:0.001000s ]

[ 2017-12-01T16:41:10+08:00 ] 127.0.0.1 /Business/Log/reg?seRes=eyJOQU1FIjoiIiwiUkVHQ0FQIjoiIiwiQ0FOREFURSI6IiIsIk9QU0NPQU5ERk9STSI6Ilx1NjcwZFx1ODhjNVx1OTc4Ylx1NWUzZFx1MzAwMVx1NzY3ZVx1OGQyN1x1ZmYxYlx1OTZmNlx1NTUyZVx1MzAwMiIsIlVOSVNDSUQiOiIxMjMiLCJSRVZEQVRFIjoiIiwiT1BUTyI6IjIwMTMtMDktMDMiLCJFTlRTVEFUVVMiOiJcdTU3MjhcdTg0MjVcdWZmMDhcdTVmMDBcdTRlMWFcdWZmMDlcdTRmMDFcdTRlMWEiLCJFTlRUWVBFIjoiXHU0ZTJhXHU0ZjUzIiwiRE9NIjoiXHU1MTg1XHU4NDk5XHU1M2U0XHU4MWVhXHU2Y2JiXHU1MzNhXHU1NDdjXHU0ZjI2XHU4ZDFkXHU1YzE0XHU1ZTAyXHU1YjljXHU5MWNjXHU1MjllXHU0ZThiXHU1OTA0XHU0ZTAwXHU5YTZjXHU4ZGVmXHU1MzE3IiwiRVNEQVRFIjoiMjAwOS0wOS0xNSIsIkFQUFJEQVRFIjoiMjAwOS0wOS0xNSIsIkNPTVBGT1JNIjoiIiwiRU5UTkFNRSI6Ilx1NWYyMFx1NWU3Zlx1NWZiNyIsIlJFR09SRyI6Ilx1NTE4NVx1ODQ5OVx1NTNlNFx1ODFlYVx1NmNiYlx1NTMzYVx1NTQ3Y1x1NGYyNlx1OGQxZFx1NWMxNFx1NWUwMlx1OTEwMlx1NGYyNlx1NjYyNVx1ODFlYVx1NmNiYlx1NjVkN1x1NWRlNVx1NTU0Nlx1ODg0Y1x1NjUzZlx1N2JhMVx1NzQwNlx1NWM0MCIsIk9QRlJPTSI6IjIwMDktMDktMDQiLCJ0eXBlIjoiZ2VyZW4ifQ%3D%3D
INFO: [ app_init ] --START--
INFO: Run Behavior\BuildLiteBehavior [ RunTime:0.000000s ]
INFO: [ app_init ] --END-- [ RunTime:0.000000s ]
INFO: [ app_begin ] --START--
INFO: Run Behavior\ReadHtmlCacheBehavior [ RunTime:0.000000s ]
INFO: [ app_begin ] --END-- [ RunTime:0.000000s ]
SQL: SHOW COLUMNS FROM `profession` [ RunTime:0.0250s ]
SQL: SELECT * FROM `profession`  [ RunTime:0.0140s ]
SQL: SHOW COLUMNS FROM `province` [ RunTime:0.0090s ]
SQL: SELECT * FROM `province`  [ RunTime:0.0140s ]
INFO: [ view_filter ] --START--
INFO: Run Behavior\WriteHtmlCacheBehavior [ RunTime:0.001000s ]
INFO: [ view_filter ] --END-- [ RunTime:0.001000s ]
INFO: [ app_end ] --START--
INFO: Run Behavior\ShowPageTraceBehavior [ RunTime:0.000000s ]
INFO: [ app_end ] --END-- [ RunTime:0.000000s ]

[ 2017-12-01T16:41:35+08:00 ] 127.0.0.1 /Business/Log/reg?seRes=eyJOQU1FIjoiIiwiUkVHQ0FQIjoiIiwiQ0FOREFURSI6IiIsIk9QU0NPQU5ERk9STSI6Ilx1NjcwZFx1ODhjNVx1OTc4Ylx1NWUzZFx1MzAwMVx1NzY3ZVx1OGQyN1x1ZmYxYlx1OTZmNlx1NTUyZVx1MzAwMiIsIlVOSVNDSUQiOiIxMjMiLCJSRVZEQVRFIjoiIiwiT1BUTyI6IjIwMTMtMDktMDMiLCJFTlRTVEFUVVMiOiJcdTU3MjhcdTg0MjVcdWZmMDhcdTVmMDBcdTRlMWFcdWZmMDlcdTRmMDFcdTRlMWEiLCJFTlRUWVBFIjoiXHU0ZTJhXHU0ZjUzIiwiRE9NIjoiXHU1MTg1XHU4NDk5XHU1M2U0XHU4MWVhXHU2Y2JiXHU1MzNhXHU1NDdjXHU0ZjI2XHU4ZDFkXHU1YzE0XHU1ZTAyXHU1YjljXHU5MWNjXHU1MjllXHU0ZThiXHU1OTA0XHU0ZTAwXHU5YTZjXHU4ZGVmXHU1MzE3IiwiRVNEQVRFIjoiMjAwOS0wOS0xNSIsIkFQUFJEQVRFIjoiMjAwOS0wOS0xNSIsIkNPTVBGT1JNIjoiIiwiRU5UTkFNRSI6Ilx1NWYyMFx1NWU3Zlx1NWZiNyIsIlJFR09SRyI6Ilx1NTE4NVx1ODQ5OVx1NTNlNFx1ODFlYVx1NmNiYlx1NTMzYVx1NTQ3Y1x1NGYyNlx1OGQxZFx1NWMxNFx1NWUwMlx1OTEwMlx1NGYyNlx1NjYyNVx1ODFlYVx1NmNiYlx1NjVkN1x1NWRlNVx1NTU0Nlx1ODg0Y1x1NjUzZlx1N2JhMVx1NzQwNlx1NWM0MCIsIk9QRlJPTSI6IjIwMDktMDktMDQiLCJ0eXBlIjoiZ2VyZW4ifQ%3D%3D
INFO: [ app_init ] --START--
INFO: Run Behavior\BuildLiteBehavior [ RunTime:0.000000s ]
INFO: [ app_init ] --END-- [ RunTime:0.000000s ]
INFO: [ app_begin ] --START--
INFO: Run Behavior\ReadHtmlCacheBehavior [ RunTime:0.000000s ]
INFO: [ app_begin ] --END-- [ RunTime:0.000000s ]
SQL: SHOW COLUMNS FROM `profession` [ RunTime:0.0170s ]
SQL: SELECT * FROM `profession`  [ RunTime:0.0110s ]
SQL: SHOW COLUMNS FROM `province` [ RunTime:0.0140s ]
SQL: SELECT * FROM `province`  [ RunTime:0.0180s ]
INFO: [ view_filter ] --START--
INFO: Run Behavior\WriteHtmlCacheBehavior [ RunTime:0.000000s ]
INFO: [ view_filter ] --END-- [ RunTime:0.000000s ]
INFO: [ app_end ] --START--
INFO: Run Behavior\ShowPageTraceBehavior [ RunTime:0.000000s ]
INFO: [ app_end ] --END-- [ RunTime:0.000000s ]

[ 2017-12-01T16:42:49+08:00 ] 127.0.0.1 /Business/Log/reg?seRes=eyJOQU1FIjoiIiwiUkVHQ0FQIjoiIiwiQ0FOREFURSI6IiIsIk9QU0NPQU5ERk9STSI6Ilx1NjcwZFx1ODhjNVx1OTc4Ylx1NWUzZFx1MzAwMVx1NzY3ZVx1OGQyN1x1ZmYxYlx1OTZmNlx1NTUyZVx1MzAwMiIsIlVOSVNDSUQiOiIxMjMiLCJSRVZEQVRFIjoiIiwiT1BUTyI6IjIwMTMtMDktMDMiLCJFTlRTVEFUVVMiOiJcdTU3MjhcdTg0MjVcdWZmMDhcdTVmMDBcdTRlMWFcdWZmMDlcdTRmMDFcdTRlMWEiLCJFTlRUWVBFIjoiXHU0ZTJhXHU0ZjUzIiwiRE9NIjoiXHU1MTg1XHU4NDk5XHU1M2U0XHU4MWVhXHU2Y2JiXHU1MzNhXHU1NDdjXHU0ZjI2XHU4ZDFkXHU1YzE0XHU1ZTAyXHU1YjljXHU5MWNjXHU1MjllXHU0ZThiXHU1OTA0XHU0ZTAwXHU5YTZjXHU4ZGVmXHU1MzE3IiwiRVNEQVRFIjoiMjAwOS0wOS0xNSIsIkFQUFJEQVRFIjoiMjAwOS0wOS0xNSIsIkNPTVBGT1JNIjoiIiwiRU5UTkFNRSI6Ilx1NWYyMFx1NWU3Zlx1NWZiNyIsIlJFR09SRyI6Ilx1NTE4NVx1ODQ5OVx1NTNlNFx1ODFlYVx1NmNiYlx1NTMzYVx1NTQ3Y1x1NGYyNlx1OGQxZFx1NWMxNFx1NWUwMlx1OTEwMlx1NGYyNlx1NjYyNVx1ODFlYVx1NmNiYlx1NjVkN1x1NWRlNVx1NTU0Nlx1ODg0Y1x1NjUzZlx1N2JhMVx1NzQwNlx1NWM0MCIsIk9QRlJPTSI6IjIwMDktMDktMDQiLCJ0eXBlIjoiZ2VyZW4ifQ%3D%3D
INFO: [ app_init ] --START--
INFO: Run Behavior\BuildLiteBehavior [ RunTime:0.000000s ]
INFO: [ app_init ] --END-- [ RunTime:0.000000s ]
INFO: [ app_begin ] --START--
INFO: Run Behavior\ReadHtmlCacheBehavior [ RunTime:0.000000s ]
INFO: [ app_begin ] --END-- [ RunTime:0.000000s ]
SQL: SHOW COLUMNS FROM `profession` [ RunTime:0.0170s ]
SQL: SELECT * FROM `profession`  [ RunTime:0.0160s ]
SQL: SHOW COLUMNS FROM `province` [ RunTime:0.0110s ]
SQL: SELECT * FROM `province`  [ RunTime:0.0290s ]
INFO: [ view_filter ] --START--
INFO: Run Behavior\WriteHtmlCacheBehavior [ RunTime:0.000000s ]
INFO: [ view_filter ] --END-- [ RunTime:0.000000s ]
INFO: [ app_end ] --START--
INFO: Run Behavior\ShowPageTraceBehavior [ RunTime:0.000000s ]
INFO: [ app_end ] --END-- [ RunTime:0.000000s ]

[ 2017-12-01T16:44:05+08:00 ] 127.0.0.1 /Business/Log/reg?seRes=eyJOQU1FIjoiIiwiUkVHQ0FQIjoiIiwiQ0FOREFURSI6IiIsIk9QU0NPQU5ERk9STSI6Ilx1NjcwZFx1ODhjNVx1OTc4Ylx1NWUzZFx1MzAwMVx1NzY3ZVx1OGQyN1x1ZmYxYlx1OTZmNlx1NTUyZVx1MzAwMiIsIlVOSVNDSUQiOiIxMjMiLCJSRVZEQVRFIjoiIiwiT1BUTyI6IjIwMTMtMDktMDMiLCJFTlRTVEFUVVMiOiJcdTU3MjhcdTg0MjVcdWZmMDhcdTVmMDBcdTRlMWFcdWZmMDlcdTRmMDFcdTRlMWEiLCJFTlRUWVBFIjoiXHU0ZTJhXHU0ZjUzIiwiRE9NIjoiXHU1MTg1XHU4NDk5XHU1M2U0XHU4MWVhXHU2Y2JiXHU1MzNhXHU1NDdjXHU0ZjI2XHU4ZDFkXHU1YzE0XHU1ZTAyXHU1YjljXHU5MWNjXHU1MjllXHU0ZThiXHU1OTA0XHU0ZTAwXHU5YTZjXHU4ZGVmXHU1MzE3IiwiRVNEQVRFIjoiMjAwOS0wOS0xNSIsIkFQUFJEQVRFIjoiMjAwOS0wOS0xNSIsIkNPTVBGT1JNIjoiIiwiRU5UTkFNRSI6Ilx1NWYyMFx1NWU3Zlx1NWZiNyIsIlJFR09SRyI6Ilx1NTE4NVx1ODQ5OVx1NTNlNFx1ODFlYVx1NmNiYlx1NTMzYVx1NTQ3Y1x1NGYyNlx1OGQxZFx1NWMxNFx1NWUwMlx1OTEwMlx1NGYyNlx1NjYyNVx1ODFlYVx1NmNiYlx1NjVkN1x1NWRlNVx1NTU0Nlx1ODg0Y1x1NjUzZlx1N2JhMVx1NzQwNlx1NWM0MCIsIk9QRlJPTSI6IjIwMDktMDktMDQiLCJ0eXBlIjoiZ2VyZW4ifQ%3D%3D
INFO: [ app_init ] --START--
INFO: Run Behavior\BuildLiteBehavior [ RunTime:0.000000s ]
INFO: [ app_init ] --END-- [ RunTime:0.000000s ]
INFO: [ app_begin ] --START--
INFO: Run Behavior\ReadHtmlCacheBehavior [ RunTime:0.001000s ]
INFO: [ app_begin ] --END-- [ RunTime:0.001000s ]
SQL: SHOW COLUMNS FROM `profession` [ RunTime:0.0140s ]
SQL: SELECT * FROM `profession`  [ RunTime:0.0110s ]
SQL: SHOW COLUMNS FROM `province` [ RunTime:0.0260s ]
SQL: SELECT * FROM `province`  [ RunTime:0.0200s ]
INFO: [ view_filter ] --START--
INFO: Run Behavior\WriteHtmlCacheBehavior [ RunTime:0.001000s ]
INFO: [ view_filter ] --END-- [ RunTime:0.001000s ]
INFO: [ app_end ] --START--
INFO: Run Behavior\ShowPageTraceBehavior [ RunTime:0.000000s ]
INFO: [ app_end ] --END-- [ RunTime:0.000000s ]

[ 2017-12-01T16:44:58+08:00 ] 127.0.0.1 /Business/Log/reg?seRes=eyJOQU1FIjoiIiwiUkVHQ0FQIjoiIiwiQ0FOREFURSI6IiIsIk9QU0NPQU5ERk9STSI6Ilx1NjcwZFx1ODhjNVx1OTc4Ylx1NWUzZFx1MzAwMVx1NzY3ZVx1OGQyN1x1ZmYxYlx1OTZmNlx1NTUyZVx1MzAwMiIsIlVOSVNDSUQiOiIxMjMiLCJSRVZEQVRFIjoiIiwiT1BUTyI6IjIwMTMtMDktMDMiLCJFTlRTVEFUVVMiOiJcdTU3MjhcdTg0MjVcdWZmMDhcdTVmMDBcdTRlMWFcdWZmMDlcdTRmMDFcdTRlMWEiLCJFTlRUWVBFIjoiXHU0ZTJhXHU0ZjUzIiwiRE9NIjoiXHU1MTg1XHU4NDk5XHU1M2U0XHU4MWVhXHU2Y2JiXHU1MzNhXHU1NDdjXHU0ZjI2XHU4ZDFkXHU1YzE0XHU1ZTAyXHU1YjljXHU5MWNjXHU1MjllXHU0ZThiXHU1OTA0XHU0ZTAwXHU5YTZjXHU4ZGVmXHU1MzE3IiwiRVNEQVRFIjoiMjAwOS0wOS0xNSIsIkFQUFJEQVRFIjoiMjAwOS0wOS0xNSIsIkNPTVBGT1JNIjoiIiwiRU5UTkFNRSI6Ilx1NWYyMFx1NWU3Zlx1NWZiNyIsIlJFR09SRyI6Ilx1NTE4NVx1ODQ5OVx1NTNlNFx1ODFlYVx1NmNiYlx1NTMzYVx1NTQ3Y1x1NGYyNlx1OGQxZFx1NWMxNFx1NWUwMlx1OTEwMlx1NGYyNlx1NjYyNVx1ODFlYVx1NmNiYlx1NjVkN1x1NWRlNVx1NTU0Nlx1ODg0Y1x1NjUzZlx1N2JhMVx1NzQwNlx1NWM0MCIsIk9QRlJPTSI6IjIwMDktMDktMDQiLCJ0eXBlIjoiZ2VyZW4ifQ%3D%3D
INFO: [ app_init ] --START--
INFO: Run Behavior\BuildLiteBehavior [ RunTime:0.000000s ]
INFO: [ app_init ] --END-- [ RunTime:0.000000s ]
INFO: [ app_begin ] --START--
INFO: Run Behavior\ReadHtmlCacheBehavior [ RunTime:0.000000s ]
INFO: [ app_begin ] --END-- [ RunTime:0.001000s ]
SQL: SHOW COLUMNS FROM `profession` [ RunTime:0.0190s ]
SQL: SELECT * FROM `profession`  [ RunTime:0.0690s ]
SQL: SHOW COLUMNS FROM `province` [ RunTime:0.0170s ]
SQL: SELECT * FROM `province`  [ RunTime:0.0920s ]
INFO: [ view_filter ] --START--
INFO: Run Behavior\WriteHtmlCacheBehavior [ RunTime:0.001000s ]
INFO: [ view_filter ] --END-- [ RunTime:0.001000s ]
INFO: [ app_end ] --START--
INFO: Run Behavior\ShowPageTraceBehavior [ RunTime:0.001000s ]
INFO: [ app_end ] --END-- [ RunTime:0.001000s ]

[ 2017-12-01T16:47:46+08:00 ] 127.0.0.1 /Business/Log/reg?seRes=eyJOQU1FIjoiIiwiUkVHQ0FQIjoiIiwiQ0FOREFURSI6IiIsIk9QU0NPQU5ERk9STSI6Ilx1NjcwZFx1ODhjNVx1OTc4Ylx1NWUzZFx1MzAwMVx1NzY3ZVx1OGQyN1x1ZmYxYlx1OTZmNlx1NTUyZVx1MzAwMiIsIlVOSVNDSUQiOiIxMjMiLCJSRVZEQVRFIjoiIiwiT1BUTyI6IjIwMTMtMDktMDMiLCJFTlRTVEFUVVMiOiJcdTU3MjhcdTg0MjVcdWZmMDhcdTVmMDBcdTRlMWFcdWZmMDlcdTRmMDFcdTRlMWEiLCJFTlRUWVBFIjoiXHU0ZTJhXHU0ZjUzIiwiRE9NIjoiXHU1MTg1XHU4NDk5XHU1M2U0XHU4MWVhXHU2Y2JiXHU1MzNhXHU1NDdjXHU0ZjI2XHU4ZDFkXHU1YzE0XHU1ZTAyXHU1YjljXHU5MWNjXHU1MjllXHU0ZThiXHU1OTA0XHU0ZTAwXHU5YTZjXHU4ZGVmXHU1MzE3IiwiRVNEQVRFIjoiMjAwOS0wOS0xNSIsIkFQUFJEQVRFIjoiMjAwOS0wOS0xNSIsIkNPTVBGT1JNIjoiIiwiRU5UTkFNRSI6Ilx1NWYyMFx1NWU3Zlx1NWZiNyIsIlJFR09SRyI6Ilx1NTE4NVx1ODQ5OVx1NTNlNFx1ODFlYVx1NmNiYlx1NTMzYVx1NTQ3Y1x1NGYyNlx1OGQxZFx1NWMxNFx1NWUwMlx1OTEwMlx1NGYyNlx1NjYyNVx1ODFlYVx1NmNiYlx1NjVkN1x1NWRlNVx1NTU0Nlx1ODg0Y1x1NjUzZlx1N2JhMVx1NzQwNlx1NWM0MCIsIk9QRlJPTSI6IjIwMDktMDktMDQiLCJ0eXBlIjoiZ2VyZW4ifQ%3D%3D
INFO: [ app_init ] --START--
INFO: Run Behavior\BuildLiteBehavior [ RunTime:0.000000s ]
INFO: [ app_init ] --END-- [ RunTime:0.000000s ]
INFO: [ app_begin ] --START--
INFO: Run Behavior\ReadHtmlCacheBehavior [ RunTime:0.000000s ]
INFO: [ app_begin ] --END-- [ RunTime:0.000000s ]
SQL: SHOW COLUMNS FROM `profession` [ RunTime:0.0360s ]
SQL: SELECT * FROM `profession`  [ RunTime:0.0300s ]
SQL: SHOW COLUMNS FROM `province` [ RunTime:0.0220s ]
SQL: SELECT * FROM `province`  [ RunTime:0.0240s ]
INFO: [ view_filter ] --START--
INFO: Run Behavior\WriteHtmlCacheBehavior [ RunTime:0.000000s ]
INFO: [ view_filter ] --END-- [ RunTime:0.000000s ]
INFO: [ app_end ] --START--
INFO: Run Behavior\ShowPageTraceBehavior [ RunTime:0.000000s ]
INFO: [ app_end ] --END-- [ RunTime:0.000000s ]

[ 2017-12-01T16:58:58+08:00 ] 127.0.0.1 /Business/Log/reg?seRes=eyJOQU1FIjoiIiwiUkVHQ0FQIjoiIiwiQ0FOREFURSI6IiIsIk9QU0NPQU5ERk9STSI6Ilx1NjcwZFx1ODhjNVx1OTc4Ylx1NWUzZFx1MzAwMVx1NzY3ZVx1OGQyN1x1ZmYxYlx1OTZmNlx1NTUyZVx1MzAwMiIsIlVOSVNDSUQiOiIxMjMiLCJSRVZEQVRFIjoiIiwiT1BUTyI6IjIwMTMtMDktMDMiLCJFTlRTVEFUVVMiOiJcdTU3MjhcdTg0MjVcdWZmMDhcdTVmMDBcdTRlMWFcdWZmMDlcdTRmMDFcdTRlMWEiLCJFTlRUWVBFIjoiXHU0ZTJhXHU0ZjUzIiwiRE9NIjoiXHU1MTg1XHU4NDk5XHU1M2U0XHU4MWVhXHU2Y2JiXHU1MzNhXHU1NDdjXHU0ZjI2XHU4ZDFkXHU1YzE0XHU1ZTAyXHU1YjljXHU5MWNjXHU1MjllXHU0ZThiXHU1OTA0XHU0ZTAwXHU5YTZjXHU4ZGVmXHU1MzE3IiwiRVNEQVRFIjoiMjAwOS0wOS0xNSIsIkFQUFJEQVRFIjoiMjAwOS0wOS0xNSIsIkNPTVBGT1JNIjoiIiwiRU5UTkFNRSI6Ilx1NWYyMFx1NWU3Zlx1NWZiNyIsIlJFR09SRyI6Ilx1NTE4NVx1ODQ5OVx1NTNlNFx1ODFlYVx1NmNiYlx1NTMzYVx1NTQ3Y1x1NGYyNlx1OGQxZFx1NWMxNFx1NWUwMlx1OTEwMlx1NGYyNlx1NjYyNVx1ODFlYVx1NmNiYlx1NjVkN1x1NWRlNVx1NTU0Nlx1ODg0Y1x1NjUzZlx1N2JhMVx1NzQwNlx1NWM0MCIsIk9QRlJPTSI6IjIwMDktMDktMDQiLCJ0eXBlIjoiZ2VyZW4ifQ%3D%3D
INFO: [ app_init ] --START--
INFO: Run Behavior\BuildLiteBehavior [ RunTime:0.000000s ]
INFO: [ app_init ] --END-- [ RunTime:0.000000s ]
INFO: [ app_begin ] --START--
INFO: Run Behavior\ReadHtmlCacheBehavior [ RunTime:0.000000s ]
INFO: [ app_begin ] --END-- [ RunTime:0.000000s ]
SQL: SHOW COLUMNS FROM `profession` [ RunTime:0.0180s ]
SQL: SELECT * FROM `profession`  [ RunTime:0.0110s ]
SQL: SHOW COLUMNS FROM `province` [ RunTime:0.0210s ]
SQL: SELECT * FROM `province`  [ RunTime:0.0130s ]
INFO: [ view_filter ] --START--
INFO: Run Behavior\WriteHtmlCacheBehavior [ RunTime:0.001000s ]
INFO: [ view_filter ] --END-- [ RunTime:0.001000s ]
INFO: [ app_end ] --START--
INFO: Run Behavior\ShowPageTraceBehavior [ RunTime:0.000000s ]
INFO: [ app_end ] --END-- [ RunTime:0.000000s ]

[ 2017-12-01T16:59:12+08:00 ] 127.0.0.1 /Business/Log/reg?seRes=eyJOQU1FIjoiIiwiUkVHQ0FQIjoiIiwiQ0FOREFURSI6IiIsIk9QU0NPQU5ERk9STSI6Ilx1NjcwZFx1ODhjNVx1OTc4Ylx1NWUzZFx1MzAwMVx1NzY3ZVx1OGQyN1x1ZmYxYlx1OTZmNlx1NTUyZVx1MzAwMiIsIlVOSVNDSUQiOiIxMjMiLCJSRVZEQVRFIjoiIiwiT1BUTyI6IjIwMTMtMDktMDMiLCJFTlRTVEFUVVMiOiJcdTU3MjhcdTg0MjVcdWZmMDhcdTVmMDBcdTRlMWFcdWZmMDlcdTRmMDFcdTRlMWEiLCJFTlRUWVBFIjoiXHU0ZTJhXHU0ZjUzIiwiRE9NIjoiXHU1MTg1XHU4NDk5XHU1M2U0XHU4MWVhXHU2Y2JiXHU1MzNhXHU1NDdjXHU0ZjI2XHU4ZDFkXHU1YzE0XHU1ZTAyXHU1YjljXHU5MWNjXHU1MjllXHU0ZThiXHU1OTA0XHU0ZTAwXHU5YTZjXHU4ZGVmXHU1MzE3IiwiRVNEQVRFIjoiMjAwOS0wOS0xNSIsIkFQUFJEQVRFIjoiMjAwOS0wOS0xNSIsIkNPTVBGT1JNIjoiIiwiRU5UTkFNRSI6Ilx1NWYyMFx1NWU3Zlx1NWZiNyIsIlJFR09SRyI6Ilx1NTE4NVx1ODQ5OVx1NTNlNFx1ODFlYVx1NmNiYlx1NTMzYVx1NTQ3Y1x1NGYyNlx1OGQxZFx1NWMxNFx1NWUwMlx1OTEwMlx1NGYyNlx1NjYyNVx1ODFlYVx1NmNiYlx1NjVkN1x1NWRlNVx1NTU0Nlx1ODg0Y1x1NjUzZlx1N2JhMVx1NzQwNlx1NWM0MCIsIk9QRlJPTSI6IjIwMDktMDktMDQiLCJ0eXBlIjoiZ2VyZW4ifQ%3D%3D
INFO: [ app_init ] --START--
INFO: Run Behavior\BuildLiteBehavior [ RunTime:0.000000s ]
INFO: [ app_init ] --END-- [ RunTime:0.000000s ]
INFO: [ app_begin ] --START--
INFO: Run Behavior\ReadHtmlCacheBehavior [ RunTime:0.000000s ]
INFO: [ app_begin ] --END-- [ RunTime:0.000000s ]
SQL: SHOW COLUMNS FROM `profession` [ RunTime:0.0470s ]
SQL: SELECT * FROM `profession`  [ RunTime:0.0690s ]
SQL: SHOW COLUMNS FROM `province` [ RunTime:0.0370s ]
SQL: SELECT * FROM `province`  [ RunTime:0.0350s ]
INFO: [ view_filter ] --START--
INFO: Run Behavior\WriteHtmlCacheBehavior [ RunTime:0.001000s ]
INFO: [ view_filter ] --END-- [ RunTime:0.001000s ]
INFO: [ app_end ] --START--
INFO: Run Behavior\ShowPageTraceBehavior [ RunTime:0.000000s ]
INFO: [ app_end ] --END-- [ RunTime:0.001000s ]

[ 2017-12-01T16:59:26+08:00 ] 127.0.0.1 /Business/Log/reg?seRes=eyJOQU1FIjoiIiwiUkVHQ0FQIjoiIiwiQ0FOREFURSI6IiIsIk9QU0NPQU5ERk9STSI6Ilx1NjcwZFx1ODhjNVx1OTc4Ylx1NWUzZFx1MzAwMVx1NzY3ZVx1OGQyN1x1ZmYxYlx1OTZmNlx1NTUyZVx1MzAwMiIsIlVOSVNDSUQiOiIxMjMiLCJSRVZEQVRFIjoiIiwiT1BUTyI6IjIwMTMtMDktMDMiLCJFTlRTVEFUVVMiOiJcdTU3MjhcdTg0MjVcdWZmMDhcdTVmMDBcdTRlMWFcdWZmMDlcdTRmMDFcdTRlMWEiLCJFTlRUWVBFIjoiXHU0ZTJhXHU0ZjUzIiwiRE9NIjoiXHU1MTg1XHU4NDk5XHU1M2U0XHU4MWVhXHU2Y2JiXHU1MzNhXHU1NDdjXHU0ZjI2XHU4ZDFkXHU1YzE0XHU1ZTAyXHU1YjljXHU5MWNjXHU1MjllXHU0ZThiXHU1OTA0XHU0ZTAwXHU5YTZjXHU4ZGVmXHU1MzE3IiwiRVNEQVRFIjoiMjAwOS0wOS0xNSIsIkFQUFJEQVRFIjoiMjAwOS0wOS0xNSIsIkNPTVBGT1JNIjoiIiwiRU5UTkFNRSI6Ilx1NWYyMFx1NWU3Zlx1NWZiNyIsIlJFR09SRyI6Ilx1NTE4NVx1ODQ5OVx1NTNlNFx1ODFlYVx1NmNiYlx1NTMzYVx1NTQ3Y1x1NGYyNlx1OGQxZFx1NWMxNFx1NWUwMlx1OTEwMlx1NGYyNlx1NjYyNVx1ODFlYVx1NmNiYlx1NjVkN1x1NWRlNVx1NTU0Nlx1ODg0Y1x1NjUzZlx1N2JhMVx1NzQwNlx1NWM0MCIsIk9QRlJPTSI6IjIwMDktMDktMDQiLCJ0eXBlIjoiZ2VyZW4ifQ%3D%3D
INFO: [ app_init ] --START--
INFO: Run Behavior\BuildLiteBehavior [ RunTime:0.000000s ]
INFO: [ app_init ] --END-- [ RunTime:0.001000s ]
INFO: [ app_begin ] --START--
INFO: Run Behavior\ReadHtmlCacheBehavior [ RunTime:0.000000s ]
INFO: [ app_begin ] --END-- [ RunTime:0.000000s ]
SQL: SHOW COLUMNS FROM `profession` [ RunTime:0.0330s ]
SQL: SELECT * FROM `profession`  [ RunTime:0.0150s ]
SQL: SHOW COLUMNS FROM `province` [ RunTime:0.0670s ]
SQL: SELECT * FROM `province`  [ RunTime:0.0160s ]
INFO: [ view_filter ] --START--
INFO: Run Behavior\WriteHtmlCacheBehavior [ RunTime:0.000000s ]
INFO: [ view_filter ] --END-- [ RunTime:0.001000s ]
INFO: [ app_end ] --START--
INFO: Run Behavior\ShowPageTraceBehavior [ RunTime:0.000000s ]
INFO: [ app_end ] --END-- [ RunTime:0.000000s ]

[ 2017-12-01T16:59:43+08:00 ] 127.0.0.1 /Business/Log/reg?seRes=eyJOQU1FIjoiIiwiUkVHQ0FQIjoiIiwiQ0FOREFURSI6IiIsIk9QU0NPQU5ERk9STSI6Ilx1NjcwZFx1ODhjNVx1OTc4Ylx1NWUzZFx1MzAwMVx1NzY3ZVx1OGQyN1x1ZmYxYlx1OTZmNlx1NTUyZVx1MzAwMiIsIlVOSVNDSUQiOiIxMjMiLCJSRVZEQVRFIjoiIiwiT1BUTyI6IjIwMTMtMDktMDMiLCJFTlRTVEFUVVMiOiJcdTU3MjhcdTg0MjVcdWZmMDhcdTVmMDBcdTRlMWFcdWZmMDlcdTRmMDFcdTRlMWEiLCJFTlRUWVBFIjoiXHU0ZTJhXHU0ZjUzIiwiRE9NIjoiXHU1MTg1XHU4NDk5XHU1M2U0XHU4MWVhXHU2Y2JiXHU1MzNhXHU1NDdjXHU0ZjI2XHU4ZDFkXHU1YzE0XHU1ZTAyXHU1YjljXHU5MWNjXHU1MjllXHU0ZThiXHU1OTA0XHU0ZTAwXHU5YTZjXHU4ZGVmXHU1MzE3IiwiRVNEQVRFIjoiMjAwOS0wOS0xNSIsIkFQUFJEQVRFIjoiMjAwOS0wOS0xNSIsIkNPTVBGT1JNIjoiIiwiRU5UTkFNRSI6Ilx1NWYyMFx1NWU3Zlx1NWZiNyIsIlJFR09SRyI6Ilx1NTE4NVx1ODQ5OVx1NTNlNFx1ODFlYVx1NmNiYlx1NTMzYVx1NTQ3Y1x1NGYyNlx1OGQxZFx1NWMxNFx1NWUwMlx1OTEwMlx1NGYyNlx1NjYyNVx1ODFlYVx1NmNiYlx1NjVkN1x1NWRlNVx1NTU0Nlx1ODg0Y1x1NjUzZlx1N2JhMVx1NzQwNlx1NWM0MCIsIk9QRlJPTSI6IjIwMDktMDktMDQiLCJ0eXBlIjoiZ2VyZW4ifQ%3D%3D
INFO: [ app_init ] --START--
INFO: Run Behavior\BuildLiteBehavior [ RunTime:0.000000s ]
INFO: [ app_init ] --END-- [ RunTime:0.001000s ]
INFO: [ app_begin ] --START--
INFO: Run Behavior\ReadHtmlCacheBehavior [ RunTime:0.000000s ]
INFO: [ app_begin ] --END-- [ RunTime:0.000000s ]
SQL: SHOW COLUMNS FROM `profession` [ RunTime:0.0200s ]
SQL: SELECT * FROM `profession`  [ RunTime:0.0130s ]
SQL: SHOW COLUMNS FROM `province` [ RunTime:0.0310s ]
SQL: SELECT * FROM `province`  [ RunTime:0.0200s ]
INFO: [ view_filter ] --START--
INFO: Run Behavior\WriteHtmlCacheBehavior [ RunTime:0.001000s ]
INFO: [ view_filter ] --END-- [ RunTime:0.001000s ]
INFO: [ app_end ] --START--
INFO: Run Behavior\ShowPageTraceBehavior [ RunTime:0.000000s ]
INFO: [ app_end ] --END-- [ RunTime:0.000000s ]

[ 2017-12-01T16:59:50+08:00 ] 127.0.0.1 /Business/Log/reg?seRes=eyJOQU1FIjoiIiwiUkVHQ0FQIjoiIiwiQ0FOREFURSI6IiIsIk9QU0NPQU5ERk9STSI6Ilx1NjcwZFx1ODhjNVx1OTc4Ylx1NWUzZFx1MzAwMVx1NzY3ZVx1OGQyN1x1ZmYxYlx1OTZmNlx1NTUyZVx1MzAwMiIsIlVOSVNDSUQiOiIxMjMiLCJSRVZEQVRFIjoiIiwiT1BUTyI6IjIwMTMtMDktMDMiLCJFTlRTVEFUVVMiOiJcdTU3MjhcdTg0MjVcdWZmMDhcdTVmMDBcdTRlMWFcdWZmMDlcdTRmMDFcdTRlMWEiLCJFTlRUWVBFIjoiXHU0ZTJhXHU0ZjUzIiwiRE9NIjoiXHU1MTg1XHU4NDk5XHU1M2U0XHU4MWVhXHU2Y2JiXHU1MzNhXHU1NDdjXHU0ZjI2XHU4ZDFkXHU1YzE0XHU1ZTAyXHU1YjljXHU5MWNjXHU1MjllXHU0ZThiXHU1OTA0XHU0ZTAwXHU5YTZjXHU4ZGVmXHU1MzE3IiwiRVNEQVRFIjoiMjAwOS0wOS0xNSIsIkFQUFJEQVRFIjoiMjAwOS0wOS0xNSIsIkNPTVBGT1JNIjoiIiwiRU5UTkFNRSI6Ilx1NWYyMFx1NWU3Zlx1NWZiNyIsIlJFR09SRyI6Ilx1NTE4NVx1ODQ5OVx1NTNlNFx1ODFlYVx1NmNiYlx1NTMzYVx1NTQ3Y1x1NGYyNlx1OGQxZFx1NWMxNFx1NWUwMlx1OTEwMlx1NGYyNlx1NjYyNVx1ODFlYVx1NmNiYlx1NjVkN1x1NWRlNVx1NTU0Nlx1ODg0Y1x1NjUzZlx1N2JhMVx1NzQwNlx1NWM0MCIsIk9QRlJPTSI6IjIwMDktMDktMDQiLCJ0eXBlIjoiZ2VyZW4ifQ%3D%3D
INFO: [ app_init ] --START--
INFO: Run Behavior\BuildLiteBehavior [ RunTime:0.000000s ]
INFO: [ app_init ] --END-- [ RunTime:0.000000s ]
INFO: [ app_begin ] --START--
INFO: Run Behavior\ReadHtmlCacheBehavior [ RunTime:0.000000s ]
INFO: [ app_begin ] --END-- [ RunTime:0.000000s ]
SQL: SHOW COLUMNS FROM `profession` [ RunTime:0.0130s ]
SQL: SELECT * FROM `profession`  [ RunTime:0.0140s ]
SQL: SHOW COLUMNS FROM `province` [ RunTime:0.0120s ]
SQL: SELECT * FROM `province`  [ RunTime:0.0330s ]
INFO: [ view_filter ] --START--
INFO: Run Behavior\WriteHtmlCacheBehavior [ RunTime:0.001000s ]
INFO: [ view_filter ] --END-- [ RunTime:0.001000s ]
INFO: [ app_end ] --START--
INFO: Run Behavior\ShowPageTraceBehavior [ RunTime:0.001001s ]
INFO: [ app_end ] --END-- [ RunTime:0.001001s ]

[ 2017-12-01T17:03:50+08:00 ] 127.0.0.1 /Business/Log/reg?seRes=eyJOQU1FIjoiIiwiUkVHQ0FQIjoiIiwiQ0FOREFURSI6IiIsIk9QU0NPQU5ERk9STSI6Ilx1NjcwZFx1ODhjNVx1OTc4Ylx1NWUzZFx1MzAwMVx1NzY3ZVx1OGQyN1x1ZmYxYlx1OTZmNlx1NTUyZVx1MzAwMiIsIlVOSVNDSUQiOiIxMjMiLCJSRVZEQVRFIjoiIiwiT1BUTyI6IjIwMTMtMDktMDMiLCJFTlRTVEFUVVMiOiJcdTU3MjhcdTg0MjVcdWZmMDhcdTVmMDBcdTRlMWFcdWZmMDlcdTRmMDFcdTRlMWEiLCJFTlRUWVBFIjoiXHU0ZTJhXHU0ZjUzIiwiRE9NIjoiXHU1MTg1XHU4NDk5XHU1M2U0XHU4MWVhXHU2Y2JiXHU1MzNhXHU1NDdjXHU0ZjI2XHU4ZDFkXHU1YzE0XHU1ZTAyXHU1YjljXHU5MWNjXHU1MjllXHU0ZThiXHU1OTA0XHU0ZTAwXHU5YTZjXHU4ZGVmXHU1MzE3IiwiRVNEQVRFIjoiMjAwOS0wOS0xNSIsIkFQUFJEQVRFIjoiMjAwOS0wOS0xNSIsIkNPTVBGT1JNIjoiIiwiRU5UTkFNRSI6Ilx1NWYyMFx1NWU3Zlx1NWZiNyIsIlJFR09SRyI6Ilx1NTE4NVx1ODQ5OVx1NTNlNFx1ODFlYVx1NmNiYlx1NTMzYVx1NTQ3Y1x1NGYyNlx1OGQxZFx1NWMxNFx1NWUwMlx1OTEwMlx1NGYyNlx1NjYyNVx1ODFlYVx1NmNiYlx1NjVkN1x1NWRlNVx1NTU0Nlx1ODg0Y1x1NjUzZlx1N2JhMVx1NzQwNlx1NWM0MCIsIk9QRlJPTSI6IjIwMDktMDktMDQiLCJ0eXBlIjoiZ2VyZW4ifQ%3D%3D
INFO: [ app_init ] --START--
INFO: Run Behavior\BuildLiteBehavior [ RunTime:0.000000s ]
INFO: [ app_init ] --END-- [ RunTime:0.000000s ]
INFO: [ app_begin ] --START--
INFO: Run Behavior\ReadHtmlCacheBehavior [ RunTime:0.000000s ]
INFO: [ app_begin ] --END-- [ RunTime:0.000000s ]
SQL: SHOW COLUMNS FROM `profession` [ RunTime:0.2540s ]
SQL: SELECT * FROM `profession`  [ RunTime:0.0180s ]
SQL: SHOW COLUMNS FROM `province` [ RunTime:0.0160s ]
SQL: SELECT * FROM `province`  [ RunTime:0.0130s ]
INFO: [ view_filter ] --START--
INFO: Run Behavior\WriteHtmlCacheBehavior [ RunTime:0.000000s ]
INFO: [ view_filter ] --END-- [ RunTime:0.000000s ]
INFO: [ app_end ] --START--
INFO: Run Behavior\ShowPageTraceBehavior [ RunTime:0.001000s ]
INFO: [ app_end ] --END-- [ RunTime:0.001000s ]

[ 2017-12-01T17:06:04+08:00 ] 127.0.0.1 /Business/Log/reg?seRes=eyJOQU1FIjoiIiwiUkVHQ0FQIjoiIiwiQ0FOREFURSI6IiIsIk9QU0NPQU5ERk9STSI6Ilx1NjcwZFx1ODhjNVx1OTc4Ylx1NWUzZFx1MzAwMVx1NzY3ZVx1OGQyN1x1ZmYxYlx1OTZmNlx1NTUyZVx1MzAwMiIsIlVOSVNDSUQiOiIxMjMiLCJSRVZEQVRFIjoiIiwiT1BUTyI6IjIwMTMtMDktMDMiLCJFTlRTVEFUVVMiOiJcdTU3MjhcdTg0MjVcdWZmMDhcdTVmMDBcdTRlMWFcdWZmMDlcdTRmMDFcdTRlMWEiLCJFTlRUWVBFIjoiXHU0ZTJhXHU0ZjUzIiwiRE9NIjoiXHU1MTg1XHU4NDk5XHU1M2U0XHU4MWVhXHU2Y2JiXHU1MzNhXHU1NDdjXHU0ZjI2XHU4ZDFkXHU1YzE0XHU1ZTAyXHU1YjljXHU5MWNjXHU1MjllXHU0ZThiXHU1OTA0XHU0ZTAwXHU5YTZjXHU4ZGVmXHU1MzE3IiwiRVNEQVRFIjoiMjAwOS0wOS0xNSIsIkFQUFJEQVRFIjoiMjAwOS0wOS0xNSIsIkNPTVBGT1JNIjoiIiwiRU5UTkFNRSI6Ilx1NWYyMFx1NWU3Zlx1NWZiNyIsIlJFR09SRyI6Ilx1NTE4NVx1ODQ5OVx1NTNlNFx1ODFlYVx1NmNiYlx1NTMzYVx1NTQ3Y1x1NGYyNlx1OGQxZFx1NWMxNFx1NWUwMlx1OTEwMlx1NGYyNlx1NjYyNVx1ODFlYVx1NmNiYlx1NjVkN1x1NWRlNVx1NTU0Nlx1ODg0Y1x1NjUzZlx1N2JhMVx1NzQwNlx1NWM0MCIsIk9QRlJPTSI6IjIwMDktMDktMDQiLCJ0eXBlIjoiZ2VyZW4ifQ%3D%3D
INFO: [ app_init ] --START--
INFO: Run Behavior\BuildLiteBehavior [ RunTime:0.000000s ]
INFO: [ app_init ] --END-- [ RunTime:0.000000s ]
INFO: [ app_begin ] --START--
INFO: Run Behavior\ReadHtmlCacheBehavior [ RunTime:0.000000s ]
INFO: [ app_begin ] --END-- [ RunTime:0.000000s ]
SQL: SHOW COLUMNS FROM `profession` [ RunTime:0.0220s ]
SQL: SELECT * FROM `profession`  [ RunTime:0.0330s ]
SQL: SHOW COLUMNS FROM `province` [ RunTime:0.0240s ]
SQL: SELECT * FROM `province`  [ RunTime:0.0200s ]
INFO: [ view_filter ] --START--
INFO: Run Behavior\WriteHtmlCacheBehavior [ RunTime:0.000000s ]
INFO: [ view_filter ] --END-- [ RunTime:0.000000s ]
INFO: [ app_end ] --START--
INFO: Run Behavior\ShowPageTraceBehavior [ RunTime:0.000000s ]
INFO: [ app_end ] --END-- [ RunTime:0.000000s ]

[ 2017-12-01T17:08:28+08:00 ] 127.0.0.1 /Business/Log/reg?seRes=eyJOQU1FIjoiIiwiUkVHQ0FQIjoiIiwiQ0FOREFURSI6IiIsIk9QU0NPQU5ERk9STSI6Ilx1NjcwZFx1ODhjNVx1OTc4Ylx1NWUzZFx1MzAwMVx1NzY3ZVx1OGQyN1x1ZmYxYlx1OTZmNlx1NTUyZVx1MzAwMiIsIlVOSVNDSUQiOiIxMjMiLCJSRVZEQVRFIjoiIiwiT1BUTyI6IjIwMTMtMDktMDMiLCJFTlRTVEFUVVMiOiJcdTU3MjhcdTg0MjVcdWZmMDhcdTVmMDBcdTRlMWFcdWZmMDlcdTRmMDFcdTRlMWEiLCJFTlRUWVBFIjoiXHU0ZTJhXHU0ZjUzIiwiRE9NIjoiXHU1MTg1XHU4NDk5XHU1M2U0XHU4MWVhXHU2Y2JiXHU1MzNhXHU1NDdjXHU0ZjI2XHU4ZDFkXHU1YzE0XHU1ZTAyXHU1YjljXHU5MWNjXHU1MjllXHU0ZThiXHU1OTA0XHU0ZTAwXHU5YTZjXHU4ZGVmXHU1MzE3IiwiRVNEQVRFIjoiMjAwOS0wOS0xNSIsIkFQUFJEQVRFIjoiMjAwOS0wOS0xNSIsIkNPTVBGT1JNIjoiIiwiRU5UTkFNRSI6Ilx1NWYyMFx1NWU3Zlx1NWZiNyIsIlJFR09SRyI6Ilx1NTE4NVx1ODQ5OVx1NTNlNFx1ODFlYVx1NmNiYlx1NTMzYVx1NTQ3Y1x1NGYyNlx1OGQxZFx1NWMxNFx1NWUwMlx1OTEwMlx1NGYyNlx1NjYyNVx1ODFlYVx1NmNiYlx1NjVkN1x1NWRlNVx1NTU0Nlx1ODg0Y1x1NjUzZlx1N2JhMVx1NzQwNlx1NWM0MCIsIk9QRlJPTSI6IjIwMDktMDktMDQiLCJ0eXBlIjoiZ2VyZW4ifQ%3D%3D
INFO: [ app_init ] --START--
INFO: Run Behavior\BuildLiteBehavior [ RunTime:0.000000s ]
INFO: [ app_init ] --END-- [ RunTime:0.001000s ]
INFO: [ app_begin ] --START--
INFO: Run Behavior\ReadHtmlCacheBehavior [ RunTime:0.000000s ]
INFO: [ app_begin ] --END-- [ RunTime:0.000000s ]
SQL: SHOW COLUMNS FROM `profession` [ RunTime:0.0150s ]
SQL: SELECT * FROM `profession`  [ RunTime:0.0230s ]
SQL: SHOW COLUMNS FROM `province` [ RunTime:0.0250s ]
SQL: SELECT * FROM `province`  [ RunTime:0.0110s ]
INFO: [ view_filter ] --START--
INFO: Run Behavior\WriteHtmlCacheBehavior [ RunTime:0.000000s ]
INFO: [ view_filter ] --END-- [ RunTime:0.000000s ]
INFO: [ app_end ] --START--
INFO: Run Behavior\ShowPageTraceBehavior [ RunTime:0.001000s ]
INFO: [ app_end ] --END-- [ RunTime:0.001000s ]

[ 2017-12-01T17:09:08+08:00 ] 127.0.0.1 /Business/Log/reg?seRes=eyJOQU1FIjoiIiwiUkVHQ0FQIjoiIiwiQ0FOREFURSI6IiIsIk9QU0NPQU5ERk9STSI6Ilx1NjcwZFx1ODhjNVx1OTc4Ylx1NWUzZFx1MzAwMVx1NzY3ZVx1OGQyN1x1ZmYxYlx1OTZmNlx1NTUyZVx1MzAwMiIsIlVOSVNDSUQiOiIxMjMiLCJSRVZEQVRFIjoiIiwiT1BUTyI6IjIwMTMtMDktMDMiLCJFTlRTVEFUVVMiOiJcdTU3MjhcdTg0MjVcdWZmMDhcdTVmMDBcdTRlMWFcdWZmMDlcdTRmMDFcdTRlMWEiLCJFTlRUWVBFIjoiXHU0ZTJhXHU0ZjUzIiwiRE9NIjoiXHU1MTg1XHU4NDk5XHU1M2U0XHU4MWVhXHU2Y2JiXHU1MzNhXHU1NDdjXHU0ZjI2XHU4ZDFkXHU1YzE0XHU1ZTAyXHU1YjljXHU5MWNjXHU1MjllXHU0ZThiXHU1OTA0XHU0ZTAwXHU5YTZjXHU4ZGVmXHU1MzE3IiwiRVNEQVRFIjoiMjAwOS0wOS0xNSIsIkFQUFJEQVRFIjoiMjAwOS0wOS0xNSIsIkNPTVBGT1JNIjoiIiwiRU5UTkFNRSI6Ilx1NWYyMFx1NWU3Zlx1NWZiNyIsIlJFR09SRyI6Ilx1NTE4NVx1ODQ5OVx1NTNlNFx1ODFlYVx1NmNiYlx1NTMzYVx1NTQ3Y1x1NGYyNlx1OGQxZFx1NWMxNFx1NWUwMlx1OTEwMlx1NGYyNlx1NjYyNVx1ODFlYVx1NmNiYlx1NjVkN1x1NWRlNVx1NTU0Nlx1ODg0Y1x1NjUzZlx1N2JhMVx1NzQwNlx1NWM0MCIsIk9QRlJPTSI6IjIwMDktMDktMDQiLCJ0eXBlIjoiZ2VyZW4ifQ%3D%3D
INFO: [ app_init ] --START--
INFO: Run Behavior\BuildLiteBehavior [ RunTime:0.000000s ]
INFO: [ app_init ] --END-- [ RunTime:0.000000s ]
INFO: [ app_begin ] --START--
INFO: Run Behavior\ReadHtmlCacheBehavior [ RunTime:0.000000s ]
INFO: [ app_begin ] --END-- [ RunTime:0.000000s ]
SQL: SHOW COLUMNS FROM `profession` [ RunTime:0.0190s ]
SQL: SELECT * FROM `profession`  [ RunTime:0.0130s ]
SQL: SHOW COLUMNS FROM `province` [ RunTime:0.0360s ]
SQL: SELECT * FROM `province`  [ RunTime:0.0250s ]
INFO: [ view_filter ] --START--
INFO: Run Behavior\WriteHtmlCacheBehavior [ RunTime:0.000000s ]
INFO: [ view_filter ] --END-- [ RunTime:0.000000s ]
INFO: [ app_end ] --START--
INFO: Run Behavior\ShowPageTraceBehavior [ RunTime:0.000000s ]
INFO: [ app_end ] --END-- [ RunTime:0.000000s ]

[ 2017-12-01T17:09:35+08:00 ] 127.0.0.1 /Business/Log/reg?seRes=eyJOQU1FIjoiIiwiUkVHQ0FQIjoiIiwiQ0FOREFURSI6IiIsIk9QU0NPQU5ERk9STSI6Ilx1NjcwZFx1ODhjNVx1OTc4Ylx1NWUzZFx1MzAwMVx1NzY3ZVx1OGQyN1x1ZmYxYlx1OTZmNlx1NTUyZVx1MzAwMiIsIlVOSVNDSUQiOiIxMjMiLCJSRVZEQVRFIjoiIiwiT1BUTyI6IjIwMTMtMDktMDMiLCJFTlRTVEFUVVMiOiJcdTU3MjhcdTg0MjVcdWZmMDhcdTVmMDBcdTRlMWFcdWZmMDlcdTRmMDFcdTRlMWEiLCJFTlRUWVBFIjoiXHU0ZTJhXHU0ZjUzIiwiRE9NIjoiXHU1MTg1XHU4NDk5XHU1M2U0XHU4MWVhXHU2Y2JiXHU1MzNhXHU1NDdjXHU0ZjI2XHU4ZDFkXHU1YzE0XHU1ZTAyXHU1YjljXHU5MWNjXHU1MjllXHU0ZThiXHU1OTA0XHU0ZTAwXHU5YTZjXHU4ZGVmXHU1MzE3IiwiRVNEQVRFIjoiMjAwOS0wOS0xNSIsIkFQUFJEQVRFIjoiMjAwOS0wOS0xNSIsIkNPTVBGT1JNIjoiIiwiRU5UTkFNRSI6Ilx1NWYyMFx1NWU3Zlx1NWZiNyIsIlJFR09SRyI6Ilx1NTE4NVx1ODQ5OVx1NTNlNFx1ODFlYVx1NmNiYlx1NTMzYVx1NTQ3Y1x1NGYyNlx1OGQxZFx1NWMxNFx1NWUwMlx1OTEwMlx1NGYyNlx1NjYyNVx1ODFlYVx1NmNiYlx1NjVkN1x1NWRlNVx1NTU0Nlx1ODg0Y1x1NjUzZlx1N2JhMVx1NzQwNlx1NWM0MCIsIk9QRlJPTSI6IjIwMDktMDktMDQiLCJ0eXBlIjoiZ2VyZW4ifQ%3D%3D
INFO: [ app_init ] --START--
INFO: Run Behavior\BuildLiteBehavior [ RunTime:0.000000s ]
INFO: [ app_init ] --END-- [ RunTime:0.000000s ]
INFO: [ app_begin ] --START--
INFO: Run Behavior\ReadHtmlCacheBehavior [ RunTime:0.000000s ]
INFO: [ app_begin ] --END-- [ RunTime:0.000000s ]
SQL: SHOW COLUMNS FROM `profession` [ RunTime:0.0090s ]
SQL: SELECT * FROM `profession`  [ RunTime:0.0260s ]
SQL: SHOW COLUMNS FROM `province` [ RunTime:0.0140s ]
SQL: SELECT * FROM `province`  [ RunTime:0.0100s ]
INFO: [ view_filter ] --START--
INFO: Run Behavior\WriteHtmlCacheBehavior [ RunTime:0.000000s ]
INFO: [ view_filter ] --END-- [ RunTime:0.000000s ]
INFO: [ app_end ] --START--
INFO: Run Behavior\ShowPageTraceBehavior [ RunTime:0.001000s ]
INFO: [ app_end ] --END-- [ RunTime:0.001000s ]

[ 2017-12-01T17:09:56+08:00 ] 127.0.0.1 /Business/Log/reg?seRes=eyJOQU1FIjoiIiwiUkVHQ0FQIjoiIiwiQ0FOREFURSI6IiIsIk9QU0NPQU5ERk9STSI6Ilx1NjcwZFx1ODhjNVx1OTc4Ylx1NWUzZFx1MzAwMVx1NzY3ZVx1OGQyN1x1ZmYxYlx1OTZmNlx1NTUyZVx1MzAwMiIsIlVOSVNDSUQiOiIxMjMiLCJSRVZEQVRFIjoiIiwiT1BUTyI6IjIwMTMtMDktMDMiLCJFTlRTVEFUVVMiOiJcdTU3MjhcdTg0MjVcdWZmMDhcdTVmMDBcdTRlMWFcdWZmMDlcdTRmMDFcdTRlMWEiLCJFTlRUWVBFIjoiXHU0ZTJhXHU0ZjUzIiwiRE9NIjoiXHU1MTg1XHU4NDk5XHU1M2U0XHU4MWVhXHU2Y2JiXHU1MzNhXHU1NDdjXHU0ZjI2XHU4ZDFkXHU1YzE0XHU1ZTAyXHU1YjljXHU5MWNjXHU1MjllXHU0ZThiXHU1OTA0XHU0ZTAwXHU5YTZjXHU4ZGVmXHU1MzE3IiwiRVNEQVRFIjoiMjAwOS0wOS0xNSIsIkFQUFJEQVRFIjoiMjAwOS0wOS0xNSIsIkNPTVBGT1JNIjoiIiwiRU5UTkFNRSI6Ilx1NWYyMFx1NWU3Zlx1NWZiNyIsIlJFR09SRyI6Ilx1NTE4NVx1ODQ5OVx1NTNlNFx1ODFlYVx1NmNiYlx1NTMzYVx1NTQ3Y1x1NGYyNlx1OGQxZFx1NWMxNFx1NWUwMlx1OTEwMlx1NGYyNlx1NjYyNVx1ODFlYVx1NmNiYlx1NjVkN1x1NWRlNVx1NTU0Nlx1ODg0Y1x1NjUzZlx1N2JhMVx1NzQwNlx1NWM0MCIsIk9QRlJPTSI6IjIwMDktMDktMDQiLCJ0eXBlIjoiZ2VyZW4ifQ%3D%3D
INFO: [ app_init ] --START--
INFO: Run Behavior\BuildLiteBehavior [ RunTime:0.000000s ]
INFO: [ app_init ] --END-- [ RunTime:0.000000s ]
INFO: [ app_begin ] --START--
INFO: Run Behavior\ReadHtmlCacheBehavior [ RunTime:0.000000s ]
INFO: [ app_begin ] --END-- [ RunTime:0.001000s ]
SQL: SHOW COLUMNS FROM `profession` [ RunTime:0.1730s ]
SQL: SELECT * FROM `profession`  [ RunTime:0.2550s ]
SQL: SHOW COLUMNS FROM `province` [ RunTime:0.0120s ]
SQL: SELECT * FROM `province`  [ RunTime:0.0740s ]
INFO: [ view_filter ] --START--
INFO: Run Behavior\WriteHtmlCacheBehavior [ RunTime:0.000000s ]
INFO: [ view_filter ] --END-- [ RunTime:0.000000s ]
INFO: [ app_end ] --START--
INFO: Run Behavior\ShowPageTraceBehavior [ RunTime:0.001000s ]
INFO: [ app_end ] --END-- [ RunTime:0.001000s ]

[ 2017-12-01T17:12:40+08:00 ] 127.0.0.1 /Business/Log/reg?seRes=eyJOQU1FIjoiIiwiUkVHQ0FQIjoiIiwiQ0FOREFURSI6IiIsIk9QU0NPQU5ERk9STSI6Ilx1NjcwZFx1ODhjNVx1OTc4Ylx1NWUzZFx1MzAwMVx1NzY3ZVx1OGQyN1x1ZmYxYlx1OTZmNlx1NTUyZVx1MzAwMiIsIlVOSVNDSUQiOiIxMjMiLCJSRVZEQVRFIjoiIiwiT1BUTyI6IjIwMTMtMDktMDMiLCJFTlRTVEFUVVMiOiJcdTU3MjhcdTg0MjVcdWZmMDhcdTVmMDBcdTRlMWFcdWZmMDlcdTRmMDFcdTRlMWEiLCJFTlRUWVBFIjoiXHU0ZTJhXHU0ZjUzIiwiRE9NIjoiXHU1MTg1XHU4NDk5XHU1M2U0XHU4MWVhXHU2Y2JiXHU1MzNhXHU1NDdjXHU0ZjI2XHU4ZDFkXHU1YzE0XHU1ZTAyXHU1YjljXHU5MWNjXHU1MjllXHU0ZThiXHU1OTA0XHU0ZTAwXHU5YTZjXHU4ZGVmXHU1MzE3IiwiRVNEQVRFIjoiMjAwOS0wOS0xNSIsIkFQUFJEQVRFIjoiMjAwOS0wOS0xNSIsIkNPTVBGT1JNIjoiIiwiRU5UTkFNRSI6Ilx1NWYyMFx1NWU3Zlx1NWZiNyIsIlJFR09SRyI6Ilx1NTE4NVx1ODQ5OVx1NTNlNFx1ODFlYVx1NmNiYlx1NTMzYVx1NTQ3Y1x1NGYyNlx1OGQxZFx1NWMxNFx1NWUwMlx1OTEwMlx1NGYyNlx1NjYyNVx1ODFlYVx1NmNiYlx1NjVkN1x1NWRlNVx1NTU0Nlx1ODg0Y1x1NjUzZlx1N2JhMVx1NzQwNlx1NWM0MCIsIk9QRlJPTSI6IjIwMDktMDktMDQiLCJ0eXBlIjoiZ2VyZW4ifQ%3D%3D
INFO: [ app_init ] --START--
INFO: Run Behavior\BuildLiteBehavior [ RunTime:0.000000s ]
INFO: [ app_init ] --END-- [ RunTime:0.000000s ]
INFO: [ app_begin ] --START--
INFO: Run Behavior\ReadHtmlCacheBehavior [ RunTime:0.000000s ]
INFO: [ app_begin ] --END-- [ RunTime:0.000000s ]
SQL: SHOW COLUMNS FROM `profession` [ RunTime:0.0540s ]
SQL: SELECT * FROM `profession`  [ RunTime:0.0350s ]
SQL: SHOW COLUMNS FROM `province` [ RunTime:0.0530s ]
SQL: SELECT * FROM `province`  [ RunTime:0.0360s ]
INFO: [ view_filter ] --START--
INFO: Run Behavior\WriteHtmlCacheBehavior [ RunTime:0.001000s ]
INFO: [ view_filter ] --END-- [ RunTime:0.001000s ]
INFO: [ app_end ] --START--
INFO: Run Behavior\ShowPageTraceBehavior [ RunTime:0.000000s ]
INFO: [ app_end ] --END-- [ RunTime:0.000000s ]

[ 2017-12-01T17:18:19+08:00 ] 127.0.0.1 /Business/Log/reg?seRes=eyJOQU1FIjoiIiwiUkVHQ0FQIjoiIiwiQ0FOREFURSI6IiIsIk9QU0NPQU5ERk9STSI6Ilx1NjcwZFx1ODhjNVx1OTc4Ylx1NWUzZFx1MzAwMVx1NzY3ZVx1OGQyN1x1ZmYxYlx1OTZmNlx1NTUyZVx1MzAwMiIsIlVOSVNDSUQiOiIxMjMiLCJSRVZEQVRFIjoiIiwiT1BUTyI6IjIwMTMtMDktMDMiLCJFTlRTVEFUVVMiOiJcdTU3MjhcdTg0MjVcdWZmMDhcdTVmMDBcdTRlMWFcdWZmMDlcdTRmMDFcdTRlMWEiLCJFTlRUWVBFIjoiXHU0ZTJhXHU0ZjUzIiwiRE9NIjoiXHU1MTg1XHU4NDk5XHU1M2U0XHU4MWVhXHU2Y2JiXHU1MzNhXHU1NDdjXHU0ZjI2XHU4ZDFkXHU1YzE0XHU1ZTAyXHU1YjljXHU5MWNjXHU1MjllXHU0ZThiXHU1OTA0XHU0ZTAwXHU5YTZjXHU4ZGVmXHU1MzE3IiwiRVNEQVRFIjoiMjAwOS0wOS0xNSIsIkFQUFJEQVRFIjoiMjAwOS0wOS0xNSIsIkNPTVBGT1JNIjoiIiwiRU5UTkFNRSI6Ilx1NWYyMFx1NWU3Zlx1NWZiNyIsIlJFR09SRyI6Ilx1NTE4NVx1ODQ5OVx1NTNlNFx1ODFlYVx1NmNiYlx1NTMzYVx1NTQ3Y1x1NGYyNlx1OGQxZFx1NWMxNFx1NWUwMlx1OTEwMlx1NGYyNlx1NjYyNVx1ODFlYVx1NmNiYlx1NjVkN1x1NWRlNVx1NTU0Nlx1ODg0Y1x1NjUzZlx1N2JhMVx1NzQwNlx1NWM0MCIsIk9QRlJPTSI6IjIwMDktMDktMDQiLCJ0eXBlIjoiZ2VyZW4ifQ%3D%3D
INFO: [ app_init ] --START--
INFO: Run Behavior\BuildLiteBehavior [ RunTime:0.000000s ]
INFO: [ app_init ] --END-- [ RunTime:0.000000s ]
INFO: [ app_begin ] --START--
INFO: Run Behavior\ReadHtmlCacheBehavior [ RunTime:0.000000s ]
INFO: [ app_begin ] --END-- [ RunTime:0.000000s ]
SQL: SHOW COLUMNS FROM `profession` [ RunTime:0.0160s ]
SQL: SELECT * FROM `profession`  [ RunTime:0.0500s ]
SQL: SHOW COLUMNS FROM `province` [ RunTime:0.0220s ]
SQL: SELECT * FROM `province`  [ RunTime:0.0280s ]
INFO: [ view_filter ] --START--
INFO: Run Behavior\WriteHtmlCacheBehavior [ RunTime:0.000000s ]
INFO: [ view_filter ] --END-- [ RunTime:0.001000s ]
INFO: [ app_end ] --START--
INFO: Run Behavior\ShowPageTraceBehavior [ RunTime:0.000000s ]
INFO: [ app_end ] --END-- [ RunTime:0.000000s ]

[ 2017-12-01T17:24:03+08:00 ] 127.0.0.1 /Business/Log/reg?seRes=eyJOQU1FIjoiIiwiUkVHQ0FQIjoiIiwiQ0FOREFURSI6IiIsIk9QU0NPQU5ERk9STSI6Ilx1NjcwZFx1ODhjNVx1OTc4Ylx1NWUzZFx1MzAwMVx1NzY3ZVx1OGQyN1x1ZmYxYlx1OTZmNlx1NTUyZVx1MzAwMiIsIlVOSVNDSUQiOiIxMjMiLCJSRVZEQVRFIjoiIiwiT1BUTyI6IjIwMTMtMDktMDMiLCJFTlRTVEFUVVMiOiJcdTU3MjhcdTg0MjVcdWZmMDhcdTVmMDBcdTRlMWFcdWZmMDlcdTRmMDFcdTRlMWEiLCJFTlRUWVBFIjoiXHU0ZTJhXHU0ZjUzIiwiRE9NIjoiXHU1MTg1XHU4NDk5XHU1M2U0XHU4MWVhXHU2Y2JiXHU1MzNhXHU1NDdjXHU0ZjI2XHU4ZDFkXHU1YzE0XHU1ZTAyXHU1YjljXHU5MWNjXHU1MjllXHU0ZThiXHU1OTA0XHU0ZTAwXHU5YTZjXHU4ZGVmXHU1MzE3IiwiRVNEQVRFIjoiMjAwOS0wOS0xNSIsIkFQUFJEQVRFIjoiMjAwOS0wOS0xNSIsIkNPTVBGT1JNIjoiIiwiRU5UTkFNRSI6Ilx1NWYyMFx1NWU3Zlx1NWZiNyIsIlJFR09SRyI6Ilx1NTE4NVx1ODQ5OVx1NTNlNFx1ODFlYVx1NmNiYlx1NTMzYVx1NTQ3Y1x1NGYyNlx1OGQxZFx1NWMxNFx1NWUwMlx1OTEwMlx1NGYyNlx1NjYyNVx1ODFlYVx1NmNiYlx1NjVkN1x1NWRlNVx1NTU0Nlx1ODg0Y1x1NjUzZlx1N2JhMVx1NzQwNlx1NWM0MCIsIk9QRlJPTSI6IjIwMDktMDktMDQiLCJ0eXBlIjoiZ2VyZW4ifQ%3D%3D
INFO: [ app_init ] --START--
INFO: Run Behavior\BuildLiteBehavior [ RunTime:0.000000s ]
INFO: [ app_init ] --END-- [ RunTime:0.000000s ]
INFO: [ app_begin ] --START--
INFO: Run Behavior\ReadHtmlCacheBehavior [ RunTime:0.000000s ]
INFO: [ app_begin ] --END-- [ RunTime:0.000000s ]
SQL: SHOW COLUMNS FROM `profession` [ RunTime:0.0140s ]
SQL: SELECT * FROM `profession`  [ RunTime:0.0090s ]
SQL: SHOW COLUMNS FROM `province` [ RunTime:0.0090s ]
SQL: SELECT * FROM `province`  [ RunTime:0.0120s ]
INFO: [ view_filter ] --START--
INFO: Run Behavior\WriteHtmlCacheBehavior [ RunTime:0.001000s ]
INFO: [ view_filter ] --END-- [ RunTime:0.001000s ]
INFO: [ app_end ] --START--
INFO: Run Behavior\ShowPageTraceBehavior [ RunTime:0.000000s ]
INFO: [ app_end ] --END-- [ RunTime:0.000000s ]

[ 2017-12-01T17:27:12+08:00 ] 127.0.0.1 /Business/Log/reg?seRes=eyJOQU1FIjoiIiwiUkVHQ0FQIjoiIiwiQ0FOREFURSI6IiIsIk9QU0NPQU5ERk9STSI6Ilx1NjcwZFx1ODhjNVx1OTc4Ylx1NWUzZFx1MzAwMVx1NzY3ZVx1OGQyN1x1ZmYxYlx1OTZmNlx1NTUyZVx1MzAwMiIsIlVOSVNDSUQiOiIxMjMiLCJSRVZEQVRFIjoiIiwiT1BUTyI6IjIwMTMtMDktMDMiLCJFTlRTVEFUVVMiOiJcdTU3MjhcdTg0MjVcdWZmMDhcdTVmMDBcdTRlMWFcdWZmMDlcdTRmMDFcdTRlMWEiLCJFTlRUWVBFIjoiXHU0ZTJhXHU0ZjUzIiwiRE9NIjoiXHU1MTg1XHU4NDk5XHU1M2U0XHU4MWVhXHU2Y2JiXHU1MzNhXHU1NDdjXHU0ZjI2XHU4ZDFkXHU1YzE0XHU1ZTAyXHU1YjljXHU5MWNjXHU1MjllXHU0ZThiXHU1OTA0XHU0ZTAwXHU5YTZjXHU4ZGVmXHU1MzE3IiwiRVNEQVRFIjoiMjAwOS0wOS0xNSIsIkFQUFJEQVRFIjoiMjAwOS0wOS0xNSIsIkNPTVBGT1JNIjoiIiwiRU5UTkFNRSI6Ilx1NWYyMFx1NWU3Zlx1NWZiNyIsIlJFR09SRyI6Ilx1NTE4NVx1ODQ5OVx1NTNlNFx1ODFlYVx1NmNiYlx1NTMzYVx1NTQ3Y1x1NGYyNlx1OGQxZFx1NWMxNFx1NWUwMlx1OTEwMlx1NGYyNlx1NjYyNVx1ODFlYVx1NmNiYlx1NjVkN1x1NWRlNVx1NTU0Nlx1ODg0Y1x1NjUzZlx1N2JhMVx1NzQwNlx1NWM0MCIsIk9QRlJPTSI6IjIwMDktMDktMDQiLCJ0eXBlIjoiZ2VyZW4ifQ%3D%3D
INFO: [ app_init ] --START--
INFO: Run Behavior\BuildLiteBehavior [ RunTime:0.000000s ]
INFO: [ app_init ] --END-- [ RunTime:0.001000s ]
INFO: [ app_begin ] --START--
INFO: Run Behavior\ReadHtmlCacheBehavior [ RunTime:0.000000s ]
INFO: [ app_begin ] --END-- [ RunTime:0.000000s ]
SQL: SHOW COLUMNS FROM `profession` [ RunTime:0.0440s ]
SQL: SELECT * FROM `profession`  [ RunTime:0.5970s ]
SQL: SHOW COLUMNS FROM `province` [ RunTime:0.4720s ]
SQL: SELECT * FROM `province`  [ RunTime:0.0920s ]
INFO: [ view_filter ] --START--
INFO: Run Behavior\WriteHtmlCacheBehavior [ RunTime:0.001000s ]
INFO: [ view_filter ] --END-- [ RunTime:0.001000s ]
INFO: [ app_end ] --START--
INFO: Run Behavior\ShowPageTraceBehavior [ RunTime:0.000000s ]
INFO: [ app_end ] --END-- [ RunTime:0.000000s ]

[ 2017-12-01T17:28:13+08:00 ] 127.0.0.1 /Business/Log/reg?seRes=eyJOQU1FIjoiIiwiUkVHQ0FQIjoiIiwiQ0FOREFURSI6IiIsIk9QU0NPQU5ERk9STSI6Ilx1NjcwZFx1ODhjNVx1OTc4Ylx1NWUzZFx1MzAwMVx1NzY3ZVx1OGQyN1x1ZmYxYlx1OTZmNlx1NTUyZVx1MzAwMiIsIlVOSVNDSUQiOiIxMjMiLCJSRVZEQVRFIjoiIiwiT1BUTyI6IjIwMTMtMDktMDMiLCJFTlRTVEFUVVMiOiJcdTU3MjhcdTg0MjVcdWZmMDhcdTVmMDBcdTRlMWFcdWZmMDlcdTRmMDFcdTRlMWEiLCJFTlRUWVBFIjoiXHU0ZTJhXHU0ZjUzIiwiRE9NIjoiXHU1MTg1XHU4NDk5XHU1M2U0XHU4MWVhXHU2Y2JiXHU1MzNhXHU1NDdjXHU0ZjI2XHU4ZDFkXHU1YzE0XHU1ZTAyXHU1YjljXHU5MWNjXHU1MjllXHU0ZThiXHU1OTA0XHU0ZTAwXHU5YTZjXHU4ZGVmXHU1MzE3IiwiRVNEQVRFIjoiMjAwOS0wOS0xNSIsIkFQUFJEQVRFIjoiMjAwOS0wOS0xNSIsIkNPTVBGT1JNIjoiIiwiRU5UTkFNRSI6Ilx1NWYyMFx1NWU3Zlx1NWZiNyIsIlJFR09SRyI6Ilx1NTE4NVx1ODQ5OVx1NTNlNFx1ODFlYVx1NmNiYlx1NTMzYVx1NTQ3Y1x1NGYyNlx1OGQxZFx1NWMxNFx1NWUwMlx1OTEwMlx1NGYyNlx1NjYyNVx1ODFlYVx1NmNiYlx1NjVkN1x1NWRlNVx1NTU0Nlx1ODg0Y1x1NjUzZlx1N2JhMVx1NzQwNlx1NWM0MCIsIk9QRlJPTSI6IjIwMDktMDktMDQiLCJ0eXBlIjoiZ2VyZW4ifQ%3D%3D
INFO: [ app_init ] --START--
INFO: Run Behavior\BuildLiteBehavior [ RunTime:0.000000s ]
INFO: [ app_init ] --END-- [ RunTime:0.000000s ]
INFO: [ app_begin ] --START--
INFO: Run Behavior\ReadHtmlCacheBehavior [ RunTime:0.000000s ]
INFO: [ app_begin ] --END-- [ RunTime:0.000000s ]
SQL: SHOW COLUMNS FROM `profession` [ RunTime:0.0140s ]
SQL: SELECT * FROM `profession`  [ RunTime:0.0090s ]
SQL: SHOW COLUMNS FROM `province` [ RunTime:0.0120s ]
SQL: SELECT * FROM `province`  [ RunTime:0.0200s ]
INFO: [ view_filter ] --START--
INFO: Run Behavior\WriteHtmlCacheBehavior [ RunTime:0.000000s ]
INFO: [ view_filter ] --END-- [ RunTime:0.000000s ]
INFO: [ app_end ] --START--
INFO: Run Behavior\ShowPageTraceBehavior [ RunTime:0.000000s ]
INFO: [ app_end ] --END-- [ RunTime:0.000000s ]

[ 2017-12-01T17:48:41+08:00 ] 127.0.0.1 /Business/Log/reg?seRes=eyJOQU1FIjoiIiwiUkVHQ0FQIjoiIiwiQ0FOREFURSI6IiIsIk9QU0NPQU5ERk9STSI6Ilx1NjcwZFx1ODhjNVx1OTc4Ylx1NWUzZFx1MzAwMVx1NzY3ZVx1OGQyN1x1ZmYxYlx1OTZmNlx1NTUyZVx1MzAwMiIsIlVOSVNDSUQiOiIxMjMiLCJSRVZEQVRFIjoiIiwiT1BUTyI6IjIwMTMtMDktMDMiLCJFTlRTVEFUVVMiOiJcdTU3MjhcdTg0MjVcdWZmMDhcdTVmMDBcdTRlMWFcdWZmMDlcdTRmMDFcdTRlMWEiLCJFTlRUWVBFIjoiXHU0ZTJhXHU0ZjUzIiwiRE9NIjoiXHU1MTg1XHU4NDk5XHU1M2U0XHU4MWVhXHU2Y2JiXHU1MzNhXHU1NDdjXHU0ZjI2XHU4ZDFkXHU1YzE0XHU1ZTAyXHU1YjljXHU5MWNjXHU1MjllXHU0ZThiXHU1OTA0XHU0ZTAwXHU5YTZjXHU4ZGVmXHU1MzE3IiwiRVNEQVRFIjoiMjAwOS0wOS0xNSIsIkFQUFJEQVRFIjoiMjAwOS0wOS0xNSIsIkNPTVBGT1JNIjoiIiwiRU5UTkFNRSI6Ilx1NWYyMFx1NWU3Zlx1NWZiNyIsIlJFR09SRyI6Ilx1NTE4NVx1ODQ5OVx1NTNlNFx1ODFlYVx1NmNiYlx1NTMzYVx1NTQ3Y1x1NGYyNlx1OGQxZFx1NWMxNFx1NWUwMlx1OTEwMlx1NGYyNlx1NjYyNVx1ODFlYVx1NmNiYlx1NjVkN1x1NWRlNVx1NTU0Nlx1ODg0Y1x1NjUzZlx1N2JhMVx1NzQwNlx1NWM0MCIsIk9QRlJPTSI6IjIwMDktMDktMDQiLCJ0eXBlIjoiZ2VyZW4ifQ%3D%3D
INFO: [ app_init ] --START--
INFO: Run Behavior\BuildLiteBehavior [ RunTime:0.000000s ]
INFO: [ app_init ] --END-- [ RunTime:0.000000s ]
INFO: [ app_begin ] --START--
INFO: Run Behavior\ReadHtmlCacheBehavior [ RunTime:0.000000s ]
INFO: [ app_begin ] --END-- [ RunTime:0.000000s ]
SQL: SHOW COLUMNS FROM `profession` [ RunTime:0.0250s ]
SQL: SELECT * FROM `profession`  [ RunTime:0.0200s ]
SQL: SHOW COLUMNS FROM `province` [ RunTime:0.0080s ]
SQL: SELECT * FROM `province`  [ RunTime:0.0150s ]
INFO: [ view_filter ] --START--
INFO: Run Behavior\WriteHtmlCacheBehavior [ RunTime:0.000000s ]
INFO: [ view_filter ] --END-- [ RunTime:0.000000s ]
INFO: [ app_end ] --START--
INFO: Run Behavior\ShowPageTraceBehavior [ RunTime:0.001000s ]
INFO: [ app_end ] --END-- [ RunTime:0.001000s ]

[ 2017-12-01T17:51:14+08:00 ] 127.0.0.1 /Business/Log/reg?seRes=eyJOQU1FIjoiIiwiUkVHQ0FQIjoiIiwiQ0FOREFURSI6IiIsIk9QU0NPQU5ERk9STSI6Ilx1NjcwZFx1ODhjNVx1OTc4Ylx1NWUzZFx1MzAwMVx1NzY3ZVx1OGQyN1x1ZmYxYlx1OTZmNlx1NTUyZVx1MzAwMiIsIlVOSVNDSUQiOiIxMjMiLCJSRVZEQVRFIjoiIiwiT1BUTyI6IjIwMTMtMDktMDMiLCJFTlRTVEFUVVMiOiJcdTU3MjhcdTg0MjVcdWZmMDhcdTVmMDBcdTRlMWFcdWZmMDlcdTRmMDFcdTRlMWEiLCJFTlRUWVBFIjoiXHU0ZTJhXHU0ZjUzIiwiRE9NIjoiXHU1MTg1XHU4NDk5XHU1M2U0XHU4MWVhXHU2Y2JiXHU1MzNhXHU1NDdjXHU0ZjI2XHU4ZDFkXHU1YzE0XHU1ZTAyXHU1YjljXHU5MWNjXHU1MjllXHU0ZThiXHU1OTA0XHU0ZTAwXHU5YTZjXHU4ZGVmXHU1MzE3IiwiRVNEQVRFIjoiMjAwOS0wOS0xNSIsIkFQUFJEQVRFIjoiMjAwOS0wOS0xNSIsIkNPTVBGT1JNIjoiIiwiRU5UTkFNRSI6Ilx1NWYyMFx1NWU3Zlx1NWZiNyIsIlJFR09SRyI6Ilx1NTE4NVx1ODQ5OVx1NTNlNFx1ODFlYVx1NmNiYlx1NTMzYVx1NTQ3Y1x1NGYyNlx1OGQxZFx1NWMxNFx1NWUwMlx1OTEwMlx1NGYyNlx1NjYyNVx1ODFlYVx1NmNiYlx1NjVkN1x1NWRlNVx1NTU0Nlx1ODg0Y1x1NjUzZlx1N2JhMVx1NzQwNlx1NWM0MCIsIk9QRlJPTSI6IjIwMDktMDktMDQiLCJ0eXBlIjoiZ2VyZW4ifQ%3D%3D
INFO: [ app_init ] --START--
INFO: Run Behavior\BuildLiteBehavior [ RunTime:0.000000s ]
INFO: [ app_init ] --END-- [ RunTime:0.001000s ]
INFO: [ app_begin ] --START--
INFO: Run Behavior\ReadHtmlCacheBehavior [ RunTime:0.000000s ]
INFO: [ app_begin ] --END-- [ RunTime:0.000000s ]
SQL: SHOW COLUMNS FROM `profession` [ RunTime:0.3110s ]
SQL: SELECT * FROM `profession`  [ RunTime:0.4700s ]
SQL: SHOW COLUMNS FROM `province` [ RunTime:0.0090s ]
SQL: SELECT * FROM `province`  [ RunTime:0.0430s ]
INFO: [ view_filter ] --START--
INFO: Run Behavior\WriteHtmlCacheBehavior [ RunTime:0.001000s ]
INFO: [ view_filter ] --END-- [ RunTime:0.001000s ]
INFO: [ app_end ] --START--
INFO: Run Behavior\ShowPageTraceBehavior [ RunTime:0.001000s ]
INFO: [ app_end ] --END-- [ RunTime:0.001000s ]

[ 2017-12-01T17:58:54+08:00 ] 127.0.0.1 /Business/Log/reg?seRes=eyJOQU1FIjoiIiwiUkVHQ0FQIjoiIiwiQ0FOREFURSI6IiIsIk9QU0NPQU5ERk9STSI6Ilx1NjcwZFx1ODhjNVx1OTc4Ylx1NWUzZFx1MzAwMVx1NzY3ZVx1OGQyN1x1ZmYxYlx1OTZmNlx1NTUyZVx1MzAwMiIsIlVOSVNDSUQiOiIxMjMiLCJSRVZEQVRFIjoiIiwiT1BUTyI6IjIwMTMtMDktMDMiLCJFTlRTVEFUVVMiOiJcdTU3MjhcdTg0MjVcdWZmMDhcdTVmMDBcdTRlMWFcdWZmMDlcdTRmMDFcdTRlMWEiLCJFTlRUWVBFIjoiXHU0ZTJhXHU0ZjUzIiwiRE9NIjoiXHU1MTg1XHU4NDk5XHU1M2U0XHU4MWVhXHU2Y2JiXHU1MzNhXHU1NDdjXHU0ZjI2XHU4ZDFkXHU1YzE0XHU1ZTAyXHU1YjljXHU5MWNjXHU1MjllXHU0ZThiXHU1OTA0XHU0ZTAwXHU5YTZjXHU4ZGVmXHU1MzE3IiwiRVNEQVRFIjoiMjAwOS0wOS0xNSIsIkFQUFJEQVRFIjoiMjAwOS0wOS0xNSIsIkNPTVBGT1JNIjoiIiwiRU5UTkFNRSI6Ilx1NWYyMFx1NWU3Zlx1NWZiNyIsIlJFR09SRyI6Ilx1NTE4NVx1ODQ5OVx1NTNlNFx1ODFlYVx1NmNiYlx1NTMzYVx1NTQ3Y1x1NGYyNlx1OGQxZFx1NWMxNFx1NWUwMlx1OTEwMlx1NGYyNlx1NjYyNVx1ODFlYVx1NmNiYlx1NjVkN1x1NWRlNVx1NTU0Nlx1ODg0Y1x1NjUzZlx1N2JhMVx1NzQwNlx1NWM0MCIsIk9QRlJPTSI6IjIwMDktMDktMDQiLCJ0eXBlIjoiZ2VyZW4ifQ%3D%3D
INFO: [ app_init ] --START--
INFO: Run Behavior\BuildLiteBehavior [ RunTime:0.000000s ]
INFO: [ app_init ] --END-- [ RunTime:0.000000s ]
INFO: [ app_begin ] --START--
INFO: Run Behavior\ReadHtmlCacheBehavior [ RunTime:0.000000s ]
INFO: [ app_begin ] --END-- [ RunTime:0.000000s ]
SQL: SHOW COLUMNS FROM `profession` [ RunTime:0.0550s ]
SQL: SELECT * FROM `profession`  [ RunTime:0.3980s ]
SQL: SHOW COLUMNS FROM `province` [ RunTime:0.2770s ]
SQL: SELECT * FROM `province`  [ RunTime:0.0280s ]
INFO: [ view_filter ] --START--
INFO: Run Behavior\WriteHtmlCacheBehavior [ RunTime:0.000000s ]
INFO: [ view_filter ] --END-- [ RunTime:0.000000s ]
INFO: [ app_end ] --START--
INFO: Run Behavior\ShowPageTraceBehavior [ RunTime:0.001000s ]
INFO: [ app_end ] --END-- [ RunTime:0.001000s ]

[ 2017-12-01T18:20:29+08:00 ] 127.0.0.1 /Business/Log/reg?seRes=eyJOQU1FIjoiIiwiUkVHQ0FQIjoiIiwiQ0FOREFURSI6IiIsIk9QU0NPQU5ERk9STSI6Ilx1NjcwZFx1ODhjNVx1OTc4Ylx1NWUzZFx1MzAwMVx1NzY3ZVx1OGQyN1x1ZmYxYlx1OTZmNlx1NTUyZVx1MzAwMiIsIlVOSVNDSUQiOiIxMjMiLCJSRVZEQVRFIjoiIiwiT1BUTyI6IjIwMTMtMDktMDMiLCJFTlRTVEFUVVMiOiJcdTU3MjhcdTg0MjVcdWZmMDhcdTVmMDBcdTRlMWFcdWZmMDlcdTRmMDFcdTRlMWEiLCJFTlRUWVBFIjoiXHU0ZTJhXHU0ZjUzIiwiRE9NIjoiXHU1MTg1XHU4NDk5XHU1M2U0XHU4MWVhXHU2Y2JiXHU1MzNhXHU1NDdjXHU0ZjI2XHU4ZDFkXHU1YzE0XHU1ZTAyXHU1YjljXHU5MWNjXHU1MjllXHU0ZThiXHU1OTA0XHU0ZTAwXHU5YTZjXHU4ZGVmXHU1MzE3IiwiRVNEQVRFIjoiMjAwOS0wOS0xNSIsIkFQUFJEQVRFIjoiMjAwOS0wOS0xNSIsIkNPTVBGT1JNIjoiIiwiRU5UTkFNRSI6Ilx1NWYyMFx1NWU3Zlx1NWZiNyIsIlJFR09SRyI6Ilx1NTE4NVx1ODQ5OVx1NTNlNFx1ODFlYVx1NmNiYlx1NTMzYVx1NTQ3Y1x1NGYyNlx1OGQxZFx1NWMxNFx1NWUwMlx1OTEwMlx1NGYyNlx1NjYyNVx1ODFlYVx1NmNiYlx1NjVkN1x1NWRlNVx1NTU0Nlx1ODg0Y1x1NjUzZlx1N2JhMVx1NzQwNlx1NWM0MCIsIk9QRlJPTSI6IjIwMDktMDktMDQiLCJ0eXBlIjoiZ2VyZW4ifQ%3D%3D
INFO: [ app_init ] --START--
INFO: Run Behavior\BuildLiteBehavior [ RunTime:0.000000s ]
INFO: [ app_init ] --END-- [ RunTime:0.000000s ]
INFO: [ app_begin ] --START--
INFO: Run Behavior\ReadHtmlCacheBehavior [ RunTime:0.000000s ]
INFO: [ app_begin ] --END-- [ RunTime:0.000000s ]
SQL: SHOW COLUMNS FROM `profession` [ RunTime:0.0090s ]
SQL: SELECT * FROM `profession`  [ RunTime:0.0160s ]
SQL: SHOW COLUMNS FROM `province` [ RunTime:0.0150s ]
SQL: SELECT * FROM `province`  [ RunTime:0.0090s ]
INFO: [ view_filter ] --START--
INFO: Run Behavior\WriteHtmlCacheBehavior [ RunTime:0.000000s ]
INFO: [ view_filter ] --END-- [ RunTime:0.000000s ]
INFO: [ app_end ] --START--
INFO: Run Behavior\ShowPageTraceBehavior [ RunTime:0.000000s ]
INFO: [ app_end ] --END-- [ RunTime:0.000000s ]

