[ 2017-11-01T15:15:04+08:00 ] 127.0.0.1 /business
INFO: [ app_init ] --START--
INFO: Run Behavior\BuildLiteBehavior [ RunTime:0.000000s ]
INFO: [ app_init ] --END-- [ RunTime:0.000000s ]
INFO: [ app_begin ] --START--
INFO: Run Behavior\ReadHtmlCacheBehavior [ RunTime:0.000000s ]
INFO: [ app_begin ] --END-- [ RunTime:0.000000s ]
NOTIC: [8] Undefined index: business C:\wnmp\nginx\www\zzlgx\Application\Business\Controller\CommonController.class.php 第 16 行.

[ 2017-11-01T15:15:04+08:00 ] 127.0.0.1 /business/log/in
INFO: [ app_init ] --START--
INFO: Run Behavior\BuildLiteBehavior [ RunTime:0.000000s ]
INFO: [ app_init ] --END-- [ RunTime:0.000000s ]
INFO: [ app_begin ] --START--
INFO: Run Behavior\ReadHtmlCacheBehavior [ RunTime:0.000000s ]
INFO: [ app_begin ] --END-- [ RunTime:0.000000s ]
INFO: [ view_filter ] --START--
INFO: Run Behavior\WriteHtmlCacheBehavior [ RunTime:0.018001s ]
INFO: [ view_filter ] --END-- [ RunTime:0.019001s ]
INFO: [ app_end ] --START--
INFO: Run Behavior\ShowPageTraceBehavior [ RunTime:0.000000s ]
INFO: [ app_end ] --END-- [ RunTime:0.000000s ]

[ 2017-11-01T15:15:16+08:00 ] 127.0.0.1 /business/log/in
INFO: [ app_init ] --START--
INFO: Run Behavior\BuildLiteBehavior [ RunTime:0.000000s ]
INFO: [ app_init ] --END-- [ RunTime:0.000000s ]
INFO: [ app_begin ] --START--
INFO: Run Behavior\ReadHtmlCacheBehavior [ RunTime:0.000000s ]
INFO: [ app_begin ] --END-- [ RunTime:0.000000s ]
SQL: SHOW COLUMNS FROM `business` [ RunTime:0.2160s ]
SQL: SELECT * FROM `business` WHERE `business_id` = 2147483647 AND `password` = 'e10adc3949ba59abbe56e057f20f883e' LIMIT 1   [ RunTime:0.2590s ]
SQL: SELECT * FROM `business` WHERE `phone_num` = '13522918851' AND `password` = 'e10adc3949ba59abbe56e057f20f883e' LIMIT 1   [ RunTime:0.2730s ]

[ 2017-11-01T15:15:24+08:00 ] 127.0.0.1 /business/log/in
INFO: [ app_init ] --START--
INFO: Run Behavior\BuildLiteBehavior [ RunTime:0.000000s ]
INFO: [ app_init ] --END-- [ RunTime:0.000000s ]
INFO: [ app_begin ] --START--
INFO: Run Behavior\ReadHtmlCacheBehavior [ RunTime:0.000000s ]
INFO: [ app_begin ] --END-- [ RunTime:0.000000s ]
SQL: SHOW COLUMNS FROM `business` [ RunTime:0.2240s ]
SQL: SELECT * FROM `business` WHERE `business_id` = 2147483647 AND `password` = 'e10adc3949ba59abbe56e057f20f883e' LIMIT 1   [ RunTime:0.2530s ]
SQL: SELECT * FROM `business` WHERE `phone_num` = '13522918851' AND `password` = 'e10adc3949ba59abbe56e057f20f883e' LIMIT 1   [ RunTime:0.2750s ]

[ 2017-11-01T17:03:52+08:00 ] 127.0.0.1 /business
INFO: [ app_init ] --START--
INFO: Run Behavior\BuildLiteBehavior [ RunTime:0.000000s ]
INFO: [ app_init ] --END-- [ RunTime:0.000000s ]
INFO: [ app_begin ] --START--
INFO: Run Behavior\ReadHtmlCacheBehavior [ RunTime:0.000000s ]
INFO: [ app_begin ] --END-- [ RunTime:0.000000s ]
NOTIC: [8] Undefined index: business C:\wnmp\nginx\www\zzlgx\Application\Business\Controller\CommonController.class.php 第 16 行.

[ 2017-11-01T17:03:52+08:00 ] 127.0.0.1 /business/log/in
INFO: [ app_init ] --START--
INFO: Run Behavior\BuildLiteBehavior [ RunTime:0.000000s ]
INFO: [ app_init ] --END-- [ RunTime:0.000000s ]
INFO: [ app_begin ] --START--
INFO: Run Behavior\ReadHtmlCacheBehavior [ RunTime:0.000000s ]
INFO: [ app_begin ] --END-- [ RunTime:0.000000s ]
INFO: [ view_filter ] --START--
INFO: Run Behavior\WriteHtmlCacheBehavior [ RunTime:0.000000s ]
INFO: [ view_filter ] --END-- [ RunTime:0.000000s ]
INFO: [ app_end ] --START--
INFO: Run Behavior\ShowPageTraceBehavior [ RunTime:0.000000s ]
INFO: [ app_end ] --END-- [ RunTime:0.000000s ]

[ 2017-11-01T17:03:59+08:00 ] 127.0.0.1 /business/log/in
INFO: [ app_init ] --START--
INFO: Run Behavior\BuildLiteBehavior [ RunTime:0.000000s ]
INFO: [ app_init ] --END-- [ RunTime:0.000000s ]
INFO: [ app_begin ] --START--
INFO: Run Behavior\ReadHtmlCacheBehavior [ RunTime:0.000000s ]
INFO: [ app_begin ] --END-- [ RunTime:0.000000s ]
SQL: SHOW COLUMNS FROM `business` [ RunTime:0.2110s ]
SQL: SELECT * FROM `business` WHERE `business_id` = 10001 AND `password` = '670b14728ad9902aecba32e22fa4f6bd' LIMIT 1   [ RunTime:0.2590s ]
SQL: SELECT * FROM `business` WHERE `phone_num` = '10001' AND `password` = '670b14728ad9902aecba32e22fa4f6bd' LIMIT 1   [ RunTime:0.2880s ]

[ 2017-11-01T17:04:03+08:00 ] 127.0.0.1 /business/log/in
INFO: [ app_init ] --START--
INFO: Run Behavior\BuildLiteBehavior [ RunTime:0.000000s ]
INFO: [ app_init ] --END-- [ RunTime:0.000000s ]
INFO: [ app_begin ] --START--
INFO: Run Behavior\ReadHtmlCacheBehavior [ RunTime:0.001000s ]
INFO: [ app_begin ] --END-- [ RunTime:0.001000s ]
SQL: SHOW COLUMNS FROM `business` [ RunTime:0.2190s ]
SQL: SELECT * FROM `business` WHERE `business_id` = 10001 AND `password` = 'a3590023df66ac92ae35e3316026d17d' LIMIT 1   [ RunTime:0.2570s ]
SQL: SELECT * FROM `business` WHERE `phone_num` = '10001' AND `password` = 'a3590023df66ac92ae35e3316026d17d' LIMIT 1   [ RunTime:0.2370s ]

[ 2017-11-01T17:04:09+08:00 ] 127.0.0.1 /business/log/in
INFO: [ app_init ] --START--
INFO: Run Behavior\BuildLiteBehavior [ RunTime:0.000000s ]
INFO: [ app_init ] --END-- [ RunTime:0.001000s ]
INFO: [ app_begin ] --START--
INFO: Run Behavior\ReadHtmlCacheBehavior [ RunTime:0.000000s ]
INFO: [ app_begin ] --END-- [ RunTime:0.000000s ]
SQL: SHOW COLUMNS FROM `business` [ RunTime:0.2660s ]
SQL: SELECT * FROM `business` WHERE `business_id` = 10001 AND `password` = 'e10adc3949ba59abbe56e057f20f883e' LIMIT 1   [ RunTime:0.2670s ]
SQL: SELECT * FROM `business` WHERE `phone_num` = '10001' AND `password` = 'e10adc3949ba59abbe56e057f20f883e' LIMIT 1   [ RunTime:0.2490s ]
SQL: UPDATE `business` SET `last_login`='2017-11-01 17:04:08' WHERE `business_id` = 10001 [ RunTime:0.0720s ]

[ 2017-11-01T17:04:09+08:00 ] 127.0.0.1 /business
INFO: [ app_init ] --START--
INFO: Run Behavior\BuildLiteBehavior [ RunTime:0.000000s ]
INFO: [ app_init ] --END-- [ RunTime:0.001000s ]
INFO: [ app_begin ] --START--
INFO: Run Behavior\ReadHtmlCacheBehavior [ RunTime:0.000000s ]
INFO: [ app_begin ] --END-- [ RunTime:0.000000s ]
SQL: SHOW COLUMNS FROM `business` [ RunTime:0.2190s ]
SQL: SELECT `company_name`,`status` FROM `business` WHERE `business_id` = 10001 LIMIT 1   [ RunTime:0.0520s ]
INFO: [ view_filter ] --START--
INFO: Run Behavior\WriteHtmlCacheBehavior [ RunTime:0.001000s ]
INFO: [ view_filter ] --END-- [ RunTime:0.001000s ]
INFO: [ app_end ] --START--
INFO: Run Behavior\ShowPageTraceBehavior [ RunTime:0.000000s ]
INFO: [ app_end ] --END-- [ RunTime:0.000000s ]

[ 2017-11-01T17:04:11+08:00 ] 127.0.0.1 /Business/Index/index_base
INFO: [ app_init ] --START--
INFO: Run Behavior\BuildLiteBehavior [ RunTime:0.000000s ]
INFO: [ app_init ] --END-- [ RunTime:0.000000s ]
INFO: [ app_begin ] --START--
INFO: Run Behavior\ReadHtmlCacheBehavior [ RunTime:0.001000s ]
INFO: [ app_begin ] --END-- [ RunTime:0.001000s ]
SQL: SHOW COLUMNS FROM `business` [ RunTime:0.2370s ]
SQL: SELECT * FROM `business` WHERE `business_id` = 10001 LIMIT 1   [ RunTime:0.2640s ]
SQL: SHOW COLUMNS FROM `member_10001` [ RunTime:0.0520s ]
SQL: SELECT COUNT(*) AS tp_count FROM `member_10001` LIMIT 1   [ RunTime:0.0150s ]
SQL: SHOW COLUMNS FROM `dispense` [ RunTime:0.0090s ]
SQL: SELECT SUM(pay_num) AS tp_sum FROM `dispense` WHERE `business_id` = 10001 AND ( `add_time` > '2017-11-01 00:00:00' AND `add_time` < '2017-11-01 23:59:59'  ) LIMIT 1   [ RunTime:0.0080s ]
SQL: SELECT * FROM `business` WHERE ( business_id = 10001 ) LIMIT 1   [ RunTime:0.2260s ]
SQL: SHOW COLUMNS FROM `profession` [ RunTime:0.0590s ]
SQL: SELECT * FROM `profession`  [ RunTime:0.0110s ]
SQL: SELECT SUM(reward_piao) AS tp_sum FROM `business` WHERE ( leader = 10001 ) LIMIT 1   [ RunTime:0.0130s ]
SQL: SELECT SUM(add_piao) AS tp_sum FROM `dispense` WHERE `business_id` = 10001 LIMIT 1   [ RunTime:0.0650s ]
SQL: SHOW COLUMNS FROM `order` [ RunTime:0.0620s ]
SQL: SELECT SUM(sell_business_piao) AS tp_sum FROM `order` WHERE `sell_business_id` = 10001 LIMIT 1   [ RunTime:0.0090s ]
SQL: SELECT SUM(business_piao) AS tp_sum FROM `order` WHERE `business_id` = 10001 AND `sell_business_id` <> 0 LIMIT 1   [ RunTime:0.0240s ]
SQL: SELECT SUM(business_piao) AS tp_sum FROM `order` WHERE `business_id` = 10001 AND `sell_business_id` = 0 LIMIT 1   [ RunTime:0.0080s ]
SQL: SHOW COLUMNS FROM `finance_log` [ RunTime:0.0080s ]
SQL: SELECT SUM(piao) AS tp_sum FROM `finance_log` WHERE `business_id` = 10001 AND `type` = 1 LIMIT 1   [ RunTime:0.0110s ]
SQL: SELECT SUM(piao) AS tp_sum FROM `finance_log` WHERE `business_id` = 10001 AND `type` = 2 LIMIT 1   [ RunTime:0.0090s ]
SQL: SELECT COUNT(*) AS tp_count FROM `business` WHERE ( leader = 10001 ) LIMIT 1   [ RunTime:0.0110s ]
SQL: SHOW COLUMNS FROM `placard` [ RunTime:0.0080s ]
SQL: SELECT * FROM `placard` ORDER BY add_time desc LIMIT 7   [ RunTime:0.0130s ]
INFO: [ view_filter ] --START--
INFO: Run Behavior\WriteHtmlCacheBehavior [ RunTime:0.000000s ]
INFO: [ view_filter ] --END-- [ RunTime:0.000000s ]
INFO: [ app_end ] --START--
INFO: Run Behavior\ShowPageTraceBehavior [ RunTime:0.001000s ]
INFO: [ app_end ] --END-- [ RunTime:0.001000s ]

[ 2017-11-01T17:04:12+08:00 ] 127.0.0.1 /Business/Center/notices_num
INFO: [ app_init ] --START--
INFO: Run Behavior\BuildLiteBehavior [ RunTime:0.000000s ]
INFO: [ app_init ] --END-- [ RunTime:0.000000s ]
INFO: [ app_begin ] --START--
INFO: Run Behavior\ReadHtmlCacheBehavior [ RunTime:0.000000s ]
INFO: [ app_begin ] --END-- [ RunTime:0.000000s ]
SQL: SHOW COLUMNS FROM `business` [ RunTime:0.2240s ]
SQL: SELECT * FROM `business` WHERE `business_id` = 10001 LIMIT 1   [ RunTime:0.2560s ]
SQL: SELECT `status` FROM `business` WHERE ( business_id = 10001 ) LIMIT 1   [ RunTime:0.0480s ]
SQL: SHOW COLUMNS FROM `notices` [ RunTime:0.0160s ]
SQL: SELECT COUNT(*) AS tp_count FROM `notices` WHERE `business_id` = 10001 AND `is_read` = 0 LIMIT 1   [ RunTime:0.0130s ]
SQL: SELECT `business_logo` FROM `business` WHERE `business_id` = 10001 LIMIT 1   [ RunTime:0.0080s ]

[ 2017-11-01T17:04:50+08:00 ] 127.0.0.1 /business
INFO: [ app_init ] --START--
INFO: Run Behavior\BuildLiteBehavior [ RunTime:0.000000s ]
INFO: [ app_init ] --END-- [ RunTime:0.000000s ]
INFO: [ app_begin ] --START--
INFO: Run Behavior\ReadHtmlCacheBehavior [ RunTime:0.000000s ]
INFO: [ app_begin ] --END-- [ RunTime:0.000000s ]
SQL: SHOW COLUMNS FROM `business` [ RunTime:0.2280s ]
SQL: SELECT `company_name`,`status` FROM `business` WHERE `business_id` = 10001 LIMIT 1   [ RunTime:0.0570s ]
INFO: [ view_filter ] --START--
INFO: Run Behavior\WriteHtmlCacheBehavior [ RunTime:0.000000s ]
INFO: [ view_filter ] --END-- [ RunTime:0.000000s ]
INFO: [ app_end ] --START--
INFO: Run Behavior\ShowPageTraceBehavior [ RunTime:0.000000s ]
INFO: [ app_end ] --END-- [ RunTime:0.000000s ]

[ 2017-11-01T17:04:52+08:00 ] 127.0.0.1 /Business/Index/index_base
INFO: [ app_init ] --START--
INFO: Run Behavior\BuildLiteBehavior [ RunTime:0.000000s ]
INFO: [ app_init ] --END-- [ RunTime:0.001000s ]
INFO: [ app_begin ] --START--
INFO: Run Behavior\ReadHtmlCacheBehavior [ RunTime:0.000000s ]
INFO: [ app_begin ] --END-- [ RunTime:0.000000s ]
SQL: SHOW COLUMNS FROM `business` [ RunTime:0.2280s ]
SQL: SELECT * FROM `business` WHERE `business_id` = 10001 LIMIT 1   [ RunTime:0.2640s ]
SQL: SHOW COLUMNS FROM `member_10001` [ RunTime:0.0600s ]
SQL: SELECT COUNT(*) AS tp_count FROM `member_10001` LIMIT 1   [ RunTime:0.0160s ]
SQL: SHOW COLUMNS FROM `dispense` [ RunTime:0.0120s ]
SQL: SELECT SUM(pay_num) AS tp_sum FROM `dispense` WHERE `business_id` = 10001 AND ( `add_time` > '2017-11-01 00:00:00' AND `add_time` < '2017-11-01 23:59:59'  ) LIMIT 1   [ RunTime:0.0120s ]
SQL: SELECT * FROM `business` WHERE ( business_id = 10001 ) LIMIT 1   [ RunTime:0.2220s ]
SQL: SHOW COLUMNS FROM `profession` [ RunTime:0.0450s ]
SQL: SELECT * FROM `profession`  [ RunTime:0.0100s ]
SQL: SELECT SUM(reward_piao) AS tp_sum FROM `business` WHERE ( leader = 10001 ) LIMIT 1   [ RunTime:0.0120s ]
SQL: SELECT SUM(add_piao) AS tp_sum FROM `dispense` WHERE `business_id` = 10001 LIMIT 1   [ RunTime:0.0100s ]
SQL: SHOW COLUMNS FROM `order` [ RunTime:0.0160s ]
SQL: SELECT SUM(sell_business_piao) AS tp_sum FROM `order` WHERE `sell_business_id` = 10001 LIMIT 1   [ RunTime:0.1080s ]
SQL: SELECT SUM(business_piao) AS tp_sum FROM `order` WHERE `business_id` = 10001 AND `sell_business_id` <> 0 LIMIT 1   [ RunTime:0.0090s ]
SQL: SELECT SUM(business_piao) AS tp_sum FROM `order` WHERE `business_id` = 10001 AND `sell_business_id` = 0 LIMIT 1   [ RunTime:0.0090s ]
SQL: SHOW COLUMNS FROM `finance_log` [ RunTime:0.0100s ]
SQL: SELECT SUM(piao) AS tp_sum FROM `finance_log` WHERE `business_id` = 10001 AND `type` = 1 LIMIT 1   [ RunTime:0.0250s ]
SQL: SELECT SUM(piao) AS tp_sum FROM `finance_log` WHERE `business_id` = 10001 AND `type` = 2 LIMIT 1   [ RunTime:0.0170s ]
SQL: SELECT COUNT(*) AS tp_count FROM `business` WHERE ( leader = 10001 ) LIMIT 1   [ RunTime:0.0060s ]
SQL: SHOW COLUMNS FROM `placard` [ RunTime:0.0230s ]
SQL: SELECT * FROM `placard` ORDER BY add_time desc LIMIT 7   [ RunTime:0.0090s ]
INFO: [ view_filter ] --START--
INFO: Run Behavior\WriteHtmlCacheBehavior [ RunTime:0.001000s ]
INFO: [ view_filter ] --END-- [ RunTime:0.001000s ]
INFO: [ app_end ] --START--
INFO: Run Behavior\ShowPageTraceBehavior [ RunTime:0.000000s ]
INFO: [ app_end ] --END-- [ RunTime:0.000000s ]

[ 2017-11-01T17:04:53+08:00 ] 127.0.0.1 /Business/Center/notices_num
INFO: [ app_init ] --START--
INFO: Run Behavior\BuildLiteBehavior [ RunTime:0.000000s ]
INFO: [ app_init ] --END-- [ RunTime:0.000000s ]
INFO: [ app_begin ] --START--
INFO: Run Behavior\ReadHtmlCacheBehavior [ RunTime:0.001000s ]
INFO: [ app_begin ] --END-- [ RunTime:0.001000s ]
SQL: SHOW COLUMNS FROM `business` [ RunTime:0.2270s ]
SQL: SELECT `status` FROM `business` WHERE ( business_id = 10001 ) LIMIT 1   [ RunTime:0.0410s ]
SQL: SHOW COLUMNS FROM `notices` [ RunTime:0.0150s ]
SQL: SELECT COUNT(*) AS tp_count FROM `notices` WHERE `business_id` = 10001 AND `is_read` = 0 LIMIT 1   [ RunTime:0.0240s ]
SQL: SELECT `business_logo` FROM `business` WHERE `business_id` = 10001 LIMIT 1   [ RunTime:0.0780s ]

[ 2017-11-01T17:04:55+08:00 ] 127.0.0.1 /Business/Goods/exchange
INFO: [ app_init ] --START--
INFO: Run Behavior\BuildLiteBehavior [ RunTime:0.000000s ]
INFO: [ app_init ] --END-- [ RunTime:0.000000s ]
INFO: [ app_begin ] --START--
INFO: Run Behavior\ReadHtmlCacheBehavior [ RunTime:0.001000s ]
INFO: [ app_begin ] --END-- [ RunTime:0.001000s ]
SQL: SHOW COLUMNS FROM `province` [ RunTime:0.0100s ]
SQL: SELECT * FROM `province`  [ RunTime:0.0130s ]
SQL: SHOW COLUMNS FROM `goods` [ RunTime:0.0100s ]
SQL: SELECT COUNT(*) AS tp_count FROM `goods` WHERE ( is_del = 0 and is_gx = 1 ) LIMIT 1   [ RunTime:0.0190s ]
SQL: select * from goods where is_del = 0 and is_gx = 1 order by add_time desc limit 0,12 [ RunTime:0.0140s ]
SQL: SHOW COLUMNS FROM `goods_type` [ RunTime:0.0140s ]
SQL: SELECT * FROM `goods_type`  [ RunTime:0.0140s ]
SQL: SHOW COLUMNS FROM `agent` [ RunTime:0.0160s ]
SQL: SELECT * FROM `agent` WHERE `business_id` = 10001  [ RunTime:0.0060s ]
NOTIC: [8] Undefined variable: citys C:\wnmp\nginx\www\zzlgx\Application\Business\Controller\GoodsController.class.php 第 344 行.
NOTIC: [8] Undefined variable: areas C:\wnmp\nginx\www\zzlgx\Application\Business\Controller\GoodsController.class.php 第 345 行.
NOTIC: [8] Undefined index: goods_type_id C:\wnmp\nginx\www\zzlgx\Application\Business\View\Goods\exchange.phtml 第 49 行.
NOTIC: [8] Undefined index: goods_type_id C:\wnmp\nginx\www\zzlgx\Application\Business\View\Goods\exchange.phtml 第 49 行.
NOTIC: [8] Undefined index: goods_type_id C:\wnmp\nginx\www\zzlgx\Application\Business\View\Goods\exchange.phtml 第 49 行.
NOTIC: [8] Undefined index: goods_type_id C:\wnmp\nginx\www\zzlgx\Application\Business\View\Goods\exchange.phtml 第 49 行.
NOTIC: [8] Undefined index: goods_type_id C:\wnmp\nginx\www\zzlgx\Application\Business\View\Goods\exchange.phtml 第 49 行.
NOTIC: [8] Undefined index: goods_type_id C:\wnmp\nginx\www\zzlgx\Application\Business\View\Goods\exchange.phtml 第 49 行.
NOTIC: [8] Undefined index: goods_type_id C:\wnmp\nginx\www\zzlgx\Application\Business\View\Goods\exchange.phtml 第 49 行.
NOTIC: [8] Undefined index: goods_type_id C:\wnmp\nginx\www\zzlgx\Application\Business\View\Goods\exchange.phtml 第 49 行.
NOTIC: [8] Undefined index: goods_type_id C:\wnmp\nginx\www\zzlgx\Application\Business\View\Goods\exchange.phtml 第 49 行.
NOTIC: [8] Undefined index: goods_type_id C:\wnmp\nginx\www\zzlgx\Application\Business\View\Goods\exchange.phtml 第 49 行.
NOTIC: [8] Undefined index: goods_type_id C:\wnmp\nginx\www\zzlgx\Application\Business\View\Goods\exchange.phtml 第 49 行.
NOTIC: [8] Undefined index: goods_type_id C:\wnmp\nginx\www\zzlgx\Application\Business\View\Goods\exchange.phtml 第 49 行.
NOTIC: [8] Undefined index: goods_type_id C:\wnmp\nginx\www\zzlgx\Application\Business\View\Goods\exchange.phtml 第 49 行.
NOTIC: [8] Undefined index: goods_type_id C:\wnmp\nginx\www\zzlgx\Application\Business\View\Goods\exchange.phtml 第 49 行.
NOTIC: [8] Undefined index: goods_type_id C:\wnmp\nginx\www\zzlgx\Application\Business\View\Goods\exchange.phtml 第 49 行.
NOTIC: [8] Undefined index: goods_type_id C:\wnmp\nginx\www\zzlgx\Application\Business\View\Goods\exchange.phtml 第 49 行.
NOTIC: [8] Undefined index: goods_type_id C:\wnmp\nginx\www\zzlgx\Application\Business\View\Goods\exchange.phtml 第 49 行.
NOTIC: [8] Undefined index: goods_type_id C:\wnmp\nginx\www\zzlgx\Application\Business\View\Goods\exchange.phtml 第 49 行.
NOTIC: [8] Undefined index: goods_type_id C:\wnmp\nginx\www\zzlgx\Application\Business\View\Goods\exchange.phtml 第 49 行.
NOTIC: [8] Undefined index: goods_type_id C:\wnmp\nginx\www\zzlgx\Application\Business\View\Goods\exchange.phtml 第 49 行.
NOTIC: [8] Undefined index: goods_type_id C:\wnmp\nginx\www\zzlgx\Application\Business\View\Goods\exchange.phtml 第 49 行.
NOTIC: [8] Undefined index: goods_type_id C:\wnmp\nginx\www\zzlgx\Application\Business\View\Goods\exchange.phtml 第 49 行.
NOTIC: [8] Undefined index: goods_type_id C:\wnmp\nginx\www\zzlgx\Application\Business\View\Goods\exchange.phtml 第 49 行.
NOTIC: [8] Undefined index: goods_type_id C:\wnmp\nginx\www\zzlgx\Application\Business\View\Goods\exchange.phtml 第 49 行.
NOTIC: [8] Undefined index: goods_type_id C:\wnmp\nginx\www\zzlgx\Application\Business\View\Goods\exchange.phtml 第 49 行.
NOTIC: [8] Undefined index: goods_type_id C:\wnmp\nginx\www\zzlgx\Application\Business\View\Goods\exchange.phtml 第 49 行.
NOTIC: [8] Undefined index: goods_type_id C:\wnmp\nginx\www\zzlgx\Application\Business\View\Goods\exchange.phtml 第 49 行.
NOTIC: [8] Undefined index: goods_type_id C:\wnmp\nginx\www\zzlgx\Application\Business\View\Goods\exchange.phtml 第 49 行.
NOTIC: [8] Undefined index: province_id C:\wnmp\nginx\www\zzlgx\Application\Business\View\Goods\exchange.phtml 第 56 行.
NOTIC: [8] Undefined index: province_id C:\wnmp\nginx\www\zzlgx\Application\Business\View\Goods\exchange.phtml 第 56 行.
NOTIC: [8] Undefined index: province_id C:\wnmp\nginx\www\zzlgx\Application\Business\View\Goods\exchange.phtml 第 56 行.
NOTIC: [8] Undefined index: province_id C:\wnmp\nginx\www\zzlgx\Application\Business\View\Goods\exchange.phtml 第 56 行.
NOTIC: [8] Undefined index: province_id C:\wnmp\nginx\www\zzlgx\Application\Business\View\Goods\exchange.phtml 第 56 行.
NOTIC: [8] Undefined index: province_id C:\wnmp\nginx\www\zzlgx\Application\Business\View\Goods\exchange.phtml 第 56 行.
NOTIC: [8] Undefined index: province_id C:\wnmp\nginx\www\zzlgx\Application\Business\View\Goods\exchange.phtml 第 56 行.
NOTIC: [8] Undefined index: province_id C:\wnmp\nginx\www\zzlgx\Application\Business\View\Goods\exchange.phtml 第 56 行.
NOTIC: [8] Undefined index: province_id C:\wnmp\nginx\www\zzlgx\Application\Business\View\Goods\exchange.phtml 第 56 行.
NOTIC: [8] Undefined index: province_id C:\wnmp\nginx\www\zzlgx\Application\Business\View\Goods\exchange.phtml 第 56 行.
NOTIC: [8] Undefined index: province_id C:\wnmp\nginx\www\zzlgx\Application\Business\View\Goods\exchange.phtml 第 56 行.
NOTIC: [8] Undefined index: province_id C:\wnmp\nginx\www\zzlgx\Application\Business\View\Goods\exchange.phtml 第 56 行.
NOTIC: [8] Undefined index: province_id C:\wnmp\nginx\www\zzlgx\Application\Business\View\Goods\exchange.phtml 第 56 行.
NOTIC: [8] Undefined index: province_id C:\wnmp\nginx\www\zzlgx\Application\Business\View\Goods\exchange.phtml 第 56 行.
NOTIC: [8] Undefined index: province_id C:\wnmp\nginx\www\zzlgx\Application\Business\View\Goods\exchange.phtml 第 56 行.
NOTIC: [8] Undefined index: province_id C:\wnmp\nginx\www\zzlgx\Application\Business\View\Goods\exchange.phtml 第 56 行.
NOTIC: [8] Undefined index: province_id C:\wnmp\nginx\www\zzlgx\Application\Business\View\Goods\exchange.phtml 第 56 行.
NOTIC: [8] Undefined index: province_id C:\wnmp\nginx\www\zzlgx\Application\Business\View\Goods\exchange.phtml 第 56 行.
NOTIC: [8] Undefined index: province_id C:\wnmp\nginx\www\zzlgx\Application\Business\View\Goods\exchange.phtml 第 56 行.
NOTIC: [8] Undefined index: province_id C:\wnmp\nginx\www\zzlgx\Application\Business\View\Goods\exchange.phtml 第 56 行.
NOTIC: [8] Undefined index: province_id C:\wnmp\nginx\www\zzlgx\Application\Business\View\Goods\exchange.phtml 第 56 行.
NOTIC: [8] Undefined index: province_id C:\wnmp\nginx\www\zzlgx\Application\Business\View\Goods\exchange.phtml 第 56 行.
NOTIC: [8] Undefined index: province_id C:\wnmp\nginx\www\zzlgx\Application\Business\View\Goods\exchange.phtml 第 56 行.
NOTIC: [8] Undefined index: province_id C:\wnmp\nginx\www\zzlgx\Application\Business\View\Goods\exchange.phtml 第 56 行.
NOTIC: [8] Undefined index: province_id C:\wnmp\nginx\www\zzlgx\Application\Business\View\Goods\exchange.phtml 第 56 行.
NOTIC: [8] Undefined index: province_id C:\wnmp\nginx\www\zzlgx\Application\Business\View\Goods\exchange.phtml 第 56 行.
NOTIC: [8] Undefined index: province_id C:\wnmp\nginx\www\zzlgx\Application\Business\View\Goods\exchange.phtml 第 56 行.
NOTIC: [8] Undefined index: province_id C:\wnmp\nginx\www\zzlgx\Application\Business\View\Goods\exchange.phtml 第 56 行.
NOTIC: [8] Undefined index: province_id C:\wnmp\nginx\www\zzlgx\Application\Business\View\Goods\exchange.phtml 第 56 行.
NOTIC: [8] Undefined index: province_id C:\wnmp\nginx\www\zzlgx\Application\Business\View\Goods\exchange.phtml 第 56 行.
NOTIC: [8] Undefined index: province_id C:\wnmp\nginx\www\zzlgx\Application\Business\View\Goods\exchange.phtml 第 56 行.
NOTIC: [8] Undefined index: province_id C:\wnmp\nginx\www\zzlgx\Application\Business\View\Goods\exchange.phtml 第 56 行.
NOTIC: [8] Undefined index: province_id C:\wnmp\nginx\www\zzlgx\Application\Business\View\Goods\exchange.phtml 第 56 行.
NOTIC: [2] Invalid argument supplied for foreach() C:\wnmp\nginx\www\zzlgx\Application\Business\View\Goods\exchange.phtml 第 63 行.
NOTIC: [2] Invalid argument supplied for foreach() C:\wnmp\nginx\www\zzlgx\Application\Business\View\Goods\exchange.phtml 第 71 行.
NOTIC: [8] Undefined index: keywords C:\wnmp\nginx\www\zzlgx\Application\Business\View\Goods\exchange.phtml 第 76 行.
NOTIC: [8] Undefined index: goods_type_id C:\wnmp\nginx\www\zzlgx\Application\Business\View\Goods\exchange.phtml 第 88 行.
NOTIC: [8] Undefined index: province_id C:\wnmp\nginx\www\zzlgx\Application\Business\View\Goods\exchange.phtml 第 88 行.
NOTIC: [8] Undefined index: city_id C:\wnmp\nginx\www\zzlgx\Application\Business\View\Goods\exchange.phtml 第 88 行.
NOTIC: [8] Undefined index: area_id C:\wnmp\nginx\www\zzlgx\Application\Business\View\Goods\exchange.phtml 第 88 行.
INFO: [ view_filter ] --START--
INFO: Run Behavior\WriteHtmlCacheBehavior [ RunTime:0.001000s ]
INFO: [ view_filter ] --END-- [ RunTime:0.001000s ]
INFO: [ app_end ] --START--
INFO: Run Behavior\ShowPageTraceBehavior [ RunTime:0.000000s ]
INFO: [ app_end ] --END-- [ RunTime:0.000000s ]

[ 2017-11-01T17:04:58+08:00 ] 127.0.0.1 /Business/Goods/myexchangeinfo
INFO: [ app_init ] --START--
INFO: Run Behavior\BuildLiteBehavior [ RunTime:0.000000s ]
INFO: [ app_init ] --END-- [ RunTime:0.000000s ]
INFO: [ app_begin ] --START--
INFO: Run Behavior\ReadHtmlCacheBehavior [ RunTime:0.000000s ]
INFO: [ app_begin ] --END-- [ RunTime:0.000000s ]
SQL: SHOW COLUMNS FROM `goods` [ RunTime:0.0180s ]
SQL: SELECT COUNT(*) AS tp_count FROM `goods` WHERE `business_id` = 10001 AND `is_del` = 0 LIMIT 1   [ RunTime:0.0080s ]
SQL: SHOW COLUMNS FROM `agent` [ RunTime:0.0090s ]
SQL: SELECT COUNT(*) AS tp_count FROM `agent` WHERE `business_id` = 10001 LIMIT 1   [ RunTime:0.0150s ]
SQL: SELECT COUNT(*) AS tp_count FROM `goods` WHERE `business_id` = 10001 AND `is_del` = 0 AND `is_gx` = 1 LIMIT 1   [ RunTime:0.0080s ]
SQL: SELECT COUNT(*) AS tp_count FROM `goods` WHERE `business_id` = 10001 AND `is_del` = 0 AND `status` = 1 LIMIT 1   [ RunTime:0.0250s ]
SQL: SHOW COLUMNS FROM `goods_type` [ RunTime:0.0140s ]
SQL: SELECT * FROM `goods_type`  [ RunTime:0.0190s ]
SQL: SELECT `goods_type_id` FROM `goods` WHERE `business_id` = 10001 AND `is_del` = 0 GROUP BY goods_type_id  [ RunTime:0.0130s ]
SQL: SELECT COUNT(*) AS tp_count FROM `goods` WHERE `business_id` = 10001 AND `is_del` = 0 AND `goods_type_id` = 15 LIMIT 1   [ RunTime:0.0090s ]
INFO: [ view_filter ] --START--
INFO: Run Behavior\WriteHtmlCacheBehavior [ RunTime:0.001001s ]
INFO: [ view_filter ] --END-- [ RunTime:0.001001s ]
INFO: [ app_end ] --START--
INFO: Run Behavior\ShowPageTraceBehavior [ RunTime:0.000000s ]
INFO: [ app_end ] --END-- [ RunTime:0.000000s ]

[ 2017-11-01T17:05:03+08:00 ] 127.0.0.1 /Business/Goods/lists
INFO: [ app_init ] --START--
INFO: Run Behavior\BuildLiteBehavior [ RunTime:0.000000s ]
INFO: [ app_init ] --END-- [ RunTime:0.000000s ]
INFO: [ app_begin ] --START--
INFO: Run Behavior\ReadHtmlCacheBehavior [ RunTime:0.000000s ]
INFO: [ app_begin ] --END-- [ RunTime:0.000000s ]
SQL: SHOW COLUMNS FROM `goods` [ RunTime:0.0100s ]
SQL: SELECT COUNT(*) AS tp_count FROM `goods` WHERE ( business_id = 10001 and is_del = 0 ) LIMIT 1   [ RunTime:0.0070s ]
SQL: SELECT COUNT(*) AS tp_count FROM `goods` WHERE ( business_id = 10001 and is_del = 0 ) LIMIT 1   [ RunTime:0.0150s ]
SQL: select * from goods where business_id = 10001 and is_del = 0 order by add_time desc limit 0,10 [ RunTime:0.0090s ]
SQL: SHOW COLUMNS FROM `goods_type` [ RunTime:0.5340s ]
SQL: SELECT * FROM `goods_type`  [ RunTime:0.0150s ]
NOTIC: [8] Undefined index: goods_type_id C:\wnmp\nginx\www\zzlgx\Application\Business\View\Goods\lists.phtml 第 38 行.
NOTIC: [8] Undefined index: goods_type_id C:\wnmp\nginx\www\zzlgx\Application\Business\View\Goods\lists.phtml 第 38 行.
NOTIC: [8] Undefined index: goods_type_id C:\wnmp\nginx\www\zzlgx\Application\Business\View\Goods\lists.phtml 第 38 行.
NOTIC: [8] Undefined index: goods_type_id C:\wnmp\nginx\www\zzlgx\Application\Business\View\Goods\lists.phtml 第 38 行.
NOTIC: [8] Undefined index: goods_type_id C:\wnmp\nginx\www\zzlgx\Application\Business\View\Goods\lists.phtml 第 38 行.
NOTIC: [8] Undefined index: goods_type_id C:\wnmp\nginx\www\zzlgx\Application\Business\View\Goods\lists.phtml 第 38 行.
NOTIC: [8] Undefined index: goods_type_id C:\wnmp\nginx\www\zzlgx\Application\Business\View\Goods\lists.phtml 第 38 行.
NOTIC: [8] Undefined index: goods_type_id C:\wnmp\nginx\www\zzlgx\Application\Business\View\Goods\lists.phtml 第 38 行.
NOTIC: [8] Undefined index: goods_type_id C:\wnmp\nginx\www\zzlgx\Application\Business\View\Goods\lists.phtml 第 38 行.
NOTIC: [8] Undefined index: goods_type_id C:\wnmp\nginx\www\zzlgx\Application\Business\View\Goods\lists.phtml 第 38 行.
NOTIC: [8] Undefined index: goods_type_id C:\wnmp\nginx\www\zzlgx\Application\Business\View\Goods\lists.phtml 第 38 行.
NOTIC: [8] Undefined index: goods_type_id C:\wnmp\nginx\www\zzlgx\Application\Business\View\Goods\lists.phtml 第 38 行.
NOTIC: [8] Undefined index: goods_type_id C:\wnmp\nginx\www\zzlgx\Application\Business\View\Goods\lists.phtml 第 38 行.
NOTIC: [8] Undefined index: goods_type_id C:\wnmp\nginx\www\zzlgx\Application\Business\View\Goods\lists.phtml 第 38 行.
NOTIC: [8] Undefined index: goods_type_id C:\wnmp\nginx\www\zzlgx\Application\Business\View\Goods\lists.phtml 第 38 行.
NOTIC: [8] Undefined index: goods_type_id C:\wnmp\nginx\www\zzlgx\Application\Business\View\Goods\lists.phtml 第 38 行.
NOTIC: [8] Undefined index: goods_type_id C:\wnmp\nginx\www\zzlgx\Application\Business\View\Goods\lists.phtml 第 38 行.
NOTIC: [8] Undefined index: goods_type_id C:\wnmp\nginx\www\zzlgx\Application\Business\View\Goods\lists.phtml 第 38 行.
NOTIC: [8] Undefined index: goods_type_id C:\wnmp\nginx\www\zzlgx\Application\Business\View\Goods\lists.phtml 第 38 行.
NOTIC: [8] Undefined index: goods_type_id C:\wnmp\nginx\www\zzlgx\Application\Business\View\Goods\lists.phtml 第 38 行.
NOTIC: [8] Undefined index: goods_type_id C:\wnmp\nginx\www\zzlgx\Application\Business\View\Goods\lists.phtml 第 38 行.
NOTIC: [8] Undefined index: goods_type_id C:\wnmp\nginx\www\zzlgx\Application\Business\View\Goods\lists.phtml 第 38 行.
NOTIC: [8] Undefined index: goods_type_id C:\wnmp\nginx\www\zzlgx\Application\Business\View\Goods\lists.phtml 第 38 行.
NOTIC: [8] Undefined index: goods_type_id C:\wnmp\nginx\www\zzlgx\Application\Business\View\Goods\lists.phtml 第 38 行.
NOTIC: [8] Undefined index: goods_type_id C:\wnmp\nginx\www\zzlgx\Application\Business\View\Goods\lists.phtml 第 38 行.
NOTIC: [8] Undefined index: goods_type_id C:\wnmp\nginx\www\zzlgx\Application\Business\View\Goods\lists.phtml 第 38 行.
NOTIC: [8] Undefined index: goods_type_id C:\wnmp\nginx\www\zzlgx\Application\Business\View\Goods\lists.phtml 第 38 行.
NOTIC: [8] Undefined index: goods_type_id C:\wnmp\nginx\www\zzlgx\Application\Business\View\Goods\lists.phtml 第 38 行.
NOTIC: [8] Undefined index: is_gx C:\wnmp\nginx\www\zzlgx\Application\Business\View\Goods\lists.phtml 第 44 行.
NOTIC: [8] Undefined index: is_gx C:\wnmp\nginx\www\zzlgx\Application\Business\View\Goods\lists.phtml 第 45 行.
NOTIC: [8] Undefined index: status C:\wnmp\nginx\www\zzlgx\Application\Business\View\Goods\lists.phtml 第 50 行.
NOTIC: [8] Undefined index: status C:\wnmp\nginx\www\zzlgx\Application\Business\View\Goods\lists.phtml 第 51 行.
NOTIC: [8] Undefined index: keywords C:\wnmp\nginx\www\zzlgx\Application\Business\View\Goods\lists.phtml 第 53 行.
NOTIC: [8] Undefined index: goods_type_id C:\wnmp\nginx\www\zzlgx\Application\Business\View\Goods\lists.phtml 第 66 行.
NOTIC: [8] Undefined index: is_gx C:\wnmp\nginx\www\zzlgx\Application\Business\View\Goods\lists.phtml 第 66 行.
NOTIC: [8] Undefined index: status C:\wnmp\nginx\www\zzlgx\Application\Business\View\Goods\lists.phtml 第 66 行.
INFO: [ view_filter ] --START--
INFO: Run Behavior\WriteHtmlCacheBehavior [ RunTime:0.001000s ]
INFO: [ view_filter ] --END-- [ RunTime:0.001000s ]
INFO: [ app_end ] --START--
INFO: Run Behavior\ShowPageTraceBehavior [ RunTime:0.001000s ]
INFO: [ app_end ] --END-- [ RunTime:0.001000s ]

[ 2017-11-01T17:05:07+08:00 ] 127.0.0.1 /Business/Goods/myagent
INFO: [ app_init ] --START--
INFO: Run Behavior\BuildLiteBehavior [ RunTime:0.000000s ]
INFO: [ app_init ] --END-- [ RunTime:0.000000s ]
INFO: [ app_begin ] --START--
INFO: Run Behavior\ReadHtmlCacheBehavior [ RunTime:0.001000s ]
INFO: [ app_begin ] --END-- [ RunTime:0.001000s ]
SQL: SHOW COLUMNS FROM `agent` [ RunTime:0.0090s ]
SQL: SELECT * FROM `agent` WHERE `business_id` = 10001  [ RunTime:0.0060s ]
NOTIC: [8] Undefined variable: myAgents C:\wnmp\nginx\www\zzlgx\Application\Business\Controller\GoodsController.class.php 第 427 行.
SQL: SHOW COLUMNS FROM `goods` [ RunTime:0.0060s ]
SQL: SELECT COUNT(*) AS tp_count FROM `goods` WHERE ( goods_id in (0) and business_id != 10001 and is_del = 0 ) LIMIT 1   [ RunTime:0.0410s ]
SQL: SELECT COUNT(*) AS tp_count FROM `goods` WHERE ( goods_id in (0) and business_id != 10001 and is_del = 0 ) LIMIT 1   [ RunTime:0.0070s ]
SQL: select * from goods where goods_id in (0) and business_id != 10001 and is_del = 0 order by add_time desc limit 0,10 [ RunTime:0.0110s ]
SQL: SHOW COLUMNS FROM `goods_type` [ RunTime:0.0060s ]
SQL: SELECT * FROM `goods_type`  [ RunTime:0.0070s ]
NOTIC: [8] Undefined index: goods_type_id C:\wnmp\nginx\www\zzlgx\Application\Business\View\Goods\myagent.phtml 第 38 行.
NOTIC: [8] Undefined index: goods_type_id C:\wnmp\nginx\www\zzlgx\Application\Business\View\Goods\myagent.phtml 第 38 行.
NOTIC: [8] Undefined index: goods_type_id C:\wnmp\nginx\www\zzlgx\Application\Business\View\Goods\myagent.phtml 第 38 行.
NOTIC: [8] Undefined index: goods_type_id C:\wnmp\nginx\www\zzlgx\Application\Business\View\Goods\myagent.phtml 第 38 行.
NOTIC: [8] Undefined index: goods_type_id C:\wnmp\nginx\www\zzlgx\Application\Business\View\Goods\myagent.phtml 第 38 行.
NOTIC: [8] Undefined index: goods_type_id C:\wnmp\nginx\www\zzlgx\Application\Business\View\Goods\myagent.phtml 第 38 行.
NOTIC: [8] Undefined index: goods_type_id C:\wnmp\nginx\www\zzlgx\Application\Business\View\Goods\myagent.phtml 第 38 行.
NOTIC: [8] Undefined index: goods_type_id C:\wnmp\nginx\www\zzlgx\Application\Business\View\Goods\myagent.phtml 第 38 行.
NOTIC: [8] Undefined index: goods_type_id C:\wnmp\nginx\www\zzlgx\Application\Business\View\Goods\myagent.phtml 第 38 行.
NOTIC: [8] Undefined index: goods_type_id C:\wnmp\nginx\www\zzlgx\Application\Business\View\Goods\myagent.phtml 第 38 行.
NOTIC: [8] Undefined index: goods_type_id C:\wnmp\nginx\www\zzlgx\Application\Business\View\Goods\myagent.phtml 第 38 行.
NOTIC: [8] Undefined index: goods_type_id C:\wnmp\nginx\www\zzlgx\Application\Business\View\Goods\myagent.phtml 第 38 行.
NOTIC: [8] Undefined index: goods_type_id C:\wnmp\nginx\www\zzlgx\Application\Business\View\Goods\myagent.phtml 第 38 行.
NOTIC: [8] Undefined index: goods_type_id C:\wnmp\nginx\www\zzlgx\Application\Business\View\Goods\myagent.phtml 第 38 行.
NOTIC: [8] Undefined index: goods_type_id C:\wnmp\nginx\www\zzlgx\Application\Business\View\Goods\myagent.phtml 第 38 行.
NOTIC: [8] Undefined index: goods_type_id C:\wnmp\nginx\www\zzlgx\Application\Business\View\Goods\myagent.phtml 第 38 行.
NOTIC: [8] Undefined index: goods_type_id C:\wnmp\nginx\www\zzlgx\Application\Business\View\Goods\myagent.phtml 第 38 行.
NOTIC: [8] Undefined index: goods_type_id C:\wnmp\nginx\www\zzlgx\Application\Business\View\Goods\myagent.phtml 第 38 行.
NOTIC: [8] Undefined index: goods_type_id C:\wnmp\nginx\www\zzlgx\Application\Business\View\Goods\myagent.phtml 第 38 行.
NOTIC: [8] Undefined index: goods_type_id C:\wnmp\nginx\www\zzlgx\Application\Business\View\Goods\myagent.phtml 第 38 行.
NOTIC: [8] Undefined index: goods_type_id C:\wnmp\nginx\www\zzlgx\Application\Business\View\Goods\myagent.phtml 第 38 行.
NOTIC: [8] Undefined index: goods_type_id C:\wnmp\nginx\www\zzlgx\Application\Business\View\Goods\myagent.phtml 第 38 行.
NOTIC: [8] Undefined index: goods_type_id C:\wnmp\nginx\www\zzlgx\Application\Business\View\Goods\myagent.phtml 第 38 行.
NOTIC: [8] Undefined index: goods_type_id C:\wnmp\nginx\www\zzlgx\Application\Business\View\Goods\myagent.phtml 第 38 行.
NOTIC: [8] Undefined index: goods_type_id C:\wnmp\nginx\www\zzlgx\Application\Business\View\Goods\myagent.phtml 第 38 行.
NOTIC: [8] Undefined index: goods_type_id C:\wnmp\nginx\www\zzlgx\Application\Business\View\Goods\myagent.phtml 第 38 行.
NOTIC: [8] Undefined index: goods_type_id C:\wnmp\nginx\www\zzlgx\Application\Business\View\Goods\myagent.phtml 第 38 行.
NOTIC: [8] Undefined index: goods_type_id C:\wnmp\nginx\www\zzlgx\Application\Business\View\Goods\myagent.phtml 第 38 行.
NOTIC: [8] Undefined index: status C:\wnmp\nginx\www\zzlgx\Application\Business\View\Goods\myagent.phtml 第 44 行.
NOTIC: [8] Undefined index: status C:\wnmp\nginx\www\zzlgx\Application\Business\View\Goods\myagent.phtml 第 45 行.
NOTIC: [8] Undefined index: keywords C:\wnmp\nginx\www\zzlgx\Application\Business\View\Goods\myagent.phtml 第 47 行.
NOTIC: [8] Undefined index: goods_type_id C:\wnmp\nginx\www\zzlgx\Application\Business\View\Goods\myagent.phtml 第 59 行.
NOTIC: [8] Undefined index: is_gx C:\wnmp\nginx\www\zzlgx\Application\Business\View\Goods\myagent.phtml 第 59 行.
NOTIC: [8] Undefined index: status C:\wnmp\nginx\www\zzlgx\Application\Business\View\Goods\myagent.phtml 第 59 行.
INFO: [ view_filter ] --START--
INFO: Run Behavior\WriteHtmlCacheBehavior [ RunTime:0.001000s ]
INFO: [ view_filter ] --END-- [ RunTime:0.001000s ]
INFO: [ app_end ] --START--
INFO: Run Behavior\ShowPageTraceBehavior [ RunTime:0.000000s ]
INFO: [ app_end ] --END-- [ RunTime:0.000000s ]

[ 2017-11-01T17:05:13+08:00 ] 127.0.0.1 /Business/Member/lists
INFO: [ app_init ] --START--
INFO: Run Behavior\BuildLiteBehavior [ RunTime:0.000000s ]
INFO: [ app_init ] --END-- [ RunTime:0.001000s ]
INFO: [ app_begin ] --START--
INFO: Run Behavior\ReadHtmlCacheBehavior [ RunTime:0.000000s ]
INFO: [ app_begin ] --END-- [ RunTime:0.000000s ]
SQL: SHOW COLUMNS FROM `business` [ RunTime:0.2220s ]
SQL: SELECT * FROM `business` WHERE `business_id` = 10001 LIMIT 1   [ RunTime:0.2060s ]
SQL: SHOW COLUMNS FROM `member_10001` [ RunTime:0.0640s ]
SQL: SELECT COUNT(*) AS tp_count FROM `member_10001` LIMIT 1   [ RunTime:0.0140s ]
SQL: SELECT * FROM `business` WHERE `business_id` = 10001 LIMIT 1   [ RunTime:0.2220s ]
SQL: SELECT * FROM `business` WHERE `business_id` = 10001 LIMIT 1   [ RunTime:0.2590s ]
SQL: select * from member_10001 where 1 = 1 order by add_time desc limit 0,10 [ RunTime:0.0550s ]
SQL: SHOW COLUMNS FROM `dispense` [ RunTime:0.0110s ]
SQL: SELECT SUM(add_piao) AS tp_sum FROM `dispense` WHERE `business_id` = 10001 AND `phone_num` = '13133133331' LIMIT 1   [ RunTime:0.0120s ]
SQL: SELECT SUM(add_piao) AS tp_sum FROM `dispense` WHERE ( phone_num = 13133133331 ) LIMIT 1   [ RunTime:0.0090s ]
SQL: SELECT SUM(add_piao) AS tp_sum FROM `dispense` WHERE `business_id` = 10001 AND `phone_num` = '13133133332' LIMIT 1   [ RunTime:0.0100s ]
SQL: SELECT SUM(add_piao) AS tp_sum FROM `dispense` WHERE ( phone_num = 13133133332 ) LIMIT 1   [ RunTime:0.0130s ]
SQL: SELECT SUM(add_piao) AS tp_sum FROM `dispense` WHERE `business_id` = 10001 AND `phone_num` = '13133133333' LIMIT 1   [ RunTime:0.0120s ]
SQL: SELECT SUM(add_piao) AS tp_sum FROM `dispense` WHERE ( phone_num = 13133133333 ) LIMIT 1   [ RunTime:0.0310s ]
SQL: SELECT SUM(add_piao) AS tp_sum FROM `dispense` WHERE `business_id` = 10001 AND `phone_num` = '13133133334' LIMIT 1   [ RunTime:0.0080s ]
SQL: SELECT SUM(add_piao) AS tp_sum FROM `dispense` WHERE ( phone_num = 13133133334 ) LIMIT 1   [ RunTime:0.0180s ]
SQL: SELECT SUM(add_piao) AS tp_sum FROM `dispense` WHERE `business_id` = 10001 AND `phone_num` = '13133133335' LIMIT 1   [ RunTime:0.0180s ]
SQL: SELECT SUM(add_piao) AS tp_sum FROM `dispense` WHERE ( phone_num = 13133133335 ) LIMIT 1   [ RunTime:0.0170s ]
SQL: SELECT SUM(add_piao) AS tp_sum FROM `dispense` WHERE `business_id` = 10001 AND `phone_num` = '18332273377' LIMIT 1   [ RunTime:0.0060s ]
SQL: SELECT SUM(add_piao) AS tp_sum FROM `dispense` WHERE ( phone_num = 18332273377 ) LIMIT 1   [ RunTime:0.0100s ]
SQL: SELECT SUM(add_piao) AS tp_sum FROM `dispense` WHERE `business_id` = 10001 AND `phone_num` = '18301557812' LIMIT 1   [ RunTime:0.0060s ]
SQL: SELECT SUM(add_piao) AS tp_sum FROM `dispense` WHERE ( phone_num = 18301557812 ) LIMIT 1   [ RunTime:0.0100s ]
NOTIC: [8] Undefined index: name C:\wnmp\nginx\www\zzlgx\Application\Business\View\Member\lists.phtml 第 36 行.
INFO: [ view_filter ] --START--
INFO: Run Behavior\WriteHtmlCacheBehavior [ RunTime:0.001000s ]
INFO: [ view_filter ] --END-- [ RunTime:0.001000s ]
INFO: [ app_end ] --START--
INFO: Run Behavior\ShowPageTraceBehavior [ RunTime:0.001000s ]
INFO: [ app_end ] --END-- [ RunTime:0.001000s ]

[ 2017-11-01T17:05:20+08:00 ] 127.0.0.1 /Business/Member/edit?phone_num=13133133331
INFO: [ app_init ] --START--
INFO: Run Behavior\BuildLiteBehavior [ RunTime:0.000000s ]
INFO: [ app_init ] --END-- [ RunTime:0.000000s ]
INFO: [ app_begin ] --START--
INFO: Run Behavior\ReadHtmlCacheBehavior [ RunTime:0.001000s ]
INFO: [ app_begin ] --END-- [ RunTime:0.001000s ]
SQL: SHOW COLUMNS FROM `business` [ RunTime:0.2500s ]
SQL: SELECT * FROM `business` WHERE `business_id` = 10001 LIMIT 1   [ RunTime:0.2710s ]
SQL: SHOW COLUMNS FROM `member_10001` [ RunTime:0.0630s ]
SQL: SELECT * FROM `member_10001` WHERE `phone_num` = '13133133331' LIMIT 1   [ RunTime:0.0090s ]
INFO: [ view_filter ] --START--
INFO: Run Behavior\WriteHtmlCacheBehavior [ RunTime:0.001000s ]
INFO: [ view_filter ] --END-- [ RunTime:0.001000s ]
INFO: [ app_end ] --START--
INFO: Run Behavior\ShowPageTraceBehavior [ RunTime:0.000000s ]
INFO: [ app_end ] --END-- [ RunTime:0.000000s ]

[ 2017-11-01T17:05:24+08:00 ] 127.0.0.1 /Business/Member/edit
INFO: [ app_init ] --START--
INFO: Run Behavior\BuildLiteBehavior [ RunTime:0.000000s ]
INFO: [ app_init ] --END-- [ RunTime:0.000000s ]
INFO: [ app_begin ] --START--
INFO: Run Behavior\ReadHtmlCacheBehavior [ RunTime:0.001000s ]
INFO: [ app_begin ] --END-- [ RunTime:0.001000s ]
SQL: SHOW COLUMNS FROM `business` [ RunTime:0.2270s ]
SQL: SELECT `status` FROM `business` WHERE ( business_id = 10001 ) LIMIT 1   [ RunTime:0.0120s ]
SQL: SELECT * FROM `business` WHERE `business_id` = 10001 LIMIT 1   [ RunTime:0.2100s ]
SQL: SHOW COLUMNS FROM `member_10001` [ RunTime:0.0620s ]
SQL: SELECT * FROM `member_10001` WHERE `phone_num` = '13133133331' LIMIT 1   [ RunTime:0.0100s ]
SQL: SELECT * FROM `business` WHERE `business_id` = 10001 LIMIT 1   [ RunTime:0.2080s ]
SQL: SELECT * FROM `business` WHERE `business_id` = 10001 LIMIT 1   [ RunTime:0.2310s ]
SQL: UPDATE `member_10001` SET `name`='张三',`phone_num`='13133133331',`sex`='0' WHERE ( phone_num = 13133133331 ) [ RunTime:0.0410s ]
SQL: SHOW COLUMNS FROM `member` [ RunTime:0.0070s ]
SQL: UPDATE `member` SET `name`='张三',`phone_num`='13133133331',`sex`='0' WHERE ( phone_num = 13133133331 ) [ RunTime:0.0100s ]
SQL: SELECT * FROM `business` WHERE `business_id` = 10001 LIMIT 1   [ RunTime:0.2180s ]

[ 2017-11-01T17:05:29+08:00 ] 127.0.0.1 /Business/Member/piao_send
INFO: [ app_init ] --START--
INFO: Run Behavior\BuildLiteBehavior [ RunTime:0.001000s ]
INFO: [ app_init ] --END-- [ RunTime:0.001000s ]
INFO: [ app_begin ] --START--
INFO: Run Behavior\ReadHtmlCacheBehavior [ RunTime:0.000000s ]
INFO: [ app_begin ] --END-- [ RunTime:0.000000s ]
SQL: SHOW COLUMNS FROM `business` [ RunTime:0.2690s ]
SQL: SELECT `piao` FROM `business` WHERE ( business_id = 10001 ) LIMIT 1   [ RunTime:0.0620s ]
SQL: SELECT `security` FROM `business` WHERE ( business_id = 10001 ) LIMIT 1   [ RunTime:0.0350s ]
INFO: [ view_filter ] --START--
INFO: Run Behavior\WriteHtmlCacheBehavior [ RunTime:0.000000s ]
INFO: [ view_filter ] --END-- [ RunTime:0.000000s ]
INFO: [ app_end ] --START--
INFO: Run Behavior\ShowPageTraceBehavior [ RunTime:0.001000s ]
INFO: [ app_end ] --END-- [ RunTime:0.001000s ]

[ 2017-11-01T17:05:39+08:00 ] 127.0.0.1 /Business/Finance/orders
INFO: [ app_init ] --START--
INFO: Run Behavior\BuildLiteBehavior [ RunTime:0.000000s ]
INFO: [ app_init ] --END-- [ RunTime:0.001000s ]
INFO: [ app_begin ] --START--
INFO: Run Behavior\ReadHtmlCacheBehavior [ RunTime:0.000000s ]
INFO: [ app_begin ] --END-- [ RunTime:0.000000s ]
SQL: SHOW COLUMNS FROM `order` [ RunTime:0.0100s ]
SQL: SELECT COUNT(*) AS tp_count FROM `order` WHERE ( (business_id=10001 OR sell_business_id=10001) ) LIMIT 1   [ RunTime:0.0100s ]
NOTIC: [8] Undefined index: start_time C:\wnmp\nginx\www\zzlgx\Application\Business\Controller\FinanceController.class.php 第 12 行.
NOTIC: [8] Undefined index: end_time C:\wnmp\nginx\www\zzlgx\Application\Business\Controller\FinanceController.class.php 第 15 行.
NOTIC: [8] Undefined index: start_time C:\wnmp\nginx\www\zzlgx\Application\Business\Controller\FinanceController.class.php 第 18 行.
NOTIC: [8] Undefined index: order_sn C:\wnmp\nginx\www\zzlgx\Application\Business\Controller\FinanceController.class.php 第 21 行.
NOTIC: [8] Undefined index: keywords C:\wnmp\nginx\www\zzlgx\Application\Business\Controller\FinanceController.class.php 第 24 行.
SQL: SELECT COUNT(*) AS tp_count FROM `order` WHERE ( (business_id=10001 OR sell_business_id=10001) ) LIMIT 1   [ RunTime:0.0170s ]
SQL: SELECT * FROM `order` WHERE ( (business_id=10001 OR sell_business_id=10001) ) ORDER BY add_time desc LIMIT 0,10   [ RunTime:0.0130s ]
NOTIC: [8] Undefined index: start_time C:\wnmp\nginx\www\zzlgx\Application\Business\View\Finance\orders.phtml 第 39 行.
NOTIC: [8] Undefined index: end_time C:\wnmp\nginx\www\zzlgx\Application\Business\View\Finance\orders.phtml 第 40 行.
NOTIC: [8] Undefined index: order_sn C:\wnmp\nginx\www\zzlgx\Application\Business\View\Finance\orders.phtml 第 43 行.
NOTIC: [8] Undefined index: keywords C:\wnmp\nginx\www\zzlgx\Application\Business\View\Finance\orders.phtml 第 44 行.
NOTIC: [8] Undefined index: start_time C:\wnmp\nginx\www\zzlgx\Application\Business\View\Finance\orders.phtml 第 57 行.
NOTIC: [8] Undefined index: end_time C:\wnmp\nginx\www\zzlgx\Application\Business\View\Finance\orders.phtml 第 57 行.
NOTIC: [2] mb_substr() expects at least 2 parameters, 1 given C:\wnmp\nginx\www\zzlgx\Application\Business\View\Finance\orders.phtml 第 117 行.
INFO: [ view_filter ] --START--
INFO: Run Behavior\WriteHtmlCacheBehavior [ RunTime:0.000000s ]
INFO: [ view_filter ] --END-- [ RunTime:0.000000s ]
INFO: [ app_end ] --START--
INFO: Run Behavior\ShowPageTraceBehavior [ RunTime:0.001000s ]
INFO: [ app_end ] --END-- [ RunTime:0.001000s ]

[ 2017-11-01T17:05:43+08:00 ] 127.0.0.1 /Business/finance/orders_detail?order_id=1
INFO: [ app_init ] --START--
INFO: Run Behavior\BuildLiteBehavior [ RunTime:0.001000s ]
INFO: [ app_init ] --END-- [ RunTime:0.001000s ]
INFO: [ app_begin ] --START--
INFO: Run Behavior\ReadHtmlCacheBehavior [ RunTime:0.000000s ]
INFO: [ app_begin ] --END-- [ RunTime:0.000000s ]
SQL: SHOW COLUMNS FROM `order` [ RunTime:0.0120s ]
SQL: SELECT * FROM `order` WHERE `order_id` = 1 LIMIT 1   [ RunTime:0.0080s ]
SQL: SHOW COLUMNS FROM `transport` [ RunTime:0.0190s ]
SQL: SELECT * FROM `transport`  [ RunTime:0.0130s ]
INFO: [ view_filter ] --START--
INFO: Run Behavior\WriteHtmlCacheBehavior [ RunTime:0.000000s ]
INFO: [ view_filter ] --END-- [ RunTime:0.001000s ]
INFO: [ app_end ] --START--
INFO: Run Behavior\ShowPageTraceBehavior [ RunTime:0.000000s ]
INFO: [ app_end ] --END-- [ RunTime:0.000000s ]

[ 2017-11-01T17:05:54+08:00 ] 127.0.0.1 /Business/Center/notices_num
INFO: [ app_init ] --START--
INFO: Run Behavior\BuildLiteBehavior [ RunTime:0.000000s ]
INFO: [ app_init ] --END-- [ RunTime:0.000000s ]
INFO: [ app_begin ] --START--
INFO: Run Behavior\ReadHtmlCacheBehavior [ RunTime:0.000000s ]
INFO: [ app_begin ] --END-- [ RunTime:0.001000s ]
SQL: SHOW COLUMNS FROM `business` [ RunTime:0.2220s ]
SQL: SELECT `status` FROM `business` WHERE ( business_id = 10001 ) LIMIT 1   [ RunTime:0.1150s ]
SQL: SHOW COLUMNS FROM `notices` [ RunTime:0.0100s ]
SQL: SELECT COUNT(*) AS tp_count FROM `notices` WHERE `business_id` = 10001 AND `is_read` = 0 LIMIT 1   [ RunTime:0.0130s ]
SQL: SELECT `business_logo` FROM `business` WHERE `business_id` = 10001 LIMIT 1   [ RunTime:0.0120s ]

[ 2017-11-01T17:06:14+08:00 ] 127.0.0.1 /Business/Finance/orders_count_year
INFO: [ app_init ] --START--
INFO: Run Behavior\BuildLiteBehavior [ RunTime:0.000000s ]
INFO: [ app_init ] --END-- [ RunTime:0.000000s ]
INFO: [ app_begin ] --START--
INFO: Run Behavior\ReadHtmlCacheBehavior [ RunTime:0.000000s ]
INFO: [ app_begin ] --END-- [ RunTime:0.000000s ]
NOTIC: [8] Undefined index: year C:\wnmp\nginx\www\zzlgx\Application\Business\Controller\FinanceController.class.php 第 100 行.
SQL: SHOW COLUMNS FROM `goods` [ RunTime:0.0150s ]
SQL: SELECT COUNT(*) AS tp_count FROM `goods` WHERE ( business_id=10001 ) LIMIT 1   [ RunTime:0.0080s ]
SQL: SHOW COLUMNS FROM `agent` [ RunTime:0.1980s ]
SQL: SELECT COUNT(*) AS tp_count FROM `agent` WHERE ( business_id=10001 ) LIMIT 1   [ RunTime:0.0260s ]
SQL: select month(add_time) as month,sum(pay_num) as sum from dispense where year(add_time)=2017 and business_id=10001 group by month(add_time); [ RunTime:0.0110s ]
SQL: select month(add_time) as month,sum(add_piao) as sum from dispense where year(add_time)=2017 and business_id=10001 group by month(add_time); [ RunTime:0.0120s ]
SQL: select month(add_time) as month,sum(num) as sum from `order` where year(add_time)=2017 and business_id=10001 and sell_business_id=0 and status=4 group by month(add_time); [ RunTime:0.0220s ]
SQL: select month(add_time) as month,sum(num) as sum from `order` where year(add_time)=2017 and business_id=10001 and sell_business_id!=0 and status=4 group by month(add_time); [ RunTime:0.0290s ]
SQL: select month(add_time) as month,sum(num) as sum from `order` where year(add_time)=2017 and sell_business_id=10001 and sell_business_id!=0 and status=4 group by month(add_time); [ RunTime:0.0270s ]
SQL: select month(add_time) as month,sum(piao) as sum from `order` where year(add_time)=2017 and business_id=10001 and sell_business_id=0 and status=4 group by month(add_time); [ RunTime:0.0260s ]
SQL: select month(add_time) as month,sum(business_piao) as sum from `order` where year(add_time)=2017 and business_id=10001 and sell_business_id!=0 and status=4 group by month(add_time); [ RunTime:0.0120s ]
SQL: select month(add_time) as month,sum(sell_business_piao) as sum from `order` where year(add_time)=2017 and sell_business_id=10001 and sell_business_id!=0 and status=4 group by month(add_time); [ RunTime:0.0090s ]
NOTIC: [8] Undefined index: year C:\wnmp\nginx\www\zzlgx\Application\Business\View\Finance\orders_count_year.phtml 第 33 行.
INFO: [ view_filter ] --START--
INFO: Run Behavior\WriteHtmlCacheBehavior [ RunTime:0.000000s ]
INFO: [ view_filter ] --END-- [ RunTime:0.001000s ]
INFO: [ app_end ] --START--
INFO: Run Behavior\ShowPageTraceBehavior [ RunTime:0.001000s ]
INFO: [ app_end ] --END-- [ RunTime:0.001000s ]

[ 2017-11-01T17:06:19+08:00 ] 127.0.0.1 /Business/Center/info
INFO: [ app_init ] --START--
INFO: Run Behavior\BuildLiteBehavior [ RunTime:0.000000s ]
INFO: [ app_init ] --END-- [ RunTime:0.001000s ]
INFO: [ app_begin ] --START--
INFO: Run Behavior\ReadHtmlCacheBehavior [ RunTime:0.000000s ]
INFO: [ app_begin ] --END-- [ RunTime:0.000000s ]
SQL: SHOW COLUMNS FROM `business` [ RunTime:0.2150s ]
SQL: SELECT * FROM `business` WHERE `business_id` = 10001 LIMIT 1   [ RunTime:0.4420s ]
SQL: SHOW COLUMNS FROM `profession` [ RunTime:0.1030s ]
SQL: SELECT * FROM `profession`  [ RunTime:0.0120s ]
SQL: SHOW COLUMNS FROM `province` [ RunTime:0.0080s ]
SQL: SELECT * FROM `province`  [ RunTime:0.0610s ]
SQL: SHOW COLUMNS FROM `city` [ RunTime:0.0340s ]
SQL: SELECT * FROM `city` WHERE `province_id` = '110000'  [ RunTime:0.0370s ]
SQL: SHOW COLUMNS FROM `area` [ RunTime:0.0220s ]
SQL: SELECT * FROM `area` WHERE `city_id` = 110100  [ RunTime:0.0110s ]
INFO: [ view_filter ] --START--
INFO: Run Behavior\WriteHtmlCacheBehavior [ RunTime:0.001001s ]
INFO: [ view_filter ] --END-- [ RunTime:0.001001s ]
INFO: [ app_end ] --START--
INFO: Run Behavior\ShowPageTraceBehavior [ RunTime:0.000000s ]
INFO: [ app_end ] --END-- [ RunTime:0.000000s ]

[ 2017-11-01T17:06:21+08:00 ] 127.0.0.1 /Business/Center/repassword
INFO: [ app_init ] --START--
INFO: Run Behavior\BuildLiteBehavior [ RunTime:0.000000s ]
INFO: [ app_init ] --END-- [ RunTime:0.000000s ]
INFO: [ app_begin ] --START--
INFO: Run Behavior\ReadHtmlCacheBehavior [ RunTime:0.000000s ]
INFO: [ app_begin ] --END-- [ RunTime:0.000000s ]
INFO: [ view_filter ] --START--
INFO: Run Behavior\WriteHtmlCacheBehavior [ RunTime:0.000000s ]
INFO: [ view_filter ] --END-- [ RunTime:0.000000s ]
INFO: [ app_end ] --START--
INFO: Run Behavior\ShowPageTraceBehavior [ RunTime:0.000000s ]
INFO: [ app_end ] --END-- [ RunTime:0.000000s ]

[ 2017-11-01T17:06:25+08:00 ] 127.0.0.1 /Business/Center/notices
INFO: [ app_init ] --START--
INFO: Run Behavior\BuildLiteBehavior [ RunTime:0.000000s ]
INFO: [ app_init ] --END-- [ RunTime:0.001000s ]
INFO: [ app_begin ] --START--
INFO: Run Behavior\ReadHtmlCacheBehavior [ RunTime:0.000000s ]
INFO: [ app_begin ] --END-- [ RunTime:0.000000s ]
SQL: SHOW COLUMNS FROM `notices` [ RunTime:0.0110s ]
SQL: SELECT COUNT(*) AS tp_count FROM `notices` WHERE `business_id` = 10001 LIMIT 1   [ RunTime:0.0080s ]
SQL: SELECT * FROM `notices` WHERE `business_id` = 10001 ORDER BY add_time desc LIMIT 0,10   [ RunTime:0.0080s ]
INFO: [ view_filter ] --START--
INFO: Run Behavior\WriteHtmlCacheBehavior [ RunTime:0.000000s ]
INFO: [ view_filter ] --END-- [ RunTime:0.001000s ]
INFO: [ app_end ] --START--
INFO: Run Behavior\ShowPageTraceBehavior [ RunTime:0.000000s ]
INFO: [ app_end ] --END-- [ RunTime:0.000000s ]

[ 2017-11-01T17:06:26+08:00 ] 127.0.0.1 /Business/Center/notices_num
INFO: [ app_init ] --START--
INFO: Run Behavior\BuildLiteBehavior [ RunTime:0.000000s ]
INFO: [ app_init ] --END-- [ RunTime:0.000000s ]
INFO: [ app_begin ] --START--
INFO: Run Behavior\ReadHtmlCacheBehavior [ RunTime:0.001000s ]
INFO: [ app_begin ] --END-- [ RunTime:0.001000s ]
SQL: SHOW COLUMNS FROM `business` [ RunTime:0.2490s ]
SQL: SELECT `status` FROM `business` WHERE ( business_id = 10001 ) LIMIT 1   [ RunTime:0.0240s ]
SQL: SHOW COLUMNS FROM `notices` [ RunTime:0.0510s ]
SQL: SELECT COUNT(*) AS tp_count FROM `notices` WHERE `business_id` = 10001 AND `is_read` = 0 LIMIT 1   [ RunTime:0.0200s ]
SQL: SELECT `business_logo` FROM `business` WHERE `business_id` = 10001 LIMIT 1   [ RunTime:0.0080s ]

[ 2017-11-01T17:06:27+08:00 ] 127.0.0.1 /Business/Center/recommend
INFO: [ app_init ] --START--
INFO: Run Behavior\BuildLiteBehavior [ RunTime:0.000000s ]
INFO: [ app_init ] --END-- [ RunTime:0.000000s ]
INFO: [ app_begin ] --START--
INFO: Run Behavior\ReadHtmlCacheBehavior [ RunTime:0.000000s ]
INFO: [ app_begin ] --END-- [ RunTime:0.000000s ]
SQL: SHOW COLUMNS FROM `placard` [ RunTime:0.0300s ]
SQL: SELECT COUNT(*) AS tp_count FROM `placard` LIMIT 1   [ RunTime:0.0100s ]
SQL: SHOW COLUMNS FROM `business` [ RunTime:0.2730s ]
SQL: SELECT `status`,`legal_name`,`company_name`,`phone_num`,`add_time`,`reward_piao`,`activate_time` FROM `business` WHERE ( leader = 10001 ) LIMIT 0,10   [ RunTime:0.0620s ]
SQL: SELECT SUM(reward_piao) AS tp_sum FROM `business` WHERE ( leader = 10001 ) LIMIT 1   [ RunTime:0.0620s ]
SQL: SHOW COLUMNS FROM `system_config` [ RunTime:0.0240s ]
SQL: SELECT * FROM `system_config`  [ RunTime:0.0240s ]
INFO: [ view_filter ] --START--
INFO: Run Behavior\WriteHtmlCacheBehavior [ RunTime:0.000000s ]
INFO: [ view_filter ] --END-- [ RunTime:0.000000s ]
INFO: [ app_end ] --START--
INFO: Run Behavior\ShowPageTraceBehavior [ RunTime:0.000000s ]
INFO: [ app_end ] --END-- [ RunTime:0.000000s ]

[ 2017-11-01T17:06:33+08:00 ] 127.0.0.1 /Business/Finance/piao_log
INFO: [ app_init ] --START--
INFO: Run Behavior\BuildLiteBehavior [ RunTime:0.000000s ]
INFO: [ app_init ] --END-- [ RunTime:0.001001s ]
INFO: [ app_begin ] --START--
INFO: Run Behavior\ReadHtmlCacheBehavior [ RunTime:0.001000s ]
INFO: [ app_begin ] --END-- [ RunTime:0.001000s ]
SQL: SHOW COLUMNS FROM `piao_log` [ RunTime:0.0100s ]
SQL: SELECT COUNT(*) AS tp_count FROM `piao_log` WHERE `business_id` = 10001 LIMIT 1   [ RunTime:0.0070s ]
NOTIC: [8] Undefined index: start_time C:\wnmp\nginx\www\zzlgx\Application\Business\Controller\FinanceController.class.php 第 513 行.
NOTIC: [8] Undefined index: end_time C:\wnmp\nginx\www\zzlgx\Application\Business\Controller\FinanceController.class.php 第 516 行.
NOTIC: [8] Undefined index: start_time C:\wnmp\nginx\www\zzlgx\Application\Business\Controller\FinanceController.class.php 第 519 行.
NOTIC: [8] Undefined index: type C:\wnmp\nginx\www\zzlgx\Application\Business\Controller\FinanceController.class.php 第 522 行.
NOTIC: [8] Undefined index: description C:\wnmp\nginx\www\zzlgx\Application\Business\Controller\FinanceController.class.php 第 525 行.
SQL: SELECT * FROM `piao_log` WHERE `business_id` = 10001 ORDER BY add_time desc LIMIT 0,10   [ RunTime:0.0140s ]
NOTIC: [8] Undefined index: start_time C:\wnmp\nginx\www\zzlgx\Application\Business\View\Finance\piao_log.phtml 第 58 行.
NOTIC: [8] Undefined index: end_time C:\wnmp\nginx\www\zzlgx\Application\Business\View\Finance\piao_log.phtml 第 59 行.
NOTIC: [8] Undefined index: type C:\wnmp\nginx\www\zzlgx\Application\Business\View\Finance\piao_log.phtml 第 65 行.
NOTIC: [8] Undefined index: type C:\wnmp\nginx\www\zzlgx\Application\Business\View\Finance\piao_log.phtml 第 66 行.
NOTIC: [8] Undefined index: description C:\wnmp\nginx\www\zzlgx\Application\Business\View\Finance\piao_log.phtml 第 71 行.
NOTIC: [8] Undefined index: description C:\wnmp\nginx\www\zzlgx\Application\Business\View\Finance\piao_log.phtml 第 72 行.
NOTIC: [8] Undefined index: description C:\wnmp\nginx\www\zzlgx\Application\Business\View\Finance\piao_log.phtml 第 73 行.
NOTIC: [8] Undefined index: description C:\wnmp\nginx\www\zzlgx\Application\Business\View\Finance\piao_log.phtml 第 74 行.
NOTIC: [8] Undefined index: description C:\wnmp\nginx\www\zzlgx\Application\Business\View\Finance\piao_log.phtml 第 75 行.
NOTIC: [8] Undefined index: description C:\wnmp\nginx\www\zzlgx\Application\Business\View\Finance\piao_log.phtml 第 76 行.
INFO: [ view_filter ] --START--
INFO: Run Behavior\WriteHtmlCacheBehavior [ RunTime:0.001000s ]
INFO: [ view_filter ] --END-- [ RunTime:0.001000s ]
INFO: [ app_end ] --START--
INFO: Run Behavior\ShowPageTraceBehavior [ RunTime:0.000000s ]
INFO: [ app_end ] --END-- [ RunTime:0.000000s ]

[ 2017-11-01T17:06:35+08:00 ] 127.0.0.1 /Business/Finance/withdraw
INFO: [ app_init ] --START--
INFO: Run Behavior\BuildLiteBehavior [ RunTime:0.000000s ]
INFO: [ app_init ] --END-- [ RunTime:0.000000s ]
INFO: [ app_begin ] --START--
INFO: Run Behavior\ReadHtmlCacheBehavior [ RunTime:0.000000s ]
INFO: [ app_begin ] --END-- [ RunTime:0.000000s ]
SQL: SHOW COLUMNS FROM `business` [ RunTime:0.2080s ]
SQL: SELECT `piao` FROM `business` WHERE ( business_id = 10001 ) LIMIT 1   [ RunTime:0.0210s ]
SQL: SHOW COLUMNS FROM `system_config` [ RunTime:0.0080s ]
SQL: SELECT * FROM `system_config`  [ RunTime:0.0070s ]
SQL: SELECT `security` FROM `business` WHERE ( business_id = 10001 ) LIMIT 1   [ RunTime:0.0080s ]
SQL: select * from bank_card,bank where bank_card.bank_id = bank.bank_id and bank_card.business_id = 10001 [ RunTime:0.0110s ]
INFO: [ view_filter ] --START--
INFO: Run Behavior\WriteHtmlCacheBehavior [ RunTime:0.000000s ]
INFO: [ view_filter ] --END-- [ RunTime:0.000000s ]
INFO: [ app_end ] --START--
INFO: Run Behavior\ShowPageTraceBehavior [ RunTime:0.000000s ]
INFO: [ app_end ] --END-- [ RunTime:0.001000s ]

[ 2017-11-01T17:06:37+08:00 ] 127.0.0.1 /Business/Index/index_base
INFO: [ app_init ] --START--
INFO: Run Behavior\BuildLiteBehavior [ RunTime:0.000000s ]
INFO: [ app_init ] --END-- [ RunTime:0.000000s ]
INFO: [ app_begin ] --START--
INFO: Run Behavior\ReadHtmlCacheBehavior [ RunTime:0.000000s ]
INFO: [ app_begin ] --END-- [ RunTime:0.000000s ]
SQL: SHOW COLUMNS FROM `business` [ RunTime:0.2160s ]
SQL: SELECT * FROM `business` WHERE `business_id` = 10001 LIMIT 1   [ RunTime:0.2610s ]
SQL: SHOW COLUMNS FROM `member_10001` [ RunTime:0.0660s ]
SQL: SELECT COUNT(*) AS tp_count FROM `member_10001` LIMIT 1   [ RunTime:0.0160s ]
SQL: SHOW COLUMNS FROM `dispense` [ RunTime:0.0110s ]
SQL: SELECT SUM(pay_num) AS tp_sum FROM `dispense` WHERE `business_id` = 10001 AND ( `add_time` > '2017-11-01 00:00:00' AND `add_time` < '2017-11-01 23:59:59'  ) LIMIT 1   [ RunTime:0.0080s ]
SQL: SELECT * FROM `business` WHERE ( business_id = 10001 ) LIMIT 1   [ RunTime:0.2870s ]
SQL: SHOW COLUMNS FROM `profession` [ RunTime:0.1050s ]
SQL: SELECT * FROM `profession`  [ RunTime:0.0160s ]
SQL: SELECT SUM(reward_piao) AS tp_sum FROM `business` WHERE ( leader = 10001 ) LIMIT 1   [ RunTime:0.0160s ]
SQL: SELECT SUM(add_piao) AS tp_sum FROM `dispense` WHERE `business_id` = 10001 LIMIT 1   [ RunTime:0.0200s ]
SQL: SHOW COLUMNS FROM `order` [ RunTime:0.0210s ]
SQL: SELECT SUM(sell_business_piao) AS tp_sum FROM `order` WHERE `sell_business_id` = 10001 LIMIT 1   [ RunTime:0.0830s ]
SQL: SELECT SUM(business_piao) AS tp_sum FROM `order` WHERE `business_id` = 10001 AND `sell_business_id` <> 0 LIMIT 1   [ RunTime:0.0080s ]
SQL: SELECT SUM(business_piao) AS tp_sum FROM `order` WHERE `business_id` = 10001 AND `sell_business_id` = 0 LIMIT 1   [ RunTime:0.0080s ]
SQL: SHOW COLUMNS FROM `finance_log` [ RunTime:0.0070s ]
SQL: SELECT SUM(piao) AS tp_sum FROM `finance_log` WHERE `business_id` = 10001 AND `type` = 1 LIMIT 1   [ RunTime:0.0080s ]
SQL: SELECT SUM(piao) AS tp_sum FROM `finance_log` WHERE `business_id` = 10001 AND `type` = 2 LIMIT 1   [ RunTime:0.0200s ]
SQL: SELECT COUNT(*) AS tp_count FROM `business` WHERE ( leader = 10001 ) LIMIT 1   [ RunTime:0.0070s ]
SQL: SHOW COLUMNS FROM `placard` [ RunTime:0.0080s ]
SQL: SELECT * FROM `placard` ORDER BY add_time desc LIMIT 7   [ RunTime:0.0080s ]
INFO: [ view_filter ] --START--
INFO: Run Behavior\WriteHtmlCacheBehavior [ RunTime:0.000000s ]
INFO: [ view_filter ] --END-- [ RunTime:0.000000s ]
INFO: [ app_end ] --START--
INFO: Run Behavior\ShowPageTraceBehavior [ RunTime:0.000000s ]
INFO: [ app_end ] --END-- [ RunTime:0.000000s ]

[ 2017-11-01T17:06:41+08:00 ] 127.0.0.1 /Business/Finance/withdraw
INFO: [ app_init ] --START--
INFO: Run Behavior\BuildLiteBehavior [ RunTime:0.000000s ]
INFO: [ app_init ] --END-- [ RunTime:0.000000s ]
INFO: [ app_begin ] --START--
INFO: Run Behavior\ReadHtmlCacheBehavior [ RunTime:0.000000s ]
INFO: [ app_begin ] --END-- [ RunTime:0.000000s ]
SQL: SHOW COLUMNS FROM `business` [ RunTime:0.2540s ]
SQL: SELECT `piao` FROM `business` WHERE ( business_id = 10001 ) LIMIT 1   [ RunTime:0.0100s ]
SQL: SHOW COLUMNS FROM `system_config` [ RunTime:0.0110s ]
SQL: SELECT * FROM `system_config`  [ RunTime:0.0090s ]
SQL: SELECT `security` FROM `business` WHERE ( business_id = 10001 ) LIMIT 1   [ RunTime:0.0080s ]
SQL: select * from bank_card,bank where bank_card.bank_id = bank.bank_id and bank_card.business_id = 10001 [ RunTime:0.0100s ]
INFO: [ view_filter ] --START--
INFO: Run Behavior\WriteHtmlCacheBehavior [ RunTime:0.000000s ]
INFO: [ view_filter ] --END-- [ RunTime:0.000000s ]
INFO: [ app_end ] --START--
INFO: Run Behavior\ShowPageTraceBehavior [ RunTime:0.000000s ]
INFO: [ app_end ] --END-- [ RunTime:0.000000s ]

[ 2017-11-01T17:06:53+08:00 ] 127.0.0.1 /Business/Finance/finance_log
INFO: [ app_init ] --START--
INFO: Run Behavior\BuildLiteBehavior [ RunTime:0.000000s ]
INFO: [ app_init ] --END-- [ RunTime:0.000000s ]
INFO: [ app_begin ] --START--
INFO: Run Behavior\ReadHtmlCacheBehavior [ RunTime:0.001000s ]
INFO: [ app_begin ] --END-- [ RunTime:0.001000s ]
SQL: SHOW COLUMNS FROM `finance_log` [ RunTime:0.0090s ]
SQL: SELECT COUNT(*) AS tp_count FROM `finance_log` WHERE ( business_id = 10001 ) LIMIT 1   [ RunTime:0.0190s ]
NOTIC: [8] Undefined index: start_time C:\wnmp\nginx\www\zzlgx\Application\Business\Controller\FinanceController.class.php 第 465 行.
NOTIC: [8] Undefined index: end_time C:\wnmp\nginx\www\zzlgx\Application\Business\Controller\FinanceController.class.php 第 468 行.
NOTIC: [8] Undefined index: start_time C:\wnmp\nginx\www\zzlgx\Application\Business\Controller\FinanceController.class.php 第 471 行.
NOTIC: [8] Undefined index: type C:\wnmp\nginx\www\zzlgx\Application\Business\Controller\FinanceController.class.php 第 474 行.
SQL: select * from finance_log where business_id = 10001 order by add_time desc limit 0,10 [ RunTime:0.0110s ]
SQL: SELECT COUNT(*) AS tp_count FROM `finance_log` WHERE ( business_id = 10001 and type = 1 ) LIMIT 1   [ RunTime:0.0140s ]
NOTIC: [8] Undefined index: start_time C:\wnmp\nginx\www\zzlgx\Application\Business\View\Finance\finance_log.phtml 第 58 行.
NOTIC: [8] Undefined index: end_time C:\wnmp\nginx\www\zzlgx\Application\Business\View\Finance\finance_log.phtml 第 59 行.
NOTIC: [8] Undefined index: type C:\wnmp\nginx\www\zzlgx\Application\Business\View\Finance\finance_log.phtml 第 65 行.
NOTIC: [8] Undefined index: type C:\wnmp\nginx\www\zzlgx\Application\Business\View\Finance\finance_log.phtml 第 66 行.
INFO: [ view_filter ] --START--
INFO: Run Behavior\WriteHtmlCacheBehavior [ RunTime:0.000000s ]
INFO: [ view_filter ] --END-- [ RunTime:0.000000s ]
INFO: [ app_end ] --START--
INFO: Run Behavior\ShowPageTraceBehavior [ RunTime:0.000000s ]
INFO: [ app_end ] --END-- [ RunTime:0.000000s ]

[ 2017-11-01T17:06:54+08:00 ] 127.0.0.1 /Business/Center/notices_num
INFO: [ app_init ] --START--
INFO: Run Behavior\BuildLiteBehavior [ RunTime:0.000000s ]
INFO: [ app_init ] --END-- [ RunTime:0.000000s ]
INFO: [ app_begin ] --START--
INFO: Run Behavior\ReadHtmlCacheBehavior [ RunTime:0.000000s ]
INFO: [ app_begin ] --END-- [ RunTime:0.000000s ]
SQL: SHOW COLUMNS FROM `business` [ RunTime:0.2260s ]
SQL: SELECT `status` FROM `business` WHERE ( business_id = 10001 ) LIMIT 1   [ RunTime:0.0550s ]
SQL: SHOW COLUMNS FROM `notices` [ RunTime:0.0110s ]
SQL: SELECT COUNT(*) AS tp_count FROM `notices` WHERE `business_id` = 10001 AND `is_read` = 0 LIMIT 1   [ RunTime:0.0080s ]
SQL: SELECT `business_logo` FROM `business` WHERE `business_id` = 10001 LIMIT 1   [ RunTime:0.0170s ]

[ 2017-11-01T17:06:54+08:00 ] 127.0.0.1 /Business/Finance/bank_card
INFO: [ app_init ] --START--
INFO: Run Behavior\BuildLiteBehavior [ RunTime:0.000000s ]
INFO: [ app_init ] --END-- [ RunTime:0.000000s ]
INFO: [ app_begin ] --START--
INFO: Run Behavior\ReadHtmlCacheBehavior [ RunTime:0.000000s ]
INFO: [ app_begin ] --END-- [ RunTime:0.000000s ]
SQL: select * from bank_card,bank where bank_card.bank_id = bank.bank_id and bank_card.business_id = 10001 [ RunTime:0.0130s ]
INFO: [ view_filter ] --START--
INFO: Run Behavior\WriteHtmlCacheBehavior [ RunTime:0.001000s ]
INFO: [ view_filter ] --END-- [ RunTime:0.001000s ]
INFO: [ app_end ] --START--
INFO: Run Behavior\ShowPageTraceBehavior [ RunTime:0.000000s ]
INFO: [ app_end ] --END-- [ RunTime:0.000000s ]

[ 2017-11-01T17:06:56+08:00 ] 127.0.0.1 /Business/Finance/bank_card_action
INFO: [ app_init ] --START--
INFO: Run Behavior\BuildLiteBehavior [ RunTime:0.000000s ]
INFO: [ app_init ] --END-- [ RunTime:0.000000s ]
INFO: [ app_begin ] --START--
INFO: Run Behavior\ReadHtmlCacheBehavior [ RunTime:0.000000s ]
INFO: [ app_begin ] --END-- [ RunTime:0.000000s ]
SQL: SHOW COLUMNS FROM `bank` [ RunTime:0.0370s ]
SQL: SELECT * FROM `bank`  [ RunTime:0.0150s ]
INFO: [ view_filter ] --START--
INFO: Run Behavior\WriteHtmlCacheBehavior [ RunTime:0.001000s ]
INFO: [ view_filter ] --END-- [ RunTime:0.001000s ]
INFO: [ app_end ] --START--
INFO: Run Behavior\ShowPageTraceBehavior [ RunTime:0.000000s ]
INFO: [ app_end ] --END-- [ RunTime:0.000000s ]

[ 2017-11-01T17:07:54+08:00 ] 127.0.0.1 /Business/Center/notices_num
INFO: [ app_init ] --START--
INFO: Run Behavior\BuildLiteBehavior [ RunTime:0.000000s ]
INFO: [ app_init ] --END-- [ RunTime:0.001000s ]
INFO: [ app_begin ] --START--
INFO: Run Behavior\ReadHtmlCacheBehavior [ RunTime:0.000000s ]
INFO: [ app_begin ] --END-- [ RunTime:0.000000s ]
SQL: SHOW COLUMNS FROM `business` [ RunTime:0.2170s ]
SQL: SELECT `status` FROM `business` WHERE ( business_id = 10001 ) LIMIT 1   [ RunTime:0.0540s ]
SQL: SHOW COLUMNS FROM `notices` [ RunTime:0.0160s ]
SQL: SELECT COUNT(*) AS tp_count FROM `notices` WHERE `business_id` = 10001 AND `is_read` = 0 LIMIT 1   [ RunTime:0.0070s ]
SQL: SELECT `business_logo` FROM `business` WHERE `business_id` = 10001 LIMIT 1   [ RunTime:0.0100s ]

[ 2017-11-01T17:08:55+08:00 ] 127.0.0.1 /Business/Center/notices_num
INFO: [ app_init ] --START--
INFO: Run Behavior\BuildLiteBehavior [ RunTime:0.000000s ]
INFO: [ app_init ] --END-- [ RunTime:0.000000s ]
INFO: [ app_begin ] --START--
INFO: Run Behavior\ReadHtmlCacheBehavior [ RunTime:0.001000s ]
INFO: [ app_begin ] --END-- [ RunTime:0.001000s ]
SQL: SHOW COLUMNS FROM `business` [ RunTime:0.2480s ]
SQL: SELECT `status` FROM `business` WHERE ( business_id = 10001 ) LIMIT 1   [ RunTime:0.0570s ]
SQL: SHOW COLUMNS FROM `notices` [ RunTime:0.0120s ]
SQL: SELECT COUNT(*) AS tp_count FROM `notices` WHERE `business_id` = 10001 AND `is_read` = 0 LIMIT 1   [ RunTime:0.0090s ]
SQL: SELECT `business_logo` FROM `business` WHERE `business_id` = 10001 LIMIT 1   [ RunTime:0.0140s ]

[ 2017-11-01T17:09:55+08:00 ] 127.0.0.1 /Business/Center/notices_num
INFO: [ app_init ] --START--
INFO: Run Behavior\BuildLiteBehavior [ RunTime:0.000000s ]
INFO: [ app_init ] --END-- [ RunTime:0.000000s ]
INFO: [ app_begin ] --START--
INFO: Run Behavior\ReadHtmlCacheBehavior [ RunTime:0.000000s ]
INFO: [ app_begin ] --END-- [ RunTime:0.000000s ]
SQL: SHOW COLUMNS FROM `business` [ RunTime:0.2730s ]
SQL: SELECT `status` FROM `business` WHERE ( business_id = 10001 ) LIMIT 1   [ RunTime:0.0250s ]
SQL: SHOW COLUMNS FROM `notices` [ RunTime:0.0410s ]
SQL: SELECT COUNT(*) AS tp_count FROM `notices` WHERE `business_id` = 10001 AND `is_read` = 0 LIMIT 1   [ RunTime:0.0570s ]
SQL: SELECT `business_logo` FROM `business` WHERE `business_id` = 10001 LIMIT 1   [ RunTime:0.0610s ]

[ 2017-11-01T17:10:54+08:00 ] 127.0.0.1 /Business/Center/notices_num
INFO: [ app_init ] --START--
INFO: Run Behavior\BuildLiteBehavior [ RunTime:0.000000s ]
INFO: [ app_init ] --END-- [ RunTime:0.000000s ]
INFO: [ app_begin ] --START--
INFO: Run Behavior\ReadHtmlCacheBehavior [ RunTime:0.000000s ]
INFO: [ app_begin ] --END-- [ RunTime:0.000000s ]
SQL: SHOW COLUMNS FROM `business` [ RunTime:0.2180s ]
SQL: SELECT `status` FROM `business` WHERE ( business_id = 10001 ) LIMIT 1   [ RunTime:0.0260s ]
SQL: SHOW COLUMNS FROM `notices` [ RunTime:0.0090s ]
SQL: SELECT COUNT(*) AS tp_count FROM `notices` WHERE `business_id` = 10001 AND `is_read` = 0 LIMIT 1   [ RunTime:0.0440s ]
SQL: SELECT `business_logo` FROM `business` WHERE `business_id` = 10001 LIMIT 1   [ RunTime:0.0100s ]

[ 2017-11-01T17:11:57+08:00 ] 127.0.0.1 /Business/Center/notices_num
INFO: [ app_init ] --START--
INFO: Run Behavior\BuildLiteBehavior [ RunTime:0.000000s ]
INFO: [ app_init ] --END-- [ RunTime:0.001000s ]
INFO: [ app_begin ] --START--
INFO: Run Behavior\ReadHtmlCacheBehavior [ RunTime:0.001000s ]
INFO: [ app_begin ] --END-- [ RunTime:0.001000s ]
SQL: SHOW COLUMNS FROM `business` [ RunTime:0.4340s ]
SQL: SELECT `status` FROM `business` WHERE ( business_id = 10001 ) LIMIT 1   [ RunTime:0.2210s ]
SQL: SHOW COLUMNS FROM `notices` [ RunTime:0.1470s ]
SQL: SELECT COUNT(*) AS tp_count FROM `notices` WHERE `business_id` = 10001 AND `is_read` = 0 LIMIT 1   [ RunTime:0.3740s ]
SQL: SELECT `business_logo` FROM `business` WHERE `business_id` = 10001 LIMIT 1   [ RunTime:0.3100s ]

[ 2017-11-01T17:15:28+08:00 ] 127.0.0.1 /Business/Center/notices_num
INFO: [ app_init ] --START--
INFO: Run Behavior\BuildLiteBehavior [ RunTime:0.000000s ]
INFO: [ app_init ] --END-- [ RunTime:0.001000s ]
INFO: [ app_begin ] --START--
INFO: Run Behavior\ReadHtmlCacheBehavior [ RunTime:0.000000s ]
INFO: [ app_begin ] --END-- [ RunTime:0.000000s ]
SQL: SHOW COLUMNS FROM `business` [ RunTime:0.2180s ]
SQL: SELECT `status` FROM `business` WHERE ( business_id = 10001 ) LIMIT 1   [ RunTime:0.0960s ]
SQL: SHOW COLUMNS FROM `notices` [ RunTime:0.0070s ]
SQL: SELECT COUNT(*) AS tp_count FROM `notices` WHERE `business_id` = 10001 AND `is_read` = 0 LIMIT 1   [ RunTime:0.0400s ]
SQL: SELECT `business_logo` FROM `business` WHERE `business_id` = 10001 LIMIT 1   [ RunTime:0.0800s ]

[ 2017-11-01T17:16:56+08:00 ] 127.0.0.1 /Business/Center/notices_num
INFO: [ app_init ] --START--
INFO: Run Behavior\BuildLiteBehavior [ RunTime:0.000000s ]
INFO: [ app_init ] --END-- [ RunTime:0.000000s ]
INFO: [ app_begin ] --START--
INFO: Run Behavior\ReadHtmlCacheBehavior [ RunTime:0.000000s ]
INFO: [ app_begin ] --END-- [ RunTime:0.000000s ]
SQL: SHOW COLUMNS FROM `business` [ RunTime:0.2310s ]
SQL: SELECT `status` FROM `business` WHERE ( business_id = 10001 ) LIMIT 1   [ RunTime:0.0080s ]
SQL: SHOW COLUMNS FROM `notices` [ RunTime:0.0120s ]
SQL: SELECT COUNT(*) AS tp_count FROM `notices` WHERE `business_id` = 10001 AND `is_read` = 0 LIMIT 1   [ RunTime:0.0130s ]
SQL: SELECT `business_logo` FROM `business` WHERE `business_id` = 10001 LIMIT 1   [ RunTime:0.0290s ]

[ 2017-11-01T17:18:01+08:00 ] 127.0.0.1 /Business/Center/notices_num
INFO: [ app_init ] --START--
INFO: Run Behavior\BuildLiteBehavior [ RunTime:0.000000s ]
INFO: [ app_init ] --END-- [ RunTime:0.000000s ]
INFO: [ app_begin ] --START--
INFO: Run Behavior\ReadHtmlCacheBehavior [ RunTime:0.001000s ]
INFO: [ app_begin ] --END-- [ RunTime:0.001000s ]
SQL: SHOW COLUMNS FROM `business` [ RunTime:0.2570s ]
SQL: SELECT `status` FROM `business` WHERE ( business_id = 10001 ) LIMIT 1   [ RunTime:0.1820s ]
SQL: SHOW COLUMNS FROM `notices` [ RunTime:0.0610s ]
SQL: SELECT COUNT(*) AS tp_count FROM `notices` WHERE `business_id` = 10001 AND `is_read` = 0 LIMIT 1   [ RunTime:0.0480s ]
SQL: SELECT `business_logo` FROM `business` WHERE `business_id` = 10001 LIMIT 1   [ RunTime:0.0130s ]

[ 2017-11-01T17:19:40+08:00 ] 127.0.0.1 /Business/Center/notices_num
INFO: [ app_init ] --START--
INFO: Run Behavior\BuildLiteBehavior [ RunTime:0.000000s ]
INFO: [ app_init ] --END-- [ RunTime:0.000000s ]
INFO: [ app_begin ] --START--
INFO: Run Behavior\ReadHtmlCacheBehavior [ RunTime:0.000000s ]
INFO: [ app_begin ] --END-- [ RunTime:0.000000s ]
SQL: SHOW COLUMNS FROM `business` [ RunTime:0.2330s ]
SQL: SELECT `status` FROM `business` WHERE ( business_id = 10001 ) LIMIT 1   [ RunTime:0.0450s ]
SQL: SHOW COLUMNS FROM `notices` [ RunTime:0.0190s ]
SQL: SELECT COUNT(*) AS tp_count FROM `notices` WHERE `business_id` = 10001 AND `is_read` = 0 LIMIT 1   [ RunTime:0.0130s ]
SQL: SELECT `business_logo` FROM `business` WHERE `business_id` = 10001 LIMIT 1   [ RunTime:0.0100s ]

[ 2017-11-01T17:20:51+08:00 ] 127.0.0.1 /Business/Center/notices_num
INFO: [ app_init ] --START--
INFO: Run Behavior\BuildLiteBehavior [ RunTime:0.000000s ]
INFO: [ app_init ] --END-- [ RunTime:0.000000s ]
INFO: [ app_begin ] --START--
INFO: Run Behavior\ReadHtmlCacheBehavior [ RunTime:0.001000s ]
INFO: [ app_begin ] --END-- [ RunTime:0.001000s ]
SQL: SHOW COLUMNS FROM `business` [ RunTime:0.2170s ]
SQL: SELECT `status` FROM `business` WHERE ( business_id = 10001 ) LIMIT 1   [ RunTime:0.0660s ]
SQL: SHOW COLUMNS FROM `notices` [ RunTime:0.0140s ]
SQL: SELECT COUNT(*) AS tp_count FROM `notices` WHERE `business_id` = 10001 AND `is_read` = 0 LIMIT 1   [ RunTime:0.0170s ]
SQL: SELECT `business_logo` FROM `business` WHERE `business_id` = 10001 LIMIT 1   [ RunTime:0.0130s ]

[ 2017-11-01T17:22:13+08:00 ] 127.0.0.1 /Business/Center/notices_num
INFO: [ app_init ] --START--
INFO: Run Behavior\BuildLiteBehavior [ RunTime:0.000000s ]
INFO: [ app_init ] --END-- [ RunTime:0.000000s ]
INFO: [ app_begin ] --START--
INFO: Run Behavior\ReadHtmlCacheBehavior [ RunTime:0.000000s ]
INFO: [ app_begin ] --END-- [ RunTime:0.000000s ]
SQL: SHOW COLUMNS FROM `business` [ RunTime:0.2750s ]
SQL: SELECT `status` FROM `business` WHERE ( business_id = 10001 ) LIMIT 1   [ RunTime:0.0230s ]
SQL: SHOW COLUMNS FROM `notices` [ RunTime:0.0410s ]
SQL: SELECT COUNT(*) AS tp_count FROM `notices` WHERE `business_id` = 10001 AND `is_read` = 0 LIMIT 1   [ RunTime:0.0630s ]
SQL: SELECT `business_logo` FROM `business` WHERE `business_id` = 10001 LIMIT 1   [ RunTime:0.0290s ]

[ 2017-11-01T17:23:27+08:00 ] 127.0.0.1 /Business/Center/notices_num
INFO: [ app_init ] --START--
INFO: Run Behavior\BuildLiteBehavior [ RunTime:0.000000s ]
INFO: [ app_init ] --END-- [ RunTime:0.000000s ]
INFO: [ app_begin ] --START--
INFO: Run Behavior\ReadHtmlCacheBehavior [ RunTime:0.001000s ]
INFO: [ app_begin ] --END-- [ RunTime:0.001000s ]
SQL: SHOW COLUMNS FROM `business` [ RunTime:0.2080s ]
SQL: SELECT `status` FROM `business` WHERE ( business_id = 10001 ) LIMIT 1   [ RunTime:0.0480s ]
SQL: SHOW COLUMNS FROM `notices` [ RunTime:0.0080s ]
SQL: SELECT COUNT(*) AS tp_count FROM `notices` WHERE `business_id` = 10001 AND `is_read` = 0 LIMIT 1   [ RunTime:0.0070s ]
SQL: SELECT `business_logo` FROM `business` WHERE `business_id` = 10001 LIMIT 1   [ RunTime:0.0060s ]

[ 2017-11-01T17:24:24+08:00 ] 127.0.0.1 /Business/Center/notices_num
INFO: [ app_init ] --START--
INFO: Run Behavior\BuildLiteBehavior [ RunTime:0.001000s ]
INFO: [ app_init ] --END-- [ RunTime:0.001000s ]
INFO: [ app_begin ] --START--
INFO: Run Behavior\ReadHtmlCacheBehavior [ RunTime:0.000000s ]
INFO: [ app_begin ] --END-- [ RunTime:0.000000s ]
SQL: SHOW COLUMNS FROM `business` [ RunTime:0.2120s ]
SQL: SELECT `status` FROM `business` WHERE ( business_id = 10001 ) LIMIT 1   [ RunTime:0.0490s ]
SQL: SHOW COLUMNS FROM `notices` [ RunTime:0.0080s ]
SQL: SELECT COUNT(*) AS tp_count FROM `notices` WHERE `business_id` = 10001 AND `is_read` = 0 LIMIT 1   [ RunTime:0.0090s ]
SQL: SELECT `business_logo` FROM `business` WHERE `business_id` = 10001 LIMIT 1   [ RunTime:0.0130s ]

[ 2017-11-01T17:25:21+08:00 ] 127.0.0.1 /Business/Center/notices_num
INFO: [ app_init ] --START--
INFO: Run Behavior\BuildLiteBehavior [ RunTime:0.000000s ]
INFO: [ app_init ] --END-- [ RunTime:0.000000s ]
INFO: [ app_begin ] --START--
INFO: Run Behavior\ReadHtmlCacheBehavior [ RunTime:0.000000s ]
INFO: [ app_begin ] --END-- [ RunTime:0.000000s ]
SQL: SHOW COLUMNS FROM `business` [ RunTime:0.2130s ]
SQL: SELECT `status` FROM `business` WHERE ( business_id = 10001 ) LIMIT 1   [ RunTime:0.0590s ]
SQL: SHOW COLUMNS FROM `notices` [ RunTime:0.0080s ]
SQL: SELECT COUNT(*) AS tp_count FROM `notices` WHERE `business_id` = 10001 AND `is_read` = 0 LIMIT 1   [ RunTime:0.0090s ]
SQL: SELECT `business_logo` FROM `business` WHERE `business_id` = 10001 LIMIT 1   [ RunTime:0.0080s ]

[ 2017-11-01T17:26:19+08:00 ] 127.0.0.1 /Business/Center/notices_num
INFO: [ app_init ] --START--
INFO: Run Behavior\BuildLiteBehavior [ RunTime:0.000000s ]
INFO: [ app_init ] --END-- [ RunTime:0.000000s ]
INFO: [ app_begin ] --START--
INFO: Run Behavior\ReadHtmlCacheBehavior [ RunTime:0.001000s ]
INFO: [ app_begin ] --END-- [ RunTime:0.001000s ]
SQL: SHOW COLUMNS FROM `business` [ RunTime:0.2230s ]
SQL: SELECT `status` FROM `business` WHERE ( business_id = 10001 ) LIMIT 1   [ RunTime:0.0490s ]
SQL: SHOW COLUMNS FROM `notices` [ RunTime:0.0090s ]
SQL: SELECT COUNT(*) AS tp_count FROM `notices` WHERE `business_id` = 10001 AND `is_read` = 0 LIMIT 1   [ RunTime:0.0060s ]
SQL: SELECT `business_logo` FROM `business` WHERE `business_id` = 10001 LIMIT 1   [ RunTime:0.0070s ]

[ 2017-11-01T17:27:17+08:00 ] 127.0.0.1 /Business/Center/notices_num
INFO: [ app_init ] --START--
INFO: Run Behavior\BuildLiteBehavior [ RunTime:0.000000s ]
INFO: [ app_init ] --END-- [ RunTime:0.000000s ]
INFO: [ app_begin ] --START--
INFO: Run Behavior\ReadHtmlCacheBehavior [ RunTime:0.001000s ]
INFO: [ app_begin ] --END-- [ RunTime:0.001000s ]
SQL: SHOW COLUMNS FROM `business` [ RunTime:0.2270s ]
SQL: SELECT `status` FROM `business` WHERE ( business_id = 10001 ) LIMIT 1   [ RunTime:0.0090s ]
SQL: SHOW COLUMNS FROM `notices` [ RunTime:0.0090s ]
SQL: SELECT COUNT(*) AS tp_count FROM `notices` WHERE `business_id` = 10001 AND `is_read` = 0 LIMIT 1   [ RunTime:0.0090s ]
SQL: SELECT `business_logo` FROM `business` WHERE `business_id` = 10001 LIMIT 1   [ RunTime:0.0060s ]

[ 2017-11-01T17:28:11+08:00 ] 127.0.0.1 /Business/Center/notices_num
INFO: [ app_init ] --START--
INFO: Run Behavior\BuildLiteBehavior [ RunTime:0.000000s ]
INFO: [ app_init ] --END-- [ RunTime:0.000000s ]
INFO: [ app_begin ] --START--
INFO: Run Behavior\ReadHtmlCacheBehavior [ RunTime:0.000000s ]
INFO: [ app_begin ] --END-- [ RunTime:0.000000s ]
SQL: SHOW COLUMNS FROM `business` [ RunTime:0.2190s ]
SQL: SELECT `status` FROM `business` WHERE ( business_id = 10001 ) LIMIT 1   [ RunTime:0.0770s ]
SQL: SHOW COLUMNS FROM `notices` [ RunTime:0.0140s ]
SQL: SELECT COUNT(*) AS tp_count FROM `notices` WHERE `business_id` = 10001 AND `is_read` = 0 LIMIT 1   [ RunTime:0.0150s ]
SQL: SELECT `business_logo` FROM `business` WHERE `business_id` = 10001 LIMIT 1   [ RunTime:0.0290s ]

[ 2017-11-01T17:29:15+08:00 ] 127.0.0.1 /Business/Center/notices_num
INFO: [ app_init ] --START--
INFO: Run Behavior\BuildLiteBehavior [ RunTime:0.000000s ]
INFO: [ app_init ] --END-- [ RunTime:0.001000s ]
INFO: [ app_begin ] --START--
INFO: Run Behavior\ReadHtmlCacheBehavior [ RunTime:0.000000s ]
INFO: [ app_begin ] --END-- [ RunTime:0.000000s ]
SQL: SHOW COLUMNS FROM `business` [ RunTime:0.2810s ]
SQL: SELECT `status` FROM `business` WHERE ( business_id = 10001 ) LIMIT 1   [ RunTime:0.0640s ]
SQL: SHOW COLUMNS FROM `notices` [ RunTime:0.0890s ]
SQL: SELECT COUNT(*) AS tp_count FROM `notices` WHERE `business_id` = 10001 AND `is_read` = 0 LIMIT 1   [ RunTime:0.0690s ]
SQL: SELECT `business_logo` FROM `business` WHERE `business_id` = 10001 LIMIT 1   [ RunTime:0.0580s ]

[ 2017-11-01T17:31:07+08:00 ] 127.0.0.1 /Business/Center/notices_num
INFO: [ app_init ] --START--
INFO: Run Behavior\BuildLiteBehavior [ RunTime:0.000000s ]
INFO: [ app_init ] --END-- [ RunTime:0.000000s ]
INFO: [ app_begin ] --START--
INFO: Run Behavior\ReadHtmlCacheBehavior [ RunTime:0.001000s ]
INFO: [ app_begin ] --END-- [ RunTime:0.001000s ]
SQL: SHOW COLUMNS FROM `business` [ RunTime:0.2250s ]
SQL: SELECT `status` FROM `business` WHERE ( business_id = 10001 ) LIMIT 1   [ RunTime:0.0590s ]
SQL: SHOW COLUMNS FROM `notices` [ RunTime:0.0100s ]
SQL: SELECT COUNT(*) AS tp_count FROM `notices` WHERE `business_id` = 10001 AND `is_read` = 0 LIMIT 1   [ RunTime:0.0160s ]
SQL: SELECT `business_logo` FROM `business` WHERE `business_id` = 10001 LIMIT 1   [ RunTime:0.0090s ]

[ 2017-11-01T17:32:17+08:00 ] 127.0.0.1 /Business/Center/notices_num
INFO: [ app_init ] --START--
INFO: Run Behavior\BuildLiteBehavior [ RunTime:0.000000s ]
INFO: [ app_init ] --END-- [ RunTime:0.000000s ]
INFO: [ app_begin ] --START--
INFO: Run Behavior\ReadHtmlCacheBehavior [ RunTime:0.001000s ]
INFO: [ app_begin ] --END-- [ RunTime:0.001000s ]
SQL: SHOW COLUMNS FROM `business` [ RunTime:0.2220s ]
SQL: SELECT `status` FROM `business` WHERE ( business_id = 10001 ) LIMIT 1   [ RunTime:0.0450s ]
SQL: SHOW COLUMNS FROM `notices` [ RunTime:0.0080s ]
SQL: SELECT COUNT(*) AS tp_count FROM `notices` WHERE `business_id` = 10001 AND `is_read` = 0 LIMIT 1   [ RunTime:0.0080s ]
SQL: SELECT `business_logo` FROM `business` WHERE `business_id` = 10001 LIMIT 1   [ RunTime:0.0060s ]

[ 2017-11-01T17:33:16+08:00 ] 127.0.0.1 /Business/Center/notices_num
INFO: [ app_init ] --START--
INFO: Run Behavior\BuildLiteBehavior [ RunTime:0.000000s ]
INFO: [ app_init ] --END-- [ RunTime:0.001000s ]
INFO: [ app_begin ] --START--
INFO: Run Behavior\ReadHtmlCacheBehavior [ RunTime:0.000000s ]
INFO: [ app_begin ] --END-- [ RunTime:0.000000s ]
SQL: SHOW COLUMNS FROM `business` [ RunTime:0.2120s ]
SQL: SELECT `status` FROM `business` WHERE ( business_id = 10001 ) LIMIT 1   [ RunTime:0.0560s ]
ERR: 1146:Table 'zzlgx.notices' doesn't exist
 [ SQL语句 ] : SHOW COLUMNS FROM `notices`
ERR: 1146:Table 'zzlgx.notices' doesn't exist
 [ SQL语句 ] : SHOW COLUMNS FROM `notices`

[ 2017-11-01T17:34:12+08:00 ] 127.0.0.1 /Business/Center/notices_num
INFO: [ app_init ] --START--
INFO: Run Behavior\BuildLiteBehavior [ RunTime:0.000000s ]
INFO: [ app_init ] --END-- [ RunTime:0.000000s ]
INFO: [ app_begin ] --START--
INFO: Run Behavior\ReadHtmlCacheBehavior [ RunTime:0.000000s ]
INFO: [ app_begin ] --END-- [ RunTime:0.000000s ]
SQL: SHOW COLUMNS FROM `business` [ RunTime:0.2180s ]
SQL: SELECT `status` FROM `business` WHERE ( business_id = 10001 ) LIMIT 1   [ RunTime:0.0740s ]
SQL: SHOW COLUMNS FROM `notices` [ RunTime:0.0080s ]
SQL: SELECT COUNT(*) AS tp_count FROM `notices` WHERE `business_id` = 10001 AND `is_read` = 0 LIMIT 1   [ RunTime:0.0160s ]
SQL: SELECT `business_logo` FROM `business` WHERE `business_id` = 10001 LIMIT 1   [ RunTime:0.0100s ]

[ 2017-11-01T17:35:20+08:00 ] 127.0.0.1 /Business/Center/notices_num
INFO: [ app_init ] --START--
INFO: Run Behavior\BuildLiteBehavior [ RunTime:0.001000s ]
INFO: [ app_init ] --END-- [ RunTime:0.001000s ]
INFO: [ app_begin ] --START--
INFO: Run Behavior\ReadHtmlCacheBehavior [ RunTime:0.000000s ]
INFO: [ app_begin ] --END-- [ RunTime:0.000000s ]
SQL: SHOW COLUMNS FROM `business` [ RunTime:0.2250s ]
SQL: SELECT `status` FROM `business` WHERE ( business_id = 10001 ) LIMIT 1   [ RunTime:0.0070s ]
SQL: SHOW COLUMNS FROM `notices` [ RunTime:0.0080s ]
SQL: SELECT COUNT(*) AS tp_count FROM `notices` WHERE `business_id` = 10001 AND `is_read` = 0 LIMIT 1   [ RunTime:0.0090s ]
SQL: SELECT `business_logo` FROM `business` WHERE `business_id` = 10001 LIMIT 1   [ RunTime:0.0120s ]

[ 2017-11-01T17:36:15+08:00 ] 127.0.0.1 /Business/Center/notices_num
INFO: [ app_init ] --START--
INFO: Run Behavior\BuildLiteBehavior [ RunTime:0.000000s ]
INFO: [ app_init ] --END-- [ RunTime:0.000000s ]
INFO: [ app_begin ] --START--
INFO: Run Behavior\ReadHtmlCacheBehavior [ RunTime:0.001000s ]
INFO: [ app_begin ] --END-- [ RunTime:0.001000s ]
SQL: SHOW COLUMNS FROM `business` [ RunTime:0.2210s ]
SQL: SELECT `status` FROM `business` WHERE ( business_id = 10001 ) LIMIT 1   [ RunTime:0.1850s ]
SQL: SHOW COLUMNS FROM `notices` [ RunTime:0.0080s ]
SQL: SELECT COUNT(*) AS tp_count FROM `notices` WHERE `business_id` = 10001 AND `is_read` = 0 LIMIT 1   [ RunTime:0.0230s ]
SQL: SELECT `business_logo` FROM `business` WHERE `business_id` = 10001 LIMIT 1   [ RunTime:0.0080s ]

[ 2017-11-01T17:37:27+08:00 ] 127.0.0.1 /Business/Center/notices_num
INFO: [ app_init ] --START--
INFO: Run Behavior\BuildLiteBehavior [ RunTime:0.001000s ]
INFO: [ app_init ] --END-- [ RunTime:0.001000s ]
INFO: [ app_begin ] --START--
INFO: Run Behavior\ReadHtmlCacheBehavior [ RunTime:0.000000s ]
INFO: [ app_begin ] --END-- [ RunTime:0.000000s ]
SQL: SHOW COLUMNS FROM `business` [ RunTime:0.2310s ]
SQL: SELECT `status` FROM `business` WHERE ( business_id = 10001 ) LIMIT 1   [ RunTime:0.0090s ]
SQL: SHOW COLUMNS FROM `notices` [ RunTime:0.0080s ]
SQL: SELECT COUNT(*) AS tp_count FROM `notices` WHERE `business_id` = 10001 AND `is_read` = 0 LIMIT 1   [ RunTime:0.0120s ]
SQL: SELECT `business_logo` FROM `business` WHERE `business_id` = 10001 LIMIT 1   [ RunTime:0.0130s ]

[ 2017-11-01T17:38:23+08:00 ] 127.0.0.1 /Business/Center/notices_num
INFO: [ app_init ] --START--
INFO: Run Behavior\BuildLiteBehavior [ RunTime:0.000000s ]
INFO: [ app_init ] --END-- [ RunTime:0.000000s ]
INFO: [ app_begin ] --START--
INFO: Run Behavior\ReadHtmlCacheBehavior [ RunTime:0.001000s ]
INFO: [ app_begin ] --END-- [ RunTime:0.001000s ]
SQL: SHOW COLUMNS FROM `business` [ RunTime:0.2220s ]
SQL: SELECT `status` FROM `business` WHERE ( business_id = 10001 ) LIMIT 1   [ RunTime:0.0550s ]
SQL: SHOW COLUMNS FROM `notices` [ RunTime:0.0080s ]
SQL: SELECT COUNT(*) AS tp_count FROM `notices` WHERE `business_id` = 10001 AND `is_read` = 0 LIMIT 1   [ RunTime:0.0070s ]
SQL: SELECT `business_logo` FROM `business` WHERE `business_id` = 10001 LIMIT 1   [ RunTime:0.0080s ]

[ 2017-11-01T17:39:25+08:00 ] 127.0.0.1 /Business/Center/notices_num
INFO: [ app_init ] --START--
INFO: Run Behavior\BuildLiteBehavior [ RunTime:0.000000s ]
INFO: [ app_init ] --END-- [ RunTime:0.000000s ]
INFO: [ app_begin ] --START--
INFO: Run Behavior\ReadHtmlCacheBehavior [ RunTime:0.000000s ]
INFO: [ app_begin ] --END-- [ RunTime:0.000000s ]
SQL: SHOW COLUMNS FROM `business` [ RunTime:0.3830s ]
SQL: SELECT `status` FROM `business` WHERE ( business_id = 10001 ) LIMIT 1   [ RunTime:0.0580s ]
SQL: SHOW COLUMNS FROM `notices` [ RunTime:0.0100s ]
SQL: SELECT COUNT(*) AS tp_count FROM `notices` WHERE `business_id` = 10001 AND `is_read` = 0 LIMIT 1   [ RunTime:0.0150s ]
SQL: SELECT `business_logo` FROM `business` WHERE `business_id` = 10001 LIMIT 1   [ RunTime:0.0320s ]

[ 2017-11-01T17:41:17+08:00 ] 127.0.0.1 /Business/Center/notices_num
INFO: [ app_init ] --START--
INFO: Run Behavior\BuildLiteBehavior [ RunTime:0.000000s ]
INFO: [ app_init ] --END-- [ RunTime:0.001000s ]
INFO: [ app_begin ] --START--
INFO: Run Behavior\ReadHtmlCacheBehavior [ RunTime:0.000000s ]
INFO: [ app_begin ] --END-- [ RunTime:0.000000s ]
SQL: SHOW COLUMNS FROM `business` [ RunTime:0.2210s ]
SQL: SELECT `status` FROM `business` WHERE ( business_id = 10001 ) LIMIT 1   [ RunTime:0.0470s ]
SQL: SHOW COLUMNS FROM `notices` [ RunTime:0.0070s ]
SQL: SELECT COUNT(*) AS tp_count FROM `notices` WHERE `business_id` = 10001 AND `is_read` = 0 LIMIT 1   [ RunTime:0.0130s ]
SQL: SELECT `business_logo` FROM `business` WHERE `business_id` = 10001 LIMIT 1   [ RunTime:0.0060s ]

[ 2017-11-01T17:42:14+08:00 ] 127.0.0.1 /Business/Center/notices_num
INFO: [ app_init ] --START--
INFO: Run Behavior\BuildLiteBehavior [ RunTime:0.000000s ]
INFO: [ app_init ] --END-- [ RunTime:0.000000s ]
INFO: [ app_begin ] --START--
INFO: Run Behavior\ReadHtmlCacheBehavior [ RunTime:0.000000s ]
INFO: [ app_begin ] --END-- [ RunTime:0.000000s ]
SQL: SHOW COLUMNS FROM `business` [ RunTime:0.2200s ]
SQL: SELECT `status` FROM `business` WHERE ( business_id = 10001 ) LIMIT 1   [ RunTime:0.1670s ]
SQL: SHOW COLUMNS FROM `notices` [ RunTime:0.0100s ]
SQL: SELECT COUNT(*) AS tp_count FROM `notices` WHERE `business_id` = 10001 AND `is_read` = 0 LIMIT 1   [ RunTime:0.0080s ]
SQL: SELECT `business_logo` FROM `business` WHERE `business_id` = 10001 LIMIT 1   [ RunTime:0.0060s ]

[ 2017-11-01T17:43:28+08:00 ] 127.0.0.1 /Business/Center/notices_num
INFO: [ app_init ] --START--
INFO: Run Behavior\BuildLiteBehavior [ RunTime:0.000000s ]
INFO: [ app_init ] --END-- [ RunTime:0.000000s ]
INFO: [ app_begin ] --START--
INFO: Run Behavior\ReadHtmlCacheBehavior [ RunTime:0.001000s ]
INFO: [ app_begin ] --END-- [ RunTime:0.001000s ]
SQL: SHOW COLUMNS FROM `business` [ RunTime:0.2500s ]
SQL: SELECT `status` FROM `business` WHERE ( business_id = 10001 ) LIMIT 1   [ RunTime:0.0800s ]
SQL: SHOW COLUMNS FROM `notices` [ RunTime:0.0150s ]
SQL: SELECT COUNT(*) AS tp_count FROM `notices` WHERE `business_id` = 10001 AND `is_read` = 0 LIMIT 1   [ RunTime:0.0090s ]
SQL: SELECT `business_logo` FROM `business` WHERE `business_id` = 10001 LIMIT 1   [ RunTime:0.0480s ]

[ 2017-11-01T17:44:53+08:00 ] 127.0.0.1 /Business/Center/notices_num
INFO: [ app_init ] --START--
INFO: Run Behavior\BuildLiteBehavior [ RunTime:0.000000s ]
INFO: [ app_init ] --END-- [ RunTime:0.000000s ]
INFO: [ app_begin ] --START--
INFO: Run Behavior\ReadHtmlCacheBehavior [ RunTime:0.000000s ]
INFO: [ app_begin ] --END-- [ RunTime:0.000000s ]
SQL: SHOW COLUMNS FROM `business` [ RunTime:0.6910s ]
SQL: SELECT `status` FROM `business` WHERE ( business_id = 10001 ) LIMIT 1   [ RunTime:0.1110s ]
SQL: SHOW COLUMNS FROM `notices` [ RunTime:0.0960s ]
SQL: SELECT COUNT(*) AS tp_count FROM `notices` WHERE `business_id` = 10001 AND `is_read` = 0 LIMIT 1   [ RunTime:0.1480s ]
SQL: SELECT `business_logo` FROM `business` WHERE `business_id` = 10001 LIMIT 1   [ RunTime:0.0410s ]

[ 2017-11-01T17:48:04+08:00 ] 127.0.0.1 /Business/Center/notices_num
INFO: [ app_init ] --START--
INFO: Run Behavior\BuildLiteBehavior [ RunTime:0.000000s ]
INFO: [ app_init ] --END-- [ RunTime:0.000000s ]
INFO: [ app_begin ] --START--
INFO: Run Behavior\ReadHtmlCacheBehavior [ RunTime:0.001000s ]
INFO: [ app_begin ] --END-- [ RunTime:0.001000s ]
SQL: SHOW COLUMNS FROM `business` [ RunTime:0.2420s ]
SQL: SELECT `status` FROM `business` WHERE ( business_id = 10001 ) LIMIT 1   [ RunTime:0.0200s ]
SQL: SHOW COLUMNS FROM `notices` [ RunTime:0.0070s ]
SQL: SELECT COUNT(*) AS tp_count FROM `notices` WHERE `business_id` = 10001 AND `is_read` = 0 LIMIT 1   [ RunTime:0.0180s ]
SQL: SELECT `business_logo` FROM `business` WHERE `business_id` = 10001 LIMIT 1   [ RunTime:0.0110s ]

[ 2017-11-01T17:49:58+08:00 ] 127.0.0.1 /Business/Center/notices_num
INFO: [ app_init ] --START--
INFO: Run Behavior\BuildLiteBehavior [ RunTime:0.000000s ]
INFO: [ app_init ] --END-- [ RunTime:0.000000s ]
INFO: [ app_begin ] --START--
INFO: Run Behavior\ReadHtmlCacheBehavior [ RunTime:0.000000s ]
INFO: [ app_begin ] --END-- [ RunTime:0.000000s ]
SQL: SHOW COLUMNS FROM `business` [ RunTime:0.2370s ]
SQL: SELECT `status` FROM `business` WHERE ( business_id = 10001 ) LIMIT 1   [ RunTime:0.0550s ]
SQL: SHOW COLUMNS FROM `notices` [ RunTime:0.0090s ]
SQL: SELECT COUNT(*) AS tp_count FROM `notices` WHERE `business_id` = 10001 AND `is_read` = 0 LIMIT 1   [ RunTime:0.0100s ]
SQL: SELECT `business_logo` FROM `business` WHERE `business_id` = 10001 LIMIT 1   [ RunTime:0.0100s ]

