[ 2017-12-29T14:34:11+08:00 ] 127.0.0.1 /Business
INFO: [ app_init ] --START--
INFO: Run Behavior\BuildLiteBehavior [ RunTime:0.000000s ]
INFO: [ app_init ] --END-- [ RunTime:0.000000s ]
INFO: [ app_begin ] --START--
INFO: Run Behavior\ReadHtmlCacheBehavior [ RunTime:0.000000s ]
INFO: [ app_begin ] --END-- [ RunTime:0.000000s ]
NOTIC: [8] Undefined index: business C:\wnmp\nginx\www\zzlgx\Application\Business\Controller\CommonController.class.php 第 16 行.

[ 2017-12-29T14:34:11+08:00 ] 127.0.0.1 /business/log/in
INFO: [ app_init ] --START--
INFO: Run Behavior\BuildLiteBehavior [ RunTime:0.000000s ]
INFO: [ app_init ] --END-- [ RunTime:0.000000s ]
INFO: [ app_begin ] --START--
INFO: Run Behavior\ReadHtmlCacheBehavior [ RunTime:0.001000s ]
INFO: [ app_begin ] --END-- [ RunTime:0.001000s ]
INFO: [ view_filter ] --START--
INFO: Run Behavior\WriteHtmlCacheBehavior [ RunTime:0.049002s ]
INFO: [ view_filter ] --END-- [ RunTime:0.049002s ]
INFO: [ app_end ] --START--
INFO: Run Behavior\ShowPageTraceBehavior [ RunTime:0.039003s ]
INFO: [ app_end ] --END-- [ RunTime:0.039003s ]

[ 2017-12-29T14:34:18+08:00 ] 127.0.0.1 /business/log/in
INFO: [ app_init ] --START--
INFO: Run Behavior\BuildLiteBehavior [ RunTime:0.000000s ]
INFO: [ app_init ] --END-- [ RunTime:0.001000s ]
INFO: [ app_begin ] --START--
INFO: Run Behavior\ReadHtmlCacheBehavior [ RunTime:0.001000s ]
INFO: [ app_begin ] --END-- [ RunTime:0.001000s ]
SQL: SHOW COLUMNS FROM `business` [ RunTime:0.2070s ]
SQL: SELECT * FROM `business` WHERE `business_id` = 10002 AND `password` = 'e10adc3949ba59abbe56e057f20f883e' LIMIT 1   [ RunTime:0.1000s ]
SQL: SELECT * FROM `business` WHERE `phone_num` = '10002' AND `password` = 'e10adc3949ba59abbe56e057f20f883e' LIMIT 1   [ RunTime:0.2850s ]
SQL: UPDATE `business` SET `last_login`='2017-12-29 14:34:18' WHERE `business_id` = 10002 [ RunTime:0.0540s ]

[ 2017-12-29T14:34:18+08:00 ] 127.0.0.1 /business
INFO: [ app_init ] --START--
INFO: Run Behavior\BuildLiteBehavior [ RunTime:0.000000s ]
INFO: [ app_init ] --END-- [ RunTime:0.000000s ]
INFO: [ app_begin ] --START--
INFO: Run Behavior\ReadHtmlCacheBehavior [ RunTime:0.000000s ]
INFO: [ app_begin ] --END-- [ RunTime:0.000000s ]
SQL: SHOW COLUMNS FROM `business` [ RunTime:0.2320s ]
SQL: SELECT `exchange_name`,`status`,`is_dai` FROM `business` WHERE `business_id` = 10002 LIMIT 1   [ RunTime:0.0590s ]
INFO: [ view_filter ] --START--
INFO: Run Behavior\WriteHtmlCacheBehavior [ RunTime:0.001000s ]
INFO: [ view_filter ] --END-- [ RunTime:0.001000s ]
INFO: [ app_end ] --START--
INFO: Run Behavior\ShowPageTraceBehavior [ RunTime:0.002000s ]
INFO: [ app_end ] --END-- [ RunTime:0.002000s ]

[ 2017-12-29T14:34:21+08:00 ] 127.0.0.1 /Business/Index/index_base
INFO: [ app_init ] --START--
INFO: Run Behavior\BuildLiteBehavior [ RunTime:0.000000s ]
INFO: [ app_init ] --END-- [ RunTime:0.000000s ]
INFO: [ app_begin ] --START--
INFO: Run Behavior\ReadHtmlCacheBehavior [ RunTime:0.000000s ]
INFO: [ app_begin ] --END-- [ RunTime:0.000000s ]
SQL: SHOW COLUMNS FROM `business` [ RunTime:0.2300s ]
SQL: SELECT * FROM `business` WHERE `business_id` = 10002 LIMIT 1   [ RunTime:0.1170s ]
SQL: SHOW COLUMNS FROM `member_10002` [ RunTime:0.0700s ]
SQL: SELECT COUNT(*) AS tp_count FROM `member_10002` WHERE ( is_formal = 1 ) LIMIT 1   [ RunTime:0.0150s ]
SQL: SHOW COLUMNS FROM `dispense` [ RunTime:0.0190s ]
SQL: SELECT SUM(pay_num) AS tp_sum FROM `dispense` WHERE `business_id` = 10002 AND ( `add_time` > '2017-12-29 00:00:00' AND `add_time` < '2017-12-29 23:59:59'  ) LIMIT 1   [ RunTime:0.3240s ]
SQL: SELECT * FROM `business` WHERE ( business_id = 10002 ) LIMIT 1   [ RunTime:0.1090s ]
SQL: SHOW COLUMNS FROM `profession` [ RunTime:0.0990s ]
SQL: SELECT * FROM `profession`  [ RunTime:0.0590s ]
SQL: SELECT SUM(reward_piao) AS tp_sum FROM `business` WHERE ( leader = 10002 ) LIMIT 1   [ RunTime:0.0200s ]
SQL: SELECT SUM(add_piao) AS tp_sum FROM `dispense` WHERE `business_id` = 10002 LIMIT 1   [ RunTime:0.0120s ]
SQL: SHOW COLUMNS FROM `order` [ RunTime:0.2380s ]
SQL: SELECT SUM(sell_business_piao) AS tp_sum FROM `order` WHERE `sell_business_id` = 10002 LIMIT 1   [ RunTime:0.0670s ]
SQL: SELECT SUM(business_piao) AS tp_sum FROM `order` WHERE `business_id` = 10002 AND `sell_business_id` <> 0 LIMIT 1   [ RunTime:0.0350s ]
SQL: SELECT SUM(business_piao) AS tp_sum FROM `order` WHERE `business_id` = 10002 AND `sell_business_id` = 0 LIMIT 1   [ RunTime:0.0200s ]
SQL: SHOW COLUMNS FROM `finance_log` [ RunTime:0.0150s ]
SQL: SELECT SUM(piao) AS tp_sum FROM `finance_log` WHERE `business_id` = 10002 AND `type` = 1 LIMIT 1   [ RunTime:0.0160s ]
SQL: SELECT SUM(piao) AS tp_sum FROM `finance_log` WHERE `business_id` = 10002 AND `type` = 2 LIMIT 1   [ RunTime:0.0070s ]
SQL: SELECT COUNT(*) AS tp_count FROM `business` WHERE ( leader = 10002 ) LIMIT 1   [ RunTime:0.0120s ]
SQL: SHOW COLUMNS FROM `placard` [ RunTime:0.0090s ]
SQL: SELECT * FROM `placard` ORDER BY add_time desc LIMIT 7   [ RunTime:0.0130s ]
INFO: [ view_filter ] --START--
INFO: Run Behavior\WriteHtmlCacheBehavior [ RunTime:0.000000s ]
INFO: [ view_filter ] --END-- [ RunTime:0.000000s ]
INFO: [ app_end ] --START--
INFO: Run Behavior\ShowPageTraceBehavior [ RunTime:0.000000s ]
INFO: [ app_end ] --END-- [ RunTime:0.000000s ]

[ 2017-12-29T14:34:21+08:00 ] 127.0.0.1 /Business/Center/notices_num
INFO: [ app_init ] --START--
INFO: Run Behavior\BuildLiteBehavior [ RunTime:0.000000s ]
INFO: [ app_init ] --END-- [ RunTime:0.001000s ]
INFO: [ app_begin ] --START--
INFO: Run Behavior\ReadHtmlCacheBehavior [ RunTime:0.001001s ]
INFO: [ app_begin ] --END-- [ RunTime:0.001001s ]
SQL: SHOW COLUMNS FROM `business` [ RunTime:0.2870s ]
SQL: SELECT `status` FROM `business` WHERE ( business_id = 10002 ) LIMIT 1   [ RunTime:0.0570s ]
SQL: SHOW COLUMNS FROM `notices` [ RunTime:0.0150s ]
SQL: SELECT COUNT(*) AS tp_count FROM `notices` WHERE `business_id` = 10002 AND `is_read` = 0 LIMIT 1   [ RunTime:0.0110s ]
SQL: SELECT `business_logo` FROM `business` WHERE `business_id` = 10002 LIMIT 1   [ RunTime:0.0060s ]

[ 2017-12-29T14:34:25+08:00 ] 127.0.0.1 /business/log/in
INFO: [ app_init ] --START--
INFO: Run Behavior\BuildLiteBehavior [ RunTime:0.000000s ]
INFO: [ app_init ] --END-- [ RunTime:0.000000s ]
INFO: [ app_begin ] --START--
INFO: Run Behavior\ReadHtmlCacheBehavior [ RunTime:0.000000s ]
INFO: [ app_begin ] --END-- [ RunTime:0.000000s ]
INFO: [ view_filter ] --START--
INFO: Run Behavior\WriteHtmlCacheBehavior [ RunTime:0.001000s ]
INFO: [ view_filter ] --END-- [ RunTime:0.001000s ]
INFO: [ app_end ] --START--
INFO: Run Behavior\ShowPageTraceBehavior [ RunTime:0.000000s ]
INFO: [ app_end ] --END-- [ RunTime:0.000000s ]

[ 2017-12-29T14:42:04+08:00 ] 127.0.0.1 /business/log/in
INFO: [ app_init ] --START--
INFO: Run Behavior\BuildLiteBehavior [ RunTime:0.000000s ]
INFO: [ app_init ] --END-- [ RunTime:0.001000s ]
INFO: [ app_begin ] --START--
INFO: Run Behavior\ReadHtmlCacheBehavior [ RunTime:0.000000s ]
INFO: [ app_begin ] --END-- [ RunTime:0.000000s ]
INFO: [ view_filter ] --START--
INFO: Run Behavior\WriteHtmlCacheBehavior [ RunTime:0.000000s ]
INFO: [ view_filter ] --END-- [ RunTime:0.000000s ]
INFO: [ app_end ] --START--
INFO: Run Behavior\ShowPageTraceBehavior [ RunTime:0.001000s ]
INFO: [ app_end ] --END-- [ RunTime:0.001000s ]

[ 2017-12-29T14:42:06+08:00 ] 127.0.0.1 /business/log/in
INFO: [ app_init ] --START--
INFO: Run Behavior\BuildLiteBehavior [ RunTime:0.000000s ]
INFO: [ app_init ] --END-- [ RunTime:0.001000s ]
INFO: [ app_begin ] --START--
INFO: Run Behavior\ReadHtmlCacheBehavior [ RunTime:0.000000s ]
INFO: [ app_begin ] --END-- [ RunTime:0.000000s ]
INFO: [ view_filter ] --START--
INFO: Run Behavior\WriteHtmlCacheBehavior [ RunTime:0.000000s ]
INFO: [ view_filter ] --END-- [ RunTime:0.000000s ]
INFO: [ app_end ] --START--
INFO: Run Behavior\ShowPageTraceBehavior [ RunTime:0.001000s ]
INFO: [ app_end ] --END-- [ RunTime:0.001000s ]

[ 2017-12-29T14:42:08+08:00 ] 127.0.0.1 /business/log/in
INFO: [ app_init ] --START--
INFO: Run Behavior\BuildLiteBehavior [ RunTime:0.000000s ]
INFO: [ app_init ] --END-- [ RunTime:0.000000s ]
INFO: [ app_begin ] --START--
INFO: Run Behavior\ReadHtmlCacheBehavior [ RunTime:0.000000s ]
INFO: [ app_begin ] --END-- [ RunTime:0.001000s ]
INFO: [ view_filter ] --START--
INFO: Run Behavior\WriteHtmlCacheBehavior [ RunTime:0.000000s ]
INFO: [ view_filter ] --END-- [ RunTime:0.000000s ]
INFO: [ app_end ] --START--
INFO: Run Behavior\ShowPageTraceBehavior [ RunTime:0.001000s ]
INFO: [ app_end ] --END-- [ RunTime:0.001000s ]

[ 2017-12-29T14:42:09+08:00 ] 127.0.0.1 /business/log/in
INFO: [ app_init ] --START--
INFO: Run Behavior\BuildLiteBehavior [ RunTime:0.000000s ]
INFO: [ app_init ] --END-- [ RunTime:0.001000s ]
INFO: [ app_begin ] --START--
INFO: Run Behavior\ReadHtmlCacheBehavior [ RunTime:0.001000s ]
INFO: [ app_begin ] --END-- [ RunTime:0.001000s ]
INFO: [ view_filter ] --START--
INFO: Run Behavior\WriteHtmlCacheBehavior [ RunTime:0.001000s ]
INFO: [ view_filter ] --END-- [ RunTime:0.001000s ]
INFO: [ app_end ] --START--
INFO: Run Behavior\ShowPageTraceBehavior [ RunTime:0.001000s ]
INFO: [ app_end ] --END-- [ RunTime:0.001000s ]

[ 2017-12-29T14:42:10+08:00 ] 127.0.0.1 /business/log/in
INFO: [ app_init ] --START--
INFO: Run Behavior\BuildLiteBehavior [ RunTime:0.000000s ]
INFO: [ app_init ] --END-- [ RunTime:0.000000s ]
INFO: [ app_begin ] --START--
INFO: Run Behavior\ReadHtmlCacheBehavior [ RunTime:0.000000s ]
INFO: [ app_begin ] --END-- [ RunTime:0.000000s ]
INFO: [ view_filter ] --START--
INFO: Run Behavior\WriteHtmlCacheBehavior [ RunTime:0.001000s ]
INFO: [ view_filter ] --END-- [ RunTime:0.001000s ]
INFO: [ app_end ] --START--
INFO: Run Behavior\ShowPageTraceBehavior [ RunTime:0.001000s ]
INFO: [ app_end ] --END-- [ RunTime:0.001000s ]

[ 2017-12-29T14:42:10+08:00 ] 127.0.0.1 /business/log/in
INFO: [ app_init ] --START--
INFO: Run Behavior\BuildLiteBehavior [ RunTime:0.000000s ]
INFO: [ app_init ] --END-- [ RunTime:0.000000s ]
INFO: [ app_begin ] --START--
INFO: Run Behavior\ReadHtmlCacheBehavior [ RunTime:0.001000s ]
INFO: [ app_begin ] --END-- [ RunTime:0.001000s ]
INFO: [ view_filter ] --START--
INFO: Run Behavior\WriteHtmlCacheBehavior [ RunTime:0.001000s ]
INFO: [ view_filter ] --END-- [ RunTime:0.001000s ]
INFO: [ app_end ] --START--
INFO: Run Behavior\ShowPageTraceBehavior [ RunTime:0.000000s ]
INFO: [ app_end ] --END-- [ RunTime:0.001000s ]

