[ 2018-01-23T10:29:09+08:00 ] 127.0.0.1 /business
INFO: [ app_init ] --START--
INFO: Run Behavior\BuildLiteBehavior [ RunTime:0.000000s ]
INFO: [ app_init ] --END-- [ RunTime:0.001000s ]
INFO: [ app_begin ] --START--
INFO: Run Behavior\ReadHtmlCacheBehavior [ RunTime:0.001000s ]
INFO: [ app_begin ] --END-- [ RunTime:0.001000s ]
NOTIC: [8] Undefined index: business C:\wnmp\nginx\www\zzlgx\Application\Business\Controller\CommonController.class.php 第 16 行.

[ 2018-01-23T10:29:09+08:00 ] 127.0.0.1 /business/log/in
INFO: [ app_init ] --START--
INFO: Run Behavior\BuildLiteBehavior [ RunTime:0.000000s ]
INFO: [ app_init ] --END-- [ RunTime:0.000000s ]
INFO: [ app_begin ] --START--
INFO: Run Behavior\ReadHtmlCacheBehavior [ RunTime:0.000000s ]
INFO: [ app_begin ] --END-- [ RunTime:0.000000s ]
INFO: [ view_filter ] --START--
INFO: Run Behavior\WriteHtmlCacheBehavior [ RunTime:0.014001s ]
INFO: [ view_filter ] --END-- [ RunTime:0.014001s ]
INFO: [ app_end ] --START--
INFO: Run Behavior\ShowPageTraceBehavior [ RunTime:0.005000s ]
INFO: [ app_end ] --END-- [ RunTime:0.005000s ]

[ 2018-01-23T10:29:19+08:00 ] 127.0.0.1 /business/log/in
INFO: [ app_init ] --START--
INFO: Run Behavior\BuildLiteBehavior [ RunTime:0.000000s ]
INFO: [ app_init ] --END-- [ RunTime:0.001000s ]
INFO: [ app_begin ] --START--
INFO: Run Behavior\ReadHtmlCacheBehavior [ RunTime:0.001000s ]
INFO: [ app_begin ] --END-- [ RunTime:0.001000s ]
SQL: SHOW COLUMNS FROM `business` [ RunTime:1.5231s ]
SQL: SELECT * FROM `business` WHERE `business_id` = 0 AND `password` = '1fe7811da043d86d41fd13195744deff' LIMIT 1   [ RunTime:0.0320s ]
SQL: SELECT * FROM `business` WHERE `phone_num` = 'admin' AND `password` = '1fe7811da043d86d41fd13195744deff' LIMIT 1   [ RunTime:0.2740s ]

