[ 2017-10-20T11:23:04+08:00 ] 127.0.0.1 /favicon.ico
INFO: [ app_init ] --START--
INFO: Run Behavior\BuildLiteBehavior [ RunTime:0.000000s ]
INFO: [ app_init ] --END-- [ RunTime:0.000000s ]
ERR: 无法加载模块:Favicon

[ 2017-10-20T11:23:17+08:00 ] 127.0.0.1 /Public/business/goods/10001/2017_10_19/IXVFM20171019061247.jpg
INFO: [ app_init ] --START--
INFO: Run Behavior\BuildLiteBehavior [ RunTime:0.000000s ]
INFO: [ app_init ] --END-- [ RunTime:0.000000s ]
ERR: 无法加载模块:Public

[ 2017-10-20T11:23:17+08:00 ] 127.0.0.1 /Public/business/goods/10001/2017_10_19/VSAOU20171019090981.jpg
INFO: [ app_init ] --START--
INFO: Run Behavior\BuildLiteBehavior [ RunTime:0.000000s ]
INFO: [ app_init ] --END-- [ RunTime:0.000000s ]
ERR: 无法加载模块:Public

[ 2017-10-20T11:23:17+08:00 ] 127.0.0.1 /Public/business/goods/10001/2017_10_19/YLRPM20171019887000.jpg
INFO: [ app_init ] --START--
INFO: Run Behavior\BuildLiteBehavior [ RunTime:0.000000s ]
INFO: [ app_init ] --END-- [ RunTime:0.000000s ]
ERR: 无法加载模块:Public

[ 2017-10-20T11:23:17+08:00 ] 127.0.0.1 /Public/business/goods/10001/2017_10_19/UTBVR20171019418307.jpg
INFO: [ app_init ] --START--
INFO: Run Behavior\BuildLiteBehavior [ RunTime:0.000000s ]
INFO: [ app_init ] --END-- [ RunTime:0.000000s ]
ERR: 无法加载模块:Public

[ 2017-10-20T11:23:17+08:00 ] 127.0.0.1 /Public/business/goods/10001/2017_10_19/YDZDK20171019692374.jpg
INFO: [ app_init ] --START--
INFO: Run Behavior\BuildLiteBehavior [ RunTime:0.000000s ]
INFO: [ app_init ] --END-- [ RunTime:0.000000s ]
ERR: 无法加载模块:Public

[ 2017-10-20T11:23:17+08:00 ] 127.0.0.1 /Public/business/goods/10001/2017_10_19/HVXWY20171019862222.jpg
INFO: [ app_init ] --START--
INFO: Run Behavior\BuildLiteBehavior [ RunTime:0.000000s ]
INFO: [ app_init ] --END-- [ RunTime:0.000000s ]
ERR: 无法加载模块:Public

[ 2017-10-20T11:24:31+08:00 ] 127.0.0.1 /Public/business/goods/10001/2017_10_19/IXVFM20171019061247.jpg
INFO: [ app_init ] --START--
INFO: Run Behavior\BuildLiteBehavior [ RunTime:0.000000s ]
INFO: [ app_init ] --END-- [ RunTime:0.000000s ]
ERR: 无法加载模块:Public

[ 2017-10-20T11:24:31+08:00 ] 127.0.0.1 /Public/business/goods/10001/2017_10_19/YLRPM20171019887000.jpg
INFO: [ app_init ] --START--
INFO: Run Behavior\BuildLiteBehavior [ RunTime:0.000000s ]
INFO: [ app_init ] --END-- [ RunTime:0.000000s ]
ERR: 无法加载模块:Public

[ 2017-10-20T11:24:31+08:00 ] 127.0.0.1 /Public/business/goods/10001/2017_10_19/UTBVR20171019418307.jpg
INFO: [ app_init ] --START--
INFO: Run Behavior\BuildLiteBehavior [ RunTime:0.000000s ]
INFO: [ app_init ] --END-- [ RunTime:0.000000s ]
ERR: 无法加载模块:Public

[ 2017-10-20T11:24:31+08:00 ] 127.0.0.1 /Public/business/goods/10001/2017_10_19/YDZDK20171019692374.jpg
INFO: [ app_init ] --START--
INFO: Run Behavior\BuildLiteBehavior [ RunTime:0.000000s ]
INFO: [ app_init ] --END-- [ RunTime:0.000000s ]
ERR: 无法加载模块:Public

[ 2017-10-20T11:24:31+08:00 ] 127.0.0.1 /Public/business/goods/10001/2017_10_19/HVXWY20171019862222.jpg
INFO: [ app_init ] --START--
INFO: Run Behavior\BuildLiteBehavior [ RunTime:0.000000s ]
INFO: [ app_init ] --END-- [ RunTime:0.001000s ]
ERR: 无法加载模块:Public

