[ 2017-11-06T10:51:34+08:00 ] 127.0.0.1 /favicon.ico
INFO: [ app_init ] --START--
INFO: Run Behavior\BuildLiteBehavior [ RunTime:0.000000s ]
INFO: [ app_init ] --END-- [ RunTime:0.000000s ]
ERR: 无法加载模块:Favicon

[ 2017-11-06T11:09:37+08:00 ] 127.0.0.1 /Public/business/goods/10001/2017_11_01/LCPLY20171101957563.jpg
INFO: [ app_init ] --START--
INFO: Run Behavior\BuildLiteBehavior [ RunTime:0.000000s ]
INFO: [ app_init ] --END-- [ RunTime:0.000000s ]
ERR: 无法加载模块:Public

[ 2017-11-06T11:09:37+08:00 ] 127.0.0.1 /Public/business/goods/10003/2017_11_01/MRMKG20171101221893.jpg
INFO: [ app_init ] --START--
INFO: Run Behavior\BuildLiteBehavior [ RunTime:0.000000s ]
INFO: [ app_init ] --END-- [ RunTime:0.000000s ]
ERR: 无法加载模块:Public

[ 2017-11-06T11:09:37+08:00 ] 127.0.0.1 /Public/business/goods/10003/2017_11_01/FZQZR20171101575165.jpg
INFO: [ app_init ] --START--
INFO: Run Behavior\BuildLiteBehavior [ RunTime:0.000000s ]
INFO: [ app_init ] --END-- [ RunTime:0.000000s ]
ERR: 无法加载模块:Public

[ 2017-11-06T11:09:37+08:00 ] 127.0.0.1 /Public/business/goods/10003/2017_11_01/ZQDID20171101772112.jpg
INFO: [ app_init ] --START--
INFO: Run Behavior\BuildLiteBehavior [ RunTime:0.000000s ]
INFO: [ app_init ] --END-- [ RunTime:0.000000s ]
ERR: 无法加载模块:Public

[ 2017-11-06T11:09:37+08:00 ] 127.0.0.1 /Public/business/goods/10002/2017_11_01/IMGDT20171101137872.jpg
INFO: [ app_init ] --START--
INFO: Run Behavior\BuildLiteBehavior [ RunTime:0.000000s ]
INFO: [ app_init ] --END-- [ RunTime:0.000000s ]
ERR: 无法加载模块:Public

[ 2017-11-06T11:09:37+08:00 ] 127.0.0.1 /Public/business/goods/10002/2017_11_01/UCMVA20171101912493.jpg
INFO: [ app_init ] --START--
INFO: Run Behavior\BuildLiteBehavior [ RunTime:0.000000s ]
INFO: [ app_init ] --END-- [ RunTime:0.001000s ]
ERR: 无法加载模块:Public

[ 2017-11-06T11:09:37+08:00 ] 127.0.0.1 /Public/business/goods/10002/2017_11_01/LAKXH20171101019661.jpg
INFO: [ app_init ] --START--
INFO: Run Behavior\BuildLiteBehavior [ RunTime:0.000000s ]
INFO: [ app_init ] --END-- [ RunTime:0.000000s ]
ERR: 无法加载模块:Public

[ 2017-11-06T11:09:37+08:00 ] 127.0.0.1 /Public/business/goods/10001/2017_11_01/QNHRN20171101024246.jpg
INFO: [ app_init ] --START--
INFO: Run Behavior\BuildLiteBehavior [ RunTime:0.000000s ]
INFO: [ app_init ] --END-- [ RunTime:0.000000s ]
ERR: 无法加载模块:Public

[ 2017-11-06T11:09:37+08:00 ] 127.0.0.1 /Public/business/goods/10002/2017_11_01/HJQXX20171101994026.jpg
INFO: [ app_init ] --START--
INFO: Run Behavior\BuildLiteBehavior [ RunTime:0.000000s ]
INFO: [ app_init ] --END-- [ RunTime:0.000000s ]
ERR: 无法加载模块:Public

[ 2017-11-06T13:46:06+08:00 ] 127.0.0.1 /Public/business/goods/10001/2017_11_01/LCPLY20171101957563.jpg
INFO: [ app_init ] --START--
INFO: Run Behavior\BuildLiteBehavior [ RunTime:0.000000s ]
INFO: [ app_init ] --END-- [ RunTime:0.000000s ]
ERR: 无法加载模块:Public

[ 2017-11-06T13:46:06+08:00 ] 127.0.0.1 /Public/business/goods/10003/2017_11_01/FZQZR20171101575165.jpg
INFO: [ app_init ] --START--
INFO: Run Behavior\BuildLiteBehavior [ RunTime:0.000000s ]
INFO: [ app_init ] --END-- [ RunTime:0.000000s ]
ERR: 无法加载模块:Public

[ 2017-11-06T13:46:31+08:00 ] 127.0.0.1 /Public/business/goods/10001/2017_11_01/LCPLY20171101957563.jpg
INFO: [ app_init ] --START--
INFO: Run Behavior\BuildLiteBehavior [ RunTime:0.000000s ]
INFO: [ app_init ] --END-- [ RunTime:0.000000s ]
ERR: 无法加载模块:Public

[ 2017-11-06T13:46:31+08:00 ] 127.0.0.1 /Public/business/goods/10003/2017_11_01/MRMKG20171101221893.jpg
INFO: [ app_init ] --START--
INFO: Run Behavior\BuildLiteBehavior [ RunTime:0.000000s ]
INFO: [ app_init ] --END-- [ RunTime:0.000000s ]
ERR: 无法加载模块:Public

[ 2017-11-06T13:46:31+08:00 ] 127.0.0.1 /Public/business/goods/10003/2017_11_01/FZQZR20171101575165.jpg
INFO: [ app_init ] --START--
INFO: Run Behavior\BuildLiteBehavior [ RunTime:0.000000s ]
INFO: [ app_init ] --END-- [ RunTime:0.001000s ]
ERR: 无法加载模块:Public

[ 2017-11-06T13:46:31+08:00 ] 127.0.0.1 /Public/business/goods/10003/2017_11_01/ZQDID20171101772112.jpg
INFO: [ app_init ] --START--
INFO: Run Behavior\BuildLiteBehavior [ RunTime:0.000000s ]
INFO: [ app_init ] --END-- [ RunTime:0.000000s ]
ERR: 无法加载模块:Public

[ 2017-11-06T13:46:31+08:00 ] 127.0.0.1 /Public/business/goods/10002/2017_11_01/IMGDT20171101137872.jpg
INFO: [ app_init ] --START--
INFO: Run Behavior\BuildLiteBehavior [ RunTime:0.000000s ]
INFO: [ app_init ] --END-- [ RunTime:0.000000s ]
ERR: 无法加载模块:Public

[ 2017-11-06T13:46:31+08:00 ] 127.0.0.1 /Public/business/goods/10002/2017_11_01/UCMVA20171101912493.jpg
INFO: [ app_init ] --START--
INFO: Run Behavior\BuildLiteBehavior [ RunTime:0.000000s ]
INFO: [ app_init ] --END-- [ RunTime:0.000000s ]
ERR: 无法加载模块:Public

[ 2017-11-06T13:46:31+08:00 ] 127.0.0.1 /Public/business/goods/10002/2017_11_01/LAKXH20171101019661.jpg
INFO: [ app_init ] --START--
INFO: Run Behavior\BuildLiteBehavior [ RunTime:0.000000s ]
INFO: [ app_init ] --END-- [ RunTime:0.000000s ]
ERR: 无法加载模块:Public

[ 2017-11-06T13:46:31+08:00 ] 127.0.0.1 /Public/business/goods/10002/2017_11_01/HJQXX20171101994026.jpg
INFO: [ app_init ] --START--
INFO: Run Behavior\BuildLiteBehavior [ RunTime:0.000000s ]
INFO: [ app_init ] --END-- [ RunTime:0.000000s ]
ERR: 无法加载模块:Public

[ 2017-11-06T13:46:31+08:00 ] 127.0.0.1 /Public/business/goods/10001/2017_11_01/QNHRN20171101024246.jpg
INFO: [ app_init ] --START--
INFO: Run Behavior\BuildLiteBehavior [ RunTime:0.000000s ]
INFO: [ app_init ] --END-- [ RunTime:0.000000s ]
ERR: 无法加载模块:Public

[ 2017-11-06T13:47:00+08:00 ] 127.0.0.1 /Public/business/goods/10003/2017_11_01/MRMKG20171101221893.jpg
INFO: [ app_init ] --START--
INFO: Run Behavior\BuildLiteBehavior [ RunTime:0.000000s ]
INFO: [ app_init ] --END-- [ RunTime:0.000000s ]
ERR: 无法加载模块:Public

[ 2017-11-06T13:47:00+08:00 ] 127.0.0.1 /Public/business/goods/10003/2017_11_01/FZQZR20171101575165.jpg
INFO: [ app_init ] --START--
INFO: Run Behavior\BuildLiteBehavior [ RunTime:0.000000s ]
INFO: [ app_init ] --END-- [ RunTime:0.000000s ]
ERR: 无法加载模块:Public

[ 2017-11-06T13:47:03+08:00 ] 127.0.0.1 /Public/business/goods/10003/2017_11_01/FZQZR20171101575165.jpg
INFO: [ app_init ] --START--
INFO: Run Behavior\BuildLiteBehavior [ RunTime:0.000000s ]
INFO: [ app_init ] --END-- [ RunTime:0.000000s ]
ERR: 无法加载模块:Public

[ 2017-11-06T13:47:07+08:00 ] 127.0.0.1 /Public/business/goods/10003/2017_11_01/FZQZR20171101575165.jpg
INFO: [ app_init ] --START--
INFO: Run Behavior\BuildLiteBehavior [ RunTime:0.000000s ]
INFO: [ app_init ] --END-- [ RunTime:0.001000s ]
ERR: 无法加载模块:Public

[ 2017-11-06T13:47:12+08:00 ] 127.0.0.1 /Public/business/goods/10003/2017_11_01/FZQZR20171101575165.jpg
INFO: [ app_init ] --START--
INFO: Run Behavior\BuildLiteBehavior [ RunTime:0.000000s ]
INFO: [ app_init ] --END-- [ RunTime:0.001000s ]
ERR: 无法加载模块:Public

[ 2017-11-06T13:47:12+08:00 ] 127.0.0.1 /Public/business/goods/10003/2017_11_01/SGTEC20171101747316.jpg
INFO: [ app_init ] --START--
INFO: Run Behavior\BuildLiteBehavior [ RunTime:0.000000s ]
INFO: [ app_init ] --END-- [ RunTime:0.000000s ]
ERR: 无法加载模块:Public

[ 2017-11-06T13:47:12+08:00 ] 127.0.0.1 /Public/business/goods/10003/2017_11_01/FMAKY20171101739854.jpg
INFO: [ app_init ] --START--
INFO: Run Behavior\BuildLiteBehavior [ RunTime:0.000000s ]
INFO: [ app_init ] --END-- [ RunTime:0.000000s ]
ERR: 无法加载模块:Public

[ 2017-11-06T14:13:39+08:00 ] 127.0.0.1 /Public/mobile/js/maps/swiper.jquery.js.map
INFO: [ app_init ] --START--
INFO: Run Behavior\BuildLiteBehavior [ RunTime:0.000000s ]
INFO: [ app_init ] --END-- [ RunTime:0.000000s ]
ERR: 无法加载模块:Public

[ 2017-11-06T14:14:06+08:00 ] 127.0.0.1 /Public/mobile/js/maps/swiper.jquery.js.map
INFO: [ app_init ] --START--
INFO: Run Behavior\BuildLiteBehavior [ RunTime:0.000000s ]
INFO: [ app_init ] --END-- [ RunTime:0.000000s ]
ERR: 无法加载模块:Public

[ 2017-11-06T14:14:13+08:00 ] 127.0.0.1 /Public/mobile/js/maps/swiper.jquery.js.map
INFO: [ app_init ] --START--
INFO: Run Behavior\BuildLiteBehavior [ RunTime:0.000000s ]
INFO: [ app_init ] --END-- [ RunTime:0.000000s ]
ERR: 无法加载模块:Public

[ 2017-11-06T14:14:15+08:00 ] 127.0.0.1 /Public/mobile/js/maps/swiper.jquery.js.map
INFO: [ app_init ] --START--
INFO: Run Behavior\BuildLiteBehavior [ RunTime:0.000000s ]
INFO: [ app_init ] --END-- [ RunTime:0.000000s ]
ERR: 无法加载模块:Public

