[ 2017-12-26T10:10:50+08:00 ] 127.0.0.1 /exchange
INFO: [ app_init ] --START--
INFO: Run Behavior\BuildLiteBehavior [ RunTime:0.000000s ]
INFO: [ app_init ] --END-- [ RunTime:0.001000s ]
INFO: [ app_begin ] --START--
INFO: Run Behavior\ReadHtmlCacheBehavior [ RunTime:0.001000s ]
INFO: [ app_begin ] --END-- [ RunTime:0.001000s ]
NOTIC: [8] Undefined index: exchange C:\wnmp\nginx\www\zzlgx\Application\Exchange\Controller\CommonController.class.php 第 46 行.
NOTIC: [8] Undefined index: exchange C:\wnmp\nginx\www\zzlgx\Application\Exchange\Controller\CommonController.class.php 第 51 行.
NOTIC: [8] Undefined index: exchange C:\wnmp\nginx\www\zzlgx\Application\Exchange\Controller\CommonController.class.php 第 66 行.
NOTIC: [8] Undefined index: exchange C:\wnmp\nginx\www\zzlgx\Application\Exchange\Controller\CommonController.class.php 第 73 行.
NOTIC: [8] Undefined index: exchange C:\wnmp\nginx\www\zzlgx\Application\Exchange\Controller\CommonController.class.php 第 80 行.

[ 2017-12-26T10:10:53+08:00 ] 127.0.0.1 /exchange?b=10001
INFO: [ app_init ] --START--
INFO: Run Behavior\BuildLiteBehavior [ RunTime:0.000000s ]
INFO: [ app_init ] --END-- [ RunTime:0.000000s ]
INFO: [ app_begin ] --START--
INFO: Run Behavior\ReadHtmlCacheBehavior [ RunTime:0.000000s ]
INFO: [ app_begin ] --END-- [ RunTime:0.000000s ]
SQL: SHOW COLUMNS FROM `business` [ RunTime:0.2760s ]
SQL: SELECT * FROM `business` WHERE `business_id` = 10001 LIMIT 1   [ RunTime:0.2370s ]
NOTIC: [8] Undefined index: phone_num C:\wnmp\nginx\www\zzlgx\Application\Exchange\Controller\CommonController.class.php 第 46 行.
NOTIC: [8] Undefined index: phone_num C:\wnmp\nginx\www\zzlgx\Application\Exchange\Controller\CommonController.class.php 第 51 行.
NOTIC: [8] Undefined index: group_id C:\wnmp\nginx\www\zzlgx\Application\Exchange\Controller\CommonController.class.php 第 73 行.
SQL: SELECT `exchange_name` FROM `business` WHERE `business_id` = 10001 LIMIT 1   [ RunTime:0.1700s ]
SQL: SHOW COLUMNS FROM `goods` [ RunTime:0.0320s ]
SQL: SELECT `goods_id`,`pics`,`goods_name`,`piao`,`is_jian`,`business_id` FROM `goods` WHERE `is_del` = 0 AND `status` = 1 ORDER BY add_time desc  [ RunTime:1.1261s ]
SQL: SHOW COLUMNS FROM `agent` [ RunTime:0.7300s ]
SQL: SELECT `goods_id` FROM `agent` WHERE `business_id` = 10001 AND `is_jian` = 1 ORDER BY add_time desc  [ RunTime:0.0700s ]
SQL: SELECT `goods_id` FROM `agent` WHERE `business_id` = 10001 ORDER BY add_time desc  [ RunTime:0.0110s ]
INFO: [ view_filter ] --START--
INFO: Run Behavior\WriteHtmlCacheBehavior [ RunTime:0.001000s ]
INFO: [ view_filter ] --END-- [ RunTime:0.002000s ]
INFO: [ app_end ] --START--
INFO: Run Behavior\ShowPageTraceBehavior [ RunTime:0.002000s ]
INFO: [ app_end ] --END-- [ RunTime:0.002000s ]

[ 2017-12-26T10:11:06+08:00 ] 127.0.0.1 /exchange?b=10001
INFO: [ app_init ] --START--
INFO: Run Behavior\BuildLiteBehavior [ RunTime:0.000000s ]
INFO: [ app_init ] --END-- [ RunTime:0.000000s ]
INFO: [ app_begin ] --START--
INFO: Run Behavior\ReadHtmlCacheBehavior [ RunTime:0.000000s ]
INFO: [ app_begin ] --END-- [ RunTime:0.000000s ]
SQL: SHOW COLUMNS FROM `business` [ RunTime:0.3190s ]
SQL: SELECT * FROM `business` WHERE `business_id` = 10001 LIMIT 1   [ RunTime:0.5340s ]
NOTIC: [8] Undefined index: phone_num C:\wnmp\nginx\www\zzlgx\Application\Exchange\Controller\CommonController.class.php 第 46 行.
NOTIC: [8] Undefined index: phone_num C:\wnmp\nginx\www\zzlgx\Application\Exchange\Controller\CommonController.class.php 第 51 行.
NOTIC: [8] Undefined index: group_id C:\wnmp\nginx\www\zzlgx\Application\Exchange\Controller\CommonController.class.php 第 73 行.
SQL: SELECT `exchange_name` FROM `business` WHERE `business_id` = 10001 LIMIT 1   [ RunTime:1.9111s ]
SQL: SHOW COLUMNS FROM `goods` [ RunTime:0.0310s ]
SQL: SELECT `goods_id`,`pics`,`goods_name`,`piao`,`is_jian`,`business_id` FROM `goods` WHERE `is_del` = 0 AND `status` = 1 ORDER BY add_time desc  [ RunTime:0.1720s ]
SQL: SHOW COLUMNS FROM `agent` [ RunTime:0.1140s ]
SQL: SELECT `goods_id` FROM `agent` WHERE `business_id` = 10001 AND `is_jian` = 1 ORDER BY add_time desc  [ RunTime:0.0120s ]
SQL: SELECT `goods_id` FROM `agent` WHERE `business_id` = 10001 ORDER BY add_time desc  [ RunTime:0.0130s ]
INFO: [ view_filter ] --START--
INFO: Run Behavior\WriteHtmlCacheBehavior [ RunTime:0.000000s ]
INFO: [ view_filter ] --END-- [ RunTime:0.001000s ]
INFO: [ app_end ] --START--
INFO: Run Behavior\ShowPageTraceBehavior [ RunTime:0.000000s ]
INFO: [ app_end ] --END-- [ RunTime:0.000000s ]

