[ 2017-11-28T13:09:22+08:00 ] 127.0.0.1 /Exchange/Goods/order?goods_id=29
INFO: [ app_init ] --START--
INFO: Run Behavior\BuildLiteBehavior [ RunTime:0.000000s ]
INFO: [ app_init ] --END-- [ RunTime:0.001000s ]
INFO: [ app_begin ] --START--
INFO: Run Behavior\ReadHtmlCacheBehavior [ RunTime:0.002000s ]
INFO: [ app_begin ] --END-- [ RunTime:0.002000s ]
SQL: SHOW COLUMNS FROM `member` [ RunTime:0.0100s ]
SQL: SELECT * FROM `member` WHERE `phone_num` = '18610601520' LIMIT 1   [ RunTime:0.0110s ]
SQL: SHOW COLUMNS FROM `province` [ RunTime:0.0130s ]
SQL: SELECT `province_name` FROM `province` WHERE ( province_id = 130000 ) LIMIT 1   [ RunTime:0.0430s ]
SQL: SHOW COLUMNS FROM `city` [ RunTime:0.0240s ]
SQL: SELECT `city_name` FROM `city` WHERE ( city_id = 130200 ) LIMIT 1   [ RunTime:0.0090s ]
SQL: SHOW COLUMNS FROM `area` [ RunTime:0.0150s ]
SQL: SELECT `area_name` FROM `area` WHERE ( area_id = 130202 ) LIMIT 1   [ RunTime:0.0130s ]
SQL: SHOW COLUMNS FROM `goods` [ RunTime:0.0190s ]
SQL: SELECT `goods_id`,`goods_name`,`pics`,`piao` FROM `goods` WHERE `goods_id` = 29 LIMIT 1   [ RunTime:0.0100s ]
SQL: SHOW COLUMNS FROM `business` [ RunTime:0.2270s ]
SQL: SELECT `province_id`,`city_id`,`area_id`,`business_address` FROM `business` WHERE `business_id` = 10001 LIMIT 1   [ RunTime:0.0130s ]
SQL: SELECT `province_name` FROM `province` WHERE ( province_id = 110000 ) LIMIT 1   [ RunTime:0.0110s ]
SQL: SELECT `city_name` FROM `city` WHERE ( city_id = 110100 ) LIMIT 1   [ RunTime:0.0200s ]
SQL: SELECT `area_name` FROM `area` WHERE ( area_id = 110108 ) LIMIT 1   [ RunTime:0.0450s ]
INFO: [ view_filter ] --START--
INFO: Run Behavior\WriteHtmlCacheBehavior [ RunTime:0.002000s ]
INFO: [ view_filter ] --END-- [ RunTime:0.002000s ]
INFO: [ app_end ] --START--
INFO: Run Behavior\ShowPageTraceBehavior [ RunTime:0.004000s ]
INFO: [ app_end ] --END-- [ RunTime:0.005000s ]

[ 2017-11-28T13:09:38+08:00 ] 127.0.0.1 /exchange
INFO: [ app_init ] --START--
INFO: Run Behavior\BuildLiteBehavior [ RunTime:0.000000s ]
INFO: [ app_init ] --END-- [ RunTime:0.000000s ]
INFO: [ app_begin ] --START--
INFO: Run Behavior\ReadHtmlCacheBehavior [ RunTime:0.000000s ]
INFO: [ app_begin ] --END-- [ RunTime:0.000000s ]
NOTIC: [8] Undefined index: group_id C:\wnmp\nginx\www\zzlgx\Application\Exchange\Controller\CommonController.class.php 第 73 行.
SQL: SHOW COLUMNS FROM `business` [ RunTime:0.2890s ]
SQL: SELECT `exchange_name` FROM `business` WHERE `business_id` = 10001 LIMIT 1   [ RunTime:0.0170s ]
SQL: SHOW COLUMNS FROM `goods` [ RunTime:0.0640s ]
SQL: SELECT `goods_id`,`pics`,`goods_name`,`piao`,`is_jian`,`business_id` FROM `goods` WHERE `is_del` = 0 AND `status` = 1 ORDER BY add_time desc  [ RunTime:0.0280s ]
SQL: SHOW COLUMNS FROM `agent` [ RunTime:0.0550s ]
SQL: SELECT `goods_id` FROM `agent` WHERE `business_id` = 10001 AND `is_jian` = 1 ORDER BY add_time desc  [ RunTime:0.0110s ]
SQL: SELECT `goods_id` FROM `agent` WHERE `business_id` = 10001 ORDER BY add_time desc  [ RunTime:0.0070s ]
INFO: [ view_filter ] --START--
INFO: Run Behavior\WriteHtmlCacheBehavior [ RunTime:0.001000s ]
INFO: [ view_filter ] --END-- [ RunTime:0.001000s ]
INFO: [ app_end ] --START--
INFO: Run Behavior\ShowPageTraceBehavior [ RunTime:0.001000s ]
INFO: [ app_end ] --END-- [ RunTime:0.001000s ]

[ 2017-11-28T13:09:42+08:00 ] 127.0.0.1 /Exchange/Goods/detail?goods_id=37
INFO: [ app_init ] --START--
INFO: Run Behavior\BuildLiteBehavior [ RunTime:0.000000s ]
INFO: [ app_init ] --END-- [ RunTime:0.000000s ]
INFO: [ app_begin ] --START--
INFO: Run Behavior\ReadHtmlCacheBehavior [ RunTime:0.000000s ]
INFO: [ app_begin ] --END-- [ RunTime:0.000000s ]
SQL: SHOW COLUMNS FROM `goods` [ RunTime:0.0130s ]
SQL: SELECT * FROM `goods` WHERE `goods_id` = 37 LIMIT 1   [ RunTime:0.2270s ]
SQL: SHOW COLUMNS FROM `eval` [ RunTime:0.0570s ]
SQL: SELECT eval.*,member.name FROM `eval`,`member` WHERE eval.goods_id = '37' AND ( eval.phone_num=member.phone_num ) ORDER BY level desc LIMIT 0,3   [ RunTime:0.0100s ]
INFO: [ view_filter ] --START--
INFO: Run Behavior\WriteHtmlCacheBehavior [ RunTime:0.000000s ]
INFO: [ view_filter ] --END-- [ RunTime:0.000000s ]
INFO: [ app_end ] --START--
INFO: Run Behavior\ShowPageTraceBehavior [ RunTime:0.000000s ]
INFO: [ app_end ] --END-- [ RunTime:0.001000s ]

[ 2017-11-28T13:09:55+08:00 ] 127.0.0.1 /Exchange/Goods/detail?goods_id=36
INFO: [ app_init ] --START--
INFO: Run Behavior\BuildLiteBehavior [ RunTime:0.000000s ]
INFO: [ app_init ] --END-- [ RunTime:0.000000s ]
INFO: [ app_begin ] --START--
INFO: Run Behavior\ReadHtmlCacheBehavior [ RunTime:0.000000s ]
INFO: [ app_begin ] --END-- [ RunTime:0.000000s ]
SQL: SHOW COLUMNS FROM `goods` [ RunTime:0.0280s ]
SQL: SELECT * FROM `goods` WHERE `goods_id` = 36 LIMIT 1   [ RunTime:0.2180s ]
SQL: SHOW COLUMNS FROM `eval` [ RunTime:0.0450s ]
SQL: SELECT eval.*,member.name FROM `eval`,`member` WHERE eval.goods_id = '36' AND ( eval.phone_num=member.phone_num ) ORDER BY level desc LIMIT 0,3   [ RunTime:0.0110s ]
INFO: [ view_filter ] --START--
INFO: Run Behavior\WriteHtmlCacheBehavior [ RunTime:0.001001s ]
INFO: [ view_filter ] --END-- [ RunTime:0.001001s ]
INFO: [ app_end ] --START--
INFO: Run Behavior\ShowPageTraceBehavior [ RunTime:0.000000s ]
INFO: [ app_end ] --END-- [ RunTime:0.000000s ]

[ 2017-11-28T13:10:00+08:00 ] 127.0.0.1 /Exchange/Goods/order?goods_id=36
INFO: [ app_init ] --START--
INFO: Run Behavior\BuildLiteBehavior [ RunTime:0.000000s ]
INFO: [ app_init ] --END-- [ RunTime:0.000000s ]
INFO: [ app_begin ] --START--
INFO: Run Behavior\ReadHtmlCacheBehavior [ RunTime:0.000000s ]
INFO: [ app_begin ] --END-- [ RunTime:0.000000s ]
SQL: SHOW COLUMNS FROM `member` [ RunTime:0.0080s ]
SQL: SELECT * FROM `member` WHERE `phone_num` = '18610601520' LIMIT 1   [ RunTime:0.0110s ]
SQL: SHOW COLUMNS FROM `province` [ RunTime:0.0100s ]
SQL: SELECT `province_name` FROM `province` WHERE ( province_id = 130000 ) LIMIT 1   [ RunTime:0.0080s ]
SQL: SHOW COLUMNS FROM `city` [ RunTime:0.0100s ]
SQL: SELECT `city_name` FROM `city` WHERE ( city_id = 130200 ) LIMIT 1   [ RunTime:0.0110s ]
SQL: SHOW COLUMNS FROM `area` [ RunTime:0.0090s ]
SQL: SELECT `area_name` FROM `area` WHERE ( area_id = 130202 ) LIMIT 1   [ RunTime:0.0100s ]
SQL: SHOW COLUMNS FROM `goods` [ RunTime:0.0090s ]
SQL: SELECT `goods_id`,`goods_name`,`pics`,`piao` FROM `goods` WHERE `goods_id` = 36 LIMIT 1   [ RunTime:0.0080s ]
SQL: SHOW COLUMNS FROM `business` [ RunTime:0.2320s ]
SQL: SELECT `province_id`,`city_id`,`area_id`,`business_address` FROM `business` WHERE `business_id` = 10001 LIMIT 1   [ RunTime:0.0100s ]
SQL: SELECT `province_name` FROM `province` WHERE ( province_id = 110000 ) LIMIT 1   [ RunTime:0.0120s ]
SQL: SELECT `city_name` FROM `city` WHERE ( city_id = 110100 ) LIMIT 1   [ RunTime:0.0090s ]
SQL: SELECT `area_name` FROM `area` WHERE ( area_id = 110108 ) LIMIT 1   [ RunTime:0.0080s ]
INFO: [ view_filter ] --START--
INFO: Run Behavior\WriteHtmlCacheBehavior [ RunTime:0.000000s ]
INFO: [ view_filter ] --END-- [ RunTime:0.000000s ]
INFO: [ app_end ] --START--
INFO: Run Behavior\ShowPageTraceBehavior [ RunTime:0.001000s ]
INFO: [ app_end ] --END-- [ RunTime:0.001000s ]

[ 2017-11-28T15:46:00+08:00 ] 127.0.0.1 /exchange
INFO: [ app_init ] --START--
INFO: Run Behavior\BuildLiteBehavior [ RunTime:0.000000s ]
INFO: [ app_init ] --END-- [ RunTime:0.000000s ]
INFO: [ app_begin ] --START--
INFO: Run Behavior\ReadHtmlCacheBehavior [ RunTime:0.000000s ]
INFO: [ app_begin ] --END-- [ RunTime:0.000000s ]
NOTIC: [8] Undefined index: exchange C:\wnmp\nginx\www\zzlgx\Application\Exchange\Controller\CommonController.class.php 第 46 行.
NOTIC: [8] Undefined index: exchange C:\wnmp\nginx\www\zzlgx\Application\Exchange\Controller\CommonController.class.php 第 51 行.
NOTIC: [8] Undefined index: exchange C:\wnmp\nginx\www\zzlgx\Application\Exchange\Controller\CommonController.class.php 第 66 行.
NOTIC: [8] Undefined index: exchange C:\wnmp\nginx\www\zzlgx\Application\Exchange\Controller\CommonController.class.php 第 73 行.
NOTIC: [8] Undefined index: exchange C:\wnmp\nginx\www\zzlgx\Application\Exchange\Controller\CommonController.class.php 第 80 行.

[ 2017-11-28T15:46:01+08:00 ] 127.0.0.1 /exchange?b=10001
INFO: [ app_init ] --START--
INFO: Run Behavior\BuildLiteBehavior [ RunTime:0.000000s ]
INFO: [ app_init ] --END-- [ RunTime:0.000000s ]
INFO: [ app_begin ] --START--
INFO: Run Behavior\ReadHtmlCacheBehavior [ RunTime:0.000000s ]
INFO: [ app_begin ] --END-- [ RunTime:0.000000s ]
SQL: SHOW COLUMNS FROM `business` [ RunTime:0.2360s ]
SQL: SELECT * FROM `business` WHERE `business_id` = 10001 LIMIT 1   [ RunTime:0.2570s ]
NOTIC: [8] Undefined index: phone_num C:\wnmp\nginx\www\zzlgx\Application\Exchange\Controller\CommonController.class.php 第 46 行.
NOTIC: [8] Undefined index: phone_num C:\wnmp\nginx\www\zzlgx\Application\Exchange\Controller\CommonController.class.php 第 51 行.
NOTIC: [8] Undefined index: group_id C:\wnmp\nginx\www\zzlgx\Application\Exchange\Controller\CommonController.class.php 第 73 行.
SQL: SELECT `exchange_name` FROM `business` WHERE `business_id` = 10001 LIMIT 1   [ RunTime:0.0460s ]
SQL: SHOW COLUMNS FROM `goods` [ RunTime:0.0130s ]
SQL: SELECT `goods_id`,`pics`,`goods_name`,`piao`,`is_jian`,`business_id` FROM `goods` WHERE `is_del` = 0 AND `status` = 1 ORDER BY add_time desc  [ RunTime:0.0290s ]
SQL: SHOW COLUMNS FROM `agent` [ RunTime:0.0400s ]
SQL: SELECT `goods_id` FROM `agent` WHERE `business_id` = 10001 AND `is_jian` = 1 ORDER BY add_time desc  [ RunTime:0.0190s ]
SQL: SELECT `goods_id` FROM `agent` WHERE `business_id` = 10001 ORDER BY add_time desc  [ RunTime:0.0290s ]
INFO: [ view_filter ] --START--
INFO: Run Behavior\WriteHtmlCacheBehavior [ RunTime:0.001000s ]
INFO: [ view_filter ] --END-- [ RunTime:0.001000s ]
INFO: [ app_end ] --START--
INFO: Run Behavior\ShowPageTraceBehavior [ RunTime:0.000000s ]
INFO: [ app_end ] --END-- [ RunTime:0.000000s ]

[ 2017-11-28T15:46:13+08:00 ] 127.0.0.1 /Exchange/Goods/detail?goods_id=37
INFO: [ app_init ] --START--
INFO: Run Behavior\BuildLiteBehavior [ RunTime:0.000000s ]
INFO: [ app_init ] --END-- [ RunTime:0.000000s ]
INFO: [ app_begin ] --START--
INFO: Run Behavior\ReadHtmlCacheBehavior [ RunTime:0.000000s ]
INFO: [ app_begin ] --END-- [ RunTime:0.000000s ]
NOTIC: [8] Undefined index: phone_num C:\wnmp\nginx\www\zzlgx\Application\Exchange\Controller\CommonController.class.php 第 46 行.
NOTIC: [8] Undefined index: phone_num C:\wnmp\nginx\www\zzlgx\Application\Exchange\Controller\CommonController.class.php 第 51 行.
SQL: SHOW COLUMNS FROM `goods` [ RunTime:0.0150s ]
SQL: SELECT * FROM `goods` WHERE `goods_id` = 37 LIMIT 1   [ RunTime:0.2370s ]
SQL: SHOW COLUMNS FROM `eval` [ RunTime:0.0120s ]
SQL: SELECT eval.*,member.name FROM `eval`,`member` WHERE eval.goods_id = '37' AND ( eval.phone_num=member.phone_num ) ORDER BY level desc LIMIT 0,3   [ RunTime:0.0140s ]
NOTIC: [8] Undefined index: phone_num C:\wnmp\nginx\www\zzlgx\Application\Exchange\View\Goods\detail.phtml 第 162 行.
INFO: [ view_filter ] --START--
INFO: Run Behavior\WriteHtmlCacheBehavior [ RunTime:0.000000s ]
INFO: [ view_filter ] --END-- [ RunTime:0.000000s ]
INFO: [ app_end ] --START--
INFO: Run Behavior\ShowPageTraceBehavior [ RunTime:0.000000s ]
INFO: [ app_end ] --END-- [ RunTime:0.000000s ]

[ 2017-11-28T15:46:17+08:00 ] 127.0.0.1 /Exchange/Log/in
INFO: [ app_init ] --START--
INFO: Run Behavior\BuildLiteBehavior [ RunTime:0.000000s ]
INFO: [ app_init ] --END-- [ RunTime:0.000000s ]
INFO: [ app_begin ] --START--
INFO: Run Behavior\ReadHtmlCacheBehavior [ RunTime:0.000000s ]
INFO: [ app_begin ] --END-- [ RunTime:0.000000s ]
NOTIC: [8] Undefined index: phone_num C:\wnmp\nginx\www\zzlgx\Application\Exchange\View\Log\in.phtml 第 13 行.
INFO: [ view_filter ] --START--
INFO: Run Behavior\WriteHtmlCacheBehavior [ RunTime:0.000000s ]
INFO: [ view_filter ] --END-- [ RunTime:0.000000s ]
INFO: [ app_end ] --START--
INFO: Run Behavior\ShowPageTraceBehavior [ RunTime:0.000000s ]
INFO: [ app_end ] --END-- [ RunTime:0.000000s ]

[ 2017-11-28T15:46:19+08:00 ] 127.0.0.1 /Exchange/log/in
INFO: [ app_init ] --START--
INFO: Run Behavior\BuildLiteBehavior [ RunTime:0.000000s ]
INFO: [ app_init ] --END-- [ RunTime:0.000000s ]
INFO: [ app_begin ] --START--
INFO: Run Behavior\ReadHtmlCacheBehavior [ RunTime:0.000000s ]
INFO: [ app_begin ] --END-- [ RunTime:0.000000s ]
SQL: SHOW COLUMNS FROM `member` [ RunTime:0.0140s ]
SQL: SELECT * FROM `member` WHERE `phone_num` = '18610601520' AND `password` = 'e10adc3949ba59abbe56e057f20f883e' LIMIT 1   [ RunTime:0.0120s ]

[ 2017-11-28T15:46:20+08:00 ] 127.0.0.1 /exchange?b=10001
INFO: [ app_init ] --START--
INFO: Run Behavior\BuildLiteBehavior [ RunTime:0.000000s ]
INFO: [ app_init ] --END-- [ RunTime:0.000000s ]
INFO: [ app_begin ] --START--
INFO: Run Behavior\ReadHtmlCacheBehavior [ RunTime:0.000000s ]
INFO: [ app_begin ] --END-- [ RunTime:0.000000s ]
SQL: SHOW COLUMNS FROM `business` [ RunTime:0.2660s ]
SQL: SELECT * FROM `business` WHERE `business_id` = 10001 LIMIT 1   [ RunTime:0.2920s ]
NOTIC: [8] Undefined index: group_id C:\wnmp\nginx\www\zzlgx\Application\Exchange\Controller\CommonController.class.php 第 73 行.
SQL: SELECT `exchange_name` FROM `business` WHERE `business_id` = 10001 LIMIT 1   [ RunTime:0.0520s ]
SQL: SHOW COLUMNS FROM `goods` [ RunTime:0.0480s ]
SQL: SELECT `goods_id`,`pics`,`goods_name`,`piao`,`is_jian`,`business_id` FROM `goods` WHERE `is_del` = 0 AND `status` = 1 ORDER BY add_time desc  [ RunTime:0.2050s ]
SQL: SHOW COLUMNS FROM `agent` [ RunTime:0.1460s ]
SQL: SELECT `goods_id` FROM `agent` WHERE `business_id` = 10001 AND `is_jian` = 1 ORDER BY add_time desc  [ RunTime:0.0410s ]
SQL: SELECT `goods_id` FROM `agent` WHERE `business_id` = 10001 ORDER BY add_time desc  [ RunTime:0.0490s ]
INFO: [ view_filter ] --START--
INFO: Run Behavior\WriteHtmlCacheBehavior [ RunTime:0.000000s ]
INFO: [ view_filter ] --END-- [ RunTime:0.000000s ]
INFO: [ app_end ] --START--
INFO: Run Behavior\ShowPageTraceBehavior [ RunTime:0.000000s ]
INFO: [ app_end ] --END-- [ RunTime:0.000000s ]

[ 2017-11-28T15:46:23+08:00 ] 127.0.0.1 /Exchange/Goods/detail?goods_id=37
INFO: [ app_init ] --START--
INFO: Run Behavior\BuildLiteBehavior [ RunTime:0.000000s ]
INFO: [ app_init ] --END-- [ RunTime:0.001000s ]
INFO: [ app_begin ] --START--
INFO: Run Behavior\ReadHtmlCacheBehavior [ RunTime:0.000000s ]
INFO: [ app_begin ] --END-- [ RunTime:0.000000s ]
SQL: SHOW COLUMNS FROM `goods` [ RunTime:0.0200s ]
SQL: SELECT * FROM `goods` WHERE `goods_id` = 37 LIMIT 1   [ RunTime:0.2840s ]
SQL: SHOW COLUMNS FROM `eval` [ RunTime:0.0890s ]
SQL: SELECT eval.*,member.name FROM `eval`,`member` WHERE eval.goods_id = '37' AND ( eval.phone_num=member.phone_num ) ORDER BY level desc LIMIT 0,3   [ RunTime:0.0260s ]
INFO: [ view_filter ] --START--
INFO: Run Behavior\WriteHtmlCacheBehavior [ RunTime:0.000000s ]
INFO: [ view_filter ] --END-- [ RunTime:0.000000s ]
INFO: [ app_end ] --START--
INFO: Run Behavior\ShowPageTraceBehavior [ RunTime:0.000000s ]
INFO: [ app_end ] --END-- [ RunTime:0.001000s ]

[ 2017-11-28T15:46:27+08:00 ] 127.0.0.1 /Exchange/Goods/order?goods_id=37
INFO: [ app_init ] --START--
INFO: Run Behavior\BuildLiteBehavior [ RunTime:0.000000s ]
INFO: [ app_init ] --END-- [ RunTime:0.001000s ]
INFO: [ app_begin ] --START--
INFO: Run Behavior\ReadHtmlCacheBehavior [ RunTime:0.000000s ]
INFO: [ app_begin ] --END-- [ RunTime:0.001001s ]
SQL: SHOW COLUMNS FROM `member` [ RunTime:0.0310s ]
SQL: SELECT * FROM `member` WHERE `phone_num` = '18610601520' LIMIT 1   [ RunTime:0.0260s ]
SQL: SHOW COLUMNS FROM `province` [ RunTime:0.0210s ]
SQL: SELECT `province_name` FROM `province` WHERE ( province_id = 130000 ) LIMIT 1   [ RunTime:0.0120s ]
SQL: SHOW COLUMNS FROM `city` [ RunTime:0.0290s ]
SQL: SELECT `city_name` FROM `city` WHERE ( city_id = 130200 ) LIMIT 1   [ RunTime:0.0950s ]
SQL: SHOW COLUMNS FROM `area` [ RunTime:0.2780s ]
SQL: SELECT `area_name` FROM `area` WHERE ( area_id = 130202 ) LIMIT 1   [ RunTime:0.0250s ]
SQL: SHOW COLUMNS FROM `goods` [ RunTime:0.0250s ]
SQL: SELECT `goods_id`,`goods_name`,`pics`,`piao` FROM `goods` WHERE `goods_id` = 37 LIMIT 1   [ RunTime:0.0200s ]
SQL: SHOW COLUMNS FROM `business` [ RunTime:0.2380s ]
SQL: SELECT `province_id`,`city_id`,`area_id`,`business_address` FROM `business` WHERE `business_id` = 10001 LIMIT 1   [ RunTime:0.0670s ]
SQL: SELECT `province_name` FROM `province` WHERE ( province_id = 110000 ) LIMIT 1   [ RunTime:0.0140s ]
SQL: SELECT `city_name` FROM `city` WHERE ( city_id = 110100 ) LIMIT 1   [ RunTime:0.0160s ]
SQL: SELECT `area_name` FROM `area` WHERE ( area_id = 110108 ) LIMIT 1   [ RunTime:0.0120s ]
INFO: [ view_filter ] --START--
INFO: Run Behavior\WriteHtmlCacheBehavior [ RunTime:0.000000s ]
INFO: [ view_filter ] --END-- [ RunTime:0.000000s ]
INFO: [ app_end ] --START--
INFO: Run Behavior\ShowPageTraceBehavior [ RunTime:0.000000s ]
INFO: [ app_end ] --END-- [ RunTime:0.001000s ]

[ 2017-11-28T15:46:48+08:00 ] 127.0.0.1 /Exchange/Member/address_edit
INFO: [ app_init ] --START--
INFO: Run Behavior\BuildLiteBehavior [ RunTime:0.000000s ]
INFO: [ app_init ] --END-- [ RunTime:0.001000s ]
INFO: [ app_begin ] --START--
INFO: Run Behavior\ReadHtmlCacheBehavior [ RunTime:0.000000s ]
INFO: [ app_begin ] --END-- [ RunTime:0.000000s ]
SQL: SHOW COLUMNS FROM `member` [ RunTime:0.0250s ]
SQL: SELECT `area_id`,`city_id`,`province_id`,`phone_num`,`address`,`name` FROM `member` WHERE ( phone_num = 18610601520 ) LIMIT 1   [ RunTime:0.0100s ]
SQL: SHOW COLUMNS FROM `province` [ RunTime:0.0280s ]
SQL: SELECT * FROM `province`  [ RunTime:0.0490s ]
SQL: SHOW COLUMNS FROM `city` [ RunTime:0.0350s ]
SQL: SELECT * FROM `city` WHERE ( province_id = 130000 )  [ RunTime:0.0790s ]
SQL: SHOW COLUMNS FROM `area` [ RunTime:0.0560s ]
SQL: SELECT * FROM `area` WHERE ( city_id = 130200 )  [ RunTime:0.0470s ]
INFO: [ view_filter ] --START--
INFO: Run Behavior\WriteHtmlCacheBehavior [ RunTime:0.000000s ]
INFO: [ view_filter ] --END-- [ RunTime:0.000000s ]
INFO: [ app_end ] --START--
INFO: Run Behavior\ShowPageTraceBehavior [ RunTime:0.000000s ]
INFO: [ app_end ] --END-- [ RunTime:0.000000s ]

[ 2017-11-28T15:46:50+08:00 ] 127.0.0.1 /Exchange/Member/address_edit
INFO: [ app_init ] --START--
INFO: Run Behavior\BuildLiteBehavior [ RunTime:0.000000s ]
INFO: [ app_init ] --END-- [ RunTime:0.000000s ]
INFO: [ app_begin ] --START--
INFO: Run Behavior\ReadHtmlCacheBehavior [ RunTime:0.000000s ]
INFO: [ app_begin ] --END-- [ RunTime:0.000000s ]
NOTIC: [2048] Only variables should be passed by reference C:\wnmp\nginx\www\zzlgx\Application\Exchange\Controller\MemberController.class.php 第 262 行.
NOTIC: [2048] Only variables should be passed by reference C:\wnmp\nginx\www\zzlgx\Application\Exchange\Controller\MemberController.class.php 第 262 行.
NOTIC: [2048] Only variables should be passed by reference C:\wnmp\nginx\www\zzlgx\Application\Exchange\Controller\MemberController.class.php 第 262 行.
NOTIC: [2048] Only variables should be passed by reference C:\wnmp\nginx\www\zzlgx\Application\Exchange\Controller\MemberController.class.php 第 262 行.
SQL: SHOW COLUMNS FROM `member` [ RunTime:0.1030s ]
SQL: UPDATE `member` SET `phone_num`='18610601520',`province_id`='130000',`city_id`='130200',`area_id`='130202',`address`='长安街榆林路小酒馆185号' WHERE ( phone_num = 18610601520 ) [ RunTime:0.0390s ]

[ 2017-11-28T15:46:55+08:00 ] 127.0.0.1 /Exchange/Goods/order?goods_id=37
INFO: [ app_init ] --START--
INFO: Run Behavior\BuildLiteBehavior [ RunTime:0.000000s ]
INFO: [ app_init ] --END-- [ RunTime:0.000000s ]
INFO: [ app_begin ] --START--
INFO: Run Behavior\ReadHtmlCacheBehavior [ RunTime:0.000000s ]
INFO: [ app_begin ] --END-- [ RunTime:0.000000s ]
SQL: SHOW COLUMNS FROM `member` [ RunTime:0.0150s ]
SQL: SELECT * FROM `member` WHERE `phone_num` = '18610601520' LIMIT 1   [ RunTime:0.0100s ]
SQL: SHOW COLUMNS FROM `province` [ RunTime:0.0150s ]
SQL: SELECT `province_name` FROM `province` WHERE ( province_id = 130000 ) LIMIT 1   [ RunTime:0.0480s ]
SQL: SHOW COLUMNS FROM `city` [ RunTime:0.0110s ]
SQL: SELECT `city_name` FROM `city` WHERE ( city_id = 130200 ) LIMIT 1   [ RunTime:0.0100s ]
SQL: SHOW COLUMNS FROM `area` [ RunTime:0.0450s ]
SQL: SELECT `area_name` FROM `area` WHERE ( area_id = 130202 ) LIMIT 1   [ RunTime:0.0220s ]
SQL: SHOW COLUMNS FROM `goods` [ RunTime:0.0410s ]
SQL: SELECT `goods_id`,`goods_name`,`pics`,`piao` FROM `goods` WHERE `goods_id` = 37 LIMIT 1   [ RunTime:0.0260s ]
SQL: SHOW COLUMNS FROM `business` [ RunTime:0.3370s ]
SQL: SELECT `province_id`,`city_id`,`area_id`,`business_address` FROM `business` WHERE `business_id` = 10001 LIMIT 1   [ RunTime:0.0620s ]
SQL: SELECT `province_name` FROM `province` WHERE ( province_id = 110000 ) LIMIT 1   [ RunTime:0.0130s ]
SQL: SELECT `city_name` FROM `city` WHERE ( city_id = 110100 ) LIMIT 1   [ RunTime:0.0590s ]
SQL: SELECT `area_name` FROM `area` WHERE ( area_id = 110108 ) LIMIT 1   [ RunTime:0.0200s ]
INFO: [ view_filter ] --START--
INFO: Run Behavior\WriteHtmlCacheBehavior [ RunTime:0.000000s ]
INFO: [ view_filter ] --END-- [ RunTime:0.000000s ]
INFO: [ app_end ] --START--
INFO: Run Behavior\ShowPageTraceBehavior [ RunTime:0.000000s ]
INFO: [ app_end ] --END-- [ RunTime:0.000000s ]

[ 2017-11-28T15:47:06+08:00 ] 127.0.0.1 /Exchange/Goods/detail?goods_id=37
INFO: [ app_init ] --START--
INFO: Run Behavior\BuildLiteBehavior [ RunTime:0.001000s ]
INFO: [ app_init ] --END-- [ RunTime:0.001000s ]
INFO: [ app_begin ] --START--
INFO: Run Behavior\ReadHtmlCacheBehavior [ RunTime:0.000000s ]
INFO: [ app_begin ] --END-- [ RunTime:0.000000s ]
SQL: SHOW COLUMNS FROM `goods` [ RunTime:0.0230s ]
SQL: SELECT * FROM `goods` WHERE `goods_id` = 37 LIMIT 1   [ RunTime:0.2400s ]
SQL: SHOW COLUMNS FROM `eval` [ RunTime:0.0510s ]
SQL: SELECT eval.*,member.name FROM `eval`,`member` WHERE eval.goods_id = '37' AND ( eval.phone_num=member.phone_num ) ORDER BY level desc LIMIT 0,3   [ RunTime:0.1000s ]
INFO: [ view_filter ] --START--
INFO: Run Behavior\WriteHtmlCacheBehavior [ RunTime:0.000000s ]
INFO: [ view_filter ] --END-- [ RunTime:0.000000s ]
INFO: [ app_end ] --START--
INFO: Run Behavior\ShowPageTraceBehavior [ RunTime:0.000000s ]
INFO: [ app_end ] --END-- [ RunTime:0.001000s ]

[ 2017-11-28T15:47:17+08:00 ] 127.0.0.1 /Exchange/Member/address_edit
INFO: [ app_init ] --START--
INFO: Run Behavior\BuildLiteBehavior [ RunTime:0.000000s ]
INFO: [ app_init ] --END-- [ RunTime:0.000000s ]
INFO: [ app_begin ] --START--
INFO: Run Behavior\ReadHtmlCacheBehavior [ RunTime:0.000000s ]
INFO: [ app_begin ] --END-- [ RunTime:0.000000s ]
SQL: SHOW COLUMNS FROM `member` [ RunTime:0.0140s ]
SQL: SELECT `area_id`,`city_id`,`province_id`,`phone_num`,`address`,`name` FROM `member` WHERE ( phone_num = 18610601520 ) LIMIT 1   [ RunTime:0.0230s ]
SQL: SHOW COLUMNS FROM `province` [ RunTime:0.0170s ]
SQL: SELECT * FROM `province`  [ RunTime:0.0160s ]
SQL: SHOW COLUMNS FROM `city` [ RunTime:0.0110s ]
SQL: SELECT * FROM `city` WHERE ( province_id = 130000 )  [ RunTime:0.0120s ]
SQL: SHOW COLUMNS FROM `area` [ RunTime:0.0140s ]
SQL: SELECT * FROM `area` WHERE ( city_id = 130200 )  [ RunTime:0.0240s ]
INFO: [ view_filter ] --START--
INFO: Run Behavior\WriteHtmlCacheBehavior [ RunTime:0.000000s ]
INFO: [ view_filter ] --END-- [ RunTime:0.000000s ]
INFO: [ app_end ] --START--
INFO: Run Behavior\ShowPageTraceBehavior [ RunTime:0.000000s ]
INFO: [ app_end ] --END-- [ RunTime:0.000000s ]

[ 2017-11-28T15:47:19+08:00 ] 127.0.0.1 /Exchange/Goods/order?goods_id=37
INFO: [ app_init ] --START--
INFO: Run Behavior\BuildLiteBehavior [ RunTime:0.000000s ]
INFO: [ app_init ] --END-- [ RunTime:0.000000s ]
INFO: [ app_begin ] --START--
INFO: Run Behavior\ReadHtmlCacheBehavior [ RunTime:0.000000s ]
INFO: [ app_begin ] --END-- [ RunTime:0.000000s ]
SQL: SHOW COLUMNS FROM `member` [ RunTime:0.0200s ]
SQL: SELECT * FROM `member` WHERE `phone_num` = '18610601520' LIMIT 1   [ RunTime:0.0180s ]
SQL: SHOW COLUMNS FROM `province` [ RunTime:0.0450s ]
SQL: SELECT `province_name` FROM `province` WHERE ( province_id = 130000 ) LIMIT 1   [ RunTime:0.0330s ]
SQL: SHOW COLUMNS FROM `city` [ RunTime:0.0430s ]
SQL: SELECT `city_name` FROM `city` WHERE ( city_id = 130200 ) LIMIT 1   [ RunTime:0.0110s ]
SQL: SHOW COLUMNS FROM `area` [ RunTime:0.0210s ]
SQL: SELECT `area_name` FROM `area` WHERE ( area_id = 130202 ) LIMIT 1   [ RunTime:0.1220s ]
SQL: SHOW COLUMNS FROM `goods` [ RunTime:0.0110s ]
SQL: SELECT `goods_id`,`goods_name`,`pics`,`piao` FROM `goods` WHERE `goods_id` = 37 LIMIT 1   [ RunTime:0.0120s ]
SQL: SHOW COLUMNS FROM `business` [ RunTime:0.2200s ]
SQL: SELECT `province_id`,`city_id`,`area_id`,`business_address` FROM `business` WHERE `business_id` = 10001 LIMIT 1   [ RunTime:0.0090s ]
SQL: SELECT `province_name` FROM `province` WHERE ( province_id = 110000 ) LIMIT 1   [ RunTime:0.0140s ]
SQL: SELECT `city_name` FROM `city` WHERE ( city_id = 110100 ) LIMIT 1   [ RunTime:0.0660s ]
SQL: SELECT `area_name` FROM `area` WHERE ( area_id = 110108 ) LIMIT 1   [ RunTime:0.0120s ]
INFO: [ view_filter ] --START--
INFO: Run Behavior\WriteHtmlCacheBehavior [ RunTime:0.000000s ]
INFO: [ view_filter ] --END-- [ RunTime:0.000000s ]
INFO: [ app_end ] --START--
INFO: Run Behavior\ShowPageTraceBehavior [ RunTime:0.000000s ]
INFO: [ app_end ] --END-- [ RunTime:0.000000s ]

[ 2017-11-28T15:47:25+08:00 ] 127.0.0.1 /Exchange
INFO: [ app_init ] --START--
INFO: Run Behavior\BuildLiteBehavior [ RunTime:0.000000s ]
INFO: [ app_init ] --END-- [ RunTime:0.001001s ]
INFO: [ app_begin ] --START--
INFO: Run Behavior\ReadHtmlCacheBehavior [ RunTime:0.001000s ]
INFO: [ app_begin ] --END-- [ RunTime:0.001000s ]
NOTIC: [8] Undefined index: group_id C:\wnmp\nginx\www\zzlgx\Application\Exchange\Controller\CommonController.class.php 第 73 行.
SQL: SHOW COLUMNS FROM `business` [ RunTime:0.2390s ]
SQL: SELECT `exchange_name` FROM `business` WHERE `business_id` = 10001 LIMIT 1   [ RunTime:0.0120s ]
SQL: SHOW COLUMNS FROM `goods` [ RunTime:0.0240s ]
SQL: SELECT `goods_id`,`pics`,`goods_name`,`piao`,`is_jian`,`business_id` FROM `goods` WHERE `is_del` = 0 AND `status` = 1 ORDER BY add_time desc  [ RunTime:0.0900s ]
SQL: SHOW COLUMNS FROM `agent` [ RunTime:0.0220s ]
SQL: SELECT `goods_id` FROM `agent` WHERE `business_id` = 10001 AND `is_jian` = 1 ORDER BY add_time desc  [ RunTime:0.0140s ]
SQL: SELECT `goods_id` FROM `agent` WHERE `business_id` = 10001 ORDER BY add_time desc  [ RunTime:0.0150s ]
INFO: [ view_filter ] --START--
INFO: Run Behavior\WriteHtmlCacheBehavior [ RunTime:0.000000s ]
INFO: [ view_filter ] --END-- [ RunTime:0.000000s ]
INFO: [ app_end ] --START--
INFO: Run Behavior\ShowPageTraceBehavior [ RunTime:0.000000s ]
INFO: [ app_end ] --END-- [ RunTime:0.000000s ]

[ 2017-11-28T15:47:27+08:00 ] 127.0.0.1 /Exchange/Goods/detail?goods_id=37
INFO: [ app_init ] --START--
INFO: Run Behavior\BuildLiteBehavior [ RunTime:0.000000s ]
INFO: [ app_init ] --END-- [ RunTime:0.000000s ]
INFO: [ app_begin ] --START--
INFO: Run Behavior\ReadHtmlCacheBehavior [ RunTime:0.000000s ]
INFO: [ app_begin ] --END-- [ RunTime:0.000000s ]
SQL: SHOW COLUMNS FROM `goods` [ RunTime:0.0150s ]
SQL: SELECT * FROM `goods` WHERE `goods_id` = 37 LIMIT 1   [ RunTime:0.2270s ]
SQL: SHOW COLUMNS FROM `eval` [ RunTime:0.0650s ]
SQL: SELECT eval.*,member.name FROM `eval`,`member` WHERE eval.goods_id = '37' AND ( eval.phone_num=member.phone_num ) ORDER BY level desc LIMIT 0,3   [ RunTime:0.0450s ]
INFO: [ view_filter ] --START--
INFO: Run Behavior\WriteHtmlCacheBehavior [ RunTime:0.000000s ]
INFO: [ view_filter ] --END-- [ RunTime:0.001000s ]
INFO: [ app_end ] --START--
INFO: Run Behavior\ShowPageTraceBehavior [ RunTime:0.000000s ]
INFO: [ app_end ] --END-- [ RunTime:0.000000s ]

