[ 2017-12-11T12:49:44+08:00 ] 127.0.0.1 /exchange
INFO: [ app_init ] --START--
INFO: Run Behavior\BuildLiteBehavior [ RunTime:0.000000s ]
INFO: [ app_init ] --END-- [ RunTime:0.001000s ]
INFO: [ app_begin ] --START--
INFO: Run Behavior\ReadHtmlCacheBehavior [ RunTime:0.000000s ]
INFO: [ app_begin ] --END-- [ RunTime:0.000000s ]
NOTIC: [8] Undefined index: exchange C:\wnmp\nginx\www\zzlgx\Application\Exchange\Controller\CommonController.class.php 第 46 行.
NOTIC: [8] Undefined index: exchange C:\wnmp\nginx\www\zzlgx\Application\Exchange\Controller\CommonController.class.php 第 51 行.
NOTIC: [8] Undefined index: exchange C:\wnmp\nginx\www\zzlgx\Application\Exchange\Controller\CommonController.class.php 第 66 行.
NOTIC: [8] Undefined index: exchange C:\wnmp\nginx\www\zzlgx\Application\Exchange\Controller\CommonController.class.php 第 73 行.
NOTIC: [8] Undefined index: exchange C:\wnmp\nginx\www\zzlgx\Application\Exchange\Controller\CommonController.class.php 第 80 行.

[ 2017-12-11T12:49:45+08:00 ] 127.0.0.1 /exchange?b=10001
INFO: [ app_init ] --START--
INFO: Run Behavior\BuildLiteBehavior [ RunTime:0.000000s ]
INFO: [ app_init ] --END-- [ RunTime:0.000000s ]
INFO: [ app_begin ] --START--
INFO: Run Behavior\ReadHtmlCacheBehavior [ RunTime:0.000000s ]
INFO: [ app_begin ] --END-- [ RunTime:0.000000s ]
SQL: SHOW COLUMNS FROM `business` [ RunTime:0.2390s ]
SQL: SELECT * FROM `business` WHERE `business_id` = 10001 LIMIT 1   [ RunTime:0.2450s ]
NOTIC: [8] Undefined index: phone_num C:\wnmp\nginx\www\zzlgx\Application\Exchange\Controller\CommonController.class.php 第 46 行.
NOTIC: [8] Undefined index: phone_num C:\wnmp\nginx\www\zzlgx\Application\Exchange\Controller\CommonController.class.php 第 51 行.
NOTIC: [8] Undefined index: group_id C:\wnmp\nginx\www\zzlgx\Application\Exchange\Controller\CommonController.class.php 第 73 行.
SQL: SELECT `exchange_name` FROM `business` WHERE `business_id` = 10001 LIMIT 1   [ RunTime:0.0790s ]
SQL: SHOW COLUMNS FROM `goods` [ RunTime:0.0590s ]
SQL: SELECT `goods_id`,`pics`,`goods_name`,`piao`,`is_jian`,`business_id` FROM `goods` WHERE `is_del` = 0 AND `status` = 1 ORDER BY add_time desc  [ RunTime:0.0250s ]
SQL: SHOW COLUMNS FROM `agent` [ RunTime:0.0520s ]
SQL: SELECT `goods_id` FROM `agent` WHERE `business_id` = 10001 AND `is_jian` = 1 ORDER BY add_time desc  [ RunTime:0.0470s ]
SQL: SELECT `goods_id` FROM `agent` WHERE `business_id` = 10001 ORDER BY add_time desc  [ RunTime:0.0100s ]
INFO: [ view_filter ] --START--
INFO: Run Behavior\WriteHtmlCacheBehavior [ RunTime:0.000000s ]
INFO: [ view_filter ] --END-- [ RunTime:0.000000s ]
INFO: [ app_end ] --START--
INFO: Run Behavior\ShowPageTraceBehavior [ RunTime:0.000000s ]
INFO: [ app_end ] --END-- [ RunTime:0.000000s ]

[ 2017-12-11T12:49:53+08:00 ] 127.0.0.1 /exchange?b=10001
INFO: [ app_init ] --START--
INFO: Run Behavior\BuildLiteBehavior [ RunTime:0.000000s ]
INFO: [ app_init ] --END-- [ RunTime:0.000000s ]
INFO: [ app_begin ] --START--
INFO: Run Behavior\ReadHtmlCacheBehavior [ RunTime:0.000000s ]
INFO: [ app_begin ] --END-- [ RunTime:0.001000s ]
SQL: SHOW COLUMNS FROM `business` [ RunTime:0.3020s ]
SQL: SELECT * FROM `business` WHERE `business_id` = 10001 LIMIT 1   [ RunTime:0.3400s ]
NOTIC: [8] Undefined index: phone_num C:\wnmp\nginx\www\zzlgx\Application\Exchange\Controller\CommonController.class.php 第 46 行.
NOTIC: [8] Undefined index: phone_num C:\wnmp\nginx\www\zzlgx\Application\Exchange\Controller\CommonController.class.php 第 51 行.
NOTIC: [8] Undefined index: group_id C:\wnmp\nginx\www\zzlgx\Application\Exchange\Controller\CommonController.class.php 第 73 行.
SQL: SELECT `exchange_name` FROM `business` WHERE `business_id` = 10001 LIMIT 1   [ RunTime:0.0130s ]
SQL: SHOW COLUMNS FROM `goods` [ RunTime:0.0250s ]
SQL: SELECT `goods_id`,`pics`,`goods_name`,`piao`,`is_jian`,`business_id` FROM `goods` WHERE `is_del` = 0 AND `status` = 1 ORDER BY add_time desc  [ RunTime:0.0300s ]
SQL: SHOW COLUMNS FROM `agent` [ RunTime:0.0240s ]
SQL: SELECT `goods_id` FROM `agent` WHERE `business_id` = 10001 AND `is_jian` = 1 ORDER BY add_time desc  [ RunTime:0.0200s ]
SQL: SELECT `goods_id` FROM `agent` WHERE `business_id` = 10001 ORDER BY add_time desc  [ RunTime:0.0260s ]
INFO: [ view_filter ] --START--
INFO: Run Behavior\WriteHtmlCacheBehavior [ RunTime:0.001000s ]
INFO: [ view_filter ] --END-- [ RunTime:0.001000s ]
INFO: [ app_end ] --START--
INFO: Run Behavior\ShowPageTraceBehavior [ RunTime:0.001000s ]
INFO: [ app_end ] --END-- [ RunTime:0.001000s ]

[ 2017-12-11T12:49:55+08:00 ] 127.0.0.1 /Exchange/Goods/lists
INFO: [ app_init ] --START--
INFO: Run Behavior\BuildLiteBehavior [ RunTime:0.000000s ]
INFO: [ app_init ] --END-- [ RunTime:0.000000s ]
INFO: [ app_begin ] --START--
INFO: Run Behavior\ReadHtmlCacheBehavior [ RunTime:0.000000s ]
INFO: [ app_begin ] --END-- [ RunTime:0.000000s ]
NOTIC: [8] Undefined index: phone_num C:\wnmp\nginx\www\zzlgx\Application\Exchange\Controller\CommonController.class.php 第 46 行.
NOTIC: [8] Undefined index: phone_num C:\wnmp\nginx\www\zzlgx\Application\Exchange\Controller\CommonController.class.php 第 51 行.
NOTIC: [8] Undefined index: group_id C:\wnmp\nginx\www\zzlgx\Application\Exchange\Controller\CommonController.class.php 第 73 行.
SQL: SHOW COLUMNS FROM `goods` [ RunTime:0.0100s ]
SQL: SELECT `goods_id`,`pics`,`goods_name`,`piao`,`sales_volume` FROM `goods` WHERE `is_del` = 0 AND `status` = 1 AND `business_id` = 10001 ORDER BY sales_volume desc LIMIT 0,10   [ RunTime:0.2220s ]
NOTIC: [8] Undefined index: type C:\wnmp\nginx\www\zzlgx\Application\Exchange\View\Goods\lists.phtml 第 24 行.
NOTIC: [8] Undefined index: type C:\wnmp\nginx\www\zzlgx\Application\Exchange\View\Goods\lists.phtml 第 25 行.
NOTIC: [8] Undefined index: type C:\wnmp\nginx\www\zzlgx\Application\Exchange\View\Goods\lists.phtml 第 26 行.
NOTIC: [8] Undefined index: type C:\wnmp\nginx\www\zzlgx\Application\Exchange\View\Goods\lists.phtml 第 28 行.
NOTIC: [8] Undefined index: order C:\wnmp\nginx\www\zzlgx\Application\Exchange\View\Goods\lists.phtml 第 108 行.
NOTIC: [8] Undefined index: type C:\wnmp\nginx\www\zzlgx\Application\Exchange\View\Goods\lists.phtml 第 130 行.
NOTIC: [8] Undefined index: type C:\wnmp\nginx\www\zzlgx\Application\Exchange\View\Goods\lists.phtml 第 134 行.
NOTIC: [8] Undefined index: type C:\wnmp\nginx\www\zzlgx\Application\Exchange\View\Goods\lists.phtml 第 137 行.
NOTIC: [8] Undefined index: type C:\wnmp\nginx\www\zzlgx\Application\Exchange\View\Goods\lists.phtml 第 150 行.
NOTIC: [8] Undefined index: type C:\wnmp\nginx\www\zzlgx\Application\Exchange\View\Goods\lists.phtml 第 154 行.
NOTIC: [8] Undefined index: type C:\wnmp\nginx\www\zzlgx\Application\Exchange\View\Goods\lists.phtml 第 157 行.
INFO: [ view_filter ] --START--
INFO: Run Behavior\WriteHtmlCacheBehavior [ RunTime:0.000000s ]
INFO: [ view_filter ] --END-- [ RunTime:0.000000s ]
INFO: [ app_end ] --START--
INFO: Run Behavior\ShowPageTraceBehavior [ RunTime:0.001000s ]
INFO: [ app_end ] --END-- [ RunTime:0.001000s ]

[ 2017-12-11T12:49:57+08:00 ] 127.0.0.1 /Exchange/Goods/detail?goods_id=9
INFO: [ app_init ] --START--
INFO: Run Behavior\BuildLiteBehavior [ RunTime:0.001000s ]
INFO: [ app_init ] --END-- [ RunTime:0.001000s ]
INFO: [ app_begin ] --START--
INFO: Run Behavior\ReadHtmlCacheBehavior [ RunTime:0.000000s ]
INFO: [ app_begin ] --END-- [ RunTime:0.000000s ]
NOTIC: [8] Undefined index: phone_num C:\wnmp\nginx\www\zzlgx\Application\Exchange\Controller\CommonController.class.php 第 46 行.
NOTIC: [8] Undefined index: phone_num C:\wnmp\nginx\www\zzlgx\Application\Exchange\Controller\CommonController.class.php 第 51 行.
SQL: SHOW COLUMNS FROM `goods` [ RunTime:0.0170s ]
SQL: SELECT * FROM `goods` WHERE `goods_id` = 9 LIMIT 1   [ RunTime:0.2380s ]
SQL: SHOW COLUMNS FROM `eval` [ RunTime:0.0480s ]
SQL: SELECT eval.*,member.name FROM `eval`,`member` WHERE eval.goods_id = '9' AND ( eval.phone_num=member.phone_num ) ORDER BY level desc LIMIT 0,3   [ RunTime:0.0200s ]
NOTIC: [8] Undefined index: phone_num C:\wnmp\nginx\www\zzlgx\Application\Exchange\View\Goods\detail.phtml 第 162 行.
INFO: [ view_filter ] --START--
INFO: Run Behavior\WriteHtmlCacheBehavior [ RunTime:0.001000s ]
INFO: [ view_filter ] --END-- [ RunTime:0.001000s ]
INFO: [ app_end ] --START--
INFO: Run Behavior\ShowPageTraceBehavior [ RunTime:0.000000s ]
INFO: [ app_end ] --END-- [ RunTime:0.000000s ]

[ 2017-12-11T12:49:59+08:00 ] 127.0.0.1 /Exchange/Log/in
INFO: [ app_init ] --START--
INFO: Run Behavior\BuildLiteBehavior [ RunTime:0.000000s ]
INFO: [ app_init ] --END-- [ RunTime:0.001000s ]
INFO: [ app_begin ] --START--
INFO: Run Behavior\ReadHtmlCacheBehavior [ RunTime:0.000000s ]
INFO: [ app_begin ] --END-- [ RunTime:0.000000s ]
NOTIC: [8] Undefined index: phone_num C:\wnmp\nginx\www\zzlgx\Application\Exchange\View\Log\in.phtml 第 13 行.
INFO: [ view_filter ] --START--
INFO: Run Behavior\WriteHtmlCacheBehavior [ RunTime:0.000000s ]
INFO: [ view_filter ] --END-- [ RunTime:0.000000s ]
INFO: [ app_end ] --START--
INFO: Run Behavior\ShowPageTraceBehavior [ RunTime:0.000000s ]
INFO: [ app_end ] --END-- [ RunTime:0.000000s ]

[ 2017-12-11T12:50:02+08:00 ] 127.0.0.1 /Exchange/log/in
INFO: [ app_init ] --START--
INFO: Run Behavior\BuildLiteBehavior [ RunTime:0.000000s ]
INFO: [ app_init ] --END-- [ RunTime:0.000000s ]
INFO: [ app_begin ] --START--
INFO: Run Behavior\ReadHtmlCacheBehavior [ RunTime:0.000000s ]
INFO: [ app_begin ] --END-- [ RunTime:0.000000s ]
SQL: SHOW COLUMNS FROM `member` [ RunTime:0.0140s ]
SQL: SELECT * FROM `member` WHERE `phone_num` = '18610601520' AND `password` = 'e10adc3949ba59abbe56e057f20f883e' LIMIT 1   [ RunTime:0.0150s ]
SQL: SELECT `password` FROM `member` WHERE `phone_num` = '18610601520' LIMIT 1   [ RunTime:0.0120s ]

[ 2017-12-11T12:50:06+08:00 ] 127.0.0.1 /Exchange/log/findpassword
INFO: [ app_init ] --START--
INFO: Run Behavior\BuildLiteBehavior [ RunTime:0.000000s ]
INFO: [ app_init ] --END-- [ RunTime:0.000000s ]
INFO: [ app_begin ] --START--
INFO: Run Behavior\ReadHtmlCacheBehavior [ RunTime:0.000000s ]
INFO: [ app_begin ] --END-- [ RunTime:0.000000s ]
INFO: [ view_filter ] --START--
INFO: Run Behavior\WriteHtmlCacheBehavior [ RunTime:0.000000s ]
INFO: [ view_filter ] --END-- [ RunTime:0.000000s ]
INFO: [ app_end ] --START--
INFO: Run Behavior\ShowPageTraceBehavior [ RunTime:0.000000s ]
INFO: [ app_end ] --END-- [ RunTime:0.000000s ]

[ 2017-12-11T12:50:13+08:00 ] 127.0.0.1 /Exchange/log/reg
INFO: [ app_init ] --START--
INFO: Run Behavior\BuildLiteBehavior [ RunTime:0.000000s ]
INFO: [ app_init ] --END-- [ RunTime:0.000000s ]
INFO: [ app_begin ] --START--
INFO: Run Behavior\ReadHtmlCacheBehavior [ RunTime:0.000000s ]
INFO: [ app_begin ] --END-- [ RunTime:0.000000s ]
INFO: [ view_filter ] --START--
INFO: Run Behavior\WriteHtmlCacheBehavior [ RunTime:0.000000s ]
INFO: [ view_filter ] --END-- [ RunTime:0.001000s ]
INFO: [ app_end ] --START--
INFO: Run Behavior\ShowPageTraceBehavior [ RunTime:0.000000s ]
INFO: [ app_end ] --END-- [ RunTime:0.000000s ]

[ 2017-12-11T12:50:45+08:00 ] 127.0.0.1 /Exchange/log/findpassword
INFO: [ app_init ] --START--
INFO: Run Behavior\BuildLiteBehavior [ RunTime:0.000000s ]
INFO: [ app_init ] --END-- [ RunTime:0.000000s ]
INFO: [ app_begin ] --START--
INFO: Run Behavior\ReadHtmlCacheBehavior [ RunTime:0.000000s ]
INFO: [ app_begin ] --END-- [ RunTime:0.000000s ]
INFO: [ view_filter ] --START--
INFO: Run Behavior\WriteHtmlCacheBehavior [ RunTime:0.000000s ]
INFO: [ view_filter ] --END-- [ RunTime:0.000000s ]
INFO: [ app_end ] --START--
INFO: Run Behavior\ShowPageTraceBehavior [ RunTime:0.001000s ]
INFO: [ app_end ] --END-- [ RunTime:0.001000s ]

[ 2017-12-11T12:50:57+08:00 ] 127.0.0.1 /exchange/log/send_code
INFO: [ app_init ] --START--
INFO: Run Behavior\BuildLiteBehavior [ RunTime:0.000000s ]
INFO: [ app_init ] --END-- [ RunTime:0.001000s ]
INFO: [ app_begin ] --START--
INFO: Run Behavior\ReadHtmlCacheBehavior [ RunTime:0.000000s ]
INFO: [ app_begin ] --END-- [ RunTime:0.000000s ]
SQL: SHOW COLUMNS FROM `member` [ RunTime:0.0300s ]
SQL: SELECT * FROM `member` WHERE `phone_num` = '18610601520' LIMIT 1   [ RunTime:0.0190s ]

[ 2017-12-11T13:11:18+08:00 ] 127.0.0.1 /Exchange/log/in
INFO: [ app_init ] --START--
INFO: Run Behavior\BuildLiteBehavior [ RunTime:0.000000s ]
INFO: [ app_init ] --END-- [ RunTime:0.000000s ]
INFO: [ app_begin ] --START--
INFO: Run Behavior\ReadHtmlCacheBehavior [ RunTime:0.000000s ]
INFO: [ app_begin ] --END-- [ RunTime:0.000000s ]

[ 2017-12-11T13:15:13+08:00 ] 127.0.0.1 /Exchange/log/in
INFO: [ app_init ] --START--
INFO: Run Behavior\BuildLiteBehavior [ RunTime:0.000000s ]
INFO: [ app_init ] --END-- [ RunTime:0.000000s ]
INFO: [ app_begin ] --START--
INFO: Run Behavior\ReadHtmlCacheBehavior [ RunTime:0.001000s ]
INFO: [ app_begin ] --END-- [ RunTime:0.001000s ]

[ 2017-12-11T13:16:10+08:00 ] 127.0.0.1 /Exchange/log/reg
INFO: [ app_init ] --START--
INFO: Run Behavior\BuildLiteBehavior [ RunTime:0.000000s ]
INFO: [ app_init ] --END-- [ RunTime:0.000000s ]
INFO: [ app_begin ] --START--
INFO: Run Behavior\ReadHtmlCacheBehavior [ RunTime:0.000000s ]
INFO: [ app_begin ] --END-- [ RunTime:0.000000s ]
INFO: [ view_filter ] --START--
INFO: Run Behavior\WriteHtmlCacheBehavior [ RunTime:0.001000s ]
INFO: [ view_filter ] --END-- [ RunTime:0.001000s ]
INFO: [ app_end ] --START--
INFO: Run Behavior\ShowPageTraceBehavior [ RunTime:0.000000s ]
INFO: [ app_end ] --END-- [ RunTime:0.000000s ]

[ 2017-12-11T13:16:17+08:00 ] 127.0.0.1 /exchange/log/send_code
INFO: [ app_init ] --START--
INFO: Run Behavior\BuildLiteBehavior [ RunTime:0.001000s ]
INFO: [ app_init ] --END-- [ RunTime:0.001000s ]
INFO: [ app_begin ] --START--
INFO: Run Behavior\ReadHtmlCacheBehavior [ RunTime:0.000000s ]
INFO: [ app_begin ] --END-- [ RunTime:0.000000s ]
SQL: SHOW COLUMNS FROM `member` [ RunTime:0.0150s ]
SQL: SELECT * FROM `member` WHERE `phone_num` = '18610601520' LIMIT 1   [ RunTime:0.0180s ]
NOTIC: [8] Undefined index: find_pass C:\wnmp\nginx\www\zzlgx\Application\Exchange\Controller\LogController.class.php 第 158 行.
NOTIC: [8] Undefined index: pay_pass C:\wnmp\nginx\www\zzlgx\Application\Exchange\Controller\LogController.class.php 第 161 行.

[ 2017-12-11T13:16:43+08:00 ] 127.0.0.1 /exchange/log/reg
INFO: [ app_init ] --START--
INFO: Run Behavior\BuildLiteBehavior [ RunTime:0.000000s ]
INFO: [ app_init ] --END-- [ RunTime:0.001000s ]
INFO: [ app_begin ] --START--
INFO: Run Behavior\ReadHtmlCacheBehavior [ RunTime:0.000000s ]
INFO: [ app_begin ] --END-- [ RunTime:0.000000s ]
SQL: SHOW COLUMNS FROM `member` [ RunTime:0.0930s ]
SQL: SELECT `password`,`phone_num`,`name` FROM `member` WHERE `phone_num` = '18610601520' LIMIT 1   [ RunTime:0.1040s ]
SQL: SHOW COLUMNS FROM `member_10001` [ RunTime:0.0220s ]
SQL: INSERT INTO `member_10001` (`phone_num`,`add_time`,`join_time`) VALUES ('18610601520','2017-12-11 13:16:43','2017-12-11') [ RunTime:0.0160s ]
SQL: INSERT INTO `member` (`phone_num`,`add_time`,`password`) VALUES ('18610601520','2017-12-11 13:16:43','e10adc3949ba59abbe56e057f20f883e') [ RunTime:0.0090s ]

[ 2017-12-11T13:16:44+08:00 ] 127.0.0.1 /exchange?b=10001
INFO: [ app_init ] --START--
INFO: Run Behavior\BuildLiteBehavior [ RunTime:0.000000s ]
INFO: [ app_init ] --END-- [ RunTime:0.000000s ]
INFO: [ app_begin ] --START--
INFO: Run Behavior\ReadHtmlCacheBehavior [ RunTime:0.000000s ]
INFO: [ app_begin ] --END-- [ RunTime:0.000000s ]
SQL: SHOW COLUMNS FROM `business` [ RunTime:0.2180s ]
SQL: SELECT * FROM `business` WHERE `business_id` = 10001 LIMIT 1   [ RunTime:0.2720s ]

[ 2017-12-11T13:16:44+08:00 ] 127.0.0.1 /exchange/log/completion
INFO: [ app_init ] --START--
INFO: Run Behavior\BuildLiteBehavior [ RunTime:0.000000s ]
INFO: [ app_init ] --END-- [ RunTime:0.001000s ]
INFO: [ app_begin ] --START--
INFO: Run Behavior\ReadHtmlCacheBehavior [ RunTime:0.000000s ]
INFO: [ app_begin ] --END-- [ RunTime:0.000000s ]
INFO: [ view_filter ] --START--
INFO: Run Behavior\WriteHtmlCacheBehavior [ RunTime:0.001000s ]
INFO: [ view_filter ] --END-- [ RunTime:0.001000s ]
INFO: [ app_end ] --START--
INFO: Run Behavior\ShowPageTraceBehavior [ RunTime:0.000000s ]
INFO: [ app_end ] --END-- [ RunTime:0.000000s ]

[ 2017-12-11T13:17:02+08:00 ] 127.0.0.1 /exchange/log/completion
INFO: [ app_init ] --START--
INFO: Run Behavior\BuildLiteBehavior [ RunTime:0.001000s ]
INFO: [ app_init ] --END-- [ RunTime:0.001000s ]
INFO: [ app_begin ] --START--
INFO: Run Behavior\ReadHtmlCacheBehavior [ RunTime:0.000000s ]
INFO: [ app_begin ] --END-- [ RunTime:0.000000s ]
SQL: SHOW COLUMNS FROM `member` [ RunTime:0.0590s ]
SQL: SELECT `password` FROM `member` WHERE `phone_num` = '18610601520' LIMIT 1   [ RunTime:0.0480s ]

[ 2017-12-11T13:17:31+08:00 ] 127.0.0.1 /exchange/log/completion
INFO: [ app_init ] --START--
INFO: Run Behavior\BuildLiteBehavior [ RunTime:0.000000s ]
INFO: [ app_init ] --END-- [ RunTime:0.001000s ]
INFO: [ app_begin ] --START--
INFO: Run Behavior\ReadHtmlCacheBehavior [ RunTime:0.001000s ]
INFO: [ app_begin ] --END-- [ RunTime:0.001000s ]
SQL: SHOW COLUMNS FROM `member` [ RunTime:0.0130s ]
SQL: SELECT `password` FROM `member` WHERE `phone_num` = '18610601520' LIMIT 1   [ RunTime:0.0080s ]
SQL: UPDATE `member` SET `name`='chen',`birth_time`='2017-12-12',`sex`='0',`pay_pass`='c33367701511b4f6020ec61ded352059' WHERE `phone_num` = '18610601520' [ RunTime:0.0220s ]
SQL: SHOW COLUMNS FROM `member_10001` [ RunTime:0.0100s ]
SQL: UPDATE `member_10001` SET `name`='chen',`birth_time`='2017-12-12',`sex`='0' WHERE `phone_num` = '18610601520' [ RunTime:0.0390s ]

[ 2017-12-11T13:17:32+08:00 ] 127.0.0.1 /exchange?b=10001
INFO: [ app_init ] --START--
INFO: Run Behavior\BuildLiteBehavior [ RunTime:0.000000s ]
INFO: [ app_init ] --END-- [ RunTime:0.000000s ]
INFO: [ app_begin ] --START--
INFO: Run Behavior\ReadHtmlCacheBehavior [ RunTime:0.000000s ]
INFO: [ app_begin ] --END-- [ RunTime:0.000000s ]
SQL: SHOW COLUMNS FROM `business` [ RunTime:0.2350s ]
SQL: SELECT * FROM `business` WHERE `business_id` = 10001 LIMIT 1   [ RunTime:0.2780s ]
NOTIC: [8] Undefined index: group_id C:\wnmp\nginx\www\zzlgx\Application\Exchange\Controller\CommonController.class.php 第 73 行.
SQL: SELECT `exchange_name` FROM `business` WHERE `business_id` = 10001 LIMIT 1   [ RunTime:0.0670s ]
SQL: SHOW COLUMNS FROM `goods` [ RunTime:0.0200s ]
SQL: SELECT `goods_id`,`pics`,`goods_name`,`piao`,`is_jian`,`business_id` FROM `goods` WHERE `is_del` = 0 AND `status` = 1 ORDER BY add_time desc  [ RunTime:0.0410s ]
SQL: SHOW COLUMNS FROM `agent` [ RunTime:0.0270s ]
SQL: SELECT `goods_id` FROM `agent` WHERE `business_id` = 10001 AND `is_jian` = 1 ORDER BY add_time desc  [ RunTime:0.0100s ]
SQL: SELECT `goods_id` FROM `agent` WHERE `business_id` = 10001 ORDER BY add_time desc  [ RunTime:0.0160s ]
INFO: [ view_filter ] --START--
INFO: Run Behavior\WriteHtmlCacheBehavior [ RunTime:0.000000s ]
INFO: [ view_filter ] --END-- [ RunTime:0.001000s ]
INFO: [ app_end ] --START--
INFO: Run Behavior\ShowPageTraceBehavior [ RunTime:0.000000s ]
INFO: [ app_end ] --END-- [ RunTime:0.000000s ]

[ 2017-12-11T13:20:53+08:00 ] 127.0.0.1 /Exchange/Goods/detail?goods_id=33
INFO: [ app_init ] --START--
INFO: Run Behavior\BuildLiteBehavior [ RunTime:0.000000s ]
INFO: [ app_init ] --END-- [ RunTime:0.000000s ]
INFO: [ app_begin ] --START--
INFO: Run Behavior\ReadHtmlCacheBehavior [ RunTime:0.001000s ]
INFO: [ app_begin ] --END-- [ RunTime:0.001000s ]
SQL: SHOW COLUMNS FROM `goods` [ RunTime:0.0120s ]
SQL: SELECT * FROM `goods` WHERE `goods_id` = 33 LIMIT 1   [ RunTime:0.2230s ]
SQL: SHOW COLUMNS FROM `eval` [ RunTime:0.0470s ]
SQL: SELECT eval.*,member.name FROM `eval`,`member` WHERE eval.goods_id = '33' AND ( eval.phone_num=member.phone_num ) ORDER BY level desc LIMIT 0,3   [ RunTime:0.0150s ]
INFO: [ view_filter ] --START--
INFO: Run Behavior\WriteHtmlCacheBehavior [ RunTime:0.001000s ]
INFO: [ view_filter ] --END-- [ RunTime:0.001000s ]
INFO: [ app_end ] --START--
INFO: Run Behavior\ShowPageTraceBehavior [ RunTime:0.000000s ]
INFO: [ app_end ] --END-- [ RunTime:0.000000s ]

[ 2017-12-11T13:20:59+08:00 ] 127.0.0.1 /Exchange/Goods/order?goods_id=33
INFO: [ app_init ] --START--
INFO: Run Behavior\BuildLiteBehavior [ RunTime:0.000000s ]
INFO: [ app_init ] --END-- [ RunTime:0.000000s ]
INFO: [ app_begin ] --START--
INFO: Run Behavior\ReadHtmlCacheBehavior [ RunTime:0.000000s ]
INFO: [ app_begin ] --END-- [ RunTime:0.000000s ]
SQL: SHOW COLUMNS FROM `member` [ RunTime:0.0120s ]
SQL: SELECT * FROM `member` WHERE `phone_num` = '18610601520' LIMIT 1   [ RunTime:0.0130s ]
SQL: SHOW COLUMNS FROM `goods` [ RunTime:0.0210s ]
SQL: SELECT `goods_id`,`goods_name`,`pics`,`piao` FROM `goods` WHERE `goods_id` = 33 LIMIT 1   [ RunTime:0.0220s ]
SQL: SHOW COLUMNS FROM `business` [ RunTime:0.2310s ]
SQL: SELECT `province_id`,`city_id`,`area_id`,`business_address` FROM `business` WHERE `business_id` = 10001 LIMIT 1   [ RunTime:0.0710s ]
SQL: SHOW COLUMNS FROM `province` [ RunTime:0.0430s ]
SQL: SELECT `province_name` FROM `province` WHERE ( province_id = 110000 ) LIMIT 1   [ RunTime:0.0250s ]
SQL: SHOW COLUMNS FROM `city` [ RunTime:0.0170s ]
SQL: SELECT `city_name` FROM `city` WHERE ( city_id = 110100 ) LIMIT 1   [ RunTime:0.0190s ]
SQL: SHOW COLUMNS FROM `area` [ RunTime:0.0230s ]
SQL: SELECT `area_name` FROM `area` WHERE ( area_id = 110108 ) LIMIT 1   [ RunTime:0.0170s ]
INFO: [ view_filter ] --START--
INFO: Run Behavior\WriteHtmlCacheBehavior [ RunTime:0.000000s ]
INFO: [ view_filter ] --END-- [ RunTime:0.000000s ]
INFO: [ app_end ] --START--
INFO: Run Behavior\ShowPageTraceBehavior [ RunTime:0.000000s ]
INFO: [ app_end ] --END-- [ RunTime:0.000000s ]

[ 2017-12-11T13:21:02+08:00 ] 127.0.0.1 /Exchange/Member/address_edit
INFO: [ app_init ] --START--
INFO: Run Behavior\BuildLiteBehavior [ RunTime:0.001000s ]
INFO: [ app_init ] --END-- [ RunTime:0.001000s ]
INFO: [ app_begin ] --START--
INFO: Run Behavior\ReadHtmlCacheBehavior [ RunTime:0.000000s ]
INFO: [ app_begin ] --END-- [ RunTime:0.000000s ]
SQL: SHOW COLUMNS FROM `member` [ RunTime:0.0170s ]
SQL: SELECT `area_id`,`city_id`,`province_id`,`phone_num`,`address`,`name` FROM `member` WHERE ( phone_num = 18610601520 ) LIMIT 1   [ RunTime:0.0150s ]
SQL: SHOW COLUMNS FROM `province` [ RunTime:0.0200s ]
SQL: SELECT * FROM `province`  [ RunTime:0.0170s ]
NOTIC: [2] Invalid argument supplied for foreach() C:\wnmp\nginx\www\zzlgx\Application\Exchange\View\Member\address_edit.phtml 第 55 行.
NOTIC: [2] Invalid argument supplied for foreach() C:\wnmp\nginx\www\zzlgx\Application\Exchange\View\Member\address_edit.phtml 第 61 行.
INFO: [ view_filter ] --START--
INFO: Run Behavior\WriteHtmlCacheBehavior [ RunTime:0.000000s ]
INFO: [ view_filter ] --END-- [ RunTime:0.001001s ]
INFO: [ app_end ] --START--
INFO: Run Behavior\ShowPageTraceBehavior [ RunTime:0.000000s ]
INFO: [ app_end ] --END-- [ RunTime:0.000000s ]

[ 2017-12-11T13:21:04+08:00 ] 127.0.0.1 /Exchange/Member/address_edit
INFO: [ app_init ] --START--
INFO: Run Behavior\BuildLiteBehavior [ RunTime:0.000000s ]
INFO: [ app_init ] --END-- [ RunTime:0.000000s ]
INFO: [ app_begin ] --START--
INFO: Run Behavior\ReadHtmlCacheBehavior [ RunTime:0.000000s ]
INFO: [ app_begin ] --END-- [ RunTime:0.000000s ]
SQL: SHOW COLUMNS FROM `city` [ RunTime:0.0130s ]
SQL: SELECT * FROM `city` WHERE ( province_id = 130000 )  [ RunTime:0.0180s ]

[ 2017-12-11T13:21:05+08:00 ] 127.0.0.1 /Exchange/Member/address_edit
INFO: [ app_init ] --START--
INFO: Run Behavior\BuildLiteBehavior [ RunTime:0.000000s ]
INFO: [ app_init ] --END-- [ RunTime:0.000000s ]
INFO: [ app_begin ] --START--
INFO: Run Behavior\ReadHtmlCacheBehavior [ RunTime:0.000000s ]
INFO: [ app_begin ] --END-- [ RunTime:0.000000s ]
SQL: SHOW COLUMNS FROM `area` [ RunTime:0.0230s ]
SQL: SELECT * FROM `area` WHERE ( city_id = 130200 )  [ RunTime:0.0170s ]

[ 2017-12-11T13:21:10+08:00 ] 127.0.0.1 /Exchange/Member/address_edit
INFO: [ app_init ] --START--
INFO: Run Behavior\BuildLiteBehavior [ RunTime:0.000000s ]
INFO: [ app_init ] --END-- [ RunTime:0.001000s ]
INFO: [ app_begin ] --START--
INFO: Run Behavior\ReadHtmlCacheBehavior [ RunTime:0.000000s ]
INFO: [ app_begin ] --END-- [ RunTime:0.000000s ]
NOTIC: [2048] Only variables should be passed by reference C:\wnmp\nginx\www\zzlgx\Application\Exchange\Controller\MemberController.class.php 第 375 行.
NOTIC: [2048] Only variables should be passed by reference C:\wnmp\nginx\www\zzlgx\Application\Exchange\Controller\MemberController.class.php 第 375 行.
NOTIC: [2048] Only variables should be passed by reference C:\wnmp\nginx\www\zzlgx\Application\Exchange\Controller\MemberController.class.php 第 375 行.
NOTIC: [2048] Only variables should be passed by reference C:\wnmp\nginx\www\zzlgx\Application\Exchange\Controller\MemberController.class.php 第 375 行.
SQL: SHOW COLUMNS FROM `member` [ RunTime:0.0600s ]
SQL: UPDATE `member` SET `phone_num`='18610601520',`province_id`='130000',`city_id`='130200',`area_id`='130202',`address`='12314564' WHERE ( phone_num = 18610601520 ) [ RunTime:0.0410s ]

[ 2017-12-11T13:21:18+08:00 ] 127.0.0.1 /Exchange/Goods/order?goods_id=33
INFO: [ app_init ] --START--
INFO: Run Behavior\BuildLiteBehavior [ RunTime:0.000000s ]
INFO: [ app_init ] --END-- [ RunTime:0.000000s ]
INFO: [ app_begin ] --START--
INFO: Run Behavior\ReadHtmlCacheBehavior [ RunTime:0.000000s ]
INFO: [ app_begin ] --END-- [ RunTime:0.000000s ]
SQL: SHOW COLUMNS FROM `member` [ RunTime:0.0380s ]
SQL: SELECT * FROM `member` WHERE `phone_num` = '18610601520' LIMIT 1   [ RunTime:0.0390s ]
SQL: SHOW COLUMNS FROM `province` [ RunTime:0.0250s ]
SQL: SELECT `province_name` FROM `province` WHERE ( province_id = 130000 ) LIMIT 1   [ RunTime:0.0160s ]
SQL: SHOW COLUMNS FROM `city` [ RunTime:0.0230s ]
SQL: SELECT `city_name` FROM `city` WHERE ( city_id = 130200 ) LIMIT 1   [ RunTime:0.0170s ]
SQL: SHOW COLUMNS FROM `area` [ RunTime:0.0170s ]
SQL: SELECT `area_name` FROM `area` WHERE ( area_id = 130202 ) LIMIT 1   [ RunTime:0.0110s ]
SQL: SHOW COLUMNS FROM `goods` [ RunTime:0.0200s ]
SQL: SELECT `goods_id`,`goods_name`,`pics`,`piao` FROM `goods` WHERE `goods_id` = 33 LIMIT 1   [ RunTime:0.0220s ]
SQL: SHOW COLUMNS FROM `business` [ RunTime:0.2460s ]
SQL: SELECT `province_id`,`city_id`,`area_id`,`business_address` FROM `business` WHERE `business_id` = 10001 LIMIT 1   [ RunTime:0.0260s ]
SQL: SELECT `province_name` FROM `province` WHERE ( province_id = 110000 ) LIMIT 1   [ RunTime:0.0290s ]
SQL: SELECT `city_name` FROM `city` WHERE ( city_id = 110100 ) LIMIT 1   [ RunTime:0.0270s ]
SQL: SELECT `area_name` FROM `area` WHERE ( area_id = 110108 ) LIMIT 1   [ RunTime:0.0150s ]
INFO: [ view_filter ] --START--
INFO: Run Behavior\WriteHtmlCacheBehavior [ RunTime:0.000000s ]
INFO: [ view_filter ] --END-- [ RunTime:0.000000s ]
INFO: [ app_end ] --START--
INFO: Run Behavior\ShowPageTraceBehavior [ RunTime:0.000000s ]
INFO: [ app_end ] --END-- [ RunTime:0.000000s ]

[ 2017-12-11T13:21:41+08:00 ] 127.0.0.1 /Exchange/Member/address_edit
INFO: [ app_init ] --START--
INFO: Run Behavior\BuildLiteBehavior [ RunTime:0.000000s ]
INFO: [ app_init ] --END-- [ RunTime:0.000000s ]
INFO: [ app_begin ] --START--
INFO: Run Behavior\ReadHtmlCacheBehavior [ RunTime:0.000000s ]
INFO: [ app_begin ] --END-- [ RunTime:0.000000s ]
SQL: SHOW COLUMNS FROM `member` [ RunTime:0.0100s ]
SQL: SELECT `area_id`,`city_id`,`province_id`,`phone_num`,`address`,`name` FROM `member` WHERE ( phone_num = 18610601520 ) LIMIT 1   [ RunTime:0.0100s ]
SQL: SHOW COLUMNS FROM `province` [ RunTime:0.0120s ]
SQL: SELECT * FROM `province`  [ RunTime:0.0120s ]
SQL: SHOW COLUMNS FROM `city` [ RunTime:0.0130s ]
SQL: SELECT * FROM `city` WHERE ( province_id = 130000 )  [ RunTime:0.0190s ]
SQL: SHOW COLUMNS FROM `area` [ RunTime:0.0210s ]
SQL: SELECT * FROM `area` WHERE ( city_id = 130200 )  [ RunTime:0.0150s ]
INFO: [ view_filter ] --START--
INFO: Run Behavior\WriteHtmlCacheBehavior [ RunTime:0.000000s ]
INFO: [ view_filter ] --END-- [ RunTime:0.000000s ]
INFO: [ app_end ] --START--
INFO: Run Behavior\ShowPageTraceBehavior [ RunTime:0.000000s ]
INFO: [ app_end ] --END-- [ RunTime:0.000000s ]

[ 2017-12-11T13:21:52+08:00 ] 127.0.0.1 /Exchange/Goods/lists?type=myagent
INFO: [ app_init ] --START--
INFO: Run Behavior\BuildLiteBehavior [ RunTime:0.000000s ]
INFO: [ app_init ] --END-- [ RunTime:0.000000s ]
INFO: [ app_begin ] --START--
INFO: Run Behavior\ReadHtmlCacheBehavior [ RunTime:0.001000s ]
INFO: [ app_begin ] --END-- [ RunTime:0.001000s ]
NOTIC: [8] Undefined index: group_id C:\wnmp\nginx\www\zzlgx\Application\Exchange\Controller\CommonController.class.php 第 73 行.
SQL: SHOW COLUMNS FROM `agent` [ RunTime:0.0100s ]
SQL: SELECT a.goods_id,g.pics,g.goods_name,g.piao,g.sales_volume FROM agent a,goods g WHERE a.business_id = '10001' AND ( a.goods_id=g.goods_id ) AND g.is_del = 0 AND g.status = 1 ORDER BY g.sales_volume desc LIMIT 0,10   [ RunTime:0.2300s ]
NOTIC: [8] Undefined index: order C:\wnmp\nginx\www\zzlgx\Application\Exchange\View\Goods\lists.phtml 第 108 行.
INFO: [ view_filter ] --START--
INFO: Run Behavior\WriteHtmlCacheBehavior [ RunTime:0.000000s ]
INFO: [ view_filter ] --END-- [ RunTime:0.000000s ]
INFO: [ app_end ] --START--
INFO: Run Behavior\ShowPageTraceBehavior [ RunTime:0.000000s ]
INFO: [ app_end ] --END-- [ RunTime:0.000000s ]

[ 2017-12-11T13:21:56+08:00 ] 127.0.0.1 /Exchange/Goods/lists?type=myagent&order=sd
INFO: [ app_init ] --START--
INFO: Run Behavior\BuildLiteBehavior [ RunTime:0.000000s ]
INFO: [ app_init ] --END-- [ RunTime:0.001000s ]
INFO: [ app_begin ] --START--
INFO: Run Behavior\ReadHtmlCacheBehavior [ RunTime:0.000000s ]
INFO: [ app_begin ] --END-- [ RunTime:0.001000s ]
NOTIC: [8] Undefined index: group_id C:\wnmp\nginx\www\zzlgx\Application\Exchange\Controller\CommonController.class.php 第 73 行.
SQL: SHOW COLUMNS FROM `agent` [ RunTime:0.0170s ]
SQL: SELECT a.goods_id,g.pics,g.goods_name,g.piao,g.sales_volume FROM agent a,goods g WHERE a.business_id = '10001' AND ( a.goods_id=g.goods_id ) AND g.is_del = 0 AND g.status = 1 ORDER BY g.sales_volume asc LIMIT 0,10   [ RunTime:0.2440s ]
INFO: [ view_filter ] --START--
INFO: Run Behavior\WriteHtmlCacheBehavior [ RunTime:0.000000s ]
INFO: [ view_filter ] --END-- [ RunTime:0.000000s ]
INFO: [ app_end ] --START--
INFO: Run Behavior\ShowPageTraceBehavior [ RunTime:0.001000s ]
INFO: [ app_end ] --END-- [ RunTime:0.001000s ]

[ 2017-12-11T13:25:07+08:00 ] 127.0.0.1 /Exchange/Member/index
INFO: [ app_init ] --START--
INFO: Run Behavior\BuildLiteBehavior [ RunTime:0.000000s ]
INFO: [ app_init ] --END-- [ RunTime:0.000000s ]
INFO: [ app_begin ] --START--
INFO: Run Behavior\ReadHtmlCacheBehavior [ RunTime:0.000000s ]
INFO: [ app_begin ] --END-- [ RunTime:0.000000s ]
SQL: SHOW COLUMNS FROM `member_10001` [ RunTime:0.0350s ]
SQL: SELECT * FROM `member_10001` WHERE `phone_num` = '18610601520' LIMIT 1   [ RunTime:0.0140s ]
SQL: SHOW COLUMNS FROM `member` [ RunTime:0.0180s ]
SQL: SELECT * FROM `member` WHERE ( phone_num = 18610601520 ) LIMIT 1   [ RunTime:0.0220s ]
SQL: SHOW COLUMNS FROM `business` [ RunTime:0.2660s ]
SQL: SELECT `business_logo`,`exchange_name` FROM `business` WHERE ( business_id = 10001 ) LIMIT 1   [ RunTime:0.0600s ]
SQL: SHOW COLUMNS FROM `order` [ RunTime:0.2820s ]
SQL: SELECT SUM(piao) AS tp_sum FROM `order` WHERE `status` = 4 AND `phone_num` = '18610601520' LIMIT 1   [ RunTime:0.0260s ]
SQL: SELECT SUM(num) AS tp_sum FROM `order` WHERE `status` = 4 AND `phone_num` = '18610601520' LIMIT 1   [ RunTime:0.0300s ]
SQL: SELECT COUNT(*) AS tp_count FROM `order` WHERE `status` = 1 AND `phone_num` = '18610601520' LIMIT 1   [ RunTime:0.0230s ]
SQL: SELECT COUNT(*) AS tp_count FROM `order` WHERE `status` = 2 AND `phone_num` = '18610601520' LIMIT 1   [ RunTime:0.0440s ]
SQL: SELECT COUNT(*) AS tp_count FROM `order` WHERE `status` = 3 AND `phone_num` = '18610601520' LIMIT 1   [ RunTime:0.0440s ]
NOTIC: [8] Undefined index: group_id C:\wnmp\nginx\www\zzlgx\Application\Exchange\Controller\CommonController.class.php 第 73 行.
SQL: SELECT COUNT(*) AS tp_count FROM `order` WHERE `status` = 6 AND `phone_num` = '18610601520' LIMIT 1   [ RunTime:0.0320s ]
NOTIC: [8] Undefined index: group_id C:\wnmp\nginx\www\zzlgx\Application\Exchange\View\Member\index.phtml 第 163 行.
NOTIC: [8] Undefined index: group_id C:\wnmp\nginx\www\zzlgx\Application\Exchange\View\Member\index.phtml 第 169 行.
NOTIC: [8] Undefined index: group_id C:\wnmp\nginx\www\zzlgx\Application\Exchange\View\Member\index.phtml 第 171 行.
INFO: [ view_filter ] --START--
INFO: Run Behavior\WriteHtmlCacheBehavior [ RunTime:0.000000s ]
INFO: [ view_filter ] --END-- [ RunTime:0.000000s ]
INFO: [ app_end ] --START--
INFO: Run Behavior\ShowPageTraceBehavior [ RunTime:0.000000s ]
INFO: [ app_end ] --END-- [ RunTime:0.000000s ]

[ 2017-12-11T13:25:09+08:00 ] 127.0.0.1 /Exchange/Member/myorders?status=1
INFO: [ app_init ] --START--
INFO: Run Behavior\BuildLiteBehavior [ RunTime:0.000000s ]
INFO: [ app_init ] --END-- [ RunTime:0.000000s ]
INFO: [ app_begin ] --START--
INFO: Run Behavior\ReadHtmlCacheBehavior [ RunTime:0.000000s ]
INFO: [ app_begin ] --END-- [ RunTime:0.000000s ]
SQL: SHOW COLUMNS FROM `order` [ RunTime:0.2410s ]
SQL: SELECT * FROM `order` WHERE `status` = 1 AND `phone_num` = '18610601520' ORDER BY add_time desc LIMIT 0,10   [ RunTime:0.2610s ]
INFO: [ view_filter ] --START--
INFO: Run Behavior\WriteHtmlCacheBehavior [ RunTime:0.001000s ]
INFO: [ view_filter ] --END-- [ RunTime:0.001000s ]
INFO: [ app_end ] --START--
INFO: Run Behavior\ShowPageTraceBehavior [ RunTime:0.000000s ]
INFO: [ app_end ] --END-- [ RunTime:0.000000s ]

[ 2017-12-11T13:25:12+08:00 ] 127.0.0.1 /Exchange/Member/myorders?status=2
INFO: [ app_init ] --START--
INFO: Run Behavior\BuildLiteBehavior [ RunTime:0.000000s ]
INFO: [ app_init ] --END-- [ RunTime:0.000000s ]
INFO: [ app_begin ] --START--
INFO: Run Behavior\ReadHtmlCacheBehavior [ RunTime:0.000000s ]
INFO: [ app_begin ] --END-- [ RunTime:0.000000s ]
SQL: SHOW COLUMNS FROM `order` [ RunTime:0.2230s ]
SQL: SELECT * FROM `order` WHERE `status` = 2 AND `phone_num` = '18610601520' ORDER BY add_time desc LIMIT 0,10   [ RunTime:0.2640s ]
INFO: [ view_filter ] --START--
INFO: Run Behavior\WriteHtmlCacheBehavior [ RunTime:0.000000s ]
INFO: [ view_filter ] --END-- [ RunTime:0.000000s ]
INFO: [ app_end ] --START--
INFO: Run Behavior\ShowPageTraceBehavior [ RunTime:0.000000s ]
INFO: [ app_end ] --END-- [ RunTime:0.000000s ]

[ 2017-12-11T13:25:13+08:00 ] 127.0.0.1 /Exchange/Member/myorders?status=3
INFO: [ app_init ] --START--
INFO: Run Behavior\BuildLiteBehavior [ RunTime:0.000000s ]
INFO: [ app_init ] --END-- [ RunTime:0.000000s ]
INFO: [ app_begin ] --START--
INFO: Run Behavior\ReadHtmlCacheBehavior [ RunTime:0.000000s ]
INFO: [ app_begin ] --END-- [ RunTime:0.000000s ]
SQL: SHOW COLUMNS FROM `order` [ RunTime:0.2160s ]
SQL: SELECT * FROM `order` WHERE `status` = 3 AND `phone_num` = '18610601520' ORDER BY add_time desc LIMIT 0,10   [ RunTime:0.2210s ]
INFO: [ view_filter ] --START--
INFO: Run Behavior\WriteHtmlCacheBehavior [ RunTime:0.000000s ]
INFO: [ view_filter ] --END-- [ RunTime:0.001000s ]
INFO: [ app_end ] --START--
INFO: Run Behavior\ShowPageTraceBehavior [ RunTime:0.000000s ]
INFO: [ app_end ] --END-- [ RunTime:0.000000s ]

[ 2017-12-11T13:25:15+08:00 ] 127.0.0.1 /Exchange/Member/myorders?status=6
INFO: [ app_init ] --START--
INFO: Run Behavior\BuildLiteBehavior [ RunTime:0.000000s ]
INFO: [ app_init ] --END-- [ RunTime:0.000000s ]
INFO: [ app_begin ] --START--
INFO: Run Behavior\ReadHtmlCacheBehavior [ RunTime:0.000000s ]
INFO: [ app_begin ] --END-- [ RunTime:0.000000s ]
SQL: SHOW COLUMNS FROM `order` [ RunTime:0.2430s ]
SQL: SELECT * FROM `order` WHERE ( `status` = 6 OR `status` = 7 ) AND `phone_num` = '18610601520' ORDER BY reason_time desc LIMIT 0,10   [ RunTime:0.3000s ]
INFO: [ view_filter ] --START--
INFO: Run Behavior\WriteHtmlCacheBehavior [ RunTime:0.000000s ]
INFO: [ view_filter ] --END-- [ RunTime:0.000000s ]
INFO: [ app_end ] --START--
INFO: Run Behavior\ShowPageTraceBehavior [ RunTime:0.001000s ]
INFO: [ app_end ] --END-- [ RunTime:0.001000s ]

[ 2017-12-11T13:25:16+08:00 ] 127.0.0.1 /Exchange/Member/myorders
INFO: [ app_init ] --START--
INFO: Run Behavior\BuildLiteBehavior [ RunTime:0.000000s ]
INFO: [ app_init ] --END-- [ RunTime:0.000000s ]
INFO: [ app_begin ] --START--
INFO: Run Behavior\ReadHtmlCacheBehavior [ RunTime:0.000000s ]
INFO: [ app_begin ] --END-- [ RunTime:0.000000s ]
NOTIC: [8] Undefined index: status C:\wnmp\nginx\www\zzlgx\Application\Exchange\Controller\MemberController.class.php 第 59 行.
SQL: SHOW COLUMNS FROM `order` [ RunTime:0.2490s ]
SQL: SELECT * FROM `order` WHERE `phone_num` = '18610601520' ORDER BY add_time desc LIMIT 0,10   [ RunTime:0.2700s ]
NOTIC: [8] Undefined index: status C:\wnmp\nginx\www\zzlgx\Application\Exchange\View\Member\myorders.phtml 第 30 行.
NOTIC: [8] Undefined index: status C:\wnmp\nginx\www\zzlgx\Application\Exchange\View\Member\myorders.phtml 第 30 行.
NOTIC: [8] Undefined index: status C:\wnmp\nginx\www\zzlgx\Application\Exchange\View\Member\myorders.phtml 第 31 行.
NOTIC: [8] Undefined index: status C:\wnmp\nginx\www\zzlgx\Application\Exchange\View\Member\myorders.phtml 第 31 行.
NOTIC: [8] Undefined index: status C:\wnmp\nginx\www\zzlgx\Application\Exchange\View\Member\myorders.phtml 第 32 行.
NOTIC: [8] Undefined index: status C:\wnmp\nginx\www\zzlgx\Application\Exchange\View\Member\myorders.phtml 第 32 行.
NOTIC: [8] Undefined index: status C:\wnmp\nginx\www\zzlgx\Application\Exchange\View\Member\myorders.phtml 第 33 行.
NOTIC: [8] Undefined index: status C:\wnmp\nginx\www\zzlgx\Application\Exchange\View\Member\myorders.phtml 第 33 行.
NOTIC: [8] Undefined index: status C:\wnmp\nginx\www\zzlgx\Application\Exchange\View\Member\myorders.phtml 第 34 行.
NOTIC: [8] Undefined index: status C:\wnmp\nginx\www\zzlgx\Application\Exchange\View\Member\myorders.phtml 第 34 行.
NOTIC: [8] Undefined index: status C:\wnmp\nginx\www\zzlgx\Application\Exchange\View\Member\myorders.phtml 第 129 行.
INFO: [ view_filter ] --START--
INFO: Run Behavior\WriteHtmlCacheBehavior [ RunTime:0.000000s ]
INFO: [ view_filter ] --END-- [ RunTime:0.000000s ]
INFO: [ app_end ] --START--
INFO: Run Behavior\ShowPageTraceBehavior [ RunTime:0.000000s ]
INFO: [ app_end ] --END-- [ RunTime:0.000000s ]

[ 2017-12-11T13:25:18+08:00 ] 127.0.0.1 /Exchange/Member
INFO: [ app_init ] --START--
INFO: Run Behavior\BuildLiteBehavior [ RunTime:0.000000s ]
INFO: [ app_init ] --END-- [ RunTime:0.001000s ]
INFO: [ app_begin ] --START--
INFO: Run Behavior\ReadHtmlCacheBehavior [ RunTime:0.000000s ]
INFO: [ app_begin ] --END-- [ RunTime:0.000000s ]
SQL: SHOW COLUMNS FROM `member_10001` [ RunTime:0.0160s ]
SQL: SELECT * FROM `member_10001` WHERE `phone_num` = '18610601520' LIMIT 1   [ RunTime:0.0360s ]
SQL: SHOW COLUMNS FROM `member` [ RunTime:0.0200s ]
SQL: SELECT * FROM `member` WHERE ( phone_num = 18610601520 ) LIMIT 1   [ RunTime:0.0160s ]
SQL: SHOW COLUMNS FROM `business` [ RunTime:0.2290s ]
SQL: SELECT `business_logo`,`exchange_name` FROM `business` WHERE ( business_id = 10001 ) LIMIT 1   [ RunTime:0.1310s ]
SQL: SHOW COLUMNS FROM `order` [ RunTime:0.2520s ]
SQL: SELECT SUM(piao) AS tp_sum FROM `order` WHERE `status` = 4 AND `phone_num` = '18610601520' LIMIT 1   [ RunTime:0.0280s ]
SQL: SELECT SUM(num) AS tp_sum FROM `order` WHERE `status` = 4 AND `phone_num` = '18610601520' LIMIT 1   [ RunTime:0.0230s ]
SQL: SELECT COUNT(*) AS tp_count FROM `order` WHERE `status` = 1 AND `phone_num` = '18610601520' LIMIT 1   [ RunTime:0.0100s ]
SQL: SELECT COUNT(*) AS tp_count FROM `order` WHERE `status` = 2 AND `phone_num` = '18610601520' LIMIT 1   [ RunTime:0.0150s ]
SQL: SELECT COUNT(*) AS tp_count FROM `order` WHERE `status` = 3 AND `phone_num` = '18610601520' LIMIT 1   [ RunTime:0.0130s ]
NOTIC: [8] Undefined index: group_id C:\wnmp\nginx\www\zzlgx\Application\Exchange\Controller\CommonController.class.php 第 73 行.
SQL: SELECT COUNT(*) AS tp_count FROM `order` WHERE `status` = 6 AND `phone_num` = '18610601520' LIMIT 1   [ RunTime:0.0100s ]
NOTIC: [8] Undefined index: group_id C:\wnmp\nginx\www\zzlgx\Application\Exchange\View\Member\index.phtml 第 163 行.
NOTIC: [8] Undefined index: group_id C:\wnmp\nginx\www\zzlgx\Application\Exchange\View\Member\index.phtml 第 169 行.
NOTIC: [8] Undefined index: group_id C:\wnmp\nginx\www\zzlgx\Application\Exchange\View\Member\index.phtml 第 171 行.
INFO: [ view_filter ] --START--
INFO: Run Behavior\WriteHtmlCacheBehavior [ RunTime:0.000000s ]
INFO: [ view_filter ] --END-- [ RunTime:0.001000s ]
INFO: [ app_end ] --START--
INFO: Run Behavior\ShowPageTraceBehavior [ RunTime:0.000000s ]
INFO: [ app_end ] --END-- [ RunTime:0.000000s ]

[ 2017-12-11T13:25:20+08:00 ] 127.0.0.1 /Exchange/Member/myorders?status=3
INFO: [ app_init ] --START--
INFO: Run Behavior\BuildLiteBehavior [ RunTime:0.000000s ]
INFO: [ app_init ] --END-- [ RunTime:0.000000s ]
INFO: [ app_begin ] --START--
INFO: Run Behavior\ReadHtmlCacheBehavior [ RunTime:0.000000s ]
INFO: [ app_begin ] --END-- [ RunTime:0.001000s ]
SQL: SHOW COLUMNS FROM `order` [ RunTime:0.2410s ]
SQL: SELECT * FROM `order` WHERE `status` = 3 AND `phone_num` = '18610601520' ORDER BY add_time desc LIMIT 0,10   [ RunTime:0.3450s ]
INFO: [ view_filter ] --START--
INFO: Run Behavior\WriteHtmlCacheBehavior [ RunTime:0.000000s ]
INFO: [ view_filter ] --END-- [ RunTime:0.001000s ]
INFO: [ app_end ] --START--
INFO: Run Behavior\ShowPageTraceBehavior [ RunTime:0.000000s ]
INFO: [ app_end ] --END-- [ RunTime:0.001000s ]

[ 2017-12-11T13:25:24+08:00 ] 127.0.0.1 /Exchange/Member
INFO: [ app_init ] --START--
INFO: Run Behavior\BuildLiteBehavior [ RunTime:0.000000s ]
INFO: [ app_init ] --END-- [ RunTime:0.000000s ]
INFO: [ app_begin ] --START--
INFO: Run Behavior\ReadHtmlCacheBehavior [ RunTime:0.000000s ]
INFO: [ app_begin ] --END-- [ RunTime:0.000000s ]
SQL: SHOW COLUMNS FROM `member_10001` [ RunTime:0.2830s ]
SQL: SELECT * FROM `member_10001` WHERE `phone_num` = '18610601520' LIMIT 1   [ RunTime:0.0260s ]
SQL: SHOW COLUMNS FROM `member` [ RunTime:0.0090s ]
SQL: SELECT * FROM `member` WHERE ( phone_num = 18610601520 ) LIMIT 1   [ RunTime:0.0230s ]
SQL: SHOW COLUMNS FROM `business` [ RunTime:0.2380s ]
SQL: SELECT `business_logo`,`exchange_name` FROM `business` WHERE ( business_id = 10001 ) LIMIT 1   [ RunTime:0.0530s ]
SQL: SHOW COLUMNS FROM `order` [ RunTime:0.2550s ]
SQL: SELECT SUM(piao) AS tp_sum FROM `order` WHERE `status` = 4 AND `phone_num` = '18610601520' LIMIT 1   [ RunTime:0.0510s ]
SQL: SELECT SUM(num) AS tp_sum FROM `order` WHERE `status` = 4 AND `phone_num` = '18610601520' LIMIT 1   [ RunTime:0.0190s ]
SQL: SELECT COUNT(*) AS tp_count FROM `order` WHERE `status` = 1 AND `phone_num` = '18610601520' LIMIT 1   [ RunTime:0.0150s ]
SQL: SELECT COUNT(*) AS tp_count FROM `order` WHERE `status` = 2 AND `phone_num` = '18610601520' LIMIT 1   [ RunTime:0.0160s ]
SQL: SELECT COUNT(*) AS tp_count FROM `order` WHERE `status` = 3 AND `phone_num` = '18610601520' LIMIT 1   [ RunTime:0.0230s ]
NOTIC: [8] Undefined index: group_id C:\wnmp\nginx\www\zzlgx\Application\Exchange\Controller\CommonController.class.php 第 73 行.
SQL: SELECT COUNT(*) AS tp_count FROM `order` WHERE `status` = 6 AND `phone_num` = '18610601520' LIMIT 1   [ RunTime:0.0230s ]
NOTIC: [8] Undefined index: group_id C:\wnmp\nginx\www\zzlgx\Application\Exchange\View\Member\index.phtml 第 163 行.
NOTIC: [8] Undefined index: group_id C:\wnmp\nginx\www\zzlgx\Application\Exchange\View\Member\index.phtml 第 169 行.
NOTIC: [8] Undefined index: group_id C:\wnmp\nginx\www\zzlgx\Application\Exchange\View\Member\index.phtml 第 171 行.
INFO: [ view_filter ] --START--
INFO: Run Behavior\WriteHtmlCacheBehavior [ RunTime:0.001000s ]
INFO: [ view_filter ] --END-- [ RunTime:0.001000s ]
INFO: [ app_end ] --START--
INFO: Run Behavior\ShowPageTraceBehavior [ RunTime:0.001000s ]
INFO: [ app_end ] --END-- [ RunTime:0.001000s ]

[ 2017-12-11T13:25:29+08:00 ] 127.0.0.1 /Exchange/Member/mypiao
INFO: [ app_init ] --START--
INFO: Run Behavior\BuildLiteBehavior [ RunTime:0.000000s ]
INFO: [ app_init ] --END-- [ RunTime:0.000000s ]
INFO: [ app_begin ] --START--
INFO: Run Behavior\ReadHtmlCacheBehavior [ RunTime:0.000000s ]
INFO: [ app_begin ] --END-- [ RunTime:0.001000s ]
SQL: select dispense.*,business.exchange_name from dispense left join business on dispense.business_id = business.business_id where dispense.phone_num = 18610601520 [ RunTime:0.0110s ]
SQL: SHOW COLUMNS FROM `order` [ RunTime:0.2530s ]
SQL: SELECT `business_id`,`sell_business_id`,`num`,`piao`,`goods_name`,`add_time` FROM `order` WHERE `phone_num` = '18610601520' AND `status` = 4  [ RunTime:0.0490s ]
INFO: [ view_filter ] --START--
INFO: Run Behavior\WriteHtmlCacheBehavior [ RunTime:0.000000s ]
INFO: [ view_filter ] --END-- [ RunTime:0.000000s ]
INFO: [ app_end ] --START--
INFO: Run Behavior\ShowPageTraceBehavior [ RunTime:0.000000s ]
INFO: [ app_end ] --END-- [ RunTime:0.000000s ]

[ 2017-12-11T13:25:33+08:00 ] 127.0.0.1 /Exchange/Member/address_edit
INFO: [ app_init ] --START--
INFO: Run Behavior\BuildLiteBehavior [ RunTime:0.000000s ]
INFO: [ app_init ] --END-- [ RunTime:0.000000s ]
INFO: [ app_begin ] --START--
INFO: Run Behavior\ReadHtmlCacheBehavior [ RunTime:0.000000s ]
INFO: [ app_begin ] --END-- [ RunTime:0.000000s ]
SQL: SHOW COLUMNS FROM `member` [ RunTime:0.0140s ]
SQL: SELECT `area_id`,`city_id`,`province_id`,`phone_num`,`address`,`name` FROM `member` WHERE ( phone_num = 18610601520 ) LIMIT 1   [ RunTime:0.0090s ]
SQL: SHOW COLUMNS FROM `province` [ RunTime:0.0180s ]
SQL: SELECT * FROM `province`  [ RunTime:0.0150s ]
SQL: SHOW COLUMNS FROM `city` [ RunTime:0.1670s ]
SQL: SELECT * FROM `city` WHERE ( province_id = 130000 )  [ RunTime:0.0210s ]
SQL: SHOW COLUMNS FROM `area` [ RunTime:0.0120s ]
SQL: SELECT * FROM `area` WHERE ( city_id = 130200 )  [ RunTime:0.0140s ]
INFO: [ view_filter ] --START--
INFO: Run Behavior\WriteHtmlCacheBehavior [ RunTime:0.000000s ]
INFO: [ view_filter ] --END-- [ RunTime:0.001000s ]
INFO: [ app_end ] --START--
INFO: Run Behavior\ShowPageTraceBehavior [ RunTime:0.000000s ]
INFO: [ app_end ] --END-- [ RunTime:0.000000s ]

[ 2017-12-11T13:25:36+08:00 ] 127.0.0.1 /Exchange/Member/address_edit
INFO: [ app_init ] --START--
INFO: Run Behavior\BuildLiteBehavior [ RunTime:0.000000s ]
INFO: [ app_init ] --END-- [ RunTime:0.000000s ]
INFO: [ app_begin ] --START--
INFO: Run Behavior\ReadHtmlCacheBehavior [ RunTime:0.000000s ]
INFO: [ app_begin ] --END-- [ RunTime:0.000000s ]
NOTIC: [2048] Only variables should be passed by reference C:\wnmp\nginx\www\zzlgx\Application\Exchange\Controller\MemberController.class.php 第 375 行.
NOTIC: [2048] Only variables should be passed by reference C:\wnmp\nginx\www\zzlgx\Application\Exchange\Controller\MemberController.class.php 第 375 行.
NOTIC: [2048] Only variables should be passed by reference C:\wnmp\nginx\www\zzlgx\Application\Exchange\Controller\MemberController.class.php 第 375 行.
NOTIC: [2048] Only variables should be passed by reference C:\wnmp\nginx\www\zzlgx\Application\Exchange\Controller\MemberController.class.php 第 375 行.
SQL: SHOW COLUMNS FROM `member` [ RunTime:0.0160s ]
SQL: UPDATE `member` SET `phone_num`='18610601520',`province_id`='130000',`city_id`='130200',`area_id`='130202',`address`='12314564' WHERE ( phone_num = 18610601520 ) [ RunTime:0.0210s ]

[ 2017-12-11T13:25:40+08:00 ] 127.0.0.1 /Exchange/Member
INFO: [ app_init ] --START--
INFO: Run Behavior\BuildLiteBehavior [ RunTime:0.000000s ]
INFO: [ app_init ] --END-- [ RunTime:0.000000s ]
INFO: [ app_begin ] --START--
INFO: Run Behavior\ReadHtmlCacheBehavior [ RunTime:0.000000s ]
INFO: [ app_begin ] --END-- [ RunTime:0.000000s ]
SQL: SHOW COLUMNS FROM `member_10001` [ RunTime:0.0140s ]
SQL: SELECT * FROM `member_10001` WHERE `phone_num` = '18610601520' LIMIT 1   [ RunTime:0.0100s ]
SQL: SHOW COLUMNS FROM `member` [ RunTime:0.0100s ]
SQL: SELECT * FROM `member` WHERE ( phone_num = 18610601520 ) LIMIT 1   [ RunTime:0.0190s ]
SQL: SHOW COLUMNS FROM `business` [ RunTime:0.2420s ]
SQL: SELECT `business_logo`,`exchange_name` FROM `business` WHERE ( business_id = 10001 ) LIMIT 1   [ RunTime:0.0530s ]
SQL: SHOW COLUMNS FROM `order` [ RunTime:0.2330s ]
SQL: SELECT SUM(piao) AS tp_sum FROM `order` WHERE `status` = 4 AND `phone_num` = '18610601520' LIMIT 1   [ RunTime:0.0610s ]
SQL: SELECT SUM(num) AS tp_sum FROM `order` WHERE `status` = 4 AND `phone_num` = '18610601520' LIMIT 1   [ RunTime:0.0160s ]
SQL: SELECT COUNT(*) AS tp_count FROM `order` WHERE `status` = 1 AND `phone_num` = '18610601520' LIMIT 1   [ RunTime:0.0190s ]
SQL: SELECT COUNT(*) AS tp_count FROM `order` WHERE `status` = 2 AND `phone_num` = '18610601520' LIMIT 1   [ RunTime:0.0180s ]
SQL: SELECT COUNT(*) AS tp_count FROM `order` WHERE `status` = 3 AND `phone_num` = '18610601520' LIMIT 1   [ RunTime:0.0240s ]
NOTIC: [8] Undefined index: group_id C:\wnmp\nginx\www\zzlgx\Application\Exchange\Controller\CommonController.class.php 第 73 行.
SQL: SELECT COUNT(*) AS tp_count FROM `order` WHERE `status` = 6 AND `phone_num` = '18610601520' LIMIT 1   [ RunTime:0.0210s ]
NOTIC: [8] Undefined index: group_id C:\wnmp\nginx\www\zzlgx\Application\Exchange\View\Member\index.phtml 第 163 行.
NOTIC: [8] Undefined index: group_id C:\wnmp\nginx\www\zzlgx\Application\Exchange\View\Member\index.phtml 第 169 行.
NOTIC: [8] Undefined index: group_id C:\wnmp\nginx\www\zzlgx\Application\Exchange\View\Member\index.phtml 第 171 行.
INFO: [ view_filter ] --START--
INFO: Run Behavior\WriteHtmlCacheBehavior [ RunTime:0.000000s ]
INFO: [ view_filter ] --END-- [ RunTime:0.000000s ]
INFO: [ app_end ] --START--
INFO: Run Behavior\ShowPageTraceBehavior [ RunTime:0.000000s ]
INFO: [ app_end ] --END-- [ RunTime:0.001000s ]

[ 2017-12-11T13:26:03+08:00 ] 127.0.0.1 /Exchange/log/out
INFO: [ app_init ] --START--
INFO: Run Behavior\BuildLiteBehavior [ RunTime:0.000000s ]
INFO: [ app_init ] --END-- [ RunTime:0.000000s ]
INFO: [ app_begin ] --START--
INFO: Run Behavior\ReadHtmlCacheBehavior [ RunTime:0.000000s ]
INFO: [ app_begin ] --END-- [ RunTime:0.000000s ]
INFO: [ app_end ] --START--
INFO: Run Behavior\ShowPageTraceBehavior [ RunTime:0.000000s ]
INFO: [ app_end ] --END-- [ RunTime:0.000000s ]

[ 2017-12-11T13:26:04+08:00 ] 127.0.0.1 /exchange?b=10001
INFO: [ app_init ] --START--
INFO: Run Behavior\BuildLiteBehavior [ RunTime:0.000000s ]
INFO: [ app_init ] --END-- [ RunTime:0.001000s ]
INFO: [ app_begin ] --START--
INFO: Run Behavior\ReadHtmlCacheBehavior [ RunTime:0.000000s ]
INFO: [ app_begin ] --END-- [ RunTime:0.000000s ]
SQL: SHOW COLUMNS FROM `business` [ RunTime:0.2310s ]
SQL: SELECT * FROM `business` WHERE `business_id` = 10001 LIMIT 1   [ RunTime:0.2680s ]
NOTIC: [8] Undefined index: phone_num C:\wnmp\nginx\www\zzlgx\Application\Exchange\Controller\CommonController.class.php 第 46 行.
NOTIC: [8] Undefined index: phone_num C:\wnmp\nginx\www\zzlgx\Application\Exchange\Controller\CommonController.class.php 第 51 行.
NOTIC: [8] Undefined index: group_id C:\wnmp\nginx\www\zzlgx\Application\Exchange\Controller\CommonController.class.php 第 73 行.
SQL: SELECT `exchange_name` FROM `business` WHERE `business_id` = 10001 LIMIT 1   [ RunTime:0.0460s ]
SQL: SHOW COLUMNS FROM `goods` [ RunTime:0.0160s ]
SQL: SELECT `goods_id`,`pics`,`goods_name`,`piao`,`is_jian`,`business_id` FROM `goods` WHERE `is_del` = 0 AND `status` = 1 ORDER BY add_time desc  [ RunTime:0.0270s ]
SQL: SHOW COLUMNS FROM `agent` [ RunTime:0.0310s ]
SQL: SELECT `goods_id` FROM `agent` WHERE `business_id` = 10001 AND `is_jian` = 1 ORDER BY add_time desc  [ RunTime:0.0160s ]
SQL: SELECT `goods_id` FROM `agent` WHERE `business_id` = 10001 ORDER BY add_time desc  [ RunTime:0.0130s ]
INFO: [ view_filter ] --START--
INFO: Run Behavior\WriteHtmlCacheBehavior [ RunTime:0.000000s ]
INFO: [ view_filter ] --END-- [ RunTime:0.001000s ]
INFO: [ app_end ] --START--
INFO: Run Behavior\ShowPageTraceBehavior [ RunTime:0.000000s ]
INFO: [ app_end ] --END-- [ RunTime:0.001000s ]

[ 2017-12-11T13:26:07+08:00 ] 127.0.0.1 /Exchange/Member/index
INFO: [ app_init ] --START--
INFO: Run Behavior\BuildLiteBehavior [ RunTime:0.000000s ]
INFO: [ app_init ] --END-- [ RunTime:0.000000s ]
INFO: [ app_begin ] --START--
INFO: Run Behavior\ReadHtmlCacheBehavior [ RunTime:0.000000s ]
INFO: [ app_begin ] --END-- [ RunTime:0.000000s ]
NOTIC: [8] Undefined index: phone_num C:\wnmp\nginx\www\zzlgx\Application\Exchange\Controller\CommonController.class.php 第 60 行.

[ 2017-12-11T13:26:07+08:00 ] 127.0.0.1 /exchange/log/in
INFO: [ app_init ] --START--
INFO: Run Behavior\BuildLiteBehavior [ RunTime:0.000000s ]
INFO: [ app_init ] --END-- [ RunTime:0.000000s ]
INFO: [ app_begin ] --START--
INFO: Run Behavior\ReadHtmlCacheBehavior [ RunTime:0.000000s ]
INFO: [ app_begin ] --END-- [ RunTime:0.000000s ]
NOTIC: [8] Undefined index: phone_num C:\wnmp\nginx\www\zzlgx\Application\Exchange\View\Log\in.phtml 第 13 行.
INFO: [ view_filter ] --START--
INFO: Run Behavior\WriteHtmlCacheBehavior [ RunTime:0.000000s ]
INFO: [ view_filter ] --END-- [ RunTime:0.000000s ]
INFO: [ app_end ] --START--
INFO: Run Behavior\ShowPageTraceBehavior [ RunTime:0.000000s ]
INFO: [ app_end ] --END-- [ RunTime:0.000000s ]

[ 2017-12-11T13:26:09+08:00 ] 127.0.0.1 /Exchange/log/in
INFO: [ app_init ] --START--
INFO: Run Behavior\BuildLiteBehavior [ RunTime:0.000000s ]
INFO: [ app_init ] --END-- [ RunTime:0.000000s ]
INFO: [ app_begin ] --START--
INFO: Run Behavior\ReadHtmlCacheBehavior [ RunTime:0.000000s ]
INFO: [ app_begin ] --END-- [ RunTime:0.000000s ]
SQL: SHOW COLUMNS FROM `member` [ RunTime:0.0120s ]
SQL: SELECT * FROM `member` WHERE `phone_num` = '18610601520' AND `password` = 'e10adc3949ba59abbe56e057f20f883e' LIMIT 1   [ RunTime:0.0180s ]

[ 2017-12-11T13:26:10+08:00 ] 127.0.0.1 /exchange?b=10001
INFO: [ app_init ] --START--
INFO: Run Behavior\BuildLiteBehavior [ RunTime:0.000000s ]
INFO: [ app_init ] --END-- [ RunTime:0.000000s ]
INFO: [ app_begin ] --START--
INFO: Run Behavior\ReadHtmlCacheBehavior [ RunTime:0.000000s ]
INFO: [ app_begin ] --END-- [ RunTime:0.000000s ]
SQL: SHOW COLUMNS FROM `business` [ RunTime:0.2310s ]
SQL: SELECT * FROM `business` WHERE `business_id` = 10001 LIMIT 1   [ RunTime:0.2940s ]
NOTIC: [8] Undefined index: group_id C:\wnmp\nginx\www\zzlgx\Application\Exchange\Controller\CommonController.class.php 第 73 行.
SQL: SELECT `exchange_name` FROM `business` WHERE `business_id` = 10001 LIMIT 1   [ RunTime:0.0140s ]
SQL: SHOW COLUMNS FROM `goods` [ RunTime:0.0130s ]
SQL: SELECT `goods_id`,`pics`,`goods_name`,`piao`,`is_jian`,`business_id` FROM `goods` WHERE `is_del` = 0 AND `status` = 1 ORDER BY add_time desc  [ RunTime:0.0310s ]
SQL: SHOW COLUMNS FROM `agent` [ RunTime:0.0270s ]
SQL: SELECT `goods_id` FROM `agent` WHERE `business_id` = 10001 AND `is_jian` = 1 ORDER BY add_time desc  [ RunTime:0.0160s ]
SQL: SELECT `goods_id` FROM `agent` WHERE `business_id` = 10001 ORDER BY add_time desc  [ RunTime:0.0180s ]
INFO: [ view_filter ] --START--
INFO: Run Behavior\WriteHtmlCacheBehavior [ RunTime:0.000000s ]
INFO: [ view_filter ] --END-- [ RunTime:0.000000s ]
INFO: [ app_end ] --START--
INFO: Run Behavior\ShowPageTraceBehavior [ RunTime:0.001000s ]
INFO: [ app_end ] --END-- [ RunTime:0.001000s ]

[ 2017-12-11T13:26:13+08:00 ] 127.0.0.1 /Exchange/Member/index
INFO: [ app_init ] --START--
INFO: Run Behavior\BuildLiteBehavior [ RunTime:0.000000s ]
INFO: [ app_init ] --END-- [ RunTime:0.000000s ]
INFO: [ app_begin ] --START--
INFO: Run Behavior\ReadHtmlCacheBehavior [ RunTime:0.000000s ]
INFO: [ app_begin ] --END-- [ RunTime:0.000000s ]
SQL: SHOW COLUMNS FROM `member_10001` [ RunTime:0.0090s ]
SQL: SELECT * FROM `member_10001` WHERE `phone_num` = '18610601520' LIMIT 1   [ RunTime:0.0140s ]
SQL: SHOW COLUMNS FROM `member` [ RunTime:0.0090s ]
SQL: SELECT * FROM `member` WHERE ( phone_num = 18610601520 ) LIMIT 1   [ RunTime:0.0120s ]
SQL: SHOW COLUMNS FROM `business` [ RunTime:0.2360s ]
SQL: SELECT `business_logo`,`exchange_name` FROM `business` WHERE ( business_id = 10001 ) LIMIT 1   [ RunTime:0.0450s ]
SQL: SHOW COLUMNS FROM `order` [ RunTime:0.2230s ]
SQL: SELECT SUM(piao) AS tp_sum FROM `order` WHERE `status` = 4 AND `phone_num` = '18610601520' LIMIT 1   [ RunTime:0.0610s ]
SQL: SELECT SUM(num) AS tp_sum FROM `order` WHERE `status` = 4 AND `phone_num` = '18610601520' LIMIT 1   [ RunTime:0.0100s ]
SQL: SELECT COUNT(*) AS tp_count FROM `order` WHERE `status` = 1 AND `phone_num` = '18610601520' LIMIT 1   [ RunTime:0.0150s ]
SQL: SELECT COUNT(*) AS tp_count FROM `order` WHERE `status` = 2 AND `phone_num` = '18610601520' LIMIT 1   [ RunTime:0.0100s ]
SQL: SELECT COUNT(*) AS tp_count FROM `order` WHERE `status` = 3 AND `phone_num` = '18610601520' LIMIT 1   [ RunTime:0.0120s ]
NOTIC: [8] Undefined index: group_id C:\wnmp\nginx\www\zzlgx\Application\Exchange\Controller\CommonController.class.php 第 73 行.
SQL: SELECT COUNT(*) AS tp_count FROM `order` WHERE `status` = 6 AND `phone_num` = '18610601520' LIMIT 1   [ RunTime:0.0290s ]
NOTIC: [8] Undefined index: group_id C:\wnmp\nginx\www\zzlgx\Application\Exchange\View\Member\index.phtml 第 163 行.
NOTIC: [8] Undefined index: group_id C:\wnmp\nginx\www\zzlgx\Application\Exchange\View\Member\index.phtml 第 169 行.
NOTIC: [8] Undefined index: group_id C:\wnmp\nginx\www\zzlgx\Application\Exchange\View\Member\index.phtml 第 171 行.
INFO: [ view_filter ] --START--
INFO: Run Behavior\WriteHtmlCacheBehavior [ RunTime:0.001000s ]
INFO: [ view_filter ] --END-- [ RunTime:0.001000s ]
INFO: [ app_end ] --START--
INFO: Run Behavior\ShowPageTraceBehavior [ RunTime:0.000000s ]
INFO: [ app_end ] --END-- [ RunTime:0.000000s ]

[ 2017-12-11T13:26:15+08:00 ] 127.0.0.1 /Exchange/Member/edit_pay
INFO: [ app_init ] --START--
INFO: Run Behavior\BuildLiteBehavior [ RunTime:0.000000s ]
INFO: [ app_init ] --END-- [ RunTime:0.000000s ]
INFO: [ app_begin ] --START--
INFO: Run Behavior\ReadHtmlCacheBehavior [ RunTime:0.000000s ]
INFO: [ app_begin ] --END-- [ RunTime:0.000000s ]
INFO: [ view_filter ] --START--
INFO: Run Behavior\WriteHtmlCacheBehavior [ RunTime:0.000000s ]
INFO: [ view_filter ] --END-- [ RunTime:0.000000s ]
INFO: [ app_end ] --START--
INFO: Run Behavior\ShowPageTraceBehavior [ RunTime:0.000000s ]
INFO: [ app_end ] --END-- [ RunTime:0.000000s ]

[ 2017-12-11T13:26:18+08:00 ] 127.0.0.1 /Exchange/Member/repassword
INFO: [ app_init ] --START--
INFO: Run Behavior\BuildLiteBehavior [ RunTime:0.000000s ]
INFO: [ app_init ] --END-- [ RunTime:0.000000s ]
INFO: [ app_begin ] --START--
INFO: Run Behavior\ReadHtmlCacheBehavior [ RunTime:0.000000s ]
INFO: [ app_begin ] --END-- [ RunTime:0.000000s ]
INFO: [ view_filter ] --START--
INFO: Run Behavior\WriteHtmlCacheBehavior [ RunTime:0.000000s ]
INFO: [ view_filter ] --END-- [ RunTime:0.000000s ]
INFO: [ app_end ] --START--
INFO: Run Behavior\ShowPageTraceBehavior [ RunTime:0.000000s ]
INFO: [ app_end ] --END-- [ RunTime:0.000000s ]

[ 2017-12-11T13:26:22+08:00 ] 127.0.0.1 /Exchange/Member/address_edit
INFO: [ app_init ] --START--
INFO: Run Behavior\BuildLiteBehavior [ RunTime:0.000000s ]
INFO: [ app_init ] --END-- [ RunTime:0.000000s ]
INFO: [ app_begin ] --START--
INFO: Run Behavior\ReadHtmlCacheBehavior [ RunTime:0.000000s ]
INFO: [ app_begin ] --END-- [ RunTime:0.000000s ]
SQL: SHOW COLUMNS FROM `member` [ RunTime:0.0110s ]
SQL: SELECT `area_id`,`city_id`,`province_id`,`phone_num`,`address`,`name` FROM `member` WHERE ( phone_num = 18610601520 ) LIMIT 1   [ RunTime:0.0120s ]
SQL: SHOW COLUMNS FROM `province` [ RunTime:0.0110s ]
SQL: SELECT * FROM `province`  [ RunTime:0.0090s ]
SQL: SHOW COLUMNS FROM `city` [ RunTime:0.0130s ]
SQL: SELECT * FROM `city` WHERE ( province_id = 130000 )  [ RunTime:0.0150s ]
SQL: SHOW COLUMNS FROM `area` [ RunTime:0.0220s ]
SQL: SELECT * FROM `area` WHERE ( city_id = 130200 )  [ RunTime:0.0120s ]
INFO: [ view_filter ] --START--
INFO: Run Behavior\WriteHtmlCacheBehavior [ RunTime:0.000000s ]
INFO: [ view_filter ] --END-- [ RunTime:0.000000s ]
INFO: [ app_end ] --START--
INFO: Run Behavior\ShowPageTraceBehavior [ RunTime:0.000000s ]
INFO: [ app_end ] --END-- [ RunTime:0.000000s ]

[ 2017-12-11T13:26:25+08:00 ] 127.0.0.1 /Exchange/Member/index
INFO: [ app_init ] --START--
INFO: Run Behavior\BuildLiteBehavior [ RunTime:0.000000s ]
INFO: [ app_init ] --END-- [ RunTime:0.000000s ]
INFO: [ app_begin ] --START--
INFO: Run Behavior\ReadHtmlCacheBehavior [ RunTime:0.000000s ]
INFO: [ app_begin ] --END-- [ RunTime:0.000000s ]
SQL: SHOW COLUMNS FROM `member_10001` [ RunTime:0.0150s ]
SQL: SELECT * FROM `member_10001` WHERE `phone_num` = '18610601520' LIMIT 1   [ RunTime:0.0190s ]
SQL: SHOW COLUMNS FROM `member` [ RunTime:0.0210s ]
SQL: SELECT * FROM `member` WHERE ( phone_num = 18610601520 ) LIMIT 1   [ RunTime:0.0170s ]
SQL: SHOW COLUMNS FROM `business` [ RunTime:0.2390s ]
SQL: SELECT `business_logo`,`exchange_name` FROM `business` WHERE ( business_id = 10001 ) LIMIT 1   [ RunTime:0.0630s ]
SQL: SHOW COLUMNS FROM `order` [ RunTime:0.2620s ]
SQL: SELECT SUM(piao) AS tp_sum FROM `order` WHERE `status` = 4 AND `phone_num` = '18610601520' LIMIT 1   [ RunTime:0.0230s ]
SQL: SELECT SUM(num) AS tp_sum FROM `order` WHERE `status` = 4 AND `phone_num` = '18610601520' LIMIT 1   [ RunTime:0.0140s ]
SQL: SELECT COUNT(*) AS tp_count FROM `order` WHERE `status` = 1 AND `phone_num` = '18610601520' LIMIT 1   [ RunTime:0.0120s ]
SQL: SELECT COUNT(*) AS tp_count FROM `order` WHERE `status` = 2 AND `phone_num` = '18610601520' LIMIT 1   [ RunTime:0.0170s ]
SQL: SELECT COUNT(*) AS tp_count FROM `order` WHERE `status` = 3 AND `phone_num` = '18610601520' LIMIT 1   [ RunTime:0.0130s ]
NOTIC: [8] Undefined index: group_id C:\wnmp\nginx\www\zzlgx\Application\Exchange\Controller\CommonController.class.php 第 73 行.
SQL: SELECT COUNT(*) AS tp_count FROM `order` WHERE `status` = 6 AND `phone_num` = '18610601520' LIMIT 1   [ RunTime:0.0140s ]
NOTIC: [8] Undefined index: group_id C:\wnmp\nginx\www\zzlgx\Application\Exchange\View\Member\index.phtml 第 163 行.
NOTIC: [8] Undefined index: group_id C:\wnmp\nginx\www\zzlgx\Application\Exchange\View\Member\index.phtml 第 169 行.
NOTIC: [8] Undefined index: group_id C:\wnmp\nginx\www\zzlgx\Application\Exchange\View\Member\index.phtml 第 171 行.
INFO: [ view_filter ] --START--
INFO: Run Behavior\WriteHtmlCacheBehavior [ RunTime:0.001000s ]
INFO: [ view_filter ] --END-- [ RunTime:0.001000s ]
INFO: [ app_end ] --START--
INFO: Run Behavior\ShowPageTraceBehavior [ RunTime:0.000000s ]
INFO: [ app_end ] --END-- [ RunTime:0.000000s ]

[ 2017-12-11T13:26:26+08:00 ] 127.0.0.1 /Exchange/Member/repassword
INFO: [ app_init ] --START--
INFO: Run Behavior\BuildLiteBehavior [ RunTime:0.000000s ]
INFO: [ app_init ] --END-- [ RunTime:0.000000s ]
INFO: [ app_begin ] --START--
INFO: Run Behavior\ReadHtmlCacheBehavior [ RunTime:0.001000s ]
INFO: [ app_begin ] --END-- [ RunTime:0.001000s ]
INFO: [ view_filter ] --START--
INFO: Run Behavior\WriteHtmlCacheBehavior [ RunTime:0.000000s ]
INFO: [ view_filter ] --END-- [ RunTime:0.000000s ]
INFO: [ app_end ] --START--
INFO: Run Behavior\ShowPageTraceBehavior [ RunTime:0.000000s ]
INFO: [ app_end ] --END-- [ RunTime:0.000000s ]

[ 2017-12-11T13:26:40+08:00 ] 127.0.0.1 /exchange/member/repassword
INFO: [ app_init ] --START--
INFO: Run Behavior\BuildLiteBehavior [ RunTime:0.000000s ]
INFO: [ app_init ] --END-- [ RunTime:0.000000s ]
INFO: [ app_begin ] --START--
INFO: Run Behavior\ReadHtmlCacheBehavior [ RunTime:0.001000s ]
INFO: [ app_begin ] --END-- [ RunTime:0.001000s ]
SQL: SHOW COLUMNS FROM `member` [ RunTime:0.0290s ]
SQL: SELECT `password` FROM `member` WHERE `phone_num` = '18610601520' LIMIT 1   [ RunTime:0.0200s ]
SQL: UPDATE `member` SET `password`='c33367701511b4f6020ec61ded352059' WHERE `phone_num` = '18610601520' [ RunTime:0.0410s ]

[ 2017-12-11T13:26:40+08:00 ] 127.0.0.1 /exchange/log/in?b=10001&phone_num=18610601520
INFO: [ app_init ] --START--
INFO: Run Behavior\BuildLiteBehavior [ RunTime:0.000000s ]
INFO: [ app_init ] --END-- [ RunTime:0.001000s ]
INFO: [ app_begin ] --START--
INFO: Run Behavior\ReadHtmlCacheBehavior [ RunTime:0.000000s ]
INFO: [ app_begin ] --END-- [ RunTime:0.000000s ]
NOTIC: [8] Undefined index: exchange C:\wnmp\nginx\www\zzlgx\Application\Exchange\View\Log\in.phtml 第 52 行.
INFO: [ view_filter ] --START--
INFO: Run Behavior\WriteHtmlCacheBehavior [ RunTime:0.000000s ]
INFO: [ view_filter ] --END-- [ RunTime:0.000000s ]
INFO: [ app_end ] --START--
INFO: Run Behavior\ShowPageTraceBehavior [ RunTime:0.000000s ]
INFO: [ app_end ] --END-- [ RunTime:0.000000s ]

[ 2017-12-11T13:26:42+08:00 ] 127.0.0.1 /Exchange/log/in
INFO: [ app_init ] --START--
INFO: Run Behavior\BuildLiteBehavior [ RunTime:0.000000s ]
INFO: [ app_init ] --END-- [ RunTime:0.000000s ]
INFO: [ app_begin ] --START--
INFO: Run Behavior\ReadHtmlCacheBehavior [ RunTime:0.000000s ]
INFO: [ app_begin ] --END-- [ RunTime:0.000000s ]
SQL: SHOW COLUMNS FROM `member` [ RunTime:0.0470s ]
SQL: SELECT * FROM `member` WHERE `phone_num` = '18610601520' AND `password` = 'e10adc3949ba59abbe56e057f20f883e' LIMIT 1   [ RunTime:0.0470s ]
SQL: SELECT `password` FROM `member` WHERE `phone_num` = '18610601520' LIMIT 1   [ RunTime:0.0350s ]

[ 2017-12-11T13:26:50+08:00 ] 127.0.0.1 /Exchange/log/in
INFO: [ app_init ] --START--
INFO: Run Behavior\BuildLiteBehavior [ RunTime:0.000000s ]
INFO: [ app_init ] --END-- [ RunTime:0.001001s ]
INFO: [ app_begin ] --START--
INFO: Run Behavior\ReadHtmlCacheBehavior [ RunTime:0.001000s ]
INFO: [ app_begin ] --END-- [ RunTime:0.001000s ]
SQL: SHOW COLUMNS FROM `member` [ RunTime:0.0340s ]
SQL: SELECT * FROM `member` WHERE `phone_num` = '18610601520' AND `password` = 'c33367701511b4f6020ec61ded352059' LIMIT 1   [ RunTime:0.0240s ]

[ 2017-12-11T13:26:51+08:00 ] 127.0.0.1 /exchange?b=
INFO: [ app_init ] --START--
INFO: Run Behavior\BuildLiteBehavior [ RunTime:0.000000s ]
INFO: [ app_init ] --END-- [ RunTime:0.001000s ]
INFO: [ app_begin ] --START--
INFO: Run Behavior\ReadHtmlCacheBehavior [ RunTime:0.000000s ]
INFO: [ app_begin ] --END-- [ RunTime:0.000000s ]
SQL: SHOW COLUMNS FROM `business` [ RunTime:0.2250s ]
SQL: SELECT * FROM `business` WHERE `business_id` = 0 LIMIT 1   [ RunTime:0.2590s ]

[ 2017-12-11T13:26:52+08:00 ] 127.0.0.1 /exchange?b=10001
INFO: [ app_init ] --START--
INFO: Run Behavior\BuildLiteBehavior [ RunTime:0.000000s ]
INFO: [ app_init ] --END-- [ RunTime:0.000000s ]
INFO: [ app_begin ] --START--
INFO: Run Behavior\ReadHtmlCacheBehavior [ RunTime:0.000000s ]
INFO: [ app_begin ] --END-- [ RunTime:0.000000s ]
SQL: SHOW COLUMNS FROM `business` [ RunTime:0.2250s ]
SQL: SELECT * FROM `business` WHERE `business_id` = 10001 LIMIT 1   [ RunTime:0.3190s ]
NOTIC: [8] Undefined index: group_id C:\wnmp\nginx\www\zzlgx\Application\Exchange\Controller\CommonController.class.php 第 73 行.
SQL: SELECT `exchange_name` FROM `business` WHERE `business_id` = 10001 LIMIT 1   [ RunTime:0.0640s ]
SQL: SHOW COLUMNS FROM `goods` [ RunTime:0.0150s ]
SQL: SELECT `goods_id`,`pics`,`goods_name`,`piao`,`is_jian`,`business_id` FROM `goods` WHERE `is_del` = 0 AND `status` = 1 ORDER BY add_time desc  [ RunTime:0.0290s ]
SQL: SHOW COLUMNS FROM `agent` [ RunTime:0.0730s ]
SQL: SELECT `goods_id` FROM `agent` WHERE `business_id` = 10001 AND `is_jian` = 1 ORDER BY add_time desc  [ RunTime:0.0100s ]
SQL: SELECT `goods_id` FROM `agent` WHERE `business_id` = 10001 ORDER BY add_time desc  [ RunTime:0.0080s ]
INFO: [ view_filter ] --START--
INFO: Run Behavior\WriteHtmlCacheBehavior [ RunTime:0.000000s ]
INFO: [ view_filter ] --END-- [ RunTime:0.000000s ]
INFO: [ app_end ] --START--
INFO: Run Behavior\ShowPageTraceBehavior [ RunTime:0.000000s ]
INFO: [ app_end ] --END-- [ RunTime:0.000000s ]

[ 2017-12-11T13:26:56+08:00 ] 127.0.0.1 /Exchange/Member/index
INFO: [ app_init ] --START--
INFO: Run Behavior\BuildLiteBehavior [ RunTime:0.000000s ]
INFO: [ app_init ] --END-- [ RunTime:0.000000s ]
INFO: [ app_begin ] --START--
INFO: Run Behavior\ReadHtmlCacheBehavior [ RunTime:0.000000s ]
INFO: [ app_begin ] --END-- [ RunTime:0.000000s ]
SQL: SHOW COLUMNS FROM `member_10001` [ RunTime:0.0260s ]
SQL: SELECT * FROM `member_10001` WHERE `phone_num` = '18610601520' LIMIT 1   [ RunTime:0.0340s ]
SQL: SHOW COLUMNS FROM `member` [ RunTime:0.0500s ]
SQL: SELECT * FROM `member` WHERE ( phone_num = 18610601520 ) LIMIT 1   [ RunTime:0.0300s ]
SQL: SHOW COLUMNS FROM `business` [ RunTime:0.2460s ]
SQL: SELECT `business_logo`,`exchange_name` FROM `business` WHERE ( business_id = 10001 ) LIMIT 1   [ RunTime:0.0760s ]
SQL: SHOW COLUMNS FROM `order` [ RunTime:0.2200s ]
SQL: SELECT SUM(piao) AS tp_sum FROM `order` WHERE `status` = 4 AND `phone_num` = '18610601520' LIMIT 1   [ RunTime:0.0500s ]
SQL: SELECT SUM(num) AS tp_sum FROM `order` WHERE `status` = 4 AND `phone_num` = '18610601520' LIMIT 1   [ RunTime:0.0090s ]
SQL: SELECT COUNT(*) AS tp_count FROM `order` WHERE `status` = 1 AND `phone_num` = '18610601520' LIMIT 1   [ RunTime:0.0090s ]
SQL: SELECT COUNT(*) AS tp_count FROM `order` WHERE `status` = 2 AND `phone_num` = '18610601520' LIMIT 1   [ RunTime:0.0120s ]
SQL: SELECT COUNT(*) AS tp_count FROM `order` WHERE `status` = 3 AND `phone_num` = '18610601520' LIMIT 1   [ RunTime:0.0120s ]
NOTIC: [8] Undefined index: group_id C:\wnmp\nginx\www\zzlgx\Application\Exchange\Controller\CommonController.class.php 第 73 行.
SQL: SELECT COUNT(*) AS tp_count FROM `order` WHERE `status` = 6 AND `phone_num` = '18610601520' LIMIT 1   [ RunTime:0.0100s ]
NOTIC: [8] Undefined index: group_id C:\wnmp\nginx\www\zzlgx\Application\Exchange\View\Member\index.phtml 第 163 行.
NOTIC: [8] Undefined index: group_id C:\wnmp\nginx\www\zzlgx\Application\Exchange\View\Member\index.phtml 第 169 行.
NOTIC: [8] Undefined index: group_id C:\wnmp\nginx\www\zzlgx\Application\Exchange\View\Member\index.phtml 第 171 行.
INFO: [ view_filter ] --START--
INFO: Run Behavior\WriteHtmlCacheBehavior [ RunTime:0.000000s ]
INFO: [ view_filter ] --END-- [ RunTime:0.000000s ]
INFO: [ app_end ] --START--
INFO: Run Behavior\ShowPageTraceBehavior [ RunTime:0.000000s ]
INFO: [ app_end ] --END-- [ RunTime:0.000000s ]

[ 2017-12-11T13:26:58+08:00 ] 127.0.0.1 /Exchange/Member/edit_pay
INFO: [ app_init ] --START--
INFO: Run Behavior\BuildLiteBehavior [ RunTime:0.000000s ]
INFO: [ app_init ] --END-- [ RunTime:0.000000s ]
INFO: [ app_begin ] --START--
INFO: Run Behavior\ReadHtmlCacheBehavior [ RunTime:0.000000s ]
INFO: [ app_begin ] --END-- [ RunTime:0.001000s ]
INFO: [ view_filter ] --START--
INFO: Run Behavior\WriteHtmlCacheBehavior [ RunTime:0.000000s ]
INFO: [ view_filter ] --END-- [ RunTime:0.001000s ]
INFO: [ app_end ] --START--
INFO: Run Behavior\ShowPageTraceBehavior [ RunTime:0.000000s ]
INFO: [ app_end ] --END-- [ RunTime:0.000000s ]

[ 2017-12-11T13:27:07+08:00 ] 127.0.0.1 /exchange/log/send_code
INFO: [ app_init ] --START--
INFO: Run Behavior\BuildLiteBehavior [ RunTime:0.000000s ]
INFO: [ app_init ] --END-- [ RunTime:0.000000s ]
INFO: [ app_begin ] --START--
INFO: Run Behavior\ReadHtmlCacheBehavior [ RunTime:0.000000s ]
INFO: [ app_begin ] --END-- [ RunTime:0.000000s ]
SQL: SHOW COLUMNS FROM `member` [ RunTime:0.0130s ]
SQL: SELECT * FROM `member` WHERE `phone_num` = '18610601520' LIMIT 1   [ RunTime:0.0080s ]
NOTIC: [8] Undefined index: find_pass C:\wnmp\nginx\www\zzlgx\Application\Exchange\Controller\LogController.class.php 第 158 行.

[ 2017-12-11T13:27:32+08:00 ] 127.0.0.1 /exchange/member/edit_pay
INFO: [ app_init ] --START--
INFO: Run Behavior\BuildLiteBehavior [ RunTime:0.000000s ]
INFO: [ app_init ] --END-- [ RunTime:0.000000s ]
INFO: [ app_begin ] --START--
INFO: Run Behavior\ReadHtmlCacheBehavior [ RunTime:0.000000s ]
INFO: [ app_begin ] --END-- [ RunTime:0.001000s ]
SQL: SHOW COLUMNS FROM `member` [ RunTime:0.0200s ]
SQL: UPDATE `member` SET `pay_pass`='c33367701511b4f6020ec61ded352059' WHERE `phone_num` = '18610601520' [ RunTime:0.0160s ]

[ 2017-12-11T13:27:34+08:00 ] 127.0.0.1 /exchange/member
INFO: [ app_init ] --START--
INFO: Run Behavior\BuildLiteBehavior [ RunTime:0.000000s ]
INFO: [ app_init ] --END-- [ RunTime:0.001000s ]
INFO: [ app_begin ] --START--
INFO: Run Behavior\ReadHtmlCacheBehavior [ RunTime:0.000000s ]
INFO: [ app_begin ] --END-- [ RunTime:0.001000s ]
SQL: SHOW COLUMNS FROM `member_10001` [ RunTime:0.0150s ]
SQL: SELECT * FROM `member_10001` WHERE `phone_num` = '18610601520' LIMIT 1   [ RunTime:0.0210s ]
SQL: SHOW COLUMNS FROM `member` [ RunTime:0.0170s ]
SQL: SELECT * FROM `member` WHERE ( phone_num = 18610601520 ) LIMIT 1   [ RunTime:0.0140s ]
SQL: SHOW COLUMNS FROM `business` [ RunTime:0.2360s ]
SQL: SELECT `business_logo`,`exchange_name` FROM `business` WHERE ( business_id = 10001 ) LIMIT 1   [ RunTime:0.2070s ]
SQL: SHOW COLUMNS FROM `order` [ RunTime:0.0530s ]
SQL: SELECT SUM(piao) AS tp_sum FROM `order` WHERE `status` = 4 AND `phone_num` = '18610601520' LIMIT 1   [ RunTime:0.0660s ]
SQL: SELECT SUM(num) AS tp_sum FROM `order` WHERE `status` = 4 AND `phone_num` = '18610601520' LIMIT 1   [ RunTime:0.0080s ]
SQL: SELECT COUNT(*) AS tp_count FROM `order` WHERE `status` = 1 AND `phone_num` = '18610601520' LIMIT 1   [ RunTime:0.0140s ]
SQL: SELECT COUNT(*) AS tp_count FROM `order` WHERE `status` = 2 AND `phone_num` = '18610601520' LIMIT 1   [ RunTime:0.0170s ]
SQL: SELECT COUNT(*) AS tp_count FROM `order` WHERE `status` = 3 AND `phone_num` = '18610601520' LIMIT 1   [ RunTime:0.0120s ]
NOTIC: [8] Undefined index: group_id C:\wnmp\nginx\www\zzlgx\Application\Exchange\Controller\CommonController.class.php 第 73 行.
SQL: SELECT COUNT(*) AS tp_count FROM `order` WHERE `status` = 6 AND `phone_num` = '18610601520' LIMIT 1   [ RunTime:0.0160s ]
NOTIC: [8] Undefined index: group_id C:\wnmp\nginx\www\zzlgx\Application\Exchange\View\Member\index.phtml 第 163 行.
NOTIC: [8] Undefined index: group_id C:\wnmp\nginx\www\zzlgx\Application\Exchange\View\Member\index.phtml 第 169 行.
NOTIC: [8] Undefined index: group_id C:\wnmp\nginx\www\zzlgx\Application\Exchange\View\Member\index.phtml 第 171 行.
INFO: [ view_filter ] --START--
INFO: Run Behavior\WriteHtmlCacheBehavior [ RunTime:0.000000s ]
INFO: [ view_filter ] --END-- [ RunTime:0.000000s ]
INFO: [ app_end ] --START--
INFO: Run Behavior\ShowPageTraceBehavior [ RunTime:0.001000s ]
INFO: [ app_end ] --END-- [ RunTime:0.001000s ]

[ 2017-12-11T13:28:45+08:00 ] 127.0.0.1 /Exchange
INFO: [ app_init ] --START--
INFO: Run Behavior\BuildLiteBehavior [ RunTime:0.000000s ]
INFO: [ app_init ] --END-- [ RunTime:0.000000s ]
INFO: [ app_begin ] --START--
INFO: Run Behavior\ReadHtmlCacheBehavior [ RunTime:0.000000s ]
INFO: [ app_begin ] --END-- [ RunTime:0.000000s ]
NOTIC: [8] Undefined index: group_id C:\wnmp\nginx\www\zzlgx\Application\Exchange\Controller\CommonController.class.php 第 73 行.
SQL: SHOW COLUMNS FROM `business` [ RunTime:0.2240s ]
SQL: SELECT `exchange_name` FROM `business` WHERE `business_id` = 10001 LIMIT 1   [ RunTime:0.0590s ]
SQL: SHOW COLUMNS FROM `goods` [ RunTime:0.0130s ]
SQL: SELECT `goods_id`,`pics`,`goods_name`,`piao`,`is_jian`,`business_id` FROM `goods` WHERE `is_del` = 0 AND `status` = 1 ORDER BY add_time desc  [ RunTime:0.0500s ]
SQL: SHOW COLUMNS FROM `agent` [ RunTime:0.0220s ]
SQL: SELECT `goods_id` FROM `agent` WHERE `business_id` = 10001 AND `is_jian` = 1 ORDER BY add_time desc  [ RunTime:0.0140s ]
SQL: SELECT `goods_id` FROM `agent` WHERE `business_id` = 10001 ORDER BY add_time desc  [ RunTime:0.0110s ]
INFO: [ view_filter ] --START--
INFO: Run Behavior\WriteHtmlCacheBehavior [ RunTime:0.000000s ]
INFO: [ view_filter ] --END-- [ RunTime:0.000000s ]
INFO: [ app_end ] --START--
INFO: Run Behavior\ShowPageTraceBehavior [ RunTime:0.000000s ]
INFO: [ app_end ] --END-- [ RunTime:0.000000s ]

[ 2017-12-11T13:28:49+08:00 ] 127.0.0.1 /Exchange/Goods/lists?type=myagent
INFO: [ app_init ] --START--
INFO: Run Behavior\BuildLiteBehavior [ RunTime:0.000000s ]
INFO: [ app_init ] --END-- [ RunTime:0.000000s ]
INFO: [ app_begin ] --START--
INFO: Run Behavior\ReadHtmlCacheBehavior [ RunTime:0.000000s ]
INFO: [ app_begin ] --END-- [ RunTime:0.000000s ]
NOTIC: [8] Undefined index: group_id C:\wnmp\nginx\www\zzlgx\Application\Exchange\Controller\CommonController.class.php 第 73 行.
SQL: SHOW COLUMNS FROM `agent` [ RunTime:0.0130s ]
SQL: SELECT a.goods_id,g.pics,g.goods_name,g.piao,g.sales_volume FROM agent a,goods g WHERE a.business_id = '10001' AND ( a.goods_id=g.goods_id ) AND g.is_del = 0 AND g.status = 1 ORDER BY g.sales_volume desc LIMIT 0,10   [ RunTime:0.2170s ]
NOTIC: [8] Undefined index: order C:\wnmp\nginx\www\zzlgx\Application\Exchange\View\Goods\lists.phtml 第 108 行.
INFO: [ view_filter ] --START--
INFO: Run Behavior\WriteHtmlCacheBehavior [ RunTime:0.000000s ]
INFO: [ view_filter ] --END-- [ RunTime:0.001000s ]
INFO: [ app_end ] --START--
INFO: Run Behavior\ShowPageTraceBehavior [ RunTime:0.000000s ]
INFO: [ app_end ] --END-- [ RunTime:0.000000s ]

[ 2017-12-11T13:28:52+08:00 ] 127.0.0.1 /Exchange/Goods/lists?type=
INFO: [ app_init ] --START--
INFO: Run Behavior\BuildLiteBehavior [ RunTime:0.000000s ]
INFO: [ app_init ] --END-- [ RunTime:0.000000s ]
INFO: [ app_begin ] --START--
INFO: Run Behavior\ReadHtmlCacheBehavior [ RunTime:0.000000s ]
INFO: [ app_begin ] --END-- [ RunTime:0.000000s ]
NOTIC: [8] Undefined index: group_id C:\wnmp\nginx\www\zzlgx\Application\Exchange\Controller\CommonController.class.php 第 73 行.
SQL: SHOW COLUMNS FROM `goods` [ RunTime:0.0740s ]
SQL: SELECT `goods_id`,`pics`,`goods_name`,`piao`,`sales_volume` FROM `goods` WHERE `is_del` = 0 AND `status` = 1 AND `business_id` = 10001 ORDER BY sales_volume desc LIMIT 0,10   [ RunTime:0.2880s ]
NOTIC: [8] Undefined index: order C:\wnmp\nginx\www\zzlgx\Application\Exchange\View\Goods\lists.phtml 第 108 行.
INFO: [ view_filter ] --START--
INFO: Run Behavior\WriteHtmlCacheBehavior [ RunTime:0.001000s ]
INFO: [ view_filter ] --END-- [ RunTime:0.001000s ]
INFO: [ app_end ] --START--
INFO: Run Behavior\ShowPageTraceBehavior [ RunTime:0.000000s ]
INFO: [ app_end ] --END-- [ RunTime:0.000000s ]

[ 2017-12-11T13:32:53+08:00 ] 127.0.0.1 /Exchange/Goods/detail?goods_id=10
INFO: [ app_init ] --START--
INFO: Run Behavior\BuildLiteBehavior [ RunTime:0.000000s ]
INFO: [ app_init ] --END-- [ RunTime:0.000000s ]
INFO: [ app_begin ] --START--
INFO: Run Behavior\ReadHtmlCacheBehavior [ RunTime:0.000000s ]
INFO: [ app_begin ] --END-- [ RunTime:0.001001s ]
SQL: SHOW COLUMNS FROM `goods` [ RunTime:0.0090s ]
SQL: SELECT * FROM `goods` WHERE `goods_id` = 10 LIMIT 1   [ RunTime:0.2150s ]
SQL: SHOW COLUMNS FROM `eval` [ RunTime:0.1850s ]
SQL: SELECT eval.*,member.name FROM `eval`,`member` WHERE eval.goods_id = '10' AND ( eval.phone_num=member.phone_num ) ORDER BY level desc LIMIT 0,3   [ RunTime:0.0240s ]
INFO: [ view_filter ] --START--
INFO: Run Behavior\WriteHtmlCacheBehavior [ RunTime:0.000000s ]
INFO: [ view_filter ] --END-- [ RunTime:0.001000s ]
INFO: [ app_end ] --START--
INFO: Run Behavior\ShowPageTraceBehavior [ RunTime:0.001000s ]
INFO: [ app_end ] --END-- [ RunTime:0.001000s ]

[ 2017-12-11T13:33:04+08:00 ] 127.0.0.1 /Exchange
INFO: [ app_init ] --START--
INFO: Run Behavior\BuildLiteBehavior [ RunTime:0.000000s ]
INFO: [ app_init ] --END-- [ RunTime:0.000000s ]
INFO: [ app_begin ] --START--
INFO: Run Behavior\ReadHtmlCacheBehavior [ RunTime:0.000000s ]
INFO: [ app_begin ] --END-- [ RunTime:0.000000s ]
NOTIC: [8] Undefined index: group_id C:\wnmp\nginx\www\zzlgx\Application\Exchange\Controller\CommonController.class.php 第 73 行.
SQL: SHOW COLUMNS FROM `business` [ RunTime:0.2380s ]
SQL: SELECT `exchange_name` FROM `business` WHERE `business_id` = 10001 LIMIT 1   [ RunTime:0.0160s ]
SQL: SHOW COLUMNS FROM `goods` [ RunTime:0.0110s ]
SQL: SELECT `goods_id`,`pics`,`goods_name`,`piao`,`is_jian`,`business_id` FROM `goods` WHERE `is_del` = 0 AND `status` = 1 ORDER BY add_time desc  [ RunTime:0.4250s ]
SQL: SHOW COLUMNS FROM `agent` [ RunTime:0.0490s ]
SQL: SELECT `goods_id` FROM `agent` WHERE `business_id` = 10001 AND `is_jian` = 1 ORDER BY add_time desc  [ RunTime:0.0160s ]
SQL: SELECT `goods_id` FROM `agent` WHERE `business_id` = 10001 ORDER BY add_time desc  [ RunTime:0.0150s ]
INFO: [ view_filter ] --START--
INFO: Run Behavior\WriteHtmlCacheBehavior [ RunTime:0.001000s ]
INFO: [ view_filter ] --END-- [ RunTime:0.001000s ]
INFO: [ app_end ] --START--
INFO: Run Behavior\ShowPageTraceBehavior [ RunTime:0.000000s ]
INFO: [ app_end ] --END-- [ RunTime:0.000000s ]

[ 2017-12-11T13:33:06+08:00 ] 127.0.0.1 /Exchange/Goods/lists
INFO: [ app_init ] --START--
INFO: Run Behavior\BuildLiteBehavior [ RunTime:0.000000s ]
INFO: [ app_init ] --END-- [ RunTime:0.000000s ]
INFO: [ app_begin ] --START--
INFO: Run Behavior\ReadHtmlCacheBehavior [ RunTime:0.000000s ]
INFO: [ app_begin ] --END-- [ RunTime:0.000000s ]
NOTIC: [8] Undefined index: group_id C:\wnmp\nginx\www\zzlgx\Application\Exchange\Controller\CommonController.class.php 第 73 行.
SQL: SHOW COLUMNS FROM `goods` [ RunTime:0.0160s ]
SQL: SELECT `goods_id`,`pics`,`goods_name`,`piao`,`sales_volume` FROM `goods` WHERE `is_del` = 0 AND `status` = 1 AND `business_id` = 10001 ORDER BY sales_volume desc LIMIT 0,10   [ RunTime:0.6070s ]
NOTIC: [8] Undefined index: type C:\wnmp\nginx\www\zzlgx\Application\Exchange\View\Goods\lists.phtml 第 24 行.
NOTIC: [8] Undefined index: type C:\wnmp\nginx\www\zzlgx\Application\Exchange\View\Goods\lists.phtml 第 25 行.
NOTIC: [8] Undefined index: type C:\wnmp\nginx\www\zzlgx\Application\Exchange\View\Goods\lists.phtml 第 26 行.
NOTIC: [8] Undefined index: type C:\wnmp\nginx\www\zzlgx\Application\Exchange\View\Goods\lists.phtml 第 28 行.
NOTIC: [8] Undefined index: order C:\wnmp\nginx\www\zzlgx\Application\Exchange\View\Goods\lists.phtml 第 108 行.
NOTIC: [8] Undefined index: type C:\wnmp\nginx\www\zzlgx\Application\Exchange\View\Goods\lists.phtml 第 130 行.
NOTIC: [8] Undefined index: type C:\wnmp\nginx\www\zzlgx\Application\Exchange\View\Goods\lists.phtml 第 134 行.
NOTIC: [8] Undefined index: type C:\wnmp\nginx\www\zzlgx\Application\Exchange\View\Goods\lists.phtml 第 137 行.
NOTIC: [8] Undefined index: type C:\wnmp\nginx\www\zzlgx\Application\Exchange\View\Goods\lists.phtml 第 150 行.
NOTIC: [8] Undefined index: type C:\wnmp\nginx\www\zzlgx\Application\Exchange\View\Goods\lists.phtml 第 154 行.
NOTIC: [8] Undefined index: type C:\wnmp\nginx\www\zzlgx\Application\Exchange\View\Goods\lists.phtml 第 157 行.
INFO: [ view_filter ] --START--
INFO: Run Behavior\WriteHtmlCacheBehavior [ RunTime:0.001000s ]
INFO: [ view_filter ] --END-- [ RunTime:0.001000s ]
INFO: [ app_end ] --START--
INFO: Run Behavior\ShowPageTraceBehavior [ RunTime:0.000000s ]
INFO: [ app_end ] --END-- [ RunTime:0.000000s ]

[ 2017-12-11T13:33:09+08:00 ] 127.0.0.1 /Exchange/Member/index
INFO: [ app_init ] --START--
INFO: Run Behavior\BuildLiteBehavior [ RunTime:0.000000s ]
INFO: [ app_init ] --END-- [ RunTime:0.000000s ]
INFO: [ app_begin ] --START--
INFO: Run Behavior\ReadHtmlCacheBehavior [ RunTime:0.000000s ]
INFO: [ app_begin ] --END-- [ RunTime:0.000000s ]
SQL: SHOW COLUMNS FROM `member_10001` [ RunTime:0.0770s ]
SQL: SELECT * FROM `member_10001` WHERE `phone_num` = '18610601520' LIMIT 1   [ RunTime:0.0340s ]
SQL: SHOW COLUMNS FROM `member` [ RunTime:0.0440s ]
SQL: SELECT * FROM `member` WHERE ( phone_num = 18610601520 ) LIMIT 1   [ RunTime:0.0400s ]
SQL: SHOW COLUMNS FROM `business` [ RunTime:0.2660s ]
SQL: SELECT `business_logo`,`exchange_name` FROM `business` WHERE ( business_id = 10001 ) LIMIT 1   [ RunTime:0.1180s ]
SQL: SHOW COLUMNS FROM `order` [ RunTime:0.2490s ]
SQL: SELECT SUM(piao) AS tp_sum FROM `order` WHERE `status` = 4 AND `phone_num` = '18610601520' LIMIT 1   [ RunTime:0.0610s ]
SQL: SELECT SUM(num) AS tp_sum FROM `order` WHERE `status` = 4 AND `phone_num` = '18610601520' LIMIT 1   [ RunTime:0.0190s ]
SQL: SELECT COUNT(*) AS tp_count FROM `order` WHERE `status` = 1 AND `phone_num` = '18610601520' LIMIT 1   [ RunTime:0.0100s ]
SQL: SELECT COUNT(*) AS tp_count FROM `order` WHERE `status` = 2 AND `phone_num` = '18610601520' LIMIT 1   [ RunTime:0.0550s ]
SQL: SELECT COUNT(*) AS tp_count FROM `order` WHERE `status` = 3 AND `phone_num` = '18610601520' LIMIT 1   [ RunTime:0.0160s ]
NOTIC: [8] Undefined index: group_id C:\wnmp\nginx\www\zzlgx\Application\Exchange\Controller\CommonController.class.php 第 73 行.
SQL: SELECT COUNT(*) AS tp_count FROM `order` WHERE `status` = 6 AND `phone_num` = '18610601520' LIMIT 1   [ RunTime:0.0250s ]
NOTIC: [8] Undefined index: group_id C:\wnmp\nginx\www\zzlgx\Application\Exchange\View\Member\index.phtml 第 163 行.
NOTIC: [8] Undefined index: group_id C:\wnmp\nginx\www\zzlgx\Application\Exchange\View\Member\index.phtml 第 169 行.
NOTIC: [8] Undefined index: group_id C:\wnmp\nginx\www\zzlgx\Application\Exchange\View\Member\index.phtml 第 171 行.
INFO: [ view_filter ] --START--
INFO: Run Behavior\WriteHtmlCacheBehavior [ RunTime:0.000000s ]
INFO: [ view_filter ] --END-- [ RunTime:0.000000s ]
INFO: [ app_end ] --START--
INFO: Run Behavior\ShowPageTraceBehavior [ RunTime:0.000000s ]
INFO: [ app_end ] --END-- [ RunTime:0.000000s ]

[ 2017-12-11T13:33:13+08:00 ] 127.0.0.1 /Exchange
INFO: [ app_init ] --START--
INFO: Run Behavior\BuildLiteBehavior [ RunTime:0.000000s ]
INFO: [ app_init ] --END-- [ RunTime:0.000000s ]
INFO: [ app_begin ] --START--
INFO: Run Behavior\ReadHtmlCacheBehavior [ RunTime:0.000000s ]
INFO: [ app_begin ] --END-- [ RunTime:0.000000s ]
NOTIC: [8] Undefined index: group_id C:\wnmp\nginx\www\zzlgx\Application\Exchange\Controller\CommonController.class.php 第 73 行.
SQL: SHOW COLUMNS FROM `business` [ RunTime:0.2400s ]
SQL: SELECT `exchange_name` FROM `business` WHERE `business_id` = 10001 LIMIT 1   [ RunTime:0.0530s ]
SQL: SHOW COLUMNS FROM `goods` [ RunTime:0.0120s ]
SQL: SELECT `goods_id`,`pics`,`goods_name`,`piao`,`is_jian`,`business_id` FROM `goods` WHERE `is_del` = 0 AND `status` = 1 ORDER BY add_time desc  [ RunTime:0.0320s ]
SQL: SHOW COLUMNS FROM `agent` [ RunTime:0.0550s ]
SQL: SELECT `goods_id` FROM `agent` WHERE `business_id` = 10001 AND `is_jian` = 1 ORDER BY add_time desc  [ RunTime:0.0340s ]
SQL: SELECT `goods_id` FROM `agent` WHERE `business_id` = 10001 ORDER BY add_time desc  [ RunTime:0.1090s ]
INFO: [ view_filter ] --START--
INFO: Run Behavior\WriteHtmlCacheBehavior [ RunTime:0.000000s ]
INFO: [ view_filter ] --END-- [ RunTime:0.001000s ]
INFO: [ app_end ] --START--
INFO: Run Behavior\ShowPageTraceBehavior [ RunTime:0.000000s ]
INFO: [ app_end ] --END-- [ RunTime:0.001000s ]

[ 2017-12-11T13:35:18+08:00 ] 127.0.0.1 /Exchange/Goods/detail?goods_id=29
INFO: [ app_init ] --START--
INFO: Run Behavior\BuildLiteBehavior [ RunTime:0.000000s ]
INFO: [ app_init ] --END-- [ RunTime:0.000000s ]
INFO: [ app_begin ] --START--
INFO: Run Behavior\ReadHtmlCacheBehavior [ RunTime:0.000000s ]
INFO: [ app_begin ] --END-- [ RunTime:0.000000s ]
SQL: SHOW COLUMNS FROM `goods` [ RunTime:0.0290s ]
SQL: SELECT * FROM `goods` WHERE `goods_id` = 29 LIMIT 1   [ RunTime:0.2290s ]
SQL: SHOW COLUMNS FROM `eval` [ RunTime:0.0660s ]
SQL: SELECT eval.*,member.name FROM `eval`,`member` WHERE eval.goods_id = '29' AND ( eval.phone_num=member.phone_num ) ORDER BY level desc LIMIT 0,3   [ RunTime:0.0110s ]
INFO: [ view_filter ] --START--
INFO: Run Behavior\WriteHtmlCacheBehavior [ RunTime:0.000000s ]
INFO: [ view_filter ] --END-- [ RunTime:0.000000s ]
INFO: [ app_end ] --START--
INFO: Run Behavior\ShowPageTraceBehavior [ RunTime:0.001000s ]
INFO: [ app_end ] --END-- [ RunTime:0.001000s ]

[ 2017-12-11T13:42:25+08:00 ] 127.0.0.1 /Exchange/Goods/detail?goods_id=36
INFO: [ app_init ] --START--
INFO: Run Behavior\BuildLiteBehavior [ RunTime:0.000000s ]
INFO: [ app_init ] --END-- [ RunTime:0.000000s ]
INFO: [ app_begin ] --START--
INFO: Run Behavior\ReadHtmlCacheBehavior [ RunTime:0.000000s ]
INFO: [ app_begin ] --END-- [ RunTime:0.001000s ]
SQL: SHOW COLUMNS FROM `goods` [ RunTime:0.0240s ]
SQL: SELECT * FROM `goods` WHERE `goods_id` = 36 LIMIT 1   [ RunTime:0.2670s ]
SQL: SHOW COLUMNS FROM `eval` [ RunTime:0.0680s ]
SQL: SELECT eval.*,member.name FROM `eval`,`member` WHERE eval.goods_id = '36' AND ( eval.phone_num=member.phone_num ) ORDER BY level desc LIMIT 0,3   [ RunTime:0.0180s ]
INFO: [ view_filter ] --START--
INFO: Run Behavior\WriteHtmlCacheBehavior [ RunTime:0.000000s ]
INFO: [ view_filter ] --END-- [ RunTime:0.001000s ]
INFO: [ app_end ] --START--
INFO: Run Behavior\ShowPageTraceBehavior [ RunTime:0.001000s ]
INFO: [ app_end ] --END-- [ RunTime:0.001000s ]

[ 2017-12-11T13:42:32+08:00 ] 127.0.0.1 /Exchange/Goods/lists
INFO: [ app_init ] --START--
INFO: Run Behavior\BuildLiteBehavior [ RunTime:0.000000s ]
INFO: [ app_init ] --END-- [ RunTime:0.001000s ]
INFO: [ app_begin ] --START--
INFO: Run Behavior\ReadHtmlCacheBehavior [ RunTime:0.000000s ]
INFO: [ app_begin ] --END-- [ RunTime:0.000000s ]
NOTIC: [8] Undefined index: group_id C:\wnmp\nginx\www\zzlgx\Application\Exchange\Controller\CommonController.class.php 第 73 行.
SQL: SHOW COLUMNS FROM `goods` [ RunTime:0.0190s ]
SQL: SELECT `goods_id`,`pics`,`goods_name`,`piao`,`sales_volume` FROM `goods` WHERE `is_del` = 0 AND `status` = 1 AND `business_id` = 10001 ORDER BY sales_volume desc LIMIT 0,10   [ RunTime:0.2510s ]
NOTIC: [8] Undefined index: type C:\wnmp\nginx\www\zzlgx\Application\Exchange\View\Goods\lists.phtml 第 24 行.
NOTIC: [8] Undefined index: type C:\wnmp\nginx\www\zzlgx\Application\Exchange\View\Goods\lists.phtml 第 25 行.
NOTIC: [8] Undefined index: type C:\wnmp\nginx\www\zzlgx\Application\Exchange\View\Goods\lists.phtml 第 26 行.
NOTIC: [8] Undefined index: type C:\wnmp\nginx\www\zzlgx\Application\Exchange\View\Goods\lists.phtml 第 28 行.
NOTIC: [8] Undefined index: order C:\wnmp\nginx\www\zzlgx\Application\Exchange\View\Goods\lists.phtml 第 108 行.
NOTIC: [8] Undefined index: type C:\wnmp\nginx\www\zzlgx\Application\Exchange\View\Goods\lists.phtml 第 130 行.
NOTIC: [8] Undefined index: type C:\wnmp\nginx\www\zzlgx\Application\Exchange\View\Goods\lists.phtml 第 134 行.
NOTIC: [8] Undefined index: type C:\wnmp\nginx\www\zzlgx\Application\Exchange\View\Goods\lists.phtml 第 137 行.
NOTIC: [8] Undefined index: type C:\wnmp\nginx\www\zzlgx\Application\Exchange\View\Goods\lists.phtml 第 150 行.
NOTIC: [8] Undefined index: type C:\wnmp\nginx\www\zzlgx\Application\Exchange\View\Goods\lists.phtml 第 154 行.
NOTIC: [8] Undefined index: type C:\wnmp\nginx\www\zzlgx\Application\Exchange\View\Goods\lists.phtml 第 157 行.
INFO: [ view_filter ] --START--
INFO: Run Behavior\WriteHtmlCacheBehavior [ RunTime:0.000000s ]
INFO: [ view_filter ] --END-- [ RunTime:0.000000s ]
INFO: [ app_end ] --START--
INFO: Run Behavior\ShowPageTraceBehavior [ RunTime:0.001000s ]
INFO: [ app_end ] --END-- [ RunTime:0.001000s ]

[ 2017-12-11T13:42:35+08:00 ] 127.0.0.1 /Exchange/Goods/detail?goods_id=1
INFO: [ app_init ] --START--
INFO: Run Behavior\BuildLiteBehavior [ RunTime:0.000000s ]
INFO: [ app_init ] --END-- [ RunTime:0.000000s ]
INFO: [ app_begin ] --START--
INFO: Run Behavior\ReadHtmlCacheBehavior [ RunTime:0.000000s ]
INFO: [ app_begin ] --END-- [ RunTime:0.000000s ]
SQL: SHOW COLUMNS FROM `goods` [ RunTime:0.0270s ]
SQL: SELECT * FROM `goods` WHERE `goods_id` = 1 LIMIT 1   [ RunTime:0.2270s ]
SQL: SHOW COLUMNS FROM `eval` [ RunTime:0.0530s ]
SQL: SELECT eval.*,member.name FROM `eval`,`member` WHERE eval.goods_id = '1' AND ( eval.phone_num=member.phone_num ) ORDER BY level desc LIMIT 0,3   [ RunTime:0.0130s ]
INFO: [ view_filter ] --START--
INFO: Run Behavior\WriteHtmlCacheBehavior [ RunTime:0.000000s ]
INFO: [ view_filter ] --END-- [ RunTime:0.000000s ]
INFO: [ app_end ] --START--
INFO: Run Behavior\ShowPageTraceBehavior [ RunTime:0.001000s ]
INFO: [ app_end ] --END-- [ RunTime:0.001000s ]

[ 2017-12-11T13:42:46+08:00 ] 127.0.0.1 /Exchange/Goods/lists?type=&order=sd
INFO: [ app_init ] --START--
INFO: Run Behavior\BuildLiteBehavior [ RunTime:0.000000s ]
INFO: [ app_init ] --END-- [ RunTime:0.001000s ]
INFO: [ app_begin ] --START--
INFO: Run Behavior\ReadHtmlCacheBehavior [ RunTime:0.001000s ]
INFO: [ app_begin ] --END-- [ RunTime:0.001000s ]
NOTIC: [8] Undefined index: group_id C:\wnmp\nginx\www\zzlgx\Application\Exchange\Controller\CommonController.class.php 第 73 行.
SQL: SHOW COLUMNS FROM `goods` [ RunTime:0.0240s ]
SQL: SELECT `goods_id`,`pics`,`goods_name`,`piao`,`sales_volume` FROM `goods` WHERE `is_del` = 0 AND `status` = 1 AND `business_id` = 10001 ORDER BY sales_volume asc LIMIT 0,10   [ RunTime:0.2480s ]
INFO: [ view_filter ] --START--
INFO: Run Behavior\WriteHtmlCacheBehavior [ RunTime:0.001000s ]
INFO: [ view_filter ] --END-- [ RunTime:0.001000s ]
INFO: [ app_end ] --START--
INFO: Run Behavior\ShowPageTraceBehavior [ RunTime:0.000000s ]
INFO: [ app_end ] --END-- [ RunTime:0.000000s ]

[ 2017-12-11T13:42:48+08:00 ] 127.0.0.1 /Exchange/Goods/lists?type=&order=sa
INFO: [ app_init ] --START--
INFO: Run Behavior\BuildLiteBehavior [ RunTime:0.000000s ]
INFO: [ app_init ] --END-- [ RunTime:0.000000s ]
INFO: [ app_begin ] --START--
INFO: Run Behavior\ReadHtmlCacheBehavior [ RunTime:0.000000s ]
INFO: [ app_begin ] --END-- [ RunTime:0.000000s ]
NOTIC: [8] Undefined index: group_id C:\wnmp\nginx\www\zzlgx\Application\Exchange\Controller\CommonController.class.php 第 73 行.
SQL: SHOW COLUMNS FROM `goods` [ RunTime:0.0290s ]
SQL: SELECT `goods_id`,`pics`,`goods_name`,`piao`,`sales_volume` FROM `goods` WHERE `is_del` = 0 AND `status` = 1 AND `business_id` = 10001 ORDER BY sales_volume desc LIMIT 0,10   [ RunTime:0.2820s ]
INFO: [ view_filter ] --START--
INFO: Run Behavior\WriteHtmlCacheBehavior [ RunTime:0.000000s ]
INFO: [ view_filter ] --END-- [ RunTime:0.000000s ]
INFO: [ app_end ] --START--
INFO: Run Behavior\ShowPageTraceBehavior [ RunTime:0.000000s ]
INFO: [ app_end ] --END-- [ RunTime:0.000000s ]

[ 2017-12-11T13:42:50+08:00 ] 127.0.0.1 /Exchange/Goods/lists?type=&order=pa
INFO: [ app_init ] --START--
INFO: Run Behavior\BuildLiteBehavior [ RunTime:0.000000s ]
INFO: [ app_init ] --END-- [ RunTime:0.000000s ]
INFO: [ app_begin ] --START--
INFO: Run Behavior\ReadHtmlCacheBehavior [ RunTime:0.000000s ]
INFO: [ app_begin ] --END-- [ RunTime:0.000000s ]
NOTIC: [8] Undefined index: group_id C:\wnmp\nginx\www\zzlgx\Application\Exchange\Controller\CommonController.class.php 第 73 行.
SQL: SHOW COLUMNS FROM `goods` [ RunTime:0.0150s ]
SQL: SELECT `goods_id`,`pics`,`goods_name`,`piao`,`sales_volume` FROM `goods` WHERE `is_del` = 0 AND `status` = 1 AND `business_id` = 10001 ORDER BY piao desc LIMIT 0,10   [ RunTime:0.2370s ]
INFO: [ view_filter ] --START--
INFO: Run Behavior\WriteHtmlCacheBehavior [ RunTime:0.000000s ]
INFO: [ view_filter ] --END-- [ RunTime:0.001000s ]
INFO: [ app_end ] --START--
INFO: Run Behavior\ShowPageTraceBehavior [ RunTime:0.000000s ]
INFO: [ app_end ] --END-- [ RunTime:0.000000s ]

[ 2017-12-11T13:42:53+08:00 ] 127.0.0.1 /Exchange/Goods/lists?type=&order=pd
INFO: [ app_init ] --START--
INFO: Run Behavior\BuildLiteBehavior [ RunTime:0.000000s ]
INFO: [ app_init ] --END-- [ RunTime:0.000000s ]
INFO: [ app_begin ] --START--
INFO: Run Behavior\ReadHtmlCacheBehavior [ RunTime:0.000000s ]
INFO: [ app_begin ] --END-- [ RunTime:0.000000s ]
NOTIC: [8] Undefined index: group_id C:\wnmp\nginx\www\zzlgx\Application\Exchange\Controller\CommonController.class.php 第 73 行.
SQL: SHOW COLUMNS FROM `goods` [ RunTime:0.0150s ]
SQL: SELECT `goods_id`,`pics`,`goods_name`,`piao`,`sales_volume` FROM `goods` WHERE `is_del` = 0 AND `status` = 1 AND `business_id` = 10001 ORDER BY piao asc LIMIT 0,10   [ RunTime:0.2230s ]
INFO: [ view_filter ] --START--
INFO: Run Behavior\WriteHtmlCacheBehavior [ RunTime:0.000000s ]
INFO: [ view_filter ] --END-- [ RunTime:0.001000s ]
INFO: [ app_end ] --START--
INFO: Run Behavior\ShowPageTraceBehavior [ RunTime:0.000000s ]
INFO: [ app_end ] --END-- [ RunTime:0.000000s ]

[ 2017-12-11T13:43:08+08:00 ] 127.0.0.1 /Exchange/Goods/lists?type=myagent
INFO: [ app_init ] --START--
INFO: Run Behavior\BuildLiteBehavior [ RunTime:0.000000s ]
INFO: [ app_init ] --END-- [ RunTime:0.000000s ]
INFO: [ app_begin ] --START--
INFO: Run Behavior\ReadHtmlCacheBehavior [ RunTime:0.000000s ]
INFO: [ app_begin ] --END-- [ RunTime:0.000000s ]
NOTIC: [8] Undefined index: group_id C:\wnmp\nginx\www\zzlgx\Application\Exchange\Controller\CommonController.class.php 第 73 行.
SQL: SHOW COLUMNS FROM `agent` [ RunTime:0.0810s ]
SQL: SELECT a.goods_id,g.pics,g.goods_name,g.piao,g.sales_volume FROM agent a,goods g WHERE a.business_id = '10001' AND ( a.goods_id=g.goods_id ) AND g.is_del = 0 AND g.status = 1 ORDER BY g.sales_volume desc LIMIT 0,10   [ RunTime:0.4040s ]
NOTIC: [8] Undefined index: order C:\wnmp\nginx\www\zzlgx\Application\Exchange\View\Goods\lists.phtml 第 108 行.
INFO: [ view_filter ] --START--
INFO: Run Behavior\WriteHtmlCacheBehavior [ RunTime:0.001000s ]
INFO: [ view_filter ] --END-- [ RunTime:0.001000s ]
INFO: [ app_end ] --START--
INFO: Run Behavior\ShowPageTraceBehavior [ RunTime:0.000000s ]
INFO: [ app_end ] --END-- [ RunTime:0.000000s ]

[ 2017-12-11T13:43:14+08:00 ] 127.0.0.1 /Exchange/Goods/lists?type=1_2000
INFO: [ app_init ] --START--
INFO: Run Behavior\BuildLiteBehavior [ RunTime:0.000000s ]
INFO: [ app_init ] --END-- [ RunTime:0.000000s ]
INFO: [ app_begin ] --START--
INFO: Run Behavior\ReadHtmlCacheBehavior [ RunTime:0.000000s ]
INFO: [ app_begin ] --END-- [ RunTime:0.000000s ]
NOTIC: [8] Undefined index: group_id C:\wnmp\nginx\www\zzlgx\Application\Exchange\Controller\CommonController.class.php 第 73 行.
SQL: SHOW COLUMNS FROM `goods` [ RunTime:0.0160s ]
SQL: SELECT `goods_id`,`pics`,`goods_name`,`piao`,`sales_volume` FROM `goods` WHERE `is_del` = 0 AND `status` = 1 AND `business_id` = 10001 AND `piao` <= 2000 ORDER BY sales_volume desc LIMIT 0,10   [ RunTime:0.2240s ]
NOTIC: [8] Undefined index: order C:\wnmp\nginx\www\zzlgx\Application\Exchange\View\Goods\lists.phtml 第 108 行.
INFO: [ view_filter ] --START--
INFO: Run Behavior\WriteHtmlCacheBehavior [ RunTime:0.000000s ]
INFO: [ view_filter ] --END-- [ RunTime:0.000000s ]
INFO: [ app_end ] --START--
INFO: Run Behavior\ShowPageTraceBehavior [ RunTime:0.000000s ]
INFO: [ app_end ] --END-- [ RunTime:0.000000s ]

