[ 2017-11-20T14:02:56+08:00 ] 127.0.0.1 /exchange
INFO: [ app_init ] --START--
INFO: Run Behavior\BuildLiteBehavior [ RunTime:0.000000s ]
INFO: [ app_init ] --END-- [ RunTime:0.000000s ]
INFO: [ app_begin ] --START--
INFO: Run Behavior\ReadHtmlCacheBehavior [ RunTime:0.000000s ]
INFO: [ app_begin ] --END-- [ RunTime:0.000000s ]
NOTIC: [8] Undefined index: exchange C:\wnmp\nginx\www\zzlgx\Application\Exchange\Controller\CommonController.class.php 第 43 行.
NOTIC: [8] Undefined index: exchange C:\wnmp\nginx\www\zzlgx\Application\Exchange\Controller\CommonController.class.php 第 58 行.
NOTIC: [8] Undefined index: exchange C:\wnmp\nginx\www\zzlgx\Application\Exchange\Controller\CommonController.class.php 第 65 行.
NOTIC: [8] Undefined index: exchange C:\wnmp\nginx\www\zzlgx\Application\Exchange\Controller\CommonController.class.php 第 72 行.

[ 2017-11-20T14:02:58+08:00 ] 127.0.0.1 /exchange?b=10001
INFO: [ app_init ] --START--
INFO: Run Behavior\BuildLiteBehavior [ RunTime:0.000000s ]
INFO: [ app_init ] --END-- [ RunTime:0.001000s ]
INFO: [ app_begin ] --START--
INFO: Run Behavior\ReadHtmlCacheBehavior [ RunTime:0.000000s ]
INFO: [ app_begin ] --END-- [ RunTime:0.000000s ]
SQL: SHOW COLUMNS FROM `business` [ RunTime:0.2220s ]
SQL: SELECT * FROM `business` WHERE `business_id` = 10001 LIMIT 1   [ RunTime:0.2560s ]
NOTIC: [8] Undefined index: phone_num C:\wnmp\nginx\www\zzlgx\Application\Exchange\Controller\CommonController.class.php 第 43 行.
NOTIC: [8] Undefined index: group_id C:\wnmp\nginx\www\zzlgx\Application\Exchange\Controller\CommonController.class.php 第 65 行.
SQL: SELECT `exchange_name` FROM `business` WHERE `business_id` = 10001 LIMIT 1   [ RunTime:0.0490s ]
SQL: SHOW COLUMNS FROM `goods` [ RunTime:0.4990s ]
SQL: SELECT `goods_id`,`pics`,`goods_name`,`piao`,`is_jian`,`business_id` FROM `goods` WHERE `is_del` = 0 AND `status` = 1 ORDER BY add_time desc  [ RunTime:0.7210s ]
SQL: SHOW COLUMNS FROM `agent` [ RunTime:0.0560s ]
SQL: SELECT `goods_id` FROM `agent` WHERE `business_id` = 10001 AND `is_jian` = 1 ORDER BY add_time desc  [ RunTime:0.0100s ]
SQL: SELECT `goods_id` FROM `agent` WHERE `business_id` = 10001 ORDER BY add_time desc  [ RunTime:0.0110s ]
INFO: [ view_filter ] --START--
INFO: Run Behavior\WriteHtmlCacheBehavior [ RunTime:0.000000s ]
INFO: [ view_filter ] --END-- [ RunTime:0.000000s ]
INFO: [ app_end ] --START--
INFO: Run Behavior\ShowPageTraceBehavior [ RunTime:0.000000s ]
INFO: [ app_end ] --END-- [ RunTime:0.000000s ]

[ 2017-11-20T14:03:09+08:00 ] 127.0.0.1 /Exchange/Goods/lists?type=1_2000
INFO: [ app_init ] --START--
INFO: Run Behavior\BuildLiteBehavior [ RunTime:0.000000s ]
INFO: [ app_init ] --END-- [ RunTime:0.000000s ]
INFO: [ app_begin ] --START--
INFO: Run Behavior\ReadHtmlCacheBehavior [ RunTime:0.000000s ]
INFO: [ app_begin ] --END-- [ RunTime:0.000000s ]
NOTIC: [8] Undefined index: phone_num C:\wnmp\nginx\www\zzlgx\Application\Exchange\Controller\CommonController.class.php 第 43 行.
NOTIC: [8] Undefined index: group_id C:\wnmp\nginx\www\zzlgx\Application\Exchange\Controller\CommonController.class.php 第 65 行.
SQL: SHOW COLUMNS FROM `goods` [ RunTime:0.0110s ]
SQL: SELECT `goods_id`,`pics`,`goods_name`,`piao`,`sales_volume` FROM `goods` WHERE `is_del` = 0 AND `status` = 1 AND `business_id` = 10001 AND `piao` <= 2000 ORDER BY sales_volume desc LIMIT 0,10   [ RunTime:0.2420s ]
NOTIC: [8] Undefined index: order C:\wnmp\nginx\www\zzlgx\Application\Exchange\View\Goods\lists.phtml 第 108 行.
INFO: [ view_filter ] --START--
INFO: Run Behavior\WriteHtmlCacheBehavior [ RunTime:0.001000s ]
INFO: [ view_filter ] --END-- [ RunTime:0.001000s ]
INFO: [ app_end ] --START--
INFO: Run Behavior\ShowPageTraceBehavior [ RunTime:0.000000s ]
INFO: [ app_end ] --END-- [ RunTime:0.000000s ]

[ 2017-11-20T14:03:35+08:00 ] 127.0.0.1 /Exchange
INFO: [ app_init ] --START--
INFO: Run Behavior\BuildLiteBehavior [ RunTime:0.000000s ]
INFO: [ app_init ] --END-- [ RunTime:0.000000s ]
INFO: [ app_begin ] --START--
INFO: Run Behavior\ReadHtmlCacheBehavior [ RunTime:0.000000s ]
INFO: [ app_begin ] --END-- [ RunTime:0.000000s ]
NOTIC: [8] Undefined index: phone_num C:\wnmp\nginx\www\zzlgx\Application\Exchange\Controller\CommonController.class.php 第 43 行.
NOTIC: [8] Undefined index: group_id C:\wnmp\nginx\www\zzlgx\Application\Exchange\Controller\CommonController.class.php 第 65 行.
SQL: SHOW COLUMNS FROM `business` [ RunTime:0.2190s ]
SQL: SELECT `exchange_name` FROM `business` WHERE `business_id` = 10001 LIMIT 1   [ RunTime:0.0520s ]
SQL: SHOW COLUMNS FROM `goods` [ RunTime:0.0100s ]
SQL: SELECT `goods_id`,`pics`,`goods_name`,`piao`,`is_jian`,`business_id` FROM `goods` WHERE `is_del` = 0 AND `status` = 1 ORDER BY add_time desc  [ RunTime:0.4520s ]
SQL: SHOW COLUMNS FROM `agent` [ RunTime:0.0200s ]
SQL: SELECT `goods_id` FROM `agent` WHERE `business_id` = 10001 AND `is_jian` = 1 ORDER BY add_time desc  [ RunTime:0.9031s ]
SQL: SELECT `goods_id` FROM `agent` WHERE `business_id` = 10001 ORDER BY add_time desc  [ RunTime:0.8220s ]
INFO: [ view_filter ] --START--
INFO: Run Behavior\WriteHtmlCacheBehavior [ RunTime:0.001000s ]
INFO: [ view_filter ] --END-- [ RunTime:0.001000s ]
INFO: [ app_end ] --START--
INFO: Run Behavior\ShowPageTraceBehavior [ RunTime:0.000000s ]
INFO: [ app_end ] --END-- [ RunTime:0.000000s ]

[ 2017-11-20T14:03:43+08:00 ] 127.0.0.1 /Exchange/Goods/detail?goods_id=37
INFO: [ app_init ] --START--
INFO: Run Behavior\BuildLiteBehavior [ RunTime:0.000000s ]
INFO: [ app_init ] --END-- [ RunTime:0.000000s ]
INFO: [ app_begin ] --START--
INFO: Run Behavior\ReadHtmlCacheBehavior [ RunTime:0.000000s ]
INFO: [ app_begin ] --END-- [ RunTime:0.000000s ]
NOTIC: [8] Undefined index: phone_num C:\wnmp\nginx\www\zzlgx\Application\Exchange\Controller\CommonController.class.php 第 43 行.
SQL: SHOW COLUMNS FROM `goods` [ RunTime:0.3070s ]
SQL: SELECT * FROM `goods` WHERE `goods_id` = 37 LIMIT 1   [ RunTime:0.2180s ]
INFO: [ view_filter ] --START--
INFO: Run Behavior\WriteHtmlCacheBehavior [ RunTime:0.000000s ]
INFO: [ view_filter ] --END-- [ RunTime:0.000000s ]
INFO: [ app_end ] --START--
INFO: Run Behavior\ShowPageTraceBehavior [ RunTime:0.000000s ]
INFO: [ app_end ] --END-- [ RunTime:0.001000s ]

[ 2017-11-20T14:03:48+08:00 ] 127.0.0.1 /Exchange/Member/evaluate_list
INFO: [ app_init ] --START--
INFO: Run Behavior\BuildLiteBehavior [ RunTime:0.000000s ]
INFO: [ app_init ] --END-- [ RunTime:0.000000s ]
INFO: [ app_begin ] --START--
INFO: Run Behavior\ReadHtmlCacheBehavior [ RunTime:0.000000s ]
INFO: [ app_begin ] --END-- [ RunTime:0.000000s ]
NOTIC: [8] Undefined index: phone_num C:\wnmp\nginx\www\zzlgx\Application\Exchange\Controller\CommonController.class.php 第 52 行.

[ 2017-11-20T14:03:48+08:00 ] 127.0.0.1 /exchange/log/in
INFO: [ app_init ] --START--
INFO: Run Behavior\BuildLiteBehavior [ RunTime:0.000000s ]
INFO: [ app_init ] --END-- [ RunTime:0.000000s ]
INFO: [ app_begin ] --START--
INFO: Run Behavior\ReadHtmlCacheBehavior [ RunTime:0.000000s ]
INFO: [ app_begin ] --END-- [ RunTime:0.000000s ]
NOTIC: [8] Undefined index: phone_num C:\wnmp\nginx\www\zzlgx\Application\Exchange\View\Log\in.phtml 第 13 行.
INFO: [ view_filter ] --START--
INFO: Run Behavior\WriteHtmlCacheBehavior [ RunTime:0.000000s ]
INFO: [ view_filter ] --END-- [ RunTime:0.000000s ]
INFO: [ app_end ] --START--
INFO: Run Behavior\ShowPageTraceBehavior [ RunTime:0.000000s ]
INFO: [ app_end ] --END-- [ RunTime:0.000000s ]

[ 2017-11-20T14:03:51+08:00 ] 127.0.0.1 /Exchange/log/in
INFO: [ app_init ] --START--
INFO: Run Behavior\BuildLiteBehavior [ RunTime:0.001000s ]
INFO: [ app_init ] --END-- [ RunTime:0.001000s ]
INFO: [ app_begin ] --START--
INFO: Run Behavior\ReadHtmlCacheBehavior [ RunTime:0.000000s ]
INFO: [ app_begin ] --END-- [ RunTime:0.000000s ]
SQL: SHOW COLUMNS FROM `member` [ RunTime:0.5310s ]
SQL: SELECT * FROM `member` WHERE `phone_num` = '18610601520' AND `password` = 'e10adc3949ba59abbe56e057f20f883e' LIMIT 1   [ RunTime:0.2210s ]
SQL: SELECT `password` FROM `member` WHERE `phone_num` = '18610601520' LIMIT 1   [ RunTime:0.0110s ]

[ 2017-11-20T14:03:59+08:00 ] 127.0.0.1 /exchange
INFO: [ app_init ] --START--
INFO: Run Behavior\BuildLiteBehavior [ RunTime:0.000000s ]
INFO: [ app_init ] --END-- [ RunTime:0.000000s ]
INFO: [ app_begin ] --START--
INFO: Run Behavior\ReadHtmlCacheBehavior [ RunTime:0.000000s ]
INFO: [ app_begin ] --END-- [ RunTime:0.000000s ]
NOTIC: [8] Undefined index: phone_num C:\wnmp\nginx\www\zzlgx\Application\Exchange\Controller\CommonController.class.php 第 43 行.
NOTIC: [8] Undefined index: group_id C:\wnmp\nginx\www\zzlgx\Application\Exchange\Controller\CommonController.class.php 第 65 行.
SQL: SHOW COLUMNS FROM `business` [ RunTime:0.2270s ]
SQL: SELECT `exchange_name` FROM `business` WHERE `business_id` = 10001 LIMIT 1   [ RunTime:0.0490s ]
SQL: SHOW COLUMNS FROM `goods` [ RunTime:0.0290s ]
SQL: SELECT `goods_id`,`pics`,`goods_name`,`piao`,`is_jian`,`business_id` FROM `goods` WHERE `is_del` = 0 AND `status` = 1 ORDER BY add_time desc  [ RunTime:0.0380s ]
SQL: SHOW COLUMNS FROM `agent` [ RunTime:0.0190s ]
SQL: SELECT `goods_id` FROM `agent` WHERE `business_id` = 10001 AND `is_jian` = 1 ORDER BY add_time desc  [ RunTime:0.0080s ]
SQL: SELECT `goods_id` FROM `agent` WHERE `business_id` = 10001 ORDER BY add_time desc  [ RunTime:0.0180s ]
INFO: [ view_filter ] --START--
INFO: Run Behavior\WriteHtmlCacheBehavior [ RunTime:0.000000s ]
INFO: [ view_filter ] --END-- [ RunTime:0.000000s ]
INFO: [ app_end ] --START--
INFO: Run Behavior\ShowPageTraceBehavior [ RunTime:0.000000s ]
INFO: [ app_end ] --END-- [ RunTime:0.001000s ]

[ 2017-11-20T14:04:07+08:00 ] 127.0.0.1 /Exchange/Member/index
INFO: [ app_init ] --START--
INFO: Run Behavior\BuildLiteBehavior [ RunTime:0.000000s ]
INFO: [ app_init ] --END-- [ RunTime:0.000000s ]
INFO: [ app_begin ] --START--
INFO: Run Behavior\ReadHtmlCacheBehavior [ RunTime:0.001000s ]
INFO: [ app_begin ] --END-- [ RunTime:0.001000s ]
NOTIC: [8] Undefined index: phone_num C:\wnmp\nginx\www\zzlgx\Application\Exchange\Controller\CommonController.class.php 第 52 行.

[ 2017-11-20T14:04:07+08:00 ] 127.0.0.1 /exchange/log/in
INFO: [ app_init ] --START--
INFO: Run Behavior\BuildLiteBehavior [ RunTime:0.000000s ]
INFO: [ app_init ] --END-- [ RunTime:0.000000s ]
INFO: [ app_begin ] --START--
INFO: Run Behavior\ReadHtmlCacheBehavior [ RunTime:0.000000s ]
INFO: [ app_begin ] --END-- [ RunTime:0.000000s ]
NOTIC: [8] Undefined index: phone_num C:\wnmp\nginx\www\zzlgx\Application\Exchange\View\Log\in.phtml 第 13 行.
INFO: [ view_filter ] --START--
INFO: Run Behavior\WriteHtmlCacheBehavior [ RunTime:0.000000s ]
INFO: [ view_filter ] --END-- [ RunTime:0.000000s ]
INFO: [ app_end ] --START--
INFO: Run Behavior\ShowPageTraceBehavior [ RunTime:0.001000s ]
INFO: [ app_end ] --END-- [ RunTime:0.001000s ]

[ 2017-11-20T14:04:12+08:00 ] 127.0.0.1 /Exchange/Goods/lists
INFO: [ app_init ] --START--
INFO: Run Behavior\BuildLiteBehavior [ RunTime:0.000000s ]
INFO: [ app_init ] --END-- [ RunTime:0.000000s ]
INFO: [ app_begin ] --START--
INFO: Run Behavior\ReadHtmlCacheBehavior [ RunTime:0.000000s ]
INFO: [ app_begin ] --END-- [ RunTime:0.000000s ]
NOTIC: [8] Undefined index: phone_num C:\wnmp\nginx\www\zzlgx\Application\Exchange\Controller\CommonController.class.php 第 43 行.
NOTIC: [8] Undefined index: group_id C:\wnmp\nginx\www\zzlgx\Application\Exchange\Controller\CommonController.class.php 第 65 行.
SQL: SHOW COLUMNS FROM `goods` [ RunTime:0.0110s ]
SQL: SELECT `goods_id`,`pics`,`goods_name`,`piao`,`sales_volume` FROM `goods` WHERE `is_del` = 0 AND `status` = 1 AND `business_id` = 10001 ORDER BY sales_volume desc LIMIT 0,10   [ RunTime:0.7870s ]
NOTIC: [8] Undefined index: type C:\wnmp\nginx\www\zzlgx\Application\Exchange\View\Goods\lists.phtml 第 24 行.
NOTIC: [8] Undefined index: type C:\wnmp\nginx\www\zzlgx\Application\Exchange\View\Goods\lists.phtml 第 25 行.
NOTIC: [8] Undefined index: type C:\wnmp\nginx\www\zzlgx\Application\Exchange\View\Goods\lists.phtml 第 26 行.
NOTIC: [8] Undefined index: type C:\wnmp\nginx\www\zzlgx\Application\Exchange\View\Goods\lists.phtml 第 28 行.
NOTIC: [8] Undefined index: order C:\wnmp\nginx\www\zzlgx\Application\Exchange\View\Goods\lists.phtml 第 108 行.
NOTIC: [8] Undefined index: type C:\wnmp\nginx\www\zzlgx\Application\Exchange\View\Goods\lists.phtml 第 130 行.
NOTIC: [8] Undefined index: type C:\wnmp\nginx\www\zzlgx\Application\Exchange\View\Goods\lists.phtml 第 134 行.
NOTIC: [8] Undefined index: type C:\wnmp\nginx\www\zzlgx\Application\Exchange\View\Goods\lists.phtml 第 137 行.
NOTIC: [8] Undefined index: type C:\wnmp\nginx\www\zzlgx\Application\Exchange\View\Goods\lists.phtml 第 150 行.
NOTIC: [8] Undefined index: type C:\wnmp\nginx\www\zzlgx\Application\Exchange\View\Goods\lists.phtml 第 154 行.
NOTIC: [8] Undefined index: type C:\wnmp\nginx\www\zzlgx\Application\Exchange\View\Goods\lists.phtml 第 157 行.
INFO: [ view_filter ] --START--
INFO: Run Behavior\WriteHtmlCacheBehavior [ RunTime:0.000000s ]
INFO: [ view_filter ] --END-- [ RunTime:0.000000s ]
INFO: [ app_end ] --START--
INFO: Run Behavior\ShowPageTraceBehavior [ RunTime:0.001000s ]
INFO: [ app_end ] --END-- [ RunTime:0.001000s ]

[ 2017-11-20T14:04:16+08:00 ] 127.0.0.1 /Exchange/Goods/lists?type=&order=sd
INFO: [ app_init ] --START--
INFO: Run Behavior\BuildLiteBehavior [ RunTime:0.000000s ]
INFO: [ app_init ] --END-- [ RunTime:0.000000s ]
INFO: [ app_begin ] --START--
INFO: Run Behavior\ReadHtmlCacheBehavior [ RunTime:0.001000s ]
INFO: [ app_begin ] --END-- [ RunTime:0.001000s ]
NOTIC: [8] Undefined index: phone_num C:\wnmp\nginx\www\zzlgx\Application\Exchange\Controller\CommonController.class.php 第 43 行.
NOTIC: [8] Undefined index: group_id C:\wnmp\nginx\www\zzlgx\Application\Exchange\Controller\CommonController.class.php 第 65 行.
SQL: SHOW COLUMNS FROM `goods` [ RunTime:0.4580s ]
SQL: SELECT `goods_id`,`pics`,`goods_name`,`piao`,`sales_volume` FROM `goods` WHERE `is_del` = 0 AND `status` = 1 AND `business_id` = 10001 ORDER BY sales_volume asc LIMIT 0,10   [ RunTime:0.7380s ]
INFO: [ view_filter ] --START--
INFO: Run Behavior\WriteHtmlCacheBehavior [ RunTime:0.000000s ]
INFO: [ view_filter ] --END-- [ RunTime:0.000000s ]
INFO: [ app_end ] --START--
INFO: Run Behavior\ShowPageTraceBehavior [ RunTime:0.000000s ]
INFO: [ app_end ] --END-- [ RunTime:0.000000s ]

[ 2017-11-20T14:04:20+08:00 ] 127.0.0.1 /Exchange/Goods/lists?type=1_2000
INFO: [ app_init ] --START--
INFO: Run Behavior\BuildLiteBehavior [ RunTime:0.000000s ]
INFO: [ app_init ] --END-- [ RunTime:0.000000s ]
INFO: [ app_begin ] --START--
INFO: Run Behavior\ReadHtmlCacheBehavior [ RunTime:0.000000s ]
INFO: [ app_begin ] --END-- [ RunTime:0.000000s ]
NOTIC: [8] Undefined index: phone_num C:\wnmp\nginx\www\zzlgx\Application\Exchange\Controller\CommonController.class.php 第 43 行.
NOTIC: [8] Undefined index: group_id C:\wnmp\nginx\www\zzlgx\Application\Exchange\Controller\CommonController.class.php 第 65 行.
SQL: SHOW COLUMNS FROM `goods` [ RunTime:0.0100s ]
SQL: SELECT `goods_id`,`pics`,`goods_name`,`piao`,`sales_volume` FROM `goods` WHERE `is_del` = 0 AND `status` = 1 AND `business_id` = 10001 AND `piao` <= 2000 ORDER BY sales_volume desc LIMIT 0,10   [ RunTime:0.2270s ]
NOTIC: [8] Undefined index: order C:\wnmp\nginx\www\zzlgx\Application\Exchange\View\Goods\lists.phtml 第 108 行.
INFO: [ view_filter ] --START--
INFO: Run Behavior\WriteHtmlCacheBehavior [ RunTime:0.000000s ]
INFO: [ view_filter ] --END-- [ RunTime:0.000000s ]
INFO: [ app_end ] --START--
INFO: Run Behavior\ShowPageTraceBehavior [ RunTime:0.000000s ]
INFO: [ app_end ] --END-- [ RunTime:0.000000s ]

[ 2017-11-20T14:04:25+08:00 ] 127.0.0.1 /Exchange/Goods/lists?type=1_2000&order=pa
INFO: [ app_init ] --START--
INFO: Run Behavior\BuildLiteBehavior [ RunTime:0.000000s ]
INFO: [ app_init ] --END-- [ RunTime:0.001000s ]
INFO: [ app_begin ] --START--
INFO: Run Behavior\ReadHtmlCacheBehavior [ RunTime:0.000000s ]
INFO: [ app_begin ] --END-- [ RunTime:0.000000s ]
NOTIC: [8] Undefined index: phone_num C:\wnmp\nginx\www\zzlgx\Application\Exchange\Controller\CommonController.class.php 第 43 行.
NOTIC: [8] Undefined index: group_id C:\wnmp\nginx\www\zzlgx\Application\Exchange\Controller\CommonController.class.php 第 65 行.
SQL: SHOW COLUMNS FROM `goods` [ RunTime:0.0360s ]
SQL: SELECT `goods_id`,`pics`,`goods_name`,`piao`,`sales_volume` FROM `goods` WHERE `is_del` = 0 AND `status` = 1 AND `business_id` = 10001 AND `piao` <= 2000 ORDER BY piao desc LIMIT 0,10   [ RunTime:0.2200s ]
INFO: [ view_filter ] --START--
INFO: Run Behavior\WriteHtmlCacheBehavior [ RunTime:0.000000s ]
INFO: [ view_filter ] --END-- [ RunTime:0.000000s ]
INFO: [ app_end ] --START--
INFO: Run Behavior\ShowPageTraceBehavior [ RunTime:0.000000s ]
INFO: [ app_end ] --END-- [ RunTime:0.000000s ]

[ 2017-11-20T14:04:36+08:00 ] 127.0.0.1 /Exchange
INFO: [ app_init ] --START--
INFO: Run Behavior\BuildLiteBehavior [ RunTime:0.000000s ]
INFO: [ app_init ] --END-- [ RunTime:0.000000s ]
INFO: [ app_begin ] --START--
INFO: Run Behavior\ReadHtmlCacheBehavior [ RunTime:0.001000s ]
INFO: [ app_begin ] --END-- [ RunTime:0.001000s ]
NOTIC: [8] Undefined index: phone_num C:\wnmp\nginx\www\zzlgx\Application\Exchange\Controller\CommonController.class.php 第 43 行.
NOTIC: [8] Undefined index: group_id C:\wnmp\nginx\www\zzlgx\Application\Exchange\Controller\CommonController.class.php 第 65 行.
SQL: SHOW COLUMNS FROM `business` [ RunTime:0.2500s ]
SQL: SELECT `exchange_name` FROM `business` WHERE `business_id` = 10001 LIMIT 1   [ RunTime:0.0690s ]
SQL: SHOW COLUMNS FROM `goods` [ RunTime:0.0120s ]
SQL: SELECT `goods_id`,`pics`,`goods_name`,`piao`,`is_jian`,`business_id` FROM `goods` WHERE `is_del` = 0 AND `status` = 1 ORDER BY add_time desc  [ RunTime:0.0600s ]
SQL: SHOW COLUMNS FROM `agent` [ RunTime:0.0170s ]
SQL: SELECT `goods_id` FROM `agent` WHERE `business_id` = 10001 AND `is_jian` = 1 ORDER BY add_time desc  [ RunTime:0.3340s ]
SQL: SELECT `goods_id` FROM `agent` WHERE `business_id` = 10001 ORDER BY add_time desc  [ RunTime:0.2250s ]
INFO: [ view_filter ] --START--
INFO: Run Behavior\WriteHtmlCacheBehavior [ RunTime:0.000000s ]
INFO: [ view_filter ] --END-- [ RunTime:0.000000s ]
INFO: [ app_end ] --START--
INFO: Run Behavior\ShowPageTraceBehavior [ RunTime:0.001000s ]
INFO: [ app_end ] --END-- [ RunTime:0.001000s ]

[ 2017-11-20T14:07:23+08:00 ] 127.0.0.1 /Exchange/Goods/lists
INFO: [ app_init ] --START--
INFO: Run Behavior\BuildLiteBehavior [ RunTime:0.000000s ]
INFO: [ app_init ] --END-- [ RunTime:0.000000s ]
INFO: [ app_begin ] --START--
INFO: Run Behavior\ReadHtmlCacheBehavior [ RunTime:0.001000s ]
INFO: [ app_begin ] --END-- [ RunTime:0.001000s ]
NOTIC: [8] Undefined index: phone_num C:\wnmp\nginx\www\zzlgx\Application\Exchange\Controller\CommonController.class.php 第 43 行.
NOTIC: [8] Undefined index: group_id C:\wnmp\nginx\www\zzlgx\Application\Exchange\Controller\CommonController.class.php 第 65 行.
SQL: SHOW COLUMNS FROM `goods` [ RunTime:0.0450s ]
SQL: SELECT `goods_id`,`pics`,`goods_name`,`piao`,`sales_volume` FROM `goods` WHERE `is_del` = 0 AND `status` = 1 AND `business_id` = 10001 ORDER BY sales_volume desc LIMIT 0,10   [ RunTime:0.3160s ]
NOTIC: [8] Undefined index: type C:\wnmp\nginx\www\zzlgx\Application\Exchange\View\Goods\lists.phtml 第 24 行.
NOTIC: [8] Undefined index: type C:\wnmp\nginx\www\zzlgx\Application\Exchange\View\Goods\lists.phtml 第 25 行.
NOTIC: [8] Undefined index: type C:\wnmp\nginx\www\zzlgx\Application\Exchange\View\Goods\lists.phtml 第 26 行.
NOTIC: [8] Undefined index: type C:\wnmp\nginx\www\zzlgx\Application\Exchange\View\Goods\lists.phtml 第 28 行.
NOTIC: [8] Undefined index: order C:\wnmp\nginx\www\zzlgx\Application\Exchange\View\Goods\lists.phtml 第 108 行.
NOTIC: [8] Undefined index: type C:\wnmp\nginx\www\zzlgx\Application\Exchange\View\Goods\lists.phtml 第 130 行.
NOTIC: [8] Undefined index: type C:\wnmp\nginx\www\zzlgx\Application\Exchange\View\Goods\lists.phtml 第 134 行.
NOTIC: [8] Undefined index: type C:\wnmp\nginx\www\zzlgx\Application\Exchange\View\Goods\lists.phtml 第 137 行.
NOTIC: [8] Undefined index: type C:\wnmp\nginx\www\zzlgx\Application\Exchange\View\Goods\lists.phtml 第 150 行.
NOTIC: [8] Undefined index: type C:\wnmp\nginx\www\zzlgx\Application\Exchange\View\Goods\lists.phtml 第 154 行.
NOTIC: [8] Undefined index: type C:\wnmp\nginx\www\zzlgx\Application\Exchange\View\Goods\lists.phtml 第 157 行.
INFO: [ view_filter ] --START--
INFO: Run Behavior\WriteHtmlCacheBehavior [ RunTime:0.001000s ]
INFO: [ view_filter ] --END-- [ RunTime:0.001000s ]
INFO: [ app_end ] --START--
INFO: Run Behavior\ShowPageTraceBehavior [ RunTime:0.001001s ]
INFO: [ app_end ] --END-- [ RunTime:0.001001s ]

[ 2017-11-20T14:07:24+08:00 ] 127.0.0.1 /Exchange/Member/index
INFO: [ app_init ] --START--
INFO: Run Behavior\BuildLiteBehavior [ RunTime:0.000000s ]
INFO: [ app_init ] --END-- [ RunTime:0.000000s ]
INFO: [ app_begin ] --START--
INFO: Run Behavior\ReadHtmlCacheBehavior [ RunTime:0.000000s ]
INFO: [ app_begin ] --END-- [ RunTime:0.000000s ]
NOTIC: [8] Undefined index: phone_num C:\wnmp\nginx\www\zzlgx\Application\Exchange\Controller\CommonController.class.php 第 52 行.

[ 2017-11-20T14:07:25+08:00 ] 127.0.0.1 /exchange/log/in
INFO: [ app_init ] --START--
INFO: Run Behavior\BuildLiteBehavior [ RunTime:0.000000s ]
INFO: [ app_init ] --END-- [ RunTime:0.000000s ]
INFO: [ app_begin ] --START--
INFO: Run Behavior\ReadHtmlCacheBehavior [ RunTime:0.000000s ]
INFO: [ app_begin ] --END-- [ RunTime:0.000000s ]
NOTIC: [8] Undefined index: phone_num C:\wnmp\nginx\www\zzlgx\Application\Exchange\View\Log\in.phtml 第 13 行.
INFO: [ view_filter ] --START--
INFO: Run Behavior\WriteHtmlCacheBehavior [ RunTime:0.000000s ]
INFO: [ view_filter ] --END-- [ RunTime:0.001000s ]
INFO: [ app_end ] --START--
INFO: Run Behavior\ShowPageTraceBehavior [ RunTime:0.000000s ]
INFO: [ app_end ] --END-- [ RunTime:0.000000s ]

[ 2017-11-20T14:07:29+08:00 ] 127.0.0.1 /Exchange
INFO: [ app_init ] --START--
INFO: Run Behavior\BuildLiteBehavior [ RunTime:0.000000s ]
INFO: [ app_init ] --END-- [ RunTime:0.000000s ]
INFO: [ app_begin ] --START--
INFO: Run Behavior\ReadHtmlCacheBehavior [ RunTime:0.001000s ]
INFO: [ app_begin ] --END-- [ RunTime:0.001000s ]
NOTIC: [8] Undefined index: phone_num C:\wnmp\nginx\www\zzlgx\Application\Exchange\Controller\CommonController.class.php 第 43 行.
NOTIC: [8] Undefined index: group_id C:\wnmp\nginx\www\zzlgx\Application\Exchange\Controller\CommonController.class.php 第 65 行.
SQL: SHOW COLUMNS FROM `business` [ RunTime:0.2220s ]
SQL: SELECT `exchange_name` FROM `business` WHERE `business_id` = 10001 LIMIT 1   [ RunTime:0.0170s ]
SQL: SHOW COLUMNS FROM `goods` [ RunTime:0.0210s ]
SQL: SELECT `goods_id`,`pics`,`goods_name`,`piao`,`is_jian`,`business_id` FROM `goods` WHERE `is_del` = 0 AND `status` = 1 ORDER BY add_time desc  [ RunTime:0.0360s ]
SQL: SHOW COLUMNS FROM `agent` [ RunTime:0.0310s ]
SQL: SELECT `goods_id` FROM `agent` WHERE `business_id` = 10001 AND `is_jian` = 1 ORDER BY add_time desc  [ RunTime:0.0260s ]
SQL: SELECT `goods_id` FROM `agent` WHERE `business_id` = 10001 ORDER BY add_time desc  [ RunTime:0.0250s ]
INFO: [ view_filter ] --START--
INFO: Run Behavior\WriteHtmlCacheBehavior [ RunTime:0.000000s ]
INFO: [ view_filter ] --END-- [ RunTime:0.000000s ]
INFO: [ app_end ] --START--
INFO: Run Behavior\ShowPageTraceBehavior [ RunTime:0.000000s ]
INFO: [ app_end ] --END-- [ RunTime:0.000000s ]

[ 2017-11-20T14:07:36+08:00 ] 127.0.0.1 /Exchange/Goods/lists?type=5000up
INFO: [ app_init ] --START--
INFO: Run Behavior\BuildLiteBehavior [ RunTime:0.000000s ]
INFO: [ app_init ] --END-- [ RunTime:0.000000s ]
INFO: [ app_begin ] --START--
INFO: Run Behavior\ReadHtmlCacheBehavior [ RunTime:0.000000s ]
INFO: [ app_begin ] --END-- [ RunTime:0.000000s ]
NOTIC: [8] Undefined index: phone_num C:\wnmp\nginx\www\zzlgx\Application\Exchange\Controller\CommonController.class.php 第 43 行.
NOTIC: [8] Undefined index: group_id C:\wnmp\nginx\www\zzlgx\Application\Exchange\Controller\CommonController.class.php 第 65 行.
SQL: SHOW COLUMNS FROM `goods` [ RunTime:0.0530s ]
SQL: SELECT `goods_id`,`pics`,`goods_name`,`piao`,`sales_volume` FROM `goods` WHERE `is_del` = 0 AND `status` = 1 AND `business_id` = 10001 AND `piao` > 5000 ORDER BY sales_volume desc LIMIT 0,10   [ RunTime:0.0260s ]
NOTIC: [8] Undefined index: order C:\wnmp\nginx\www\zzlgx\Application\Exchange\View\Goods\lists.phtml 第 108 行.
INFO: [ view_filter ] --START--
INFO: Run Behavior\WriteHtmlCacheBehavior [ RunTime:0.001000s ]
INFO: [ view_filter ] --END-- [ RunTime:0.001000s ]
INFO: [ app_end ] --START--
INFO: Run Behavior\ShowPageTraceBehavior [ RunTime:0.000000s ]
INFO: [ app_end ] --END-- [ RunTime:0.000000s ]

[ 2017-11-20T14:07:43+08:00 ] 127.0.0.1 /Exchange
INFO: [ app_init ] --START--
INFO: Run Behavior\BuildLiteBehavior [ RunTime:0.000000s ]
INFO: [ app_init ] --END-- [ RunTime:0.000000s ]
INFO: [ app_begin ] --START--
INFO: Run Behavior\ReadHtmlCacheBehavior [ RunTime:0.000000s ]
INFO: [ app_begin ] --END-- [ RunTime:0.000000s ]
NOTIC: [8] Undefined index: phone_num C:\wnmp\nginx\www\zzlgx\Application\Exchange\Controller\CommonController.class.php 第 43 行.
NOTIC: [8] Undefined index: group_id C:\wnmp\nginx\www\zzlgx\Application\Exchange\Controller\CommonController.class.php 第 65 行.
SQL: SHOW COLUMNS FROM `business` [ RunTime:0.2540s ]
SQL: SELECT `exchange_name` FROM `business` WHERE `business_id` = 10001 LIMIT 1   [ RunTime:0.0320s ]
SQL: SHOW COLUMNS FROM `goods` [ RunTime:0.0160s ]
SQL: SELECT `goods_id`,`pics`,`goods_name`,`piao`,`is_jian`,`business_id` FROM `goods` WHERE `is_del` = 0 AND `status` = 1 ORDER BY add_time desc  [ RunTime:0.0450s ]
SQL: SHOW COLUMNS FROM `agent` [ RunTime:0.2980s ]
SQL: SELECT `goods_id` FROM `agent` WHERE `business_id` = 10001 AND `is_jian` = 1 ORDER BY add_time desc  [ RunTime:0.0130s ]
SQL: SELECT `goods_id` FROM `agent` WHERE `business_id` = 10001 ORDER BY add_time desc  [ RunTime:0.0490s ]
INFO: [ view_filter ] --START--
INFO: Run Behavior\WriteHtmlCacheBehavior [ RunTime:0.000000s ]
INFO: [ view_filter ] --END-- [ RunTime:0.000000s ]
INFO: [ app_end ] --START--
INFO: Run Behavior\ShowPageTraceBehavior [ RunTime:0.001000s ]
INFO: [ app_end ] --END-- [ RunTime:0.001000s ]

[ 2017-11-20T14:07:48+08:00 ] 127.0.0.1 /Exchange/Goods/lists?type=myagent
INFO: [ app_init ] --START--
INFO: Run Behavior\BuildLiteBehavior [ RunTime:0.000000s ]
INFO: [ app_init ] --END-- [ RunTime:0.000000s ]
INFO: [ app_begin ] --START--
INFO: Run Behavior\ReadHtmlCacheBehavior [ RunTime:0.000000s ]
INFO: [ app_begin ] --END-- [ RunTime:0.000000s ]
NOTIC: [8] Undefined index: phone_num C:\wnmp\nginx\www\zzlgx\Application\Exchange\Controller\CommonController.class.php 第 43 行.
NOTIC: [8] Undefined index: group_id C:\wnmp\nginx\www\zzlgx\Application\Exchange\Controller\CommonController.class.php 第 65 行.
SQL: SHOW COLUMNS FROM `agent` [ RunTime:0.0480s ]
SQL: SELECT a.goods_id,g.pics,g.goods_name,g.piao,g.sales_volume FROM agent a,goods g WHERE a.business_id = '10001' AND ( a.goods_id=g.goods_id ) AND g.is_del = 0 AND g.status = 1 ORDER BY g.sales_volume desc LIMIT 0,10   [ RunTime:0.2290s ]
NOTIC: [8] Undefined index: order C:\wnmp\nginx\www\zzlgx\Application\Exchange\View\Goods\lists.phtml 第 108 行.
INFO: [ view_filter ] --START--
INFO: Run Behavior\WriteHtmlCacheBehavior [ RunTime:0.001000s ]
INFO: [ view_filter ] --END-- [ RunTime:0.001000s ]
INFO: [ app_end ] --START--
INFO: Run Behavior\ShowPageTraceBehavior [ RunTime:0.000000s ]
INFO: [ app_end ] --END-- [ RunTime:0.000000s ]

[ 2017-11-20T14:07:51+08:00 ] 127.0.0.1 /Exchange/Goods/lists?type=myagent&page=2
INFO: [ app_init ] --START--
INFO: Run Behavior\BuildLiteBehavior [ RunTime:0.000000s ]
INFO: [ app_init ] --END-- [ RunTime:0.000000s ]
INFO: [ app_begin ] --START--
INFO: Run Behavior\ReadHtmlCacheBehavior [ RunTime:0.001000s ]
INFO: [ app_begin ] --END-- [ RunTime:0.001000s ]
NOTIC: [8] Undefined index: phone_num C:\wnmp\nginx\www\zzlgx\Application\Exchange\Controller\CommonController.class.php 第 43 行.
NOTIC: [8] Undefined index: group_id C:\wnmp\nginx\www\zzlgx\Application\Exchange\Controller\CommonController.class.php 第 65 行.
SQL: SHOW COLUMNS FROM `agent` [ RunTime:0.0200s ]
SQL: SELECT a.goods_id,g.pics,g.goods_name,g.piao,g.sales_volume FROM agent a,goods g WHERE a.business_id = '10001' AND ( a.goods_id=g.goods_id ) AND g.is_del = 0 AND g.status = 1 ORDER BY g.sales_volume desc LIMIT 10,10   [ RunTime:0.0220s ]

[ 2017-11-20T14:07:54+08:00 ] 127.0.0.1 /Exchange
INFO: [ app_init ] --START--
INFO: Run Behavior\BuildLiteBehavior [ RunTime:0.000000s ]
INFO: [ app_init ] --END-- [ RunTime:0.000000s ]
INFO: [ app_begin ] --START--
INFO: Run Behavior\ReadHtmlCacheBehavior [ RunTime:0.001000s ]
INFO: [ app_begin ] --END-- [ RunTime:0.001000s ]
NOTIC: [8] Undefined index: phone_num C:\wnmp\nginx\www\zzlgx\Application\Exchange\Controller\CommonController.class.php 第 43 行.
NOTIC: [8] Undefined index: group_id C:\wnmp\nginx\www\zzlgx\Application\Exchange\Controller\CommonController.class.php 第 65 行.
SQL: SHOW COLUMNS FROM `business` [ RunTime:0.3130s ]
SQL: SELECT `exchange_name` FROM `business` WHERE `business_id` = 10001 LIMIT 1   [ RunTime:0.0880s ]
SQL: SHOW COLUMNS FROM `goods` [ RunTime:0.0240s ]
SQL: SELECT `goods_id`,`pics`,`goods_name`,`piao`,`is_jian`,`business_id` FROM `goods` WHERE `is_del` = 0 AND `status` = 1 ORDER BY add_time desc  [ RunTime:0.0860s ]
SQL: SHOW COLUMNS FROM `agent` [ RunTime:0.0340s ]
SQL: SELECT `goods_id` FROM `agent` WHERE `business_id` = 10001 AND `is_jian` = 1 ORDER BY add_time desc  [ RunTime:0.0230s ]
SQL: SELECT `goods_id` FROM `agent` WHERE `business_id` = 10001 ORDER BY add_time desc  [ RunTime:0.0250s ]
INFO: [ view_filter ] --START--
INFO: Run Behavior\WriteHtmlCacheBehavior [ RunTime:0.000000s ]
INFO: [ view_filter ] --END-- [ RunTime:0.000000s ]
INFO: [ app_end ] --START--
INFO: Run Behavior\ShowPageTraceBehavior [ RunTime:0.000000s ]
INFO: [ app_end ] --END-- [ RunTime:0.000000s ]

[ 2017-11-20T14:07:55+08:00 ] 127.0.0.1 /Exchange
INFO: [ app_init ] --START--
INFO: Run Behavior\BuildLiteBehavior [ RunTime:0.000000s ]
INFO: [ app_init ] --END-- [ RunTime:0.000000s ]
INFO: [ app_begin ] --START--
INFO: Run Behavior\ReadHtmlCacheBehavior [ RunTime:0.000000s ]
INFO: [ app_begin ] --END-- [ RunTime:0.000000s ]
NOTIC: [8] Undefined index: phone_num C:\wnmp\nginx\www\zzlgx\Application\Exchange\Controller\CommonController.class.php 第 43 行.
NOTIC: [8] Undefined index: group_id C:\wnmp\nginx\www\zzlgx\Application\Exchange\Controller\CommonController.class.php 第 65 行.
SQL: SHOW COLUMNS FROM `business` [ RunTime:0.2380s ]
SQL: SELECT `exchange_name` FROM `business` WHERE `business_id` = 10001 LIMIT 1   [ RunTime:0.0350s ]
SQL: SHOW COLUMNS FROM `goods` [ RunTime:0.0190s ]
SQL: SELECT `goods_id`,`pics`,`goods_name`,`piao`,`is_jian`,`business_id` FROM `goods` WHERE `is_del` = 0 AND `status` = 1 ORDER BY add_time desc  [ RunTime:0.0650s ]
SQL: SHOW COLUMNS FROM `agent` [ RunTime:0.0300s ]
SQL: SELECT `goods_id` FROM `agent` WHERE `business_id` = 10001 AND `is_jian` = 1 ORDER BY add_time desc  [ RunTime:0.0200s ]
SQL: SELECT `goods_id` FROM `agent` WHERE `business_id` = 10001 ORDER BY add_time desc  [ RunTime:0.0250s ]
INFO: [ view_filter ] --START--
INFO: Run Behavior\WriteHtmlCacheBehavior [ RunTime:0.000000s ]
INFO: [ view_filter ] --END-- [ RunTime:0.000000s ]
INFO: [ app_end ] --START--
INFO: Run Behavior\ShowPageTraceBehavior [ RunTime:0.000000s ]
INFO: [ app_end ] --END-- [ RunTime:0.000000s ]

[ 2017-11-20T14:12:01+08:00 ] 127.0.0.1 /Exchange/Goods/lists?type=1_2000
INFO: [ app_init ] --START--
INFO: Run Behavior\BuildLiteBehavior [ RunTime:0.000000s ]
INFO: [ app_init ] --END-- [ RunTime:0.000000s ]
INFO: [ app_begin ] --START--
INFO: Run Behavior\ReadHtmlCacheBehavior [ RunTime:0.000000s ]
INFO: [ app_begin ] --END-- [ RunTime:0.000000s ]
NOTIC: [8] Undefined index: phone_num C:\wnmp\nginx\www\zzlgx\Application\Exchange\Controller\CommonController.class.php 第 43 行.
NOTIC: [8] Undefined index: group_id C:\wnmp\nginx\www\zzlgx\Application\Exchange\Controller\CommonController.class.php 第 65 行.
SQL: SHOW COLUMNS FROM `goods` [ RunTime:0.0200s ]
SQL: SELECT `goods_id`,`pics`,`goods_name`,`piao`,`sales_volume` FROM `goods` WHERE `is_del` = 0 AND `status` = 1 AND `business_id` = 10001 AND `piao` <= 2000 ORDER BY sales_volume desc LIMIT 0,10   [ RunTime:0.2420s ]
NOTIC: [8] Undefined index: order C:\wnmp\nginx\www\zzlgx\Application\Exchange\View\Goods\lists.phtml 第 108 行.
INFO: [ view_filter ] --START--
INFO: Run Behavior\WriteHtmlCacheBehavior [ RunTime:0.001000s ]
INFO: [ view_filter ] --END-- [ RunTime:0.001000s ]
INFO: [ app_end ] --START--
INFO: Run Behavior\ShowPageTraceBehavior [ RunTime:0.001000s ]
INFO: [ app_end ] --END-- [ RunTime:0.001000s ]

[ 2017-11-20T14:12:03+08:00 ] 127.0.0.1 /Exchange/Goods/lists?type=1_2000&order=sd
INFO: [ app_init ] --START--
INFO: Run Behavior\BuildLiteBehavior [ RunTime:0.000000s ]
INFO: [ app_init ] --END-- [ RunTime:0.000000s ]
INFO: [ app_begin ] --START--
INFO: Run Behavior\ReadHtmlCacheBehavior [ RunTime:0.000000s ]
INFO: [ app_begin ] --END-- [ RunTime:0.000000s ]
NOTIC: [8] Undefined index: phone_num C:\wnmp\nginx\www\zzlgx\Application\Exchange\Controller\CommonController.class.php 第 43 行.
NOTIC: [8] Undefined index: group_id C:\wnmp\nginx\www\zzlgx\Application\Exchange\Controller\CommonController.class.php 第 65 行.
SQL: SHOW COLUMNS FROM `goods` [ RunTime:0.0390s ]
SQL: SELECT `goods_id`,`pics`,`goods_name`,`piao`,`sales_volume` FROM `goods` WHERE `is_del` = 0 AND `status` = 1 AND `business_id` = 10001 AND `piao` <= 2000 ORDER BY sales_volume asc LIMIT 0,10   [ RunTime:0.2730s ]
INFO: [ view_filter ] --START--
INFO: Run Behavior\WriteHtmlCacheBehavior [ RunTime:0.000000s ]
INFO: [ view_filter ] --END-- [ RunTime:0.000000s ]
INFO: [ app_end ] --START--
INFO: Run Behavior\ShowPageTraceBehavior [ RunTime:0.000000s ]
INFO: [ app_end ] --END-- [ RunTime:0.000000s ]

[ 2017-11-20T14:12:05+08:00 ] 127.0.0.1 /Exchange/Goods/lists?type=1_2000&order=sa
INFO: [ app_init ] --START--
INFO: Run Behavior\BuildLiteBehavior [ RunTime:0.000000s ]
INFO: [ app_init ] --END-- [ RunTime:0.000000s ]
INFO: [ app_begin ] --START--
INFO: Run Behavior\ReadHtmlCacheBehavior [ RunTime:0.000000s ]
INFO: [ app_begin ] --END-- [ RunTime:0.000000s ]
NOTIC: [8] Undefined index: phone_num C:\wnmp\nginx\www\zzlgx\Application\Exchange\Controller\CommonController.class.php 第 43 行.
NOTIC: [8] Undefined index: group_id C:\wnmp\nginx\www\zzlgx\Application\Exchange\Controller\CommonController.class.php 第 65 行.
SQL: SHOW COLUMNS FROM `goods` [ RunTime:0.0140s ]
SQL: SELECT `goods_id`,`pics`,`goods_name`,`piao`,`sales_volume` FROM `goods` WHERE `is_del` = 0 AND `status` = 1 AND `business_id` = 10001 AND `piao` <= 2000 ORDER BY sales_volume desc LIMIT 0,10   [ RunTime:0.2880s ]
INFO: [ view_filter ] --START--
INFO: Run Behavior\WriteHtmlCacheBehavior [ RunTime:0.000000s ]
INFO: [ view_filter ] --END-- [ RunTime:0.000000s ]
INFO: [ app_end ] --START--
INFO: Run Behavior\ShowPageTraceBehavior [ RunTime:0.000000s ]
INFO: [ app_end ] --END-- [ RunTime:0.001000s ]

[ 2017-11-20T14:12:11+08:00 ] 127.0.0.1 /Exchange/Goods/detail?goods_id=3
INFO: [ app_init ] --START--
INFO: Run Behavior\BuildLiteBehavior [ RunTime:0.000000s ]
INFO: [ app_init ] --END-- [ RunTime:0.001000s ]
INFO: [ app_begin ] --START--
INFO: Run Behavior\ReadHtmlCacheBehavior [ RunTime:0.001000s ]
INFO: [ app_begin ] --END-- [ RunTime:0.001000s ]
NOTIC: [8] Undefined index: phone_num C:\wnmp\nginx\www\zzlgx\Application\Exchange\Controller\CommonController.class.php 第 43 行.
SQL: SHOW COLUMNS FROM `goods` [ RunTime:0.0230s ]
SQL: SELECT * FROM `goods` WHERE `goods_id` = 3 LIMIT 1   [ RunTime:0.3000s ]
INFO: [ view_filter ] --START--
INFO: Run Behavior\WriteHtmlCacheBehavior [ RunTime:0.000000s ]
INFO: [ view_filter ] --END-- [ RunTime:0.001000s ]
INFO: [ app_end ] --START--
INFO: Run Behavior\ShowPageTraceBehavior [ RunTime:0.000000s ]
INFO: [ app_end ] --END-- [ RunTime:0.000000s ]

[ 2017-11-20T14:12:28+08:00 ] 127.0.0.1 /Exchange/Goods/order?goods_id=3
INFO: [ app_init ] --START--
INFO: Run Behavior\BuildLiteBehavior [ RunTime:0.000000s ]
INFO: [ app_init ] --END-- [ RunTime:0.000000s ]
INFO: [ app_begin ] --START--
INFO: Run Behavior\ReadHtmlCacheBehavior [ RunTime:0.000000s ]
INFO: [ app_begin ] --END-- [ RunTime:0.000000s ]
NOTIC: [8] Undefined index: phone_num C:\wnmp\nginx\www\zzlgx\Application\Exchange\Controller\CommonController.class.php 第 43 行.
SQL: SHOW COLUMNS FROM `member` [ RunTime:0.0130s ]
NOTIC: [8] Undefined index: phone_num C:\wnmp\nginx\www\zzlgx\Application\Exchange\Controller\CommonController.class.php 第 52 行.
SQL: SELECT * FROM `member` WHERE `phone_num` = '' LIMIT 1   [ RunTime:0.0750s ]
SQL: SHOW COLUMNS FROM `goods` [ RunTime:0.0140s ]
SQL: SELECT `goods_id`,`goods_name`,`pics`,`piao` FROM `goods` WHERE `goods_id` = 3 LIMIT 1   [ RunTime:0.0100s ]
SQL: SHOW COLUMNS FROM `business` [ RunTime:0.3060s ]
SQL: SELECT `province_id`,`city_id`,`area_id`,`business_address` FROM `business` WHERE `business_id` = 10001 LIMIT 1   [ RunTime:0.0170s ]
SQL: SHOW COLUMNS FROM `province` [ RunTime:0.0410s ]
SQL: SELECT `province_name` FROM `province` WHERE ( province_id = 110000 ) LIMIT 1   [ RunTime:0.2450s ]
SQL: SHOW COLUMNS FROM `city` [ RunTime:0.0180s ]
SQL: SELECT `city_name` FROM `city` WHERE ( city_id = 110100 ) LIMIT 1   [ RunTime:0.0160s ]
SQL: SHOW COLUMNS FROM `area` [ RunTime:0.0140s ]
SQL: SELECT `area_name` FROM `area` WHERE ( area_id = 110108 ) LIMIT 1   [ RunTime:0.0200s ]
INFO: [ view_filter ] --START--
INFO: Run Behavior\WriteHtmlCacheBehavior [ RunTime:0.000000s ]
INFO: [ view_filter ] --END-- [ RunTime:0.000000s ]
INFO: [ app_end ] --START--
INFO: Run Behavior\ShowPageTraceBehavior [ RunTime:0.000000s ]
INFO: [ app_end ] --END-- [ RunTime:0.000000s ]

[ 2017-11-20T14:12:43+08:00 ] 127.0.0.1 /Exchange/Member/address_edit
INFO: [ app_init ] --START--
INFO: Run Behavior\BuildLiteBehavior [ RunTime:0.000000s ]
INFO: [ app_init ] --END-- [ RunTime:0.001000s ]
INFO: [ app_begin ] --START--
INFO: Run Behavior\ReadHtmlCacheBehavior [ RunTime:0.000000s ]
INFO: [ app_begin ] --END-- [ RunTime:0.000000s ]
NOTIC: [8] Undefined index: phone_num C:\wnmp\nginx\www\zzlgx\Application\Exchange\Controller\CommonController.class.php 第 52 行.

[ 2017-11-20T14:12:43+08:00 ] 127.0.0.1 /exchange/log/in
INFO: [ app_init ] --START--
INFO: Run Behavior\BuildLiteBehavior [ RunTime:0.000000s ]
INFO: [ app_init ] --END-- [ RunTime:0.000000s ]
INFO: [ app_begin ] --START--
INFO: Run Behavior\ReadHtmlCacheBehavior [ RunTime:0.000000s ]
INFO: [ app_begin ] --END-- [ RunTime:0.000000s ]
NOTIC: [8] Undefined index: phone_num C:\wnmp\nginx\www\zzlgx\Application\Exchange\View\Log\in.phtml 第 13 行.
INFO: [ view_filter ] --START--
INFO: Run Behavior\WriteHtmlCacheBehavior [ RunTime:0.001000s ]
INFO: [ view_filter ] --END-- [ RunTime:0.001000s ]
INFO: [ app_end ] --START--
INFO: Run Behavior\ShowPageTraceBehavior [ RunTime:0.000000s ]
INFO: [ app_end ] --END-- [ RunTime:0.000000s ]

[ 2017-11-20T14:12:45+08:00 ] 127.0.0.1 /Exchange/log/findpassword
INFO: [ app_init ] --START--
INFO: Run Behavior\BuildLiteBehavior [ RunTime:0.000000s ]
INFO: [ app_init ] --END-- [ RunTime:0.000000s ]
INFO: [ app_begin ] --START--
INFO: Run Behavior\ReadHtmlCacheBehavior [ RunTime:0.000000s ]
INFO: [ app_begin ] --END-- [ RunTime:0.000000s ]
INFO: [ view_filter ] --START--
INFO: Run Behavior\WriteHtmlCacheBehavior [ RunTime:0.000000s ]
INFO: [ view_filter ] --END-- [ RunTime:0.000000s ]
INFO: [ app_end ] --START--
INFO: Run Behavior\ShowPageTraceBehavior [ RunTime:0.000000s ]
INFO: [ app_end ] --END-- [ RunTime:0.000000s ]

[ 2017-11-20T14:12:52+08:00 ] 127.0.0.1 /exchange
INFO: [ app_init ] --START--
INFO: Run Behavior\BuildLiteBehavior [ RunTime:0.000000s ]
INFO: [ app_init ] --END-- [ RunTime:0.000000s ]
INFO: [ app_begin ] --START--
INFO: Run Behavior\ReadHtmlCacheBehavior [ RunTime:0.000000s ]
INFO: [ app_begin ] --END-- [ RunTime:0.000000s ]
NOTIC: [8] Undefined index: phone_num C:\wnmp\nginx\www\zzlgx\Application\Exchange\Controller\CommonController.class.php 第 43 行.
NOTIC: [8] Undefined index: group_id C:\wnmp\nginx\www\zzlgx\Application\Exchange\Controller\CommonController.class.php 第 65 行.
SQL: SHOW COLUMNS FROM `business` [ RunTime:0.2360s ]
SQL: SELECT `exchange_name` FROM `business` WHERE `business_id` = 10001 LIMIT 1   [ RunTime:0.0260s ]
SQL: SHOW COLUMNS FROM `goods` [ RunTime:0.0170s ]
SQL: SELECT `goods_id`,`pics`,`goods_name`,`piao`,`is_jian`,`business_id` FROM `goods` WHERE `is_del` = 0 AND `status` = 1 ORDER BY add_time desc  [ RunTime:0.0290s ]
SQL: SHOW COLUMNS FROM `agent` [ RunTime:0.0240s ]
SQL: SELECT `goods_id` FROM `agent` WHERE `business_id` = 10001 AND `is_jian` = 1 ORDER BY add_time desc  [ RunTime:0.0170s ]
SQL: SELECT `goods_id` FROM `agent` WHERE `business_id` = 10001 ORDER BY add_time desc  [ RunTime:0.0380s ]
INFO: [ view_filter ] --START--
INFO: Run Behavior\WriteHtmlCacheBehavior [ RunTime:0.000000s ]
INFO: [ view_filter ] --END-- [ RunTime:0.001000s ]
INFO: [ app_end ] --START--
INFO: Run Behavior\ShowPageTraceBehavior [ RunTime:0.001000s ]
INFO: [ app_end ] --END-- [ RunTime:0.001000s ]

[ 2017-11-20T14:12:57+08:00 ] 127.0.0.1 /Exchange/Goods/lists
INFO: [ app_init ] --START--
INFO: Run Behavior\BuildLiteBehavior [ RunTime:0.000000s ]
INFO: [ app_init ] --END-- [ RunTime:0.000000s ]
INFO: [ app_begin ] --START--
INFO: Run Behavior\ReadHtmlCacheBehavior [ RunTime:0.000000s ]
INFO: [ app_begin ] --END-- [ RunTime:0.000000s ]
NOTIC: [8] Undefined index: phone_num C:\wnmp\nginx\www\zzlgx\Application\Exchange\Controller\CommonController.class.php 第 43 行.
NOTIC: [8] Undefined index: group_id C:\wnmp\nginx\www\zzlgx\Application\Exchange\Controller\CommonController.class.php 第 65 行.
SQL: SHOW COLUMNS FROM `goods` [ RunTime:0.1710s ]
SQL: SELECT `goods_id`,`pics`,`goods_name`,`piao`,`sales_volume` FROM `goods` WHERE `is_del` = 0 AND `status` = 1 AND `business_id` = 10001 ORDER BY sales_volume desc LIMIT 0,10   [ RunTime:0.3160s ]
NOTIC: [8] Undefined index: type C:\wnmp\nginx\www\zzlgx\Application\Exchange\View\Goods\lists.phtml 第 24 行.
NOTIC: [8] Undefined index: type C:\wnmp\nginx\www\zzlgx\Application\Exchange\View\Goods\lists.phtml 第 25 行.
NOTIC: [8] Undefined index: type C:\wnmp\nginx\www\zzlgx\Application\Exchange\View\Goods\lists.phtml 第 26 行.
NOTIC: [8] Undefined index: type C:\wnmp\nginx\www\zzlgx\Application\Exchange\View\Goods\lists.phtml 第 28 行.
NOTIC: [8] Undefined index: order C:\wnmp\nginx\www\zzlgx\Application\Exchange\View\Goods\lists.phtml 第 108 行.
NOTIC: [8] Undefined index: type C:\wnmp\nginx\www\zzlgx\Application\Exchange\View\Goods\lists.phtml 第 130 行.
NOTIC: [8] Undefined index: type C:\wnmp\nginx\www\zzlgx\Application\Exchange\View\Goods\lists.phtml 第 134 行.
NOTIC: [8] Undefined index: type C:\wnmp\nginx\www\zzlgx\Application\Exchange\View\Goods\lists.phtml 第 137 行.
NOTIC: [8] Undefined index: type C:\wnmp\nginx\www\zzlgx\Application\Exchange\View\Goods\lists.phtml 第 150 行.
NOTIC: [8] Undefined index: type C:\wnmp\nginx\www\zzlgx\Application\Exchange\View\Goods\lists.phtml 第 154 行.
NOTIC: [8] Undefined index: type C:\wnmp\nginx\www\zzlgx\Application\Exchange\View\Goods\lists.phtml 第 157 行.
INFO: [ view_filter ] --START--
INFO: Run Behavior\WriteHtmlCacheBehavior [ RunTime:0.001000s ]
INFO: [ view_filter ] --END-- [ RunTime:0.001000s ]
INFO: [ app_end ] --START--
INFO: Run Behavior\ShowPageTraceBehavior [ RunTime:0.000000s ]
INFO: [ app_end ] --END-- [ RunTime:0.000000s ]

[ 2017-11-20T14:12:59+08:00 ] 127.0.0.1 /Exchange/Member/index
INFO: [ app_init ] --START--
INFO: Run Behavior\BuildLiteBehavior [ RunTime:0.000000s ]
INFO: [ app_init ] --END-- [ RunTime:0.000000s ]
INFO: [ app_begin ] --START--
INFO: Run Behavior\ReadHtmlCacheBehavior [ RunTime:0.000000s ]
INFO: [ app_begin ] --END-- [ RunTime:0.000000s ]
NOTIC: [8] Undefined index: phone_num C:\wnmp\nginx\www\zzlgx\Application\Exchange\Controller\CommonController.class.php 第 52 行.

[ 2017-11-20T14:12:59+08:00 ] 127.0.0.1 /exchange/log/in
INFO: [ app_init ] --START--
INFO: Run Behavior\BuildLiteBehavior [ RunTime:0.000000s ]
INFO: [ app_init ] --END-- [ RunTime:0.000000s ]
INFO: [ app_begin ] --START--
INFO: Run Behavior\ReadHtmlCacheBehavior [ RunTime:0.000000s ]
INFO: [ app_begin ] --END-- [ RunTime:0.000000s ]
NOTIC: [8] Undefined index: phone_num C:\wnmp\nginx\www\zzlgx\Application\Exchange\View\Log\in.phtml 第 13 行.
INFO: [ view_filter ] --START--
INFO: Run Behavior\WriteHtmlCacheBehavior [ RunTime:0.000000s ]
INFO: [ view_filter ] --END-- [ RunTime:0.000000s ]
INFO: [ app_end ] --START--
INFO: Run Behavior\ShowPageTraceBehavior [ RunTime:0.000000s ]
INFO: [ app_end ] --END-- [ RunTime:0.000000s ]

[ 2017-11-20T14:13:04+08:00 ] 127.0.0.1 /Exchange
INFO: [ app_init ] --START--
INFO: Run Behavior\BuildLiteBehavior [ RunTime:0.000000s ]
INFO: [ app_init ] --END-- [ RunTime:0.000000s ]
INFO: [ app_begin ] --START--
INFO: Run Behavior\ReadHtmlCacheBehavior [ RunTime:0.000000s ]
INFO: [ app_begin ] --END-- [ RunTime:0.000000s ]
NOTIC: [8] Undefined index: phone_num C:\wnmp\nginx\www\zzlgx\Application\Exchange\Controller\CommonController.class.php 第 43 行.
NOTIC: [8] Undefined index: group_id C:\wnmp\nginx\www\zzlgx\Application\Exchange\Controller\CommonController.class.php 第 65 行.
SQL: SHOW COLUMNS FROM `business` [ RunTime:0.3090s ]
SQL: SELECT `exchange_name` FROM `business` WHERE `business_id` = 10001 LIMIT 1   [ RunTime:0.3170s ]
SQL: SHOW COLUMNS FROM `goods` [ RunTime:0.3330s ]
SQL: SELECT `goods_id`,`pics`,`goods_name`,`piao`,`is_jian`,`business_id` FROM `goods` WHERE `is_del` = 0 AND `status` = 1 ORDER BY add_time desc  [ RunTime:0.4470s ]
SQL: SHOW COLUMNS FROM `agent` [ RunTime:0.3140s ]
SQL: SELECT `goods_id` FROM `agent` WHERE `business_id` = 10001 AND `is_jian` = 1 ORDER BY add_time desc  [ RunTime:0.0160s ]
SQL: SELECT `goods_id` FROM `agent` WHERE `business_id` = 10001 ORDER BY add_time desc  [ RunTime:0.0130s ]
INFO: [ view_filter ] --START--
INFO: Run Behavior\WriteHtmlCacheBehavior [ RunTime:0.000000s ]
INFO: [ view_filter ] --END-- [ RunTime:0.001000s ]
INFO: [ app_end ] --START--
INFO: Run Behavior\ShowPageTraceBehavior [ RunTime:0.000000s ]
INFO: [ app_end ] --END-- [ RunTime:0.000000s ]

[ 2017-11-20T14:18:26+08:00 ] 127.0.0.1 /Exchange/Goods/detail?goods_id=36
INFO: [ app_init ] --START--
INFO: Run Behavior\BuildLiteBehavior [ RunTime:0.000000s ]
INFO: [ app_init ] --END-- [ RunTime:0.000000s ]
INFO: [ app_begin ] --START--
INFO: Run Behavior\ReadHtmlCacheBehavior [ RunTime:0.000000s ]
INFO: [ app_begin ] --END-- [ RunTime:0.000000s ]
NOTIC: [8] Undefined index: phone_num C:\wnmp\nginx\www\zzlgx\Application\Exchange\Controller\CommonController.class.php 第 43 行.
SQL: SHOW COLUMNS FROM `goods` [ RunTime:0.0480s ]
SQL: SELECT * FROM `goods` WHERE `goods_id` = 36 LIMIT 1   [ RunTime:0.2610s ]
INFO: [ view_filter ] --START--
INFO: Run Behavior\WriteHtmlCacheBehavior [ RunTime:0.001000s ]
INFO: [ view_filter ] --END-- [ RunTime:0.001000s ]
INFO: [ app_end ] --START--
INFO: Run Behavior\ShowPageTraceBehavior [ RunTime:0.000000s ]
INFO: [ app_end ] --END-- [ RunTime:0.000000s ]

[ 2017-11-20T14:18:39+08:00 ] 127.0.0.1 /Exchange/Member/evaluate_list
INFO: [ app_init ] --START--
INFO: Run Behavior\BuildLiteBehavior [ RunTime:0.000000s ]
INFO: [ app_init ] --END-- [ RunTime:0.000000s ]
INFO: [ app_begin ] --START--
INFO: Run Behavior\ReadHtmlCacheBehavior [ RunTime:0.000000s ]
INFO: [ app_begin ] --END-- [ RunTime:0.000000s ]
NOTIC: [8] Undefined index: phone_num C:\wnmp\nginx\www\zzlgx\Application\Exchange\Controller\CommonController.class.php 第 52 行.

[ 2017-11-20T14:18:39+08:00 ] 127.0.0.1 /exchange/log/in
INFO: [ app_init ] --START--
INFO: Run Behavior\BuildLiteBehavior [ RunTime:0.000000s ]
INFO: [ app_init ] --END-- [ RunTime:0.000000s ]
INFO: [ app_begin ] --START--
INFO: Run Behavior\ReadHtmlCacheBehavior [ RunTime:0.000000s ]
INFO: [ app_begin ] --END-- [ RunTime:0.000000s ]
NOTIC: [8] Undefined index: phone_num C:\wnmp\nginx\www\zzlgx\Application\Exchange\View\Log\in.phtml 第 13 行.
INFO: [ view_filter ] --START--
INFO: Run Behavior\WriteHtmlCacheBehavior [ RunTime:0.000000s ]
INFO: [ view_filter ] --END-- [ RunTime:0.000000s ]
INFO: [ app_end ] --START--
INFO: Run Behavior\ShowPageTraceBehavior [ RunTime:0.000000s ]
INFO: [ app_end ] --END-- [ RunTime:0.000000s ]

[ 2017-11-20T14:18:41+08:00 ] 127.0.0.1 /Exchange/log/findpassword
INFO: [ app_init ] --START--
INFO: Run Behavior\BuildLiteBehavior [ RunTime:0.000000s ]
INFO: [ app_init ] --END-- [ RunTime:0.000000s ]
INFO: [ app_begin ] --START--
INFO: Run Behavior\ReadHtmlCacheBehavior [ RunTime:0.001000s ]
INFO: [ app_begin ] --END-- [ RunTime:0.001000s ]
INFO: [ view_filter ] --START--
INFO: Run Behavior\WriteHtmlCacheBehavior [ RunTime:0.000000s ]
INFO: [ view_filter ] --END-- [ RunTime:0.000000s ]
INFO: [ app_end ] --START--
INFO: Run Behavior\ShowPageTraceBehavior [ RunTime:0.001000s ]
INFO: [ app_end ] --END-- [ RunTime:0.001000s ]

[ 2017-11-20T14:18:45+08:00 ] 127.0.0.1 /Exchange/Member/evaluate_list
INFO: [ app_init ] --START--
INFO: Run Behavior\BuildLiteBehavior [ RunTime:0.000000s ]
INFO: [ app_init ] --END-- [ RunTime:0.000000s ]
INFO: [ app_begin ] --START--
INFO: Run Behavior\ReadHtmlCacheBehavior [ RunTime:0.000000s ]
INFO: [ app_begin ] --END-- [ RunTime:0.000000s ]
NOTIC: [8] Undefined index: phone_num C:\wnmp\nginx\www\zzlgx\Application\Exchange\Controller\CommonController.class.php 第 52 行.

[ 2017-11-20T14:18:45+08:00 ] 127.0.0.1 /exchange/log/in
INFO: [ app_init ] --START--
INFO: Run Behavior\BuildLiteBehavior [ RunTime:0.000000s ]
INFO: [ app_init ] --END-- [ RunTime:0.000000s ]
INFO: [ app_begin ] --START--
INFO: Run Behavior\ReadHtmlCacheBehavior [ RunTime:0.000000s ]
INFO: [ app_begin ] --END-- [ RunTime:0.000000s ]
NOTIC: [8] Undefined index: phone_num C:\wnmp\nginx\www\zzlgx\Application\Exchange\View\Log\in.phtml 第 13 行.
INFO: [ view_filter ] --START--
INFO: Run Behavior\WriteHtmlCacheBehavior [ RunTime:0.001000s ]
INFO: [ view_filter ] --END-- [ RunTime:0.001000s ]
INFO: [ app_end ] --START--
INFO: Run Behavior\ShowPageTraceBehavior [ RunTime:0.000000s ]
INFO: [ app_end ] --END-- [ RunTime:0.000000s ]

[ 2017-11-20T14:18:48+08:00 ] 127.0.0.1 /exchange
INFO: [ app_init ] --START--
INFO: Run Behavior\BuildLiteBehavior [ RunTime:0.000000s ]
INFO: [ app_init ] --END-- [ RunTime:0.000000s ]
INFO: [ app_begin ] --START--
INFO: Run Behavior\ReadHtmlCacheBehavior [ RunTime:0.000000s ]
INFO: [ app_begin ] --END-- [ RunTime:0.000000s ]
NOTIC: [8] Undefined index: phone_num C:\wnmp\nginx\www\zzlgx\Application\Exchange\Controller\CommonController.class.php 第 43 行.
NOTIC: [8] Undefined index: group_id C:\wnmp\nginx\www\zzlgx\Application\Exchange\Controller\CommonController.class.php 第 65 行.
SQL: SHOW COLUMNS FROM `business` [ RunTime:0.2440s ]
SQL: SELECT `exchange_name` FROM `business` WHERE `business_id` = 10001 LIMIT 1   [ RunTime:0.0160s ]
SQL: SHOW COLUMNS FROM `goods` [ RunTime:0.0150s ]
SQL: SELECT `goods_id`,`pics`,`goods_name`,`piao`,`is_jian`,`business_id` FROM `goods` WHERE `is_del` = 0 AND `status` = 1 ORDER BY add_time desc  [ RunTime:0.0420s ]
SQL: SHOW COLUMNS FROM `agent` [ RunTime:0.0510s ]
SQL: SELECT `goods_id` FROM `agent` WHERE `business_id` = 10001 AND `is_jian` = 1 ORDER BY add_time desc  [ RunTime:0.0250s ]
SQL: SELECT `goods_id` FROM `agent` WHERE `business_id` = 10001 ORDER BY add_time desc  [ RunTime:0.0140s ]
INFO: [ view_filter ] --START--
INFO: Run Behavior\WriteHtmlCacheBehavior [ RunTime:0.000000s ]
INFO: [ view_filter ] --END-- [ RunTime:0.000000s ]
INFO: [ app_end ] --START--
INFO: Run Behavior\ShowPageTraceBehavior [ RunTime:0.001001s ]
INFO: [ app_end ] --END-- [ RunTime:0.001001s ]

[ 2017-11-20T15:17:10+08:00 ] 127.0.0.1 /Exchange/Goods/detail?goods_id=37
INFO: [ app_init ] --START--
INFO: Run Behavior\BuildLiteBehavior [ RunTime:0.000000s ]
INFO: [ app_init ] --END-- [ RunTime:0.000000s ]
INFO: [ app_begin ] --START--
INFO: Run Behavior\ReadHtmlCacheBehavior [ RunTime:0.000000s ]
INFO: [ app_begin ] --END-- [ RunTime:0.000000s ]
NOTIC: [8] Undefined index: phone_num C:\wnmp\nginx\www\zzlgx\Application\Exchange\Controller\CommonController.class.php 第 43 行.
SQL: SHOW COLUMNS FROM `goods` [ RunTime:0.0300s ]
SQL: SELECT * FROM `goods` WHERE `goods_id` = 37 LIMIT 1   [ RunTime:0.2790s ]
INFO: [ view_filter ] --START--
INFO: Run Behavior\WriteHtmlCacheBehavior [ RunTime:0.000000s ]
INFO: [ view_filter ] --END-- [ RunTime:0.000000s ]
INFO: [ app_end ] --START--
INFO: Run Behavior\ShowPageTraceBehavior [ RunTime:0.001000s ]
INFO: [ app_end ] --END-- [ RunTime:0.001000s ]

[ 2017-11-20T15:17:13+08:00 ] 127.0.0.1 /Exchange/Goods/order?goods_id=37
INFO: [ app_init ] --START--
INFO: Run Behavior\BuildLiteBehavior [ RunTime:0.000000s ]
INFO: [ app_init ] --END-- [ RunTime:0.000000s ]
INFO: [ app_begin ] --START--
INFO: Run Behavior\ReadHtmlCacheBehavior [ RunTime:0.001000s ]
INFO: [ app_begin ] --END-- [ RunTime:0.001000s ]
NOTIC: [8] Undefined index: phone_num C:\wnmp\nginx\www\zzlgx\Application\Exchange\Controller\CommonController.class.php 第 43 行.
SQL: SHOW COLUMNS FROM `member` [ RunTime:0.0350s ]
NOTIC: [8] Undefined index: phone_num C:\wnmp\nginx\www\zzlgx\Application\Exchange\Controller\CommonController.class.php 第 52 行.
SQL: SELECT * FROM `member` WHERE `phone_num` = '' LIMIT 1   [ RunTime:0.0660s ]
SQL: SHOW COLUMNS FROM `goods` [ RunTime:0.0130s ]
SQL: SELECT `goods_id`,`goods_name`,`pics`,`piao` FROM `goods` WHERE `goods_id` = 37 LIMIT 1   [ RunTime:0.0110s ]
SQL: SHOW COLUMNS FROM `business` [ RunTime:0.3150s ]
SQL: SELECT `province_id`,`city_id`,`area_id`,`business_address` FROM `business` WHERE `business_id` = 10001 LIMIT 1   [ RunTime:0.0610s ]
SQL: SHOW COLUMNS FROM `province` [ RunTime:0.0190s ]
SQL: SELECT `province_name` FROM `province` WHERE ( province_id = 110000 ) LIMIT 1   [ RunTime:0.0180s ]
SQL: SHOW COLUMNS FROM `city` [ RunTime:0.0120s ]
SQL: SELECT `city_name` FROM `city` WHERE ( city_id = 110100 ) LIMIT 1   [ RunTime:0.0150s ]
SQL: SHOW COLUMNS FROM `area` [ RunTime:0.0170s ]
SQL: SELECT `area_name` FROM `area` WHERE ( area_id = 110108 ) LIMIT 1   [ RunTime:0.0090s ]
INFO: [ view_filter ] --START--
INFO: Run Behavior\WriteHtmlCacheBehavior [ RunTime:0.000000s ]
INFO: [ view_filter ] --END-- [ RunTime:0.000000s ]
INFO: [ app_end ] --START--
INFO: Run Behavior\ShowPageTraceBehavior [ RunTime:0.000000s ]
INFO: [ app_end ] --END-- [ RunTime:0.000000s ]

[ 2017-11-20T15:17:16+08:00 ] 127.0.0.1 /exchange
INFO: [ app_init ] --START--
INFO: Run Behavior\BuildLiteBehavior [ RunTime:0.000000s ]
INFO: [ app_init ] --END-- [ RunTime:0.000000s ]
INFO: [ app_begin ] --START--
INFO: Run Behavior\ReadHtmlCacheBehavior [ RunTime:0.000000s ]
INFO: [ app_begin ] --END-- [ RunTime:0.000000s ]
NOTIC: [8] Undefined index: phone_num C:\wnmp\nginx\www\zzlgx\Application\Exchange\Controller\CommonController.class.php 第 43 行.
NOTIC: [8] Undefined index: group_id C:\wnmp\nginx\www\zzlgx\Application\Exchange\Controller\CommonController.class.php 第 65 行.
SQL: SHOW COLUMNS FROM `business` [ RunTime:0.2200s ]
SQL: SELECT `exchange_name` FROM `business` WHERE `business_id` = 10001 LIMIT 1   [ RunTime:0.0690s ]
SQL: SHOW COLUMNS FROM `goods` [ RunTime:0.0150s ]
SQL: SELECT `goods_id`,`pics`,`goods_name`,`piao`,`is_jian`,`business_id` FROM `goods` WHERE `is_del` = 0 AND `status` = 1 ORDER BY add_time desc  [ RunTime:0.0380s ]
SQL: SHOW COLUMNS FROM `agent` [ RunTime:0.0370s ]
SQL: SELECT `goods_id` FROM `agent` WHERE `business_id` = 10001 AND `is_jian` = 1 ORDER BY add_time desc  [ RunTime:0.0180s ]
SQL: SELECT `goods_id` FROM `agent` WHERE `business_id` = 10001 ORDER BY add_time desc  [ RunTime:0.0150s ]
INFO: [ view_filter ] --START--
INFO: Run Behavior\WriteHtmlCacheBehavior [ RunTime:0.000000s ]
INFO: [ view_filter ] --END-- [ RunTime:0.000000s ]
INFO: [ app_end ] --START--
INFO: Run Behavior\ShowPageTraceBehavior [ RunTime:0.001000s ]
INFO: [ app_end ] --END-- [ RunTime:0.001000s ]

[ 2017-11-20T15:20:54+08:00 ] 127.0.0.1 /Exchange/Goods/detail?goods_id=36
INFO: [ app_init ] --START--
INFO: Run Behavior\BuildLiteBehavior [ RunTime:0.000000s ]
INFO: [ app_init ] --END-- [ RunTime:0.000000s ]
INFO: [ app_begin ] --START--
INFO: Run Behavior\ReadHtmlCacheBehavior [ RunTime:0.000000s ]
INFO: [ app_begin ] --END-- [ RunTime:0.000000s ]
NOTIC: [8] Undefined index: phone_num C:\wnmp\nginx\www\zzlgx\Application\Exchange\Controller\CommonController.class.php 第 43 行.
SQL: SHOW COLUMNS FROM `goods` [ RunTime:0.0170s ]
SQL: SELECT * FROM `goods` WHERE `goods_id` = 36 LIMIT 1   [ RunTime:0.2200s ]
INFO: [ view_filter ] --START--
INFO: Run Behavior\WriteHtmlCacheBehavior [ RunTime:0.001000s ]
INFO: [ view_filter ] --END-- [ RunTime:0.001000s ]
INFO: [ app_end ] --START--
INFO: Run Behavior\ShowPageTraceBehavior [ RunTime:0.000000s ]
INFO: [ app_end ] --END-- [ RunTime:0.000000s ]

[ 2017-11-20T15:20:57+08:00 ] 127.0.0.1 /Exchange/Goods/order?goods_id=36
INFO: [ app_init ] --START--
INFO: Run Behavior\BuildLiteBehavior [ RunTime:0.000000s ]
INFO: [ app_init ] --END-- [ RunTime:0.001001s ]
INFO: [ app_begin ] --START--
INFO: Run Behavior\ReadHtmlCacheBehavior [ RunTime:0.000000s ]
INFO: [ app_begin ] --END-- [ RunTime:0.000000s ]
NOTIC: [8] Undefined index: phone_num C:\wnmp\nginx\www\zzlgx\Application\Exchange\Controller\CommonController.class.php 第 43 行.
SQL: SHOW COLUMNS FROM `member` [ RunTime:0.0100s ]
NOTIC: [8] Undefined index: phone_num C:\wnmp\nginx\www\zzlgx\Application\Exchange\Controller\CommonController.class.php 第 52 行.
SQL: SELECT * FROM `member` WHERE `phone_num` = '' LIMIT 1   [ RunTime:0.0140s ]
SQL: SHOW COLUMNS FROM `goods` [ RunTime:0.0110s ]
SQL: SELECT `goods_id`,`goods_name`,`pics`,`piao` FROM `goods` WHERE `goods_id` = 36 LIMIT 1   [ RunTime:0.0140s ]
SQL: SHOW COLUMNS FROM `business` [ RunTime:0.2350s ]
SQL: SELECT `province_id`,`city_id`,`area_id`,`business_address` FROM `business` WHERE `business_id` = 10001 LIMIT 1   [ RunTime:0.0580s ]
SQL: SHOW COLUMNS FROM `province` [ RunTime:0.0210s ]
SQL: SELECT `province_name` FROM `province` WHERE ( province_id = 110000 ) LIMIT 1   [ RunTime:0.0130s ]
SQL: SHOW COLUMNS FROM `city` [ RunTime:0.0100s ]
SQL: SELECT `city_name` FROM `city` WHERE ( city_id = 110100 ) LIMIT 1   [ RunTime:0.0110s ]
SQL: SHOW COLUMNS FROM `area` [ RunTime:0.0090s ]
SQL: SELECT `area_name` FROM `area` WHERE ( area_id = 110108 ) LIMIT 1   [ RunTime:0.0240s ]
INFO: [ view_filter ] --START--
INFO: Run Behavior\WriteHtmlCacheBehavior [ RunTime:0.000000s ]
INFO: [ view_filter ] --END-- [ RunTime:0.000000s ]
INFO: [ app_end ] --START--
INFO: Run Behavior\ShowPageTraceBehavior [ RunTime:0.000000s ]
INFO: [ app_end ] --END-- [ RunTime:0.000000s ]

