[ 2018-01-03T09:42:25+08:00 ] 127.0.0.1 /exchange
INFO: [ app_init ] --START--
INFO: Run Behavior\BuildLiteBehavior [ RunTime:0.000000s ]
INFO: [ app_init ] --END-- [ RunTime:0.000000s ]
INFO: [ app_begin ] --START--
INFO: Run Behavior\ReadHtmlCacheBehavior [ RunTime:0.000000s ]
INFO: [ app_begin ] --END-- [ RunTime:0.000000s ]
NOTIC: [8] Undefined index: exchange C:\wnmp\nginx\www\zzlgx\Application\Exchange\Controller\CommonController.class.php 第 46 行.
NOTIC: [8] Undefined index: exchange C:\wnmp\nginx\www\zzlgx\Application\Exchange\Controller\CommonController.class.php 第 51 行.
NOTIC: [8] Undefined index: exchange C:\wnmp\nginx\www\zzlgx\Application\Exchange\Controller\CommonController.class.php 第 66 行.
NOTIC: [8] Undefined index: exchange C:\wnmp\nginx\www\zzlgx\Application\Exchange\Controller\CommonController.class.php 第 73 行.
NOTIC: [8] Undefined index: exchange C:\wnmp\nginx\www\zzlgx\Application\Exchange\Controller\CommonController.class.php 第 80 行.

[ 2018-01-03T09:42:26+08:00 ] 127.0.0.1 /exchange?b=10001
INFO: [ app_init ] --START--
INFO: Run Behavior\BuildLiteBehavior [ RunTime:0.000000s ]
INFO: [ app_init ] --END-- [ RunTime:0.000000s ]
INFO: [ app_begin ] --START--
INFO: Run Behavior\ReadHtmlCacheBehavior [ RunTime:0.000000s ]
INFO: [ app_begin ] --END-- [ RunTime:0.000000s ]
SQL: SHOW COLUMNS FROM `business` [ RunTime:0.2310s ]
SQL: SELECT * FROM `business` WHERE `business_id` = 10001 LIMIT 1   [ RunTime:0.0670s ]
NOTIC: [8] Undefined index: phone_num C:\wnmp\nginx\www\zzlgx\Application\Exchange\Controller\CommonController.class.php 第 46 行.
NOTIC: [8] Undefined index: phone_num C:\wnmp\nginx\www\zzlgx\Application\Exchange\Controller\CommonController.class.php 第 51 行.
NOTIC: [8] Undefined index: group_id C:\wnmp\nginx\www\zzlgx\Application\Exchange\Controller\CommonController.class.php 第 73 行.
SQL: SELECT `exchange_name` FROM `business` WHERE `business_id` = 10001 LIMIT 1   [ RunTime:0.0590s ]
SQL: SHOW COLUMNS FROM `goods` [ RunTime:0.0190s ]
SQL: SELECT `goods_id`,`pics`,`goods_name`,`piao`,`is_jian`,`business_id` FROM `goods` WHERE `is_del` = 0 AND `status` = 1 ORDER BY add_time desc  [ RunTime:0.0500s ]
SQL: SHOW COLUMNS FROM `agent` [ RunTime:0.1620s ]
SQL: SELECT `goods_id` FROM `agent` WHERE `business_id` = 10001 AND `is_jian` = 1 ORDER BY add_time desc  [ RunTime:0.0080s ]
SQL: SELECT `goods_id` FROM `agent` WHERE `business_id` = 10001 ORDER BY add_time desc  [ RunTime:0.0080s ]
INFO: [ view_filter ] --START--
INFO: Run Behavior\WriteHtmlCacheBehavior [ RunTime:0.001000s ]
INFO: [ view_filter ] --END-- [ RunTime:0.001000s ]
INFO: [ app_end ] --START--
INFO: Run Behavior\ShowPageTraceBehavior [ RunTime:0.000000s ]
INFO: [ app_end ] --END-- [ RunTime:0.001000s ]

[ 2018-01-03T09:42:27+08:00 ] 127.0.0.1 /exchange
INFO: [ app_init ] --START--
INFO: Run Behavior\BuildLiteBehavior [ RunTime:0.000000s ]
INFO: [ app_init ] --END-- [ RunTime:0.000000s ]
INFO: [ app_begin ] --START--
INFO: Run Behavior\ReadHtmlCacheBehavior [ RunTime:0.000000s ]
INFO: [ app_begin ] --END-- [ RunTime:0.000000s ]
NOTIC: [8] Undefined index: phone_num C:\wnmp\nginx\www\zzlgx\Application\Exchange\Controller\CommonController.class.php 第 46 行.
NOTIC: [8] Undefined index: phone_num C:\wnmp\nginx\www\zzlgx\Application\Exchange\Controller\CommonController.class.php 第 51 行.
NOTIC: [8] Undefined index: group_id C:\wnmp\nginx\www\zzlgx\Application\Exchange\Controller\CommonController.class.php 第 73 行.
SQL: SHOW COLUMNS FROM `business` [ RunTime:0.2200s ]
SQL: SELECT `exchange_name` FROM `business` WHERE `business_id` = 10001 LIMIT 1   [ RunTime:0.0540s ]
SQL: SHOW COLUMNS FROM `goods` [ RunTime:0.0090s ]
SQL: SELECT `goods_id`,`pics`,`goods_name`,`piao`,`is_jian`,`business_id` FROM `goods` WHERE `is_del` = 0 AND `status` = 1 ORDER BY add_time desc  [ RunTime:0.0390s ]
SQL: SHOW COLUMNS FROM `agent` [ RunTime:0.0300s ]
SQL: SELECT `goods_id` FROM `agent` WHERE `business_id` = 10001 AND `is_jian` = 1 ORDER BY add_time desc  [ RunTime:0.0190s ]
SQL: SELECT `goods_id` FROM `agent` WHERE `business_id` = 10001 ORDER BY add_time desc  [ RunTime:0.0120s ]
INFO: [ view_filter ] --START--
INFO: Run Behavior\WriteHtmlCacheBehavior [ RunTime:0.000000s ]
INFO: [ view_filter ] --END-- [ RunTime:0.000000s ]
INFO: [ app_end ] --START--
INFO: Run Behavior\ShowPageTraceBehavior [ RunTime:0.000000s ]
INFO: [ app_end ] --END-- [ RunTime:0.000000s ]

